[2023-09-11 08:25:57,804] {taskinstance.py:1179} INFO - Dependencies all met for <TaskInstance: BigTechCompanyCount.fetch_pageviews scheduled__2023-09-11T07:00:00+00:00 [queued]>
[2023-09-11 08:25:57,869] {taskinstance.py:1179} INFO - Dependencies all met for <TaskInstance: BigTechCompanyCount.fetch_pageviews scheduled__2023-09-11T07:00:00+00:00 [queued]>
[2023-09-11 08:25:57,869] {taskinstance.py:1376} INFO - 
--------------------------------------------------------------------------------
[2023-09-11 08:25:57,870] {taskinstance.py:1377} INFO - Starting attempt 1 of 1
[2023-09-11 08:25:57,870] {taskinstance.py:1378} INFO - 
--------------------------------------------------------------------------------
[2023-09-11 08:25:57,923] {taskinstance.py:1397} INFO - Executing <Task(PythonOperator): fetch_pageviews> on 2023-09-11 07:00:00+00:00
[2023-09-11 08:25:57,935] {standard_task_runner.py:52} INFO - Started process 963 to run task
[2023-09-11 08:25:57,944] {standard_task_runner.py:79} INFO - Running: ['***', 'tasks', 'run', 'BigTechCompanyCount', 'fetch_pageviews', 'scheduled__2023-09-11T07:00:00+00:00', '--job-id', '302', '--raw', '--subdir', 'DAGS_FOLDER/BigTechCompanyCount.py', '--cfg-path', '/tmp/tmpo46sqgo8', '--error-file', '/tmp/tmpd375pc3m']
[2023-09-11 08:25:57,945] {standard_task_runner.py:80} INFO - Job 302: Subtask fetch_pageviews
[2023-09-11 08:25:58,154] {task_command.py:371} INFO - Running <TaskInstance: BigTechCompanyCount.fetch_pageviews scheduled__2023-09-11T07:00:00+00:00 [running]> on host b18943745c0d
[2023-09-11 08:25:58,374] {taskinstance.py:1591} INFO - Exporting the following env vars:
AIRFLOW_CTX_DAG_OWNER=***
AIRFLOW_CTX_DAG_ID=BigTechCompanyCount
AIRFLOW_CTX_TASK_ID=fetch_pageviews
AIRFLOW_CTX_EXECUTION_DATE=2023-09-11T07:00:00+00:00
AIRFLOW_CTX_TRY_NUMBER=1
AIRFLOW_CTX_DAG_RUN_ID=scheduled__2023-09-11T07:00:00+00:00
[2023-09-11 08:26:09,676] {logging_mixin.py:115} INFO - {'Amazon': '8', 'Facebook': '874', 'Microsoft': '255', 'Apple': '33', 'Google': '799'}
[2023-09-11 08:26:09,676] {python.py:173} INFO - Done. Returned value was: None
[2023-09-11 08:26:09,786] {taskinstance.py:1420} INFO - Marking task as SUCCESS. dag_id=BigTechCompanyCount, task_id=fetch_pageviews, execution_date=20230911T070000, start_date=20230911T082557, end_date=20230911T082609
[2023-09-11 08:26:09,944] {local_task_job.py:156} INFO - Task exited with return code 0
[2023-09-11 08:26:10,140] {local_task_job.py:273} INFO - 0 downstream tasks scheduled from follow-on schedule check
