[2023-09-11 08:23:41,036] {taskinstance.py:1179} INFO - Dependencies all met for <TaskInstance: BigTechCompanyCount.fetch_pageviews scheduled__2023-09-11T03:00:00+00:00 [queued]>
[2023-09-11 08:23:41,062] {taskinstance.py:1179} INFO - Dependencies all met for <TaskInstance: BigTechCompanyCount.fetch_pageviews scheduled__2023-09-11T03:00:00+00:00 [queued]>
[2023-09-11 08:23:41,062] {taskinstance.py:1376} INFO - 
--------------------------------------------------------------------------------
[2023-09-11 08:23:41,063] {taskinstance.py:1377} INFO - Starting attempt 1 of 1
[2023-09-11 08:23:41,063] {taskinstance.py:1378} INFO - 
--------------------------------------------------------------------------------
[2023-09-11 08:23:41,096] {taskinstance.py:1397} INFO - Executing <Task(PythonOperator): fetch_pageviews> on 2023-09-11 03:00:00+00:00
[2023-09-11 08:23:41,104] {standard_task_runner.py:52} INFO - Started process 843 to run task
[2023-09-11 08:23:41,110] {standard_task_runner.py:79} INFO - Running: ['***', 'tasks', 'run', 'BigTechCompanyCount', 'fetch_pageviews', 'scheduled__2023-09-11T03:00:00+00:00', '--job-id', '290', '--raw', '--subdir', 'DAGS_FOLDER/BigTechCompanyCount.py', '--cfg-path', '/tmp/tmpaycx_lta', '--error-file', '/tmp/tmpgsk7sn17']
[2023-09-11 08:23:41,111] {standard_task_runner.py:80} INFO - Job 290: Subtask fetch_pageviews
[2023-09-11 08:23:41,248] {task_command.py:371} INFO - Running <TaskInstance: BigTechCompanyCount.fetch_pageviews scheduled__2023-09-11T03:00:00+00:00 [running]> on host b18943745c0d
[2023-09-11 08:23:41,423] {taskinstance.py:1591} INFO - Exporting the following env vars:
AIRFLOW_CTX_DAG_OWNER=***
AIRFLOW_CTX_DAG_ID=BigTechCompanyCount
AIRFLOW_CTX_TASK_ID=fetch_pageviews
AIRFLOW_CTX_EXECUTION_DATE=2023-09-11T03:00:00+00:00
AIRFLOW_CTX_TRY_NUMBER=1
AIRFLOW_CTX_DAG_RUN_ID=scheduled__2023-09-11T03:00:00+00:00
[2023-09-11 08:23:47,837] {logging_mixin.py:115} INFO - {'Amazon': '5', 'Facebook': '467', 'Microsoft': '160', 'Apple': '49', 'Google': '413'}
[2023-09-11 08:23:47,837] {python.py:173} INFO - Done. Returned value was: None
[2023-09-11 08:23:47,894] {taskinstance.py:1420} INFO - Marking task as SUCCESS. dag_id=BigTechCompanyCount, task_id=fetch_pageviews, execution_date=20230911T030000, start_date=20230911T082341, end_date=20230911T082347
[2023-09-11 08:23:47,999] {local_task_job.py:156} INFO - Task exited with return code 0
[2023-09-11 08:23:48,223] {local_task_job.py:273} INFO - 0 downstream tasks scheduled from follow-on schedule check
