[2023-09-12 05:00:01,556] {taskinstance.py:1179} INFO - Dependencies all met for <TaskInstance: INSERT_TO_PostgreOperator.get_data scheduled__2023-09-12T04:00:00+00:00 [queued]>
[2023-09-12 05:00:01,579] {taskinstance.py:1179} INFO - Dependencies all met for <TaskInstance: INSERT_TO_PostgreOperator.get_data scheduled__2023-09-12T04:00:00+00:00 [queued]>
[2023-09-12 05:00:01,580] {taskinstance.py:1376} INFO - 
--------------------------------------------------------------------------------
[2023-09-12 05:00:01,580] {taskinstance.py:1377} INFO - Starting attempt 1 of 1
[2023-09-12 05:00:01,580] {taskinstance.py:1378} INFO - 
--------------------------------------------------------------------------------
[2023-09-12 05:00:01,604] {taskinstance.py:1397} INFO - Executing <Task(PythonOperator): get_data> on 2023-09-12 04:00:00+00:00
[2023-09-12 05:00:01,609] {standard_task_runner.py:52} INFO - Started process 1484 to run task
[2023-09-12 05:00:01,616] {standard_task_runner.py:79} INFO - Running: ['***', 'tasks', 'run', 'INSERT_TO_PostgreOperator', 'get_data', 'scheduled__2023-09-12T04:00:00+00:00', '--job-id', '998', '--raw', '--subdir', 'DAGS_FOLDER/INSERT_TO_PostgreOperator.py', '--cfg-path', '/tmp/tmpoosrko7n', '--error-file', '/tmp/tmpmwxkc76p']
[2023-09-12 05:00:01,616] {standard_task_runner.py:80} INFO - Job 998: Subtask get_data
[2023-09-12 05:00:01,858] {task_command.py:371} INFO - Running <TaskInstance: INSERT_TO_PostgreOperator.get_data scheduled__2023-09-12T04:00:00+00:00 [running]> on host b18943745c0d
[2023-09-12 05:00:01,944] {warnings.py:110} WARNING - /home/***/.local/lib/python3.7/site-packages/***/utils/context.py:202: AirflowContextDeprecationWarning: Accessing 'execution_date' from the template is deprecated and will be removed in a future version. Please use 'data_interval_start' or 'logical_date' instead.
  warnings.warn(_create_deprecation_warning(key, self._deprecation_replacements[key]))

[2023-09-12 05:00:02,039] {taskinstance.py:1591} INFO - Exporting the following env vars:
AIRFLOW_CTX_DAG_OWNER=***
AIRFLOW_CTX_DAG_ID=INSERT_TO_PostgreOperator
AIRFLOW_CTX_TASK_ID=get_data
AIRFLOW_CTX_EXECUTION_DATE=2023-09-12T04:00:00+00:00
AIRFLOW_CTX_TRY_NUMBER=1
AIRFLOW_CTX_DAG_RUN_ID=scheduled__2023-09-12T04:00:00+00:00
[2023-09-12 05:00:13,331] {python.py:173} INFO - Done. Returned value was: None
[2023-09-12 05:00:13,350] {taskinstance.py:1420} INFO - Marking task as SUCCESS. dag_id=INSERT_TO_PostgreOperator, task_id=get_data, execution_date=20230912T040000, start_date=20230912T050001, end_date=20230912T050013
[2023-09-12 05:00:13,453] {local_task_job.py:156} INFO - Task exited with return code 0
[2023-09-12 05:00:13,490] {local_task_job.py:273} INFO - 1 downstream tasks scheduled from follow-on schedule check
