[2023-09-09 15:34:00,388] {taskinstance.py:1179} INFO - Dependencies all met for <TaskInstance: download_rocket_launches.get_pictures scheduled__2023-09-06T00:00:00+00:00 [queued]>
[2023-09-09 15:34:00,416] {taskinstance.py:1179} INFO - Dependencies all met for <TaskInstance: download_rocket_launches.get_pictures scheduled__2023-09-06T00:00:00+00:00 [queued]>
[2023-09-09 15:34:00,416] {taskinstance.py:1376} INFO - 
--------------------------------------------------------------------------------
[2023-09-09 15:34:00,417] {taskinstance.py:1377} INFO - Starting attempt 2 of 2
[2023-09-09 15:34:00,417] {taskinstance.py:1378} INFO - 
--------------------------------------------------------------------------------
[2023-09-09 15:34:00,443] {taskinstance.py:1397} INFO - Executing <Task(PythonOperator): get_pictures> on 2023-09-06 00:00:00+00:00
[2023-09-09 15:34:00,451] {standard_task_runner.py:52} INFO - Started process 19387 to run task
[2023-09-09 15:34:00,456] {standard_task_runner.py:79} INFO - Running: ['***', 'tasks', 'run', 'download_rocket_launches', 'get_pictures', 'scheduled__2023-09-06T00:00:00+00:00', '--job-id', '82', '--raw', '--subdir', 'DAGS_FOLDER/download_rocket_launches.py', '--cfg-path', '/tmp/tmpn7vt3x7r', '--error-file', '/tmp/tmp97ar2719']
[2023-09-09 15:34:00,457] {standard_task_runner.py:80} INFO - Job 82: Subtask get_pictures
[2023-09-09 15:34:00,566] {task_command.py:371} INFO - Running <TaskInstance: download_rocket_launches.get_pictures scheduled__2023-09-06T00:00:00+00:00 [running]> on host b18943745c0d
[2023-09-09 15:34:00,819] {taskinstance.py:1591} INFO - Exporting the following env vars:
AIRFLOW_CTX_DAG_OWNER=***
AIRFLOW_CTX_DAG_ID=download_rocket_launches
AIRFLOW_CTX_TASK_ID=get_pictures
AIRFLOW_CTX_EXECUTION_DATE=2023-09-06T00:00:00+00:00
AIRFLOW_CTX_TRY_NUMBER=2
AIRFLOW_CTX_DAG_RUN_ID=scheduled__2023-09-06T00:00:00+00:00
[2023-09-09 15:34:00,821] {logging_mixin.py:115} INFO - Absolute path of /tmp/images: /tmp/images
[2023-09-09 15:34:02,353] {logging_mixin.py:115} INFO - Downloaded https://spacelaunchnow-prod-east.nyc3.digitaloceanspaces.com/media/launch_images/falcon2520925_image_20230522085927.png to /tmp/images/falcon2520925_image_20230522085927.png
[2023-09-09 15:34:04,236] {logging_mixin.py:115} INFO - Downloaded https://spacelaunchnow-prod-east.nyc3.digitaloceanspaces.com/media/launcher_images/long_march_6a_image_20221109174525.png to /tmp/images/long_march_6a_image_20221109174525.png
[2023-09-09 15:34:05,765] {logging_mixin.py:115} INFO - Downloaded https://spacelaunchnow-prod-east.nyc3.digitaloceanspaces.com/media/launch_images/atlas2520v252_image_20230829061528.jpeg to /tmp/images/atlas2520v252_image_20230829061528.jpeg
[2023-09-09 15:34:07,383] {logging_mixin.py:115} INFO - Downloaded https://spacelaunchnow-prod-east.nyc3.digitaloceanspaces.com/media/launch_images/falcon2520925_image_20230710071854.png to /tmp/images/falcon2520925_image_20230710071854.png
[2023-09-09 15:34:08,863] {logging_mixin.py:115} INFO - Downloaded https://spacelaunchnow-prod-east.nyc3.digitaloceanspaces.com/media/launch_images/falcon2520925_image_20230522090549.png to /tmp/images/falcon2520925_image_20230522090549.png
[2023-09-09 15:34:10,464] {logging_mixin.py:115} INFO - Downloaded https://spacelaunchnow-prod-east.nyc3.digitaloceanspaces.com/media/launcher_images/soyuz_2.1a_image_20230805184309.jpg to /tmp/images/soyuz_2.1a_image_20230805184309.jpg
[2023-09-09 15:34:12,003] {logging_mixin.py:115} INFO - Downloaded https://spacelaunchnow-prod-east.nyc3.digitaloceanspaces.com/media/launcher_images/electron_image_20190705175640.jpeg to /tmp/images/electron_image_20190705175640.jpeg
[2023-09-09 15:34:13,099] {logging_mixin.py:115} INFO - Downloaded https://spacelaunchnow-prod-east.nyc3.digitaloceanspaces.com/media/launcher_images/long_march_4c_image_20230801172338.jpeg to /tmp/images/long_march_4c_image_20230801172338.jpeg
[2023-09-09 15:34:14,301] {logging_mixin.py:115} INFO - Downloaded https://spacelaunchnow-prod-east.nyc3.digitaloceanspaces.com/media/launcher_images/starship_image_20230523063525.jpeg to /tmp/images/starship_image_20230523063525.jpeg
[2023-09-09 15:34:15,932] {logging_mixin.py:115} INFO - Downloaded https://spacelaunchnow-prod-east.nyc3.digitaloceanspaces.com/media/launch_images/falcon2520925_image_20230710073235.png to /tmp/images/falcon2520925_image_20230710073235.png
[2023-09-09 15:34:15,932] {python.py:173} INFO - Done. Returned value was: None
[2023-09-09 15:34:15,959] {taskinstance.py:1420} INFO - Marking task as SUCCESS. dag_id=download_rocket_launches, task_id=get_pictures, execution_date=20230906T000000, start_date=20230909T153400, end_date=20230909T153415
[2023-09-09 15:34:16,058] {local_task_job.py:156} INFO - Task exited with return code 0
[2023-09-09 15:34:16,200] {local_task_job.py:273} INFO - 1 downstream tasks scheduled from follow-on schedule check
