[2023-09-11 08:18:00,383] {taskinstance.py:1179} INFO - Dependencies all met for <TaskInstance: BigTechCompanyCount.fetch_pageviews scheduled__2023-09-10T15:00:00+00:00 [queued]>
[2023-09-11 08:18:00,399] {taskinstance.py:1179} INFO - Dependencies all met for <TaskInstance: BigTechCompanyCount.fetch_pageviews scheduled__2023-09-10T15:00:00+00:00 [queued]>
[2023-09-11 08:18:00,400] {taskinstance.py:1376} INFO - 
--------------------------------------------------------------------------------
[2023-09-11 08:18:00,400] {taskinstance.py:1377} INFO - Starting attempt 1 of 1
[2023-09-11 08:18:00,400] {taskinstance.py:1378} INFO - 
--------------------------------------------------------------------------------
[2023-09-11 08:18:00,422] {taskinstance.py:1397} INFO - Executing <Task(PythonOperator): fetch_pageviews> on 2023-09-10 15:00:00+00:00
[2023-09-11 08:18:00,429] {standard_task_runner.py:52} INFO - Started process 523 to run task
[2023-09-11 08:18:00,434] {standard_task_runner.py:79} INFO - Running: ['***', 'tasks', 'run', 'BigTechCompanyCount', 'fetch_pageviews', 'scheduled__2023-09-10T15:00:00+00:00', '--job-id', '254', '--raw', '--subdir', 'DAGS_FOLDER/BigTechCompanyCount.py', '--cfg-path', '/tmp/tmp4n_vr8_i', '--error-file', '/tmp/tmpoliu6sir']
[2023-09-11 08:18:00,435] {standard_task_runner.py:80} INFO - Job 254: Subtask fetch_pageviews
[2023-09-11 08:18:00,532] {task_command.py:371} INFO - Running <TaskInstance: BigTechCompanyCount.fetch_pageviews scheduled__2023-09-10T15:00:00+00:00 [running]> on host b18943745c0d
[2023-09-11 08:18:00,648] {taskinstance.py:1591} INFO - Exporting the following env vars:
AIRFLOW_CTX_DAG_OWNER=***
AIRFLOW_CTX_DAG_ID=BigTechCompanyCount
AIRFLOW_CTX_TASK_ID=fetch_pageviews
AIRFLOW_CTX_EXECUTION_DATE=2023-09-10T15:00:00+00:00
AIRFLOW_CTX_TRY_NUMBER=1
AIRFLOW_CTX_DAG_RUN_ID=scheduled__2023-09-10T15:00:00+00:00
[2023-09-11 08:18:07,656] {logging_mixin.py:115} INFO - {'Amazon': '5', 'Facebook': '920', 'Microsoft': '218', 'Apple': '49', 'Google': '758'}
[2023-09-11 08:18:07,657] {python.py:173} INFO - Done. Returned value was: None
[2023-09-11 08:18:07,683] {taskinstance.py:1420} INFO - Marking task as SUCCESS. dag_id=BigTechCompanyCount, task_id=fetch_pageviews, execution_date=20230910T150000, start_date=20230911T081800, end_date=20230911T081807
[2023-09-11 08:18:07,743] {local_task_job.py:156} INFO - Task exited with return code 0
[2023-09-11 08:18:07,798] {local_task_job.py:273} INFO - 0 downstream tasks scheduled from follow-on schedule check
