[2023-09-09 12:02:49,706] {taskinstance.py:1179} INFO - Dependencies all met for <TaskInstance: download_rocket_launches.download_launchesAPI_using_bashcommand scheduled__2023-08-28T00:00:00+00:00 [queued]>
[2023-09-09 12:02:49,740] {taskinstance.py:1179} INFO - Dependencies all met for <TaskInstance: download_rocket_launches.download_launchesAPI_using_bashcommand scheduled__2023-08-28T00:00:00+00:00 [queued]>
[2023-09-09 12:02:49,741] {taskinstance.py:1376} INFO - 
--------------------------------------------------------------------------------
[2023-09-09 12:02:49,741] {taskinstance.py:1377} INFO - Starting attempt 1 of 1
[2023-09-09 12:02:49,741] {taskinstance.py:1378} INFO - 
--------------------------------------------------------------------------------
[2023-09-09 12:02:49,829] {taskinstance.py:1397} INFO - Executing <Task(BashOperator): download_launchesAPI_using_bashcommand> on 2023-08-28 00:00:00+00:00
[2023-09-09 12:02:49,836] {standard_task_runner.py:52} INFO - Started process 9112 to run task
[2023-09-09 12:02:49,872] {standard_task_runner.py:79} INFO - Running: ['***', 'tasks', 'run', 'download_rocket_launches', 'download_launchesAPI_using_bashcommand', 'scheduled__2023-08-28T00:00:00+00:00', '--job-id', '9', '--raw', '--subdir', 'DAGS_FOLDER/download_rocket_launches.py', '--cfg-path', '/tmp/tmp8h9ae1a0', '--error-file', '/tmp/tmpuiqtrsxe']
[2023-09-09 12:02:49,873] {standard_task_runner.py:80} INFO - Job 9: Subtask download_launchesAPI_using_bashcommand
[2023-09-09 12:02:50,176] {task_command.py:371} INFO - Running <TaskInstance: download_rocket_launches.download_launchesAPI_using_bashcommand scheduled__2023-08-28T00:00:00+00:00 [running]> on host b18943745c0d
[2023-09-09 12:02:50,586] {taskinstance.py:1591} INFO - Exporting the following env vars:
AIRFLOW_CTX_DAG_OWNER=***
AIRFLOW_CTX_DAG_ID=download_rocket_launches
AIRFLOW_CTX_TASK_ID=download_launchesAPI_using_bashcommand
AIRFLOW_CTX_EXECUTION_DATE=2023-08-28T00:00:00+00:00
AIRFLOW_CTX_TRY_NUMBER=1
AIRFLOW_CTX_DAG_RUN_ID=scheduled__2023-08-28T00:00:00+00:00
[2023-09-09 12:02:50,599] {subprocess.py:62} INFO - Tmp dir root location: 
 /tmp
[2023-09-09 12:02:50,600] {subprocess.py:74} INFO - Running command: ['bash', '-c', "curl -o /tmp/launches.json -L 'https://ll.thespacedevs.com/2.0.0/launch/upcoming'"]
[2023-09-09 12:02:50,637] {subprocess.py:85} INFO - Output:
[2023-09-09 12:02:50,670] {subprocess.py:92} INFO -   % Total    % Received % Xferd  Average Speed   Time    Time     Time  Current
[2023-09-09 12:02:50,673] {subprocess.py:92} INFO -                                  Dload  Upload   Total   Spent    Left  Speed
[2023-09-09 12:02:51,566] {subprocess.py:92} INFO -   0     0    0     0    0     0      0      0 --:--:-- --:--:-- --:--:--     0  0     0    0     0    0     0      0      0 --:--:-- --:--:-- --:--:--     0
[2023-09-09 12:02:51,991] {subprocess.py:92} INFO -  33 24569   33  8192    0     0   6574      0  0:00:03  0:00:01  0:00:02  6574100 24569  100 24569    0     0  18612      0  0:00:01  0:00:01 --:--:--  216k
[2023-09-09 12:02:52,003] {subprocess.py:96} INFO - Command exited with return code 0
[2023-09-09 12:02:52,091] {taskinstance.py:1420} INFO - Marking task as SUCCESS. dag_id=download_rocket_launches, task_id=download_launchesAPI_using_bashcommand, execution_date=20230828T000000, start_date=20230909T120249, end_date=20230909T120252
[2023-09-09 12:02:52,158] {local_task_job.py:156} INFO - Task exited with return code 0
[2023-09-09 12:02:52,281] {local_task_job.py:273} INFO - 1 downstream tasks scheduled from follow-on schedule check
