[2023-09-11 08:19:10,346] {taskinstance.py:1179} INFO - Dependencies all met for <TaskInstance: BigTechCompanyCount.get_data scheduled__2023-09-10T18:00:00+00:00 [queued]>
[2023-09-11 08:19:10,363] {taskinstance.py:1179} INFO - Dependencies all met for <TaskInstance: BigTechCompanyCount.get_data scheduled__2023-09-10T18:00:00+00:00 [queued]>
[2023-09-11 08:19:10,364] {taskinstance.py:1376} INFO - 
--------------------------------------------------------------------------------
[2023-09-11 08:19:10,364] {taskinstance.py:1377} INFO - Starting attempt 1 of 1
[2023-09-11 08:19:10,364] {taskinstance.py:1378} INFO - 
--------------------------------------------------------------------------------
[2023-09-11 08:19:10,390] {taskinstance.py:1397} INFO - Executing <Task(PythonOperator): get_data> on 2023-09-10 18:00:00+00:00
[2023-09-11 08:19:10,398] {standard_task_runner.py:52} INFO - Started process 583 to run task
[2023-09-11 08:19:10,403] {standard_task_runner.py:79} INFO - Running: ['***', 'tasks', 'run', 'BigTechCompanyCount', 'get_data', 'scheduled__2023-09-10T18:00:00+00:00', '--job-id', '261', '--raw', '--subdir', 'DAGS_FOLDER/BigTechCompanyCount.py', '--cfg-path', '/tmp/tmppj8_dbps', '--error-file', '/tmp/tmp6q6iesk9']
[2023-09-11 08:19:10,403] {standard_task_runner.py:80} INFO - Job 261: Subtask get_data
[2023-09-11 08:19:10,575] {task_command.py:371} INFO - Running <TaskInstance: BigTechCompanyCount.get_data scheduled__2023-09-10T18:00:00+00:00 [running]> on host b18943745c0d
[2023-09-11 08:19:10,634] {warnings.py:110} WARNING - /home/***/.local/lib/python3.7/site-packages/***/utils/context.py:202: AirflowContextDeprecationWarning: Accessing 'execution_date' from the template is deprecated and will be removed in a future version. Please use 'data_interval_start' or 'logical_date' instead.
  warnings.warn(_create_deprecation_warning(key, self._deprecation_replacements[key]))

[2023-09-11 08:19:10,691] {taskinstance.py:1591} INFO - Exporting the following env vars:
AIRFLOW_CTX_DAG_OWNER=***
AIRFLOW_CTX_DAG_ID=BigTechCompanyCount
AIRFLOW_CTX_TASK_ID=get_data
AIRFLOW_CTX_EXECUTION_DATE=2023-09-10T18:00:00+00:00
AIRFLOW_CTX_TRY_NUMBER=1
AIRFLOW_CTX_DAG_RUN_ID=scheduled__2023-09-10T18:00:00+00:00
[2023-09-11 08:19:26,600] {python.py:173} INFO - Done. Returned value was: None
[2023-09-11 08:19:26,619] {taskinstance.py:1420} INFO - Marking task as SUCCESS. dag_id=BigTechCompanyCount, task_id=get_data, execution_date=20230910T180000, start_date=20230911T081910, end_date=20230911T081926
[2023-09-11 08:19:26,643] {local_task_job.py:156} INFO - Task exited with return code 0
[2023-09-11 08:19:26,691] {local_task_job.py:273} INFO - 1 downstream tasks scheduled from follow-on schedule check
