[2023-09-11 06:30:43,067] {taskinstance.py:1179} INFO - Dependencies all met for <TaskInstance: Examine_Templet_Value.get_data scheduled__2023-09-10T12:00:00+00:00 [queued]>
[2023-09-11 06:30:43,103] {taskinstance.py:1179} INFO - Dependencies all met for <TaskInstance: Examine_Templet_Value.get_data scheduled__2023-09-10T12:00:00+00:00 [queued]>
[2023-09-11 06:30:43,103] {taskinstance.py:1376} INFO - 
--------------------------------------------------------------------------------
[2023-09-11 06:30:43,104] {taskinstance.py:1377} INFO - Starting attempt 1 of 1
[2023-09-11 06:30:43,104] {taskinstance.py:1378} INFO - 
--------------------------------------------------------------------------------
[2023-09-11 06:30:43,172] {taskinstance.py:1397} INFO - Executing <Task(PythonOperator): get_data> on 2023-09-10 12:00:00+00:00
[2023-09-11 06:30:43,190] {standard_task_runner.py:52} INFO - Started process 135 to run task
[2023-09-11 06:30:43,199] {standard_task_runner.py:79} INFO - Running: ['***', 'tasks', 'run', 'Examine_Templet_Value', 'get_data', 'scheduled__2023-09-10T12:00:00+00:00', '--job-id', '152', '--raw', '--subdir', 'DAGS_FOLDER/Examine_Templet_Value.py', '--cfg-path', '/tmp/tmpa8pb2hba', '--error-file', '/tmp/tmp96fkvywm']
[2023-09-11 06:30:43,200] {standard_task_runner.py:80} INFO - Job 152: Subtask get_data
[2023-09-11 06:30:43,470] {task_command.py:371} INFO - Running <TaskInstance: Examine_Templet_Value.get_data scheduled__2023-09-10T12:00:00+00:00 [running]> on host b18943745c0d
[2023-09-11 06:30:43,636] {warnings.py:110} WARNING - /home/***/.local/lib/python3.7/site-packages/***/utils/context.py:202: AirflowContextDeprecationWarning: Accessing 'execution_date' from the template is deprecated and will be removed in a future version. Please use 'data_interval_start' or 'logical_date' instead.
  warnings.warn(_create_deprecation_warning(key, self._deprecation_replacements[key]))

[2023-09-11 06:30:43,796] {taskinstance.py:1591} INFO - Exporting the following env vars:
AIRFLOW_CTX_DAG_OWNER=***
AIRFLOW_CTX_DAG_ID=Examine_Templet_Value
AIRFLOW_CTX_TASK_ID=get_data
AIRFLOW_CTX_EXECUTION_DATE=2023-09-10T12:00:00+00:00
AIRFLOW_CTX_TRY_NUMBER=1
AIRFLOW_CTX_DAG_RUN_ID=scheduled__2023-09-10T12:00:00+00:00
[2023-09-11 06:31:09,788] {python.py:173} INFO - Done. Returned value was: None
[2023-09-11 06:31:09,808] {taskinstance.py:1420} INFO - Marking task as SUCCESS. dag_id=Examine_Templet_Value, task_id=get_data, execution_date=20230910T120000, start_date=20230911T063043, end_date=20230911T063109
[2023-09-11 06:31:09,860] {local_task_job.py:156} INFO - Task exited with return code 0
[2023-09-11 06:31:09,894] {local_task_job.py:273} INFO - 0 downstream tasks scheduled from follow-on schedule check
[2023-09-11 06:48:43,076] {taskinstance.py:1179} INFO - Dependencies all met for <TaskInstance: Examine_Templet_Value.get_data scheduled__2023-09-10T12:00:00+00:00 [queued]>
[2023-09-11 06:48:43,130] {taskinstance.py:1179} INFO - Dependencies all met for <TaskInstance: Examine_Templet_Value.get_data scheduled__2023-09-10T12:00:00+00:00 [queued]>
[2023-09-11 06:48:43,131] {taskinstance.py:1376} INFO - 
--------------------------------------------------------------------------------
[2023-09-11 06:48:43,131] {taskinstance.py:1377} INFO - Starting attempt 1 of 1
[2023-09-11 06:48:43,131] {taskinstance.py:1378} INFO - 
--------------------------------------------------------------------------------
[2023-09-11 06:48:43,266] {taskinstance.py:1397} INFO - Executing <Task(PythonOperator): get_data> on 2023-09-10 12:00:00+00:00
[2023-09-11 06:48:43,324] {standard_task_runner.py:52} INFO - Started process 955 to run task
[2023-09-11 06:48:43,423] {standard_task_runner.py:79} INFO - Running: ['***', 'tasks', 'run', 'Examine_Templet_Value', 'get_data', 'scheduled__2023-09-10T12:00:00+00:00', '--job-id', '184', '--raw', '--subdir', 'DAGS_FOLDER/Examine_Templet_Value.py', '--cfg-path', '/tmp/tmpfigjmjyb', '--error-file', '/tmp/tmppaf3ldln']
[2023-09-11 06:48:43,424] {standard_task_runner.py:80} INFO - Job 184: Subtask get_data
[2023-09-11 06:48:43,965] {task_command.py:371} INFO - Running <TaskInstance: Examine_Templet_Value.get_data scheduled__2023-09-10T12:00:00+00:00 [running]> on host b18943745c0d
[2023-09-11 06:48:44,281] {warnings.py:110} WARNING - /home/***/.local/lib/python3.7/site-packages/***/utils/context.py:202: AirflowContextDeprecationWarning: Accessing 'execution_date' from the template is deprecated and will be removed in a future version. Please use 'data_interval_start' or 'logical_date' instead.
  warnings.warn(_create_deprecation_warning(key, self._deprecation_replacements[key]))

[2023-09-11 06:48:44,726] {taskinstance.py:1591} INFO - Exporting the following env vars:
AIRFLOW_CTX_DAG_OWNER=***
AIRFLOW_CTX_DAG_ID=Examine_Templet_Value
AIRFLOW_CTX_TASK_ID=get_data
AIRFLOW_CTX_EXECUTION_DATE=2023-09-10T12:00:00+00:00
AIRFLOW_CTX_TRY_NUMBER=1
AIRFLOW_CTX_DAG_RUN_ID=scheduled__2023-09-10T12:00:00+00:00
[2023-09-11 06:48:59,175] {python.py:173} INFO - Done. Returned value was: None
[2023-09-11 06:48:59,220] {taskinstance.py:1420} INFO - Marking task as SUCCESS. dag_id=Examine_Templet_Value, task_id=get_data, execution_date=20230910T120000, start_date=20230911T064843, end_date=20230911T064859
[2023-09-11 06:48:59,339] {local_task_job.py:156} INFO - Task exited with return code 0
[2023-09-11 06:48:59,437] {local_task_job.py:273} INFO - 0 downstream tasks scheduled from follow-on schedule check
