[2023-09-12 05:08:28,660] {taskinstance.py:1179} INFO - Dependencies all met for <TaskInstance: CallPostgreOperator.extract_gz scheduled__2023-09-12T02:00:00+00:00 [queued]>
[2023-09-12 05:08:28,670] {taskinstance.py:1179} INFO - Dependencies all met for <TaskInstance: CallPostgreOperator.extract_gz scheduled__2023-09-12T02:00:00+00:00 [queued]>
[2023-09-12 05:08:28,670] {taskinstance.py:1376} INFO - 
--------------------------------------------------------------------------------
[2023-09-12 05:08:28,670] {taskinstance.py:1377} INFO - Starting attempt 1 of 1
[2023-09-12 05:08:28,670] {taskinstance.py:1378} INFO - 
--------------------------------------------------------------------------------
[2023-09-12 05:08:28,686] {taskinstance.py:1397} INFO - Executing <Task(BashOperator): extract_gz> on 2023-09-12 02:00:00+00:00
[2023-09-12 05:08:28,690] {standard_task_runner.py:52} INFO - Started process 2011 to run task
[2023-09-12 05:08:28,694] {standard_task_runner.py:79} INFO - Running: ['***', 'tasks', 'run', 'CallPostgreOperator', 'extract_gz', 'scheduled__2023-09-12T02:00:00+00:00', '--job-id', '1061', '--raw', '--subdir', 'DAGS_FOLDER/CallPostgreOperator.py', '--cfg-path', '/tmp/tmpqe1lve2i', '--error-file', '/tmp/tmp5xfkm7y0']
[2023-09-12 05:08:28,694] {standard_task_runner.py:80} INFO - Job 1061: Subtask extract_gz
[2023-09-12 05:08:28,760] {task_command.py:371} INFO - Running <TaskInstance: CallPostgreOperator.extract_gz scheduled__2023-09-12T02:00:00+00:00 [running]> on host b18943745c0d
[2023-09-12 05:08:28,830] {taskinstance.py:1591} INFO - Exporting the following env vars:
AIRFLOW_CTX_DAG_OWNER=***
AIRFLOW_CTX_DAG_ID=CallPostgreOperator
AIRFLOW_CTX_TASK_ID=extract_gz
AIRFLOW_CTX_EXECUTION_DATE=2023-09-12T02:00:00+00:00
AIRFLOW_CTX_TRY_NUMBER=1
AIRFLOW_CTX_DAG_RUN_ID=scheduled__2023-09-12T02:00:00+00:00
[2023-09-12 05:08:28,831] {subprocess.py:62} INFO - Tmp dir root location: 
 /tmp
[2023-09-12 05:08:28,831] {subprocess.py:74} INFO - Running command: ['bash', '-c', 'gunzip --force /tmp/wikipageviews.gz']
[2023-09-12 05:08:28,841] {subprocess.py:85} INFO - Output:
[2023-09-12 05:08:29,755] {subprocess.py:96} INFO - Command exited with return code 0
[2023-09-12 05:08:29,787] {taskinstance.py:1420} INFO - Marking task as SUCCESS. dag_id=CallPostgreOperator, task_id=extract_gz, execution_date=20230912T020000, start_date=20230912T050828, end_date=20230912T050829
[2023-09-12 05:08:29,831] {local_task_job.py:156} INFO - Task exited with return code 0
[2023-09-12 05:08:29,872] {local_task_job.py:273} INFO - 1 downstream tasks scheduled from follow-on schedule check
