[2023-09-09 15:34:19,264] {taskinstance.py:1179} INFO - Dependencies all met for <TaskInstance: download_rocket_launches.notify scheduled__2023-09-03T00:00:00+00:00 [queued]>
[2023-09-09 15:34:19,287] {taskinstance.py:1179} INFO - Dependencies all met for <TaskInstance: download_rocket_launches.notify scheduled__2023-09-03T00:00:00+00:00 [queued]>
[2023-09-09 15:34:19,288] {taskinstance.py:1376} INFO - 
--------------------------------------------------------------------------------
[2023-09-09 15:34:19,288] {taskinstance.py:1377} INFO - Starting attempt 2 of 2
[2023-09-09 15:34:19,288] {taskinstance.py:1378} INFO - 
--------------------------------------------------------------------------------
[2023-09-09 15:34:19,324] {taskinstance.py:1397} INFO - Executing <Task(BashOperator): notify> on 2023-09-03 00:00:00+00:00
[2023-09-09 15:34:19,331] {standard_task_runner.py:52} INFO - Started process 19488 to run task
[2023-09-09 15:34:19,338] {standard_task_runner.py:79} INFO - Running: ['***', 'tasks', 'run', 'download_rocket_launches', 'notify', 'scheduled__2023-09-03T00:00:00+00:00', '--job-id', '102', '--raw', '--subdir', 'DAGS_FOLDER/download_rocket_launches.py', '--cfg-path', '/tmp/tmpg08lo3sr', '--error-file', '/tmp/tmp8_8p9p0j']
[2023-09-09 15:34:19,339] {standard_task_runner.py:80} INFO - Job 102: Subtask notify
[2023-09-09 15:34:19,479] {task_command.py:371} INFO - Running <TaskInstance: download_rocket_launches.notify scheduled__2023-09-03T00:00:00+00:00 [running]> on host b18943745c0d
[2023-09-09 15:34:19,690] {taskinstance.py:1591} INFO - Exporting the following env vars:
AIRFLOW_CTX_DAG_OWNER=***
AIRFLOW_CTX_DAG_ID=download_rocket_launches
AIRFLOW_CTX_TASK_ID=notify
AIRFLOW_CTX_EXECUTION_DATE=2023-09-03T00:00:00+00:00
AIRFLOW_CTX_TRY_NUMBER=2
AIRFLOW_CTX_DAG_RUN_ID=scheduled__2023-09-03T00:00:00+00:00
[2023-09-09 15:34:19,692] {subprocess.py:62} INFO - Tmp dir root location: 
 /tmp
[2023-09-09 15:34:19,693] {subprocess.py:74} INFO - Running command: ['bash', '-c', 'echo "There are now $(ls /tmp/images/ | wc -l) images."']
[2023-09-09 15:34:19,707] {subprocess.py:85} INFO - Output:
[2023-09-09 15:34:19,716] {subprocess.py:92} INFO - There are now 11 images.
[2023-09-09 15:34:19,717] {subprocess.py:96} INFO - Command exited with return code 0
[2023-09-09 15:34:19,780] {taskinstance.py:1420} INFO - Marking task as SUCCESS. dag_id=download_rocket_launches, task_id=notify, execution_date=20230903T000000, start_date=20230909T153419, end_date=20230909T153419
[2023-09-09 15:34:19,838] {local_task_job.py:156} INFO - Task exited with return code 0
[2023-09-09 15:34:19,885] {local_task_job.py:273} INFO - 0 downstream tasks scheduled from follow-on schedule check
