[2023-09-09 15:34:17,401] {taskinstance.py:1179} INFO - Dependencies all met for <TaskInstance: download_rocket_launches.notify scheduled__2023-08-31T00:00:00+00:00 [queued]>
[2023-09-09 15:34:17,427] {taskinstance.py:1179} INFO - Dependencies all met for <TaskInstance: download_rocket_launches.notify scheduled__2023-08-31T00:00:00+00:00 [queued]>
[2023-09-09 15:34:17,427] {taskinstance.py:1376} INFO - 
--------------------------------------------------------------------------------
[2023-09-09 15:34:17,427] {taskinstance.py:1377} INFO - Starting attempt 2 of 2
[2023-09-09 15:34:17,427] {taskinstance.py:1378} INFO - 
--------------------------------------------------------------------------------
[2023-09-09 15:34:17,459] {taskinstance.py:1397} INFO - Executing <Task(BashOperator): notify> on 2023-08-31 00:00:00+00:00
[2023-09-09 15:34:17,465] {standard_task_runner.py:52} INFO - Started process 19466 to run task
[2023-09-09 15:34:17,482] {standard_task_runner.py:79} INFO - Running: ['***', 'tasks', 'run', 'download_rocket_launches', 'notify', 'scheduled__2023-08-31T00:00:00+00:00', '--job-id', '98', '--raw', '--subdir', 'DAGS_FOLDER/download_rocket_launches.py', '--cfg-path', '/tmp/tmpkfqfdpzb', '--error-file', '/tmp/tmpk2pwv6dq']
[2023-09-09 15:34:17,482] {standard_task_runner.py:80} INFO - Job 98: Subtask notify
[2023-09-09 15:34:17,637] {task_command.py:371} INFO - Running <TaskInstance: download_rocket_launches.notify scheduled__2023-08-31T00:00:00+00:00 [running]> on host b18943745c0d
[2023-09-09 15:34:17,752] {taskinstance.py:1591} INFO - Exporting the following env vars:
AIRFLOW_CTX_DAG_OWNER=***
AIRFLOW_CTX_DAG_ID=download_rocket_launches
AIRFLOW_CTX_TASK_ID=notify
AIRFLOW_CTX_EXECUTION_DATE=2023-08-31T00:00:00+00:00
AIRFLOW_CTX_TRY_NUMBER=2
AIRFLOW_CTX_DAG_RUN_ID=scheduled__2023-08-31T00:00:00+00:00
[2023-09-09 15:34:17,754] {subprocess.py:62} INFO - Tmp dir root location: 
 /tmp
[2023-09-09 15:34:17,755] {subprocess.py:74} INFO - Running command: ['bash', '-c', 'echo "There are now $(ls /tmp/images/ | wc -l) images."']
[2023-09-09 15:34:17,767] {subprocess.py:85} INFO - Output:
[2023-09-09 15:34:17,771] {subprocess.py:92} INFO - There are now 11 images.
[2023-09-09 15:34:17,772] {subprocess.py:96} INFO - Command exited with return code 0
[2023-09-09 15:34:17,802] {taskinstance.py:1420} INFO - Marking task as SUCCESS. dag_id=download_rocket_launches, task_id=notify, execution_date=20230831T000000, start_date=20230909T153417, end_date=20230909T153417
[2023-09-09 15:34:17,853] {local_task_job.py:156} INFO - Task exited with return code 0
[2023-09-09 15:34:17,887] {local_task_job.py:273} INFO - 0 downstream tasks scheduled from follow-on schedule check
