[2023-09-09 15:33:54,216] {taskinstance.py:1179} INFO - Dependencies all met for <TaskInstance: download_rocket_launches.download_launchesAPI_using_bashcommand scheduled__2023-09-04T00:00:00+00:00 [queued]>
[2023-09-09 15:33:54,249] {taskinstance.py:1179} INFO - Dependencies all met for <TaskInstance: download_rocket_launches.download_launchesAPI_using_bashcommand scheduled__2023-09-04T00:00:00+00:00 [queued]>
[2023-09-09 15:33:54,249] {taskinstance.py:1376} INFO - 
--------------------------------------------------------------------------------
[2023-09-09 15:33:54,249] {taskinstance.py:1377} INFO - Starting attempt 2 of 2
[2023-09-09 15:33:54,250] {taskinstance.py:1378} INFO - 
--------------------------------------------------------------------------------
[2023-09-09 15:33:54,310] {taskinstance.py:1397} INFO - Executing <Task(BashOperator): download_launchesAPI_using_bashcommand> on 2023-09-04 00:00:00+00:00
[2023-09-09 15:33:54,319] {standard_task_runner.py:52} INFO - Started process 19312 to run task
[2023-09-09 15:33:54,351] {standard_task_runner.py:79} INFO - Running: ['***', 'tasks', 'run', 'download_rocket_launches', 'download_launchesAPI_using_bashcommand', 'scheduled__2023-09-04T00:00:00+00:00', '--job-id', '57', '--raw', '--subdir', 'DAGS_FOLDER/download_rocket_launches.py', '--cfg-path', '/tmp/tmpne5qzp4g', '--error-file', '/tmp/tmpc3950adr']
[2023-09-09 15:33:54,352] {standard_task_runner.py:80} INFO - Job 57: Subtask download_launchesAPI_using_bashcommand
[2023-09-09 15:33:54,916] {task_command.py:371} INFO - Running <TaskInstance: download_rocket_launches.download_launchesAPI_using_bashcommand scheduled__2023-09-04T00:00:00+00:00 [running]> on host b18943745c0d
[2023-09-09 15:33:55,812] {taskinstance.py:1591} INFO - Exporting the following env vars:
AIRFLOW_CTX_DAG_OWNER=***
AIRFLOW_CTX_DAG_ID=download_rocket_launches
AIRFLOW_CTX_TASK_ID=download_launchesAPI_using_bashcommand
AIRFLOW_CTX_EXECUTION_DATE=2023-09-04T00:00:00+00:00
AIRFLOW_CTX_TRY_NUMBER=2
AIRFLOW_CTX_DAG_RUN_ID=scheduled__2023-09-04T00:00:00+00:00
[2023-09-09 15:33:55,860] {subprocess.py:62} INFO - Tmp dir root location: 
 /tmp
[2023-09-09 15:33:55,871] {subprocess.py:74} INFO - Running command: ['bash', '-c', "curl -o /tmp/launches.json -L 'https://ll.thespacedevs.com/2.0.0/launch/upcoming'"]
[2023-09-09 15:33:55,972] {subprocess.py:85} INFO - Output:
[2023-09-09 15:33:56,133] {subprocess.py:92} INFO -   % Total    % Received % Xferd  Average Speed   Time    Time     Time  Current
[2023-09-09 15:33:56,133] {subprocess.py:92} INFO -                                  Dload  Upload   Total   Spent    Left  Speed
[2023-09-09 15:33:56,900] {subprocess.py:92} INFO -   0     0    0     0    0     0      0      0 --:--:-- --:--:-- --:--:--     0  0     0    0     0    0     0      0      0 --:--:-- --:--:-- --:--:--     0  0     0    0     0    0     0      0      0 --:--:-- --:--:-- --:--:--     0
[2023-09-09 15:33:57,309] {subprocess.py:92} INFO - 100 24568  100 24568    0     0  20473      0  0:00:01  0:00:01 --:--:-- 20473100 24568  100 24568    0     0  20473      0  0:00:01  0:00:01 --:--:--     0
[2023-09-09 15:33:57,313] {subprocess.py:96} INFO - Command exited with return code 0
[2023-09-09 15:33:57,363] {taskinstance.py:1420} INFO - Marking task as SUCCESS. dag_id=download_rocket_launches, task_id=download_launchesAPI_using_bashcommand, execution_date=20230904T000000, start_date=20230909T153354, end_date=20230909T153357
[2023-09-09 15:33:57,406] {local_task_job.py:156} INFO - Task exited with return code 0
[2023-09-09 15:33:57,696] {local_task_job.py:273} INFO - 0 downstream tasks scheduled from follow-on schedule check
