[2023-09-12 04:57:29,173] {taskinstance.py:1179} INFO - Dependencies all met for <TaskInstance: CallPostgreOperator.extract_gz scheduled__2023-09-11T09:00:00+00:00 [queued]>
[2023-09-12 04:57:29,186] {taskinstance.py:1179} INFO - Dependencies all met for <TaskInstance: CallPostgreOperator.extract_gz scheduled__2023-09-11T09:00:00+00:00 [queued]>
[2023-09-12 04:57:29,186] {taskinstance.py:1376} INFO - 
--------------------------------------------------------------------------------
[2023-09-12 04:57:29,186] {taskinstance.py:1377} INFO - Starting attempt 1 of 1
[2023-09-12 04:57:29,186] {taskinstance.py:1378} INFO - 
--------------------------------------------------------------------------------
[2023-09-12 04:57:29,206] {taskinstance.py:1397} INFO - Executing <Task(BashOperator): extract_gz> on 2023-09-11 09:00:00+00:00
[2023-09-12 04:57:29,211] {standard_task_runner.py:52} INFO - Started process 1337 to run task
[2023-09-12 04:57:29,214] {standard_task_runner.py:79} INFO - Running: ['***', 'tasks', 'run', 'CallPostgreOperator', 'extract_gz', 'scheduled__2023-09-11T09:00:00+00:00', '--job-id', '986', '--raw', '--subdir', 'DAGS_FOLDER/CallPostgreOperator.py', '--cfg-path', '/tmp/tmpk6yqn0cy', '--error-file', '/tmp/tmppput_sdj']
[2023-09-12 04:57:29,215] {standard_task_runner.py:80} INFO - Job 986: Subtask extract_gz
[2023-09-12 04:57:29,282] {task_command.py:371} INFO - Running <TaskInstance: CallPostgreOperator.extract_gz scheduled__2023-09-11T09:00:00+00:00 [running]> on host b18943745c0d
[2023-09-12 04:57:29,362] {taskinstance.py:1591} INFO - Exporting the following env vars:
AIRFLOW_CTX_DAG_OWNER=***
AIRFLOW_CTX_DAG_ID=CallPostgreOperator
AIRFLOW_CTX_TASK_ID=extract_gz
AIRFLOW_CTX_EXECUTION_DATE=2023-09-11T09:00:00+00:00
AIRFLOW_CTX_TRY_NUMBER=1
AIRFLOW_CTX_DAG_RUN_ID=scheduled__2023-09-11T09:00:00+00:00
[2023-09-12 04:57:29,363] {subprocess.py:62} INFO - Tmp dir root location: 
 /tmp
[2023-09-12 04:57:29,364] {subprocess.py:74} INFO - Running command: ['bash', '-c', 'gunzip --force /tmp/wikipageviews.gz']
[2023-09-12 04:57:29,373] {subprocess.py:85} INFO - Output:
[2023-09-12 04:57:30,880] {subprocess.py:96} INFO - Command exited with return code 0
[2023-09-12 04:57:30,916] {taskinstance.py:1420} INFO - Marking task as SUCCESS. dag_id=CallPostgreOperator, task_id=extract_gz, execution_date=20230911T090000, start_date=20230912T045729, end_date=20230912T045730
[2023-09-12 04:57:30,956] {local_task_job.py:156} INFO - Task exited with return code 0
[2023-09-12 04:57:31,010] {local_task_job.py:273} INFO - 1 downstream tasks scheduled from follow-on schedule check
