[2023-09-11 11:54:07,895] {taskinstance.py:1179} INFO - Dependencies all met for <TaskInstance: listing_4_20.fetch_pageviews scheduled__2023-09-10T08:00:00+00:00 [queued]>
[2023-09-11 11:54:07,942] {taskinstance.py:1179} INFO - Dependencies all met for <TaskInstance: listing_4_20.fetch_pageviews scheduled__2023-09-10T08:00:00+00:00 [queued]>
[2023-09-11 11:54:07,942] {taskinstance.py:1376} INFO - 
--------------------------------------------------------------------------------
[2023-09-11 11:54:07,942] {taskinstance.py:1377} INFO - Starting attempt 1 of 1
[2023-09-11 11:54:07,943] {taskinstance.py:1378} INFO - 
--------------------------------------------------------------------------------
[2023-09-11 11:54:08,000] {taskinstance.py:1397} INFO - Executing <Task(PythonOperator): fetch_pageviews> on 2023-09-10 08:00:00+00:00
[2023-09-11 11:54:08,013] {standard_task_runner.py:52} INFO - Started process 721 to run task
[2023-09-11 11:54:08,026] {standard_task_runner.py:79} INFO - Running: ['***', 'tasks', 'run', 'listing_4_20', 'fetch_pageviews', 'scheduled__2023-09-10T08:00:00+00:00', '--job-id', '383', '--raw', '--subdir', 'DAGS_FOLDER/listing_4_20.py', '--cfg-path', '/tmp/tmpknj16rwp', '--error-file', '/tmp/tmpy6_sahrn']
[2023-09-11 11:54:08,027] {standard_task_runner.py:80} INFO - Job 383: Subtask fetch_pageviews
[2023-09-11 11:54:08,272] {task_command.py:371} INFO - Running <TaskInstance: listing_4_20.fetch_pageviews scheduled__2023-09-10T08:00:00+00:00 [running]> on host b18943745c0d
[2023-09-11 11:54:08,486] {taskinstance.py:1591} INFO - Exporting the following env vars:
AIRFLOW_CTX_DAG_OWNER=***
AIRFLOW_CTX_DAG_ID=listing_4_20
AIRFLOW_CTX_TASK_ID=fetch_pageviews
AIRFLOW_CTX_EXECUTION_DATE=2023-09-10T08:00:00+00:00
AIRFLOW_CTX_TRY_NUMBER=1
AIRFLOW_CTX_DAG_RUN_ID=scheduled__2023-09-10T08:00:00+00:00
[2023-09-11 11:54:08,489] {warnings.py:110} WARNING - /home/***/.local/lib/python3.7/site-packages/***/utils/context.py:202: AirflowContextDeprecationWarning: Accessing 'execution_date' from the template is deprecated and will be removed in a future version. Please use 'data_interval_start' or 'logical_date' instead.
  warnings.warn(_create_deprecation_warning(key, self._deprecation_replacements[key]))

[2023-09-11 11:54:15,722] {python.py:173} INFO - Done. Returned value was: None
[2023-09-11 11:54:15,757] {taskinstance.py:1420} INFO - Marking task as SUCCESS. dag_id=listing_4_20, task_id=fetch_pageviews, execution_date=20230910T080000, start_date=20230911T115407, end_date=20230911T115415
[2023-09-11 11:54:15,799] {local_task_job.py:156} INFO - Task exited with return code 0
[2023-09-11 11:54:15,882] {local_task_job.py:273} INFO - 1 downstream tasks scheduled from follow-on schedule check
