[2023-09-11 00:00:07,852] {taskinstance.py:1179} INFO - Dependencies all met for <TaskInstance: download_rocket_launches.get_pictures scheduled__2023-09-10T00:00:00+00:00 [queued]>
[2023-09-11 00:00:07,869] {taskinstance.py:1179} INFO - Dependencies all met for <TaskInstance: download_rocket_launches.get_pictures scheduled__2023-09-10T00:00:00+00:00 [queued]>
[2023-09-11 00:00:07,870] {taskinstance.py:1376} INFO - 
--------------------------------------------------------------------------------
[2023-09-11 00:00:07,870] {taskinstance.py:1377} INFO - Starting attempt 1 of 1
[2023-09-11 00:00:07,870] {taskinstance.py:1378} INFO - 
--------------------------------------------------------------------------------
[2023-09-11 00:00:07,898] {taskinstance.py:1397} INFO - Executing <Task(PythonOperator): get_pictures> on 2023-09-10 00:00:00+00:00
[2023-09-11 00:00:07,904] {standard_task_runner.py:52} INFO - Started process 13265 to run task
[2023-09-11 00:00:07,909] {standard_task_runner.py:79} INFO - Running: ['***', 'tasks', 'run', 'download_rocket_launches', 'get_pictures', 'scheduled__2023-09-10T00:00:00+00:00', '--job-id', '131', '--raw', '--subdir', 'DAGS_FOLDER/download_rocket_launches.py', '--cfg-path', '/tmp/tmp3__v1eh4', '--error-file', '/tmp/tmpfcmgttao']
[2023-09-11 00:00:07,910] {standard_task_runner.py:80} INFO - Job 131: Subtask get_pictures
[2023-09-11 00:00:08,010] {task_command.py:371} INFO - Running <TaskInstance: download_rocket_launches.get_pictures scheduled__2023-09-10T00:00:00+00:00 [running]> on host b18943745c0d
[2023-09-11 00:00:08,121] {taskinstance.py:1591} INFO - Exporting the following env vars:
AIRFLOW_CTX_DAG_OWNER=***
AIRFLOW_CTX_DAG_ID=download_rocket_launches
AIRFLOW_CTX_TASK_ID=get_pictures
AIRFLOW_CTX_EXECUTION_DATE=2023-09-10T00:00:00+00:00
AIRFLOW_CTX_TRY_NUMBER=1
AIRFLOW_CTX_DAG_RUN_ID=scheduled__2023-09-10T00:00:00+00:00
[2023-09-11 00:00:09,571] {logging_mixin.py:115} INFO - Downloaded https://spacelaunchnow-prod-east.nyc3.digitaloceanspaces.com/media/launch_images/long2520march_image_20230910165557.jpeg to /tmp/images/long2520march_image_20230910165557.jpeg
[2023-09-11 00:00:11,185] {logging_mixin.py:115} INFO - Downloaded https://spacelaunchnow-prod-east.nyc3.digitaloceanspaces.com/media/launch_images/atlas2520v252_image_20230829061528.jpeg to /tmp/images/atlas2520v252_image_20230829061528.jpeg
[2023-09-11 00:00:12,654] {logging_mixin.py:115} INFO - Downloaded https://spacelaunchnow-prod-east.nyc3.digitaloceanspaces.com/media/launch_images/falcon2520925_image_20230710071854.png to /tmp/images/falcon2520925_image_20230710071854.png
[2023-09-11 00:00:14,218] {logging_mixin.py:115} INFO - Downloaded https://spacelaunchnow-prod-east.nyc3.digitaloceanspaces.com/media/launch_images/falcon2520925_image_20230522090549.png to /tmp/images/falcon2520925_image_20230522090549.png
[2023-09-11 00:00:15,623] {logging_mixin.py:115} INFO - Downloaded https://spacelaunchnow-prod-east.nyc3.digitaloceanspaces.com/media/launcher_images/soyuz_2.1a_image_20230805184309.jpg to /tmp/images/soyuz_2.1a_image_20230805184309.jpg
[2023-09-11 00:00:17,181] {logging_mixin.py:115} INFO - Downloaded https://spacelaunchnow-prod-east.nyc3.digitaloceanspaces.com/media/launcher_images/electron_image_20190705175640.jpeg to /tmp/images/electron_image_20190705175640.jpeg
[2023-09-11 00:00:18,253] {logging_mixin.py:115} INFO - Downloaded https://spacelaunchnow-prod-east.nyc3.digitaloceanspaces.com/media/launcher_images/long_march_4c_image_20230801172338.jpeg to /tmp/images/long_march_4c_image_20230801172338.jpeg
[2023-09-11 00:00:21,841] {logging_mixin.py:115} INFO - Downloaded https://spacelaunchnow-prod-east.nyc3.digitaloceanspaces.com/media/launcher_images/starship_image_20230523063525.jpeg to /tmp/images/starship_image_20230523063525.jpeg
[2023-09-11 00:00:24,755] {logging_mixin.py:115} INFO - Downloaded https://spacelaunchnow-prod-east.nyc3.digitaloceanspaces.com/media/launch_images/falcon2520925_image_20230710073235.png to /tmp/images/falcon2520925_image_20230710073235.png
[2023-09-11 00:00:27,671] {logging_mixin.py:115} INFO - Downloaded https://spacelaunchnow-prod-east.nyc3.digitaloceanspaces.com/media/launcher_images/electron_image_20190705175640.jpeg to /tmp/images/electron_image_20190705175640.jpeg
[2023-09-11 00:00:27,672] {python.py:173} INFO - Done. Returned value was: None
[2023-09-11 00:00:27,703] {taskinstance.py:1420} INFO - Marking task as SUCCESS. dag_id=download_rocket_launches, task_id=get_pictures, execution_date=20230910T000000, start_date=20230911T000007, end_date=20230911T000027
[2023-09-11 00:00:27,798] {local_task_job.py:156} INFO - Task exited with return code 0
[2023-09-11 00:00:27,957] {local_task_job.py:273} INFO - 1 downstream tasks scheduled from follow-on schedule check
