[2023-09-11 08:11:27,658] {taskinstance.py:1179} INFO - Dependencies all met for <TaskInstance: BigTechCompanyCount.fetch_pageviews scheduled__2023-09-10T01:00:00+00:00 [queued]>
[2023-09-11 08:11:27,672] {taskinstance.py:1179} INFO - Dependencies all met for <TaskInstance: BigTechCompanyCount.fetch_pageviews scheduled__2023-09-10T01:00:00+00:00 [queued]>
[2023-09-11 08:11:27,672] {taskinstance.py:1376} INFO - 
--------------------------------------------------------------------------------
[2023-09-11 08:11:27,672] {taskinstance.py:1377} INFO - Starting attempt 1 of 1
[2023-09-11 08:11:27,672] {taskinstance.py:1378} INFO - 
--------------------------------------------------------------------------------
[2023-09-11 08:11:27,698] {taskinstance.py:1397} INFO - Executing <Task(PythonOperator): fetch_pageviews> on 2023-09-10 01:00:00+00:00
[2023-09-11 08:11:27,704] {standard_task_runner.py:52} INFO - Started process 142 to run task
[2023-09-11 08:11:27,708] {standard_task_runner.py:79} INFO - Running: ['***', 'tasks', 'run', 'BigTechCompanyCount', 'fetch_pageviews', 'scheduled__2023-09-10T01:00:00+00:00', '--job-id', '212', '--raw', '--subdir', 'DAGS_FOLDER/BigTechCompanyCount.py', '--cfg-path', '/tmp/tmpohn5l00u', '--error-file', '/tmp/tmpua8o25w5']
[2023-09-11 08:11:27,709] {standard_task_runner.py:80} INFO - Job 212: Subtask fetch_pageviews
[2023-09-11 08:11:27,799] {task_command.py:371} INFO - Running <TaskInstance: BigTechCompanyCount.fetch_pageviews scheduled__2023-09-10T01:00:00+00:00 [running]> on host b18943745c0d
[2023-09-11 08:11:27,945] {taskinstance.py:1591} INFO - Exporting the following env vars:
AIRFLOW_CTX_DAG_OWNER=***
AIRFLOW_CTX_DAG_ID=BigTechCompanyCount
AIRFLOW_CTX_TASK_ID=fetch_pageviews
AIRFLOW_CTX_EXECUTION_DATE=2023-09-10T01:00:00+00:00
AIRFLOW_CTX_TRY_NUMBER=1
AIRFLOW_CTX_DAG_RUN_ID=scheduled__2023-09-10T01:00:00+00:00
[2023-09-11 08:11:31,041] {logging_mixin.py:115} INFO - {'Amazon': '7', 'Facebook': '356', 'Microsoft': '91', 'Apple': '18', 'Google': '268'}
[2023-09-11 08:11:31,041] {python.py:173} INFO - Done. Returned value was: None
[2023-09-11 08:11:31,058] {taskinstance.py:1420} INFO - Marking task as SUCCESS. dag_id=BigTechCompanyCount, task_id=fetch_pageviews, execution_date=20230910T010000, start_date=20230911T081127, end_date=20230911T081131
[2023-09-11 08:11:31,094] {local_task_job.py:156} INFO - Task exited with return code 0
[2023-09-11 08:11:31,137] {local_task_job.py:273} INFO - 0 downstream tasks scheduled from follow-on schedule check
