[2023-09-12 04:43:01,738] {taskinstance.py:1179} INFO - Dependencies all met for <TaskInstance: CallPostgreOperator.get_data manual__2023-09-12T04:39:59.483029+00:00 [queued]>
[2023-09-12 04:43:01,747] {taskinstance.py:1179} INFO - Dependencies all met for <TaskInstance: CallPostgreOperator.get_data manual__2023-09-12T04:39:59.483029+00:00 [queued]>
[2023-09-12 04:43:01,747] {taskinstance.py:1376} INFO - 
--------------------------------------------------------------------------------
[2023-09-12 04:43:01,748] {taskinstance.py:1377} INFO - Starting attempt 1 of 1
[2023-09-12 04:43:01,748] {taskinstance.py:1378} INFO - 
--------------------------------------------------------------------------------
[2023-09-12 04:43:01,760] {taskinstance.py:1397} INFO - Executing <Task(PythonOperator): get_data> on 2023-09-12 04:39:59.483029+00:00
[2023-09-12 04:43:01,764] {standard_task_runner.py:52} INFO - Started process 583 to run task
[2023-09-12 04:43:01,767] {standard_task_runner.py:79} INFO - Running: ['***', 'tasks', 'run', 'CallPostgreOperator', 'get_data', 'manual__2023-09-12T04:39:59.483029+00:00', '--job-id', '952', '--raw', '--subdir', 'DAGS_FOLDER/CallPostgreOperator.py', '--cfg-path', '/tmp/tmpv2bsagk_', '--error-file', '/tmp/tmp7aqbyk49']
[2023-09-12 04:43:01,767] {standard_task_runner.py:80} INFO - Job 952: Subtask get_data
[2023-09-12 04:43:01,827] {task_command.py:371} INFO - Running <TaskInstance: CallPostgreOperator.get_data manual__2023-09-12T04:39:59.483029+00:00 [running]> on host b18943745c0d
[2023-09-12 04:43:01,857] {warnings.py:110} WARNING - /home/***/.local/lib/python3.7/site-packages/***/utils/context.py:202: AirflowContextDeprecationWarning: Accessing 'execution_date' from the template is deprecated and will be removed in a future version. Please use 'data_interval_start' or 'logical_date' instead.
  warnings.warn(_create_deprecation_warning(key, self._deprecation_replacements[key]))

[2023-09-12 04:43:01,892] {taskinstance.py:1591} INFO - Exporting the following env vars:
AIRFLOW_CTX_DAG_OWNER=***
AIRFLOW_CTX_DAG_ID=CallPostgreOperator
AIRFLOW_CTX_TASK_ID=get_data
AIRFLOW_CTX_EXECUTION_DATE=2023-09-12T04:39:59.483029+00:00
AIRFLOW_CTX_TRY_NUMBER=1
AIRFLOW_CTX_DAG_RUN_ID=manual__2023-09-12T04:39:59.483029+00:00
[2023-09-12 04:44:54,863] {taskinstance.py:1909} ERROR - Task failed with exception
Traceback (most recent call last):
  File "/home/airflow/.local/lib/python3.7/site-packages/airflow/operators/python.py", line 171, in execute
    return_value = self.execute_callable()
  File "/home/airflow/.local/lib/python3.7/site-packages/airflow/operators/python.py", line 189, in execute_callable
    return self.python_callable(*self.op_args, **self.op_kwargs)
  File "/opt/airflow/dags/CallPostgreOperator.py", line 27, in _get_data
    request.urlretrieve(url, output_path)
  File "/usr/local/lib/python3.7/urllib/request.py", line 288, in urlretrieve
    % (read, size), result)
urllib.error.ContentTooShortError: <urlopen error retrieval incomplete: got only 4308661 out of 39617043 bytes>
[2023-09-12 04:44:54,875] {taskinstance.py:1420} INFO - Marking task as FAILED. dag_id=CallPostgreOperator, task_id=get_data, execution_date=20230912T043959, start_date=20230912T044301, end_date=20230912T044454
[2023-09-12 04:44:54,891] {standard_task_runner.py:97} ERROR - Failed to execute job 952 for task get_data (<urlopen error retrieval incomplete: got only 4308661 out of 39617043 bytes>; 583)
[2023-09-12 04:44:54,920] {local_task_job.py:156} INFO - Task exited with return code 1
[2023-09-12 04:44:54,956] {local_task_job.py:273} INFO - 0 downstream tasks scheduled from follow-on schedule check
