[2023-09-12 03:01:32,343] {taskinstance.py:1179} INFO - Dependencies all met for <TaskInstance: BigTechCompanyCount.extract_gz scheduled__2023-09-12T02:00:00+00:00 [queued]>
[2023-09-12 03:01:32,351] {taskinstance.py:1179} INFO - Dependencies all met for <TaskInstance: BigTechCompanyCount.extract_gz scheduled__2023-09-12T02:00:00+00:00 [queued]>
[2023-09-12 03:01:32,351] {taskinstance.py:1376} INFO - 
--------------------------------------------------------------------------------
[2023-09-12 03:01:32,351] {taskinstance.py:1377} INFO - Starting attempt 1 of 1
[2023-09-12 03:01:32,351] {taskinstance.py:1378} INFO - 
--------------------------------------------------------------------------------
[2023-09-12 03:01:32,364] {taskinstance.py:1397} INFO - Executing <Task(BashOperator): extract_gz> on 2023-09-12 02:00:00+00:00
[2023-09-12 03:01:32,369] {standard_task_runner.py:52} INFO - Started process 30017 to run task
[2023-09-12 03:01:32,372] {standard_task_runner.py:79} INFO - Running: ['***', 'tasks', 'run', 'BigTechCompanyCount', 'extract_gz', 'scheduled__2023-09-12T02:00:00+00:00', '--job-id', '938', '--raw', '--subdir', 'DAGS_FOLDER/BigTechCompanyCount.py', '--cfg-path', '/tmp/tmpi6_rastn', '--error-file', '/tmp/tmpk56rbz9f']
[2023-09-12 03:01:32,372] {standard_task_runner.py:80} INFO - Job 938: Subtask extract_gz
[2023-09-12 03:01:32,433] {task_command.py:371} INFO - Running <TaskInstance: BigTechCompanyCount.extract_gz scheduled__2023-09-12T02:00:00+00:00 [running]> on host b18943745c0d
[2023-09-12 03:01:32,500] {taskinstance.py:1591} INFO - Exporting the following env vars:
AIRFLOW_CTX_DAG_OWNER=***
AIRFLOW_CTX_DAG_ID=BigTechCompanyCount
AIRFLOW_CTX_TASK_ID=extract_gz
AIRFLOW_CTX_EXECUTION_DATE=2023-09-12T02:00:00+00:00
AIRFLOW_CTX_TRY_NUMBER=1
AIRFLOW_CTX_DAG_RUN_ID=scheduled__2023-09-12T02:00:00+00:00
[2023-09-12 03:01:32,502] {subprocess.py:62} INFO - Tmp dir root location: 
 /tmp
[2023-09-12 03:01:32,503] {subprocess.py:74} INFO - Running command: ['bash', '-c', 'gunzip --force /tmp/wikipageviews.gz']
[2023-09-12 03:01:32,513] {subprocess.py:85} INFO - Output:
[2023-09-12 03:01:32,917] {subprocess.py:92} INFO - 
[2023-09-12 03:01:32,917] {subprocess.py:92} INFO - gzip: /tmp/wikipageviews.gz: invalid compressed data--format violated
[2023-09-12 03:01:32,928] {subprocess.py:96} INFO - Command exited with return code 1
[2023-09-12 03:01:32,941] {taskinstance.py:1909} ERROR - Task failed with exception
Traceback (most recent call last):
  File "/home/airflow/.local/lib/python3.7/site-packages/airflow/operators/bash.py", line 195, in execute
    f'Bash command failed. The command returned a non-zero exit code {result.exit_code}.'
airflow.exceptions.AirflowException: Bash command failed. The command returned a non-zero exit code 1.
[2023-09-12 03:01:32,945] {taskinstance.py:1420} INFO - Marking task as FAILED. dag_id=BigTechCompanyCount, task_id=extract_gz, execution_date=20230912T020000, start_date=20230912T030132, end_date=20230912T030132
[2023-09-12 03:01:32,956] {standard_task_runner.py:97} ERROR - Failed to execute job 938 for task extract_gz (Bash command failed. The command returned a non-zero exit code 1.; 30017)
[2023-09-12 03:01:32,987] {local_task_job.py:156} INFO - Task exited with return code 1
[2023-09-12 03:01:33,024] {local_task_job.py:273} INFO - 0 downstream tasks scheduled from follow-on schedule check
