[2023-09-09 15:33:55,256] {taskinstance.py:1179} INFO - Dependencies all met for <TaskInstance: download_rocket_launches.download_launchesAPI_using_bashcommand scheduled__2023-08-31T00:00:00+00:00 [queued]>
[2023-09-09 15:33:55,403] {taskinstance.py:1179} INFO - Dependencies all met for <TaskInstance: download_rocket_launches.download_launchesAPI_using_bashcommand scheduled__2023-08-31T00:00:00+00:00 [queued]>
[2023-09-09 15:33:55,406] {taskinstance.py:1376} INFO - 
--------------------------------------------------------------------------------
[2023-09-09 15:33:55,406] {taskinstance.py:1377} INFO - Starting attempt 2 of 2
[2023-09-09 15:33:55,406] {taskinstance.py:1378} INFO - 
--------------------------------------------------------------------------------
[2023-09-09 15:33:55,592] {taskinstance.py:1397} INFO - Executing <Task(BashOperator): download_launchesAPI_using_bashcommand> on 2023-08-31 00:00:00+00:00
[2023-09-09 15:33:55,662] {standard_task_runner.py:52} INFO - Started process 19326 to run task
[2023-09-09 15:33:55,885] {standard_task_runner.py:79} INFO - Running: ['***', 'tasks', 'run', 'download_rocket_launches', 'download_launchesAPI_using_bashcommand', 'scheduled__2023-08-31T00:00:00+00:00', '--job-id', '68', '--raw', '--subdir', 'DAGS_FOLDER/download_rocket_launches.py', '--cfg-path', '/tmp/tmpah0ttdtp', '--error-file', '/tmp/tmpeqc7khmr']
[2023-09-09 15:33:55,886] {standard_task_runner.py:80} INFO - Job 68: Subtask download_launchesAPI_using_bashcommand
[2023-09-09 15:33:56,482] {task_command.py:371} INFO - Running <TaskInstance: download_rocket_launches.download_launchesAPI_using_bashcommand scheduled__2023-08-31T00:00:00+00:00 [running]> on host b18943745c0d
[2023-09-09 15:33:56,993] {taskinstance.py:1591} INFO - Exporting the following env vars:
AIRFLOW_CTX_DAG_OWNER=***
AIRFLOW_CTX_DAG_ID=download_rocket_launches
AIRFLOW_CTX_TASK_ID=download_launchesAPI_using_bashcommand
AIRFLOW_CTX_EXECUTION_DATE=2023-08-31T00:00:00+00:00
AIRFLOW_CTX_TRY_NUMBER=2
AIRFLOW_CTX_DAG_RUN_ID=scheduled__2023-08-31T00:00:00+00:00
[2023-09-09 15:33:57,002] {subprocess.py:62} INFO - Tmp dir root location: 
 /tmp
[2023-09-09 15:33:57,003] {subprocess.py:74} INFO - Running command: ['bash', '-c', "curl -o /tmp/launches.json -L 'https://ll.thespacedevs.com/2.0.0/launch/upcoming'"]
[2023-09-09 15:33:57,039] {subprocess.py:85} INFO - Output:
[2023-09-09 15:33:57,056] {subprocess.py:92} INFO -   % Total    % Received % Xferd  Average Speed   Time    Time     Time  Current
[2023-09-09 15:33:57,057] {subprocess.py:92} INFO -                                  Dload  Upload   Total   Spent    Left  Speed
[2023-09-09 15:33:57,736] {subprocess.py:92} INFO -   0     0    0     0    0     0      0      0 --:--:-- --:--:-- --:--:--     0  0     0    0     0    0     0      0      0 --:--:-- --:--:-- --:--:--     0  0     0    0     0    0     0      0      0 --:--:-- --:--:-- --:--:--     0
[2023-09-09 15:33:58,129] {subprocess.py:92} INFO - 100 24568  100 24568    0     0  22896      0  0:00:01  0:00:01 --:--:-- 22896
[2023-09-09 15:33:58,135] {subprocess.py:96} INFO - Command exited with return code 0
[2023-09-09 15:33:58,456] {taskinstance.py:1420} INFO - Marking task as SUCCESS. dag_id=download_rocket_launches, task_id=download_launchesAPI_using_bashcommand, execution_date=20230831T000000, start_date=20230909T153355, end_date=20230909T153358
[2023-09-09 15:33:58,534] {local_task_job.py:156} INFO - Task exited with return code 0
[2023-09-09 15:33:58,788] {local_task_job.py:273} INFO - 1 downstream tasks scheduled from follow-on schedule check
