[2023-09-11 16:12:21,599] {taskinstance.py:1179} INFO - Dependencies all met for <TaskInstance: BigTechCompanyCount.fetch_pageviews manual__2023-09-11T16:12:00.911073+00:00 [queued]>
[2023-09-11 16:12:21,610] {taskinstance.py:1179} INFO - Dependencies all met for <TaskInstance: BigTechCompanyCount.fetch_pageviews manual__2023-09-11T16:12:00.911073+00:00 [queued]>
[2023-09-11 16:12:21,610] {taskinstance.py:1376} INFO - 
--------------------------------------------------------------------------------
[2023-09-11 16:12:21,610] {taskinstance.py:1377} INFO - Starting attempt 1 of 1
[2023-09-11 16:12:21,610] {taskinstance.py:1378} INFO - 
--------------------------------------------------------------------------------
[2023-09-11 16:12:21,626] {taskinstance.py:1397} INFO - Executing <Task(PythonOperator): fetch_pageviews> on 2023-09-11 16:12:00.911073+00:00
[2023-09-11 16:12:21,631] {standard_task_runner.py:52} INFO - Started process 13552 to run task
[2023-09-11 16:12:21,634] {standard_task_runner.py:79} INFO - Running: ['***', 'tasks', 'run', 'BigTechCompanyCount', 'fetch_pageviews', 'manual__2023-09-11T16:12:00.911073+00:00', '--job-id', '656', '--raw', '--subdir', 'DAGS_FOLDER/BigTechCompanyCount.py', '--cfg-path', '/tmp/tmpk3tqtso6', '--error-file', '/tmp/tmpg7s5jnof']
[2023-09-11 16:12:21,635] {standard_task_runner.py:80} INFO - Job 656: Subtask fetch_pageviews
[2023-09-11 16:12:21,736] {task_command.py:371} INFO - Running <TaskInstance: BigTechCompanyCount.fetch_pageviews manual__2023-09-11T16:12:00.911073+00:00 [running]> on host b18943745c0d
[2023-09-11 16:12:21,865] {taskinstance.py:1591} INFO - Exporting the following env vars:
AIRFLOW_CTX_DAG_OWNER=***
AIRFLOW_CTX_DAG_ID=BigTechCompanyCount
AIRFLOW_CTX_TASK_ID=fetch_pageviews
AIRFLOW_CTX_EXECUTION_DATE=2023-09-11T16:12:00.911073+00:00
AIRFLOW_CTX_TRY_NUMBER=1
AIRFLOW_CTX_DAG_RUN_ID=manual__2023-09-11T16:12:00.911073+00:00
[2023-09-11 16:12:25,426] {logging_mixin.py:115} INFO - {'Amazon': '4', 'Microsoft': '319', 'Apple': '63', 'Google': '1631', 'Facebook': '1677'}
[2023-09-11 16:12:25,426] {python.py:173} INFO - Done. Returned value was: None
[2023-09-11 16:12:25,440] {taskinstance.py:1420} INFO - Marking task as SUCCESS. dag_id=BigTechCompanyCount, task_id=fetch_pageviews, execution_date=20230911T161200, start_date=20230911T161221, end_date=20230911T161225
[2023-09-11 16:12:25,464] {local_task_job.py:156} INFO - Task exited with return code 0
[2023-09-11 16:12:25,494] {local_task_job.py:273} INFO - 0 downstream tasks scheduled from follow-on schedule check
