[2023-09-11 08:19:53,625] {taskinstance.py:1179} INFO - Dependencies all met for <TaskInstance: BigTechCompanyCount.extract_gz scheduled__2023-09-10T19:00:00+00:00 [queued]>
[2023-09-11 08:19:53,644] {taskinstance.py:1179} INFO - Dependencies all met for <TaskInstance: BigTechCompanyCount.extract_gz scheduled__2023-09-10T19:00:00+00:00 [queued]>
[2023-09-11 08:19:53,645] {taskinstance.py:1376} INFO - 
--------------------------------------------------------------------------------
[2023-09-11 08:19:53,645] {taskinstance.py:1377} INFO - Starting attempt 1 of 1
[2023-09-11 08:19:53,645] {taskinstance.py:1378} INFO - 
--------------------------------------------------------------------------------
[2023-09-11 08:19:53,671] {taskinstance.py:1397} INFO - Executing <Task(BashOperator): extract_gz> on 2023-09-10 19:00:00+00:00
[2023-09-11 08:19:53,677] {standard_task_runner.py:52} INFO - Started process 629 to run task
[2023-09-11 08:19:53,682] {standard_task_runner.py:79} INFO - Running: ['***', 'tasks', 'run', 'BigTechCompanyCount', 'extract_gz', 'scheduled__2023-09-10T19:00:00+00:00', '--job-id', '265', '--raw', '--subdir', 'DAGS_FOLDER/BigTechCompanyCount.py', '--cfg-path', '/tmp/tmp98z8hj2j', '--error-file', '/tmp/tmp_it4fsz9']
[2023-09-11 08:19:53,683] {standard_task_runner.py:80} INFO - Job 265: Subtask extract_gz
[2023-09-11 08:19:53,776] {task_command.py:371} INFO - Running <TaskInstance: BigTechCompanyCount.extract_gz scheduled__2023-09-10T19:00:00+00:00 [running]> on host b18943745c0d
[2023-09-11 08:19:53,878] {taskinstance.py:1591} INFO - Exporting the following env vars:
AIRFLOW_CTX_DAG_OWNER=***
AIRFLOW_CTX_DAG_ID=BigTechCompanyCount
AIRFLOW_CTX_TASK_ID=extract_gz
AIRFLOW_CTX_EXECUTION_DATE=2023-09-10T19:00:00+00:00
AIRFLOW_CTX_TRY_NUMBER=1
AIRFLOW_CTX_DAG_RUN_ID=scheduled__2023-09-10T19:00:00+00:00
[2023-09-11 08:19:53,880] {subprocess.py:62} INFO - Tmp dir root location: 
 /tmp
[2023-09-11 08:19:53,880] {subprocess.py:74} INFO - Running command: ['bash', '-c', 'gunzip --force /tmp/wikipageviews.gz']
[2023-09-11 08:19:53,895] {subprocess.py:85} INFO - Output:
[2023-09-11 08:19:56,157] {subprocess.py:96} INFO - Command exited with return code 0
[2023-09-11 08:19:56,200] {taskinstance.py:1420} INFO - Marking task as SUCCESS. dag_id=BigTechCompanyCount, task_id=extract_gz, execution_date=20230910T190000, start_date=20230911T081953, end_date=20230911T081956
[2023-09-11 08:19:56,264] {local_task_job.py:156} INFO - Task exited with return code 0
[2023-09-11 08:19:56,413] {local_task_job.py:273} INFO - 1 downstream tasks scheduled from follow-on schedule check
