[2023-09-11 08:17:31,381] {taskinstance.py:1179} INFO - Dependencies all met for <TaskInstance: BigTechCompanyCount.fetch_pageviews scheduled__2023-09-10T14:00:00+00:00 [queued]>
[2023-09-11 08:17:31,400] {taskinstance.py:1179} INFO - Dependencies all met for <TaskInstance: BigTechCompanyCount.fetch_pageviews scheduled__2023-09-10T14:00:00+00:00 [queued]>
[2023-09-11 08:17:31,401] {taskinstance.py:1376} INFO - 
--------------------------------------------------------------------------------
[2023-09-11 08:17:31,401] {taskinstance.py:1377} INFO - Starting attempt 1 of 1
[2023-09-11 08:17:31,401] {taskinstance.py:1378} INFO - 
--------------------------------------------------------------------------------
[2023-09-11 08:17:31,422] {taskinstance.py:1397} INFO - Executing <Task(PythonOperator): fetch_pageviews> on 2023-09-10 14:00:00+00:00
[2023-09-11 08:17:31,428] {standard_task_runner.py:52} INFO - Started process 498 to run task
[2023-09-11 08:17:31,434] {standard_task_runner.py:79} INFO - Running: ['***', 'tasks', 'run', 'BigTechCompanyCount', 'fetch_pageviews', 'scheduled__2023-09-10T14:00:00+00:00', '--job-id', '251', '--raw', '--subdir', 'DAGS_FOLDER/BigTechCompanyCount.py', '--cfg-path', '/tmp/tmpi4yo211_', '--error-file', '/tmp/tmp4nx4662k']
[2023-09-11 08:17:31,434] {standard_task_runner.py:80} INFO - Job 251: Subtask fetch_pageviews
[2023-09-11 08:17:31,521] {task_command.py:371} INFO - Running <TaskInstance: BigTechCompanyCount.fetch_pageviews scheduled__2023-09-10T14:00:00+00:00 [running]> on host b18943745c0d
[2023-09-11 08:17:31,622] {taskinstance.py:1591} INFO - Exporting the following env vars:
AIRFLOW_CTX_DAG_OWNER=***
AIRFLOW_CTX_DAG_ID=BigTechCompanyCount
AIRFLOW_CTX_TASK_ID=fetch_pageviews
AIRFLOW_CTX_EXECUTION_DATE=2023-09-10T14:00:00+00:00
AIRFLOW_CTX_TRY_NUMBER=1
AIRFLOW_CTX_DAG_RUN_ID=scheduled__2023-09-10T14:00:00+00:00
[2023-09-11 08:17:36,049] {logging_mixin.py:115} INFO - {'Amazon': '15', 'Facebook': '901', 'Microsoft': '198', 'Apple': '47', 'Google': '674'}
[2023-09-11 08:17:36,050] {python.py:173} INFO - Done. Returned value was: None
[2023-09-11 08:17:36,066] {taskinstance.py:1420} INFO - Marking task as SUCCESS. dag_id=BigTechCompanyCount, task_id=fetch_pageviews, execution_date=20230910T140000, start_date=20230911T081731, end_date=20230911T081736
[2023-09-11 08:17:36,509] {local_task_job.py:156} INFO - Task exited with return code 0
[2023-09-11 08:17:36,549] {local_task_job.py:273} INFO - 0 downstream tasks scheduled from follow-on schedule check
