[2023-09-11 16:26:24,623] {taskinstance.py:1179} INFO - Dependencies all met for <TaskInstance: INSERT_TO_PostgreOperator.extract_gz scheduled__2023-09-10T12:00:00+00:00 [queued]>
[2023-09-11 16:26:24,633] {taskinstance.py:1179} INFO - Dependencies all met for <TaskInstance: INSERT_TO_PostgreOperator.extract_gz scheduled__2023-09-10T12:00:00+00:00 [queued]>
[2023-09-11 16:26:24,633] {taskinstance.py:1376} INFO - 
--------------------------------------------------------------------------------
[2023-09-11 16:26:24,633] {taskinstance.py:1377} INFO - Starting attempt 1 of 1
[2023-09-11 16:26:24,633] {taskinstance.py:1378} INFO - 
--------------------------------------------------------------------------------
[2023-09-11 16:26:24,650] {taskinstance.py:1397} INFO - Executing <Task(BashOperator): extract_gz> on 2023-09-10 12:00:00+00:00
[2023-09-11 16:26:24,655] {standard_task_runner.py:52} INFO - Started process 14310 to run task
[2023-09-11 16:26:24,658] {standard_task_runner.py:79} INFO - Running: ['***', 'tasks', 'run', 'INSERT_TO_PostgreOperator', 'extract_gz', 'scheduled__2023-09-10T12:00:00+00:00', '--job-id', '697', '--raw', '--subdir', 'DAGS_FOLDER/INSERT_TO_PostgreOperator.py', '--cfg-path', '/tmp/tmpsp3mn9ol', '--error-file', '/tmp/tmpyw7qjevm']
[2023-09-11 16:26:24,658] {standard_task_runner.py:80} INFO - Job 697: Subtask extract_gz
[2023-09-11 16:26:24,720] {task_command.py:371} INFO - Running <TaskInstance: INSERT_TO_PostgreOperator.extract_gz scheduled__2023-09-10T12:00:00+00:00 [running]> on host b18943745c0d
[2023-09-11 16:26:24,787] {taskinstance.py:1591} INFO - Exporting the following env vars:
AIRFLOW_CTX_DAG_OWNER=***
AIRFLOW_CTX_DAG_ID=INSERT_TO_PostgreOperator
AIRFLOW_CTX_TASK_ID=extract_gz
AIRFLOW_CTX_EXECUTION_DATE=2023-09-10T12:00:00+00:00
AIRFLOW_CTX_TRY_NUMBER=1
AIRFLOW_CTX_DAG_RUN_ID=scheduled__2023-09-10T12:00:00+00:00
[2023-09-11 16:26:24,788] {subprocess.py:62} INFO - Tmp dir root location: 
 /tmp
[2023-09-11 16:26:24,788] {subprocess.py:74} INFO - Running command: ['bash', '-c', 'gunzip --force /tmp/wikipageviews.gz']
[2023-09-11 16:26:24,799] {subprocess.py:85} INFO - Output:
[2023-09-11 16:26:26,168] {subprocess.py:96} INFO - Command exited with return code 0
[2023-09-11 16:26:26,200] {taskinstance.py:1420} INFO - Marking task as SUCCESS. dag_id=INSERT_TO_PostgreOperator, task_id=extract_gz, execution_date=20230910T120000, start_date=20230911T162624, end_date=20230911T162626
[2023-09-11 16:26:26,238] {local_task_job.py:156} INFO - Task exited with return code 0
[2023-09-11 16:26:26,277] {local_task_job.py:273} INFO - 1 downstream tasks scheduled from follow-on schedule check
