[2023-09-09 15:34:35,293] {taskinstance.py:1179} INFO - Dependencies all met for <TaskInstance: download_rocket_launches.notify manual__2023-09-09T15:34:06.960677+00:00 [queued]>
[2023-09-09 15:34:35,306] {taskinstance.py:1179} INFO - Dependencies all met for <TaskInstance: download_rocket_launches.notify manual__2023-09-09T15:34:06.960677+00:00 [queued]>
[2023-09-09 15:34:35,306] {taskinstance.py:1376} INFO - 
--------------------------------------------------------------------------------
[2023-09-09 15:34:35,306] {taskinstance.py:1377} INFO - Starting attempt 1 of 1
[2023-09-09 15:34:35,306] {taskinstance.py:1378} INFO - 
--------------------------------------------------------------------------------
[2023-09-09 15:34:35,325] {taskinstance.py:1397} INFO - Executing <Task(BashOperator): notify> on 2023-09-09 15:34:06.960677+00:00
[2023-09-09 15:34:35,330] {standard_task_runner.py:52} INFO - Started process 19530 to run task
[2023-09-09 15:34:35,333] {standard_task_runner.py:79} INFO - Running: ['***', 'tasks', 'run', 'download_rocket_launches', 'notify', 'manual__2023-09-09T15:34:06.960677+00:00', '--job-id', '107', '--raw', '--subdir', 'DAGS_FOLDER/download_rocket_launches.py', '--cfg-path', '/tmp/tmp2pilorjf', '--error-file', '/tmp/tmp0twdvird']
[2023-09-09 15:34:35,333] {standard_task_runner.py:80} INFO - Job 107: Subtask notify
[2023-09-09 15:34:35,393] {task_command.py:371} INFO - Running <TaskInstance: download_rocket_launches.notify manual__2023-09-09T15:34:06.960677+00:00 [running]> on host b18943745c0d
[2023-09-09 15:34:35,464] {taskinstance.py:1591} INFO - Exporting the following env vars:
AIRFLOW_CTX_DAG_OWNER=***
AIRFLOW_CTX_DAG_ID=download_rocket_launches
AIRFLOW_CTX_TASK_ID=notify
AIRFLOW_CTX_EXECUTION_DATE=2023-09-09T15:34:06.960677+00:00
AIRFLOW_CTX_TRY_NUMBER=1
AIRFLOW_CTX_DAG_RUN_ID=manual__2023-09-09T15:34:06.960677+00:00
[2023-09-09 15:34:35,465] {subprocess.py:62} INFO - Tmp dir root location: 
 /tmp
[2023-09-09 15:34:35,466] {subprocess.py:74} INFO - Running command: ['bash', '-c', 'echo "There are now $(ls /tmp/images/ | wc -l) images."']
[2023-09-09 15:34:35,476] {subprocess.py:85} INFO - Output:
[2023-09-09 15:34:35,480] {subprocess.py:92} INFO - There are now 11 images.
[2023-09-09 15:34:35,481] {subprocess.py:96} INFO - Command exited with return code 0
[2023-09-09 15:34:35,515] {taskinstance.py:1420} INFO - Marking task as SUCCESS. dag_id=download_rocket_launches, task_id=notify, execution_date=20230909T153406, start_date=20230909T153435, end_date=20230909T153435
[2023-09-09 15:34:35,546] {local_task_job.py:156} INFO - Task exited with return code 0
[2023-09-09 15:34:35,575] {local_task_job.py:273} INFO - 0 downstream tasks scheduled from follow-on schedule check
