[2023-09-11 16:01:23,564] {taskinstance.py:1179} INFO - Dependencies all met for <TaskInstance: Examine_Templet_Value.get_data manual__2023-09-11T16:01:22.635962+00:00 [queued]>
[2023-09-11 16:01:23,575] {taskinstance.py:1179} INFO - Dependencies all met for <TaskInstance: Examine_Templet_Value.get_data manual__2023-09-11T16:01:22.635962+00:00 [queued]>
[2023-09-11 16:01:23,575] {taskinstance.py:1376} INFO - 
--------------------------------------------------------------------------------
[2023-09-11 16:01:23,575] {taskinstance.py:1377} INFO - Starting attempt 1 of 1
[2023-09-11 16:01:23,575] {taskinstance.py:1378} INFO - 
--------------------------------------------------------------------------------
[2023-09-11 16:01:23,592] {taskinstance.py:1397} INFO - Executing <Task(PythonOperator): get_data> on 2023-09-11 16:01:22.635962+00:00
[2023-09-11 16:01:23,598] {standard_task_runner.py:52} INFO - Started process 13023 to run task
[2023-09-11 16:01:23,601] {standard_task_runner.py:79} INFO - Running: ['***', 'tasks', 'run', 'Examine_Templet_Value', 'get_data', 'manual__2023-09-11T16:01:22.635962+00:00', '--job-id', '649', '--raw', '--subdir', 'DAGS_FOLDER/Examine_Templet_Value.py', '--cfg-path', '/tmp/tmpcq0lh32q', '--error-file', '/tmp/tmpa1udpzl2']
[2023-09-11 16:01:23,602] {standard_task_runner.py:80} INFO - Job 649: Subtask get_data
[2023-09-11 16:01:23,671] {task_command.py:371} INFO - Running <TaskInstance: Examine_Templet_Value.get_data manual__2023-09-11T16:01:22.635962+00:00 [running]> on host b18943745c0d
[2023-09-11 16:01:23,748] {taskinstance.py:1591} INFO - Exporting the following env vars:
AIRFLOW_CTX_DAG_OWNER=***
AIRFLOW_CTX_DAG_ID=Examine_Templet_Value
AIRFLOW_CTX_TASK_ID=get_data
AIRFLOW_CTX_EXECUTION_DATE=2023-09-11T16:01:22.635962+00:00
AIRFLOW_CTX_TRY_NUMBER=1
AIRFLOW_CTX_DAG_RUN_ID=manual__2023-09-11T16:01:22.635962+00:00
[2023-09-11 16:01:23,749] {logging_mixin.py:115} INFO - 현재 전달된 url은 https://dumps.wikimedia.org/other/pageviews/2023/2023-09/pageviews-20230911-150000.gz 이다.
[2023-09-11 16:01:23,749] {python.py:173} INFO - Done. Returned value was: None
[2023-09-11 16:01:23,762] {taskinstance.py:1420} INFO - Marking task as SUCCESS. dag_id=Examine_Templet_Value, task_id=get_data, execution_date=20230911T160122, start_date=20230911T160123, end_date=20230911T160123
[2023-09-11 16:01:23,814] {local_task_job.py:156} INFO - Task exited with return code 0
[2023-09-11 16:01:23,846] {local_task_job.py:273} INFO - 0 downstream tasks scheduled from follow-on schedule check
