[2023-09-09 15:34:20,415] {taskinstance.py:1179} INFO - Dependencies all met for <TaskInstance: download_rocket_launches.notify scheduled__2023-08-29T00:00:00+00:00 [queued]>
[2023-09-09 15:34:20,427] {taskinstance.py:1179} INFO - Dependencies all met for <TaskInstance: download_rocket_launches.notify scheduled__2023-08-29T00:00:00+00:00 [queued]>
[2023-09-09 15:34:20,427] {taskinstance.py:1376} INFO - 
--------------------------------------------------------------------------------
[2023-09-09 15:34:20,427] {taskinstance.py:1377} INFO - Starting attempt 2 of 2
[2023-09-09 15:34:20,427] {taskinstance.py:1378} INFO - 
--------------------------------------------------------------------------------
[2023-09-09 15:34:20,447] {taskinstance.py:1397} INFO - Executing <Task(BashOperator): notify> on 2023-08-29 00:00:00+00:00
[2023-09-09 15:34:20,453] {standard_task_runner.py:52} INFO - Started process 19505 to run task
[2023-09-09 15:34:20,459] {standard_task_runner.py:79} INFO - Running: ['***', 'tasks', 'run', 'download_rocket_launches', 'notify', 'scheduled__2023-08-29T00:00:00+00:00', '--job-id', '106', '--raw', '--subdir', 'DAGS_FOLDER/download_rocket_launches.py', '--cfg-path', '/tmp/tmpyd62qoie', '--error-file', '/tmp/tmpaeushk1h']
[2023-09-09 15:34:20,460] {standard_task_runner.py:80} INFO - Job 106: Subtask notify
[2023-09-09 15:34:20,583] {task_command.py:371} INFO - Running <TaskInstance: download_rocket_launches.notify scheduled__2023-08-29T00:00:00+00:00 [running]> on host b18943745c0d
[2023-09-09 15:34:20,673] {taskinstance.py:1591} INFO - Exporting the following env vars:
AIRFLOW_CTX_DAG_OWNER=***
AIRFLOW_CTX_DAG_ID=download_rocket_launches
AIRFLOW_CTX_TASK_ID=notify
AIRFLOW_CTX_EXECUTION_DATE=2023-08-29T00:00:00+00:00
AIRFLOW_CTX_TRY_NUMBER=2
AIRFLOW_CTX_DAG_RUN_ID=scheduled__2023-08-29T00:00:00+00:00
[2023-09-09 15:34:20,674] {subprocess.py:62} INFO - Tmp dir root location: 
 /tmp
[2023-09-09 15:34:20,675] {subprocess.py:74} INFO - Running command: ['bash', '-c', 'echo "There are now $(ls /tmp/images/ | wc -l) images."']
[2023-09-09 15:34:20,687] {subprocess.py:85} INFO - Output:
[2023-09-09 15:34:20,694] {subprocess.py:92} INFO - There are now 11 images.
[2023-09-09 15:34:20,694] {subprocess.py:96} INFO - Command exited with return code 0
[2023-09-09 15:34:20,737] {taskinstance.py:1420} INFO - Marking task as SUCCESS. dag_id=download_rocket_launches, task_id=notify, execution_date=20230829T000000, start_date=20230909T153420, end_date=20230909T153420
[2023-09-09 15:34:20,790] {local_task_job.py:156} INFO - Task exited with return code 0
[2023-09-09 15:34:20,825] {local_task_job.py:273} INFO - 0 downstream tasks scheduled from follow-on schedule check
