[2023-09-11 08:10:45,273] {taskinstance.py:1179} INFO - Dependencies all met for <TaskInstance: BigTechCompanyCount.fetch_pageviews scheduled__2023-09-10T00:00:00+00:00 [queued]>
[2023-09-11 08:10:45,310] {taskinstance.py:1179} INFO - Dependencies all met for <TaskInstance: BigTechCompanyCount.fetch_pageviews scheduled__2023-09-10T00:00:00+00:00 [queued]>
[2023-09-11 08:10:45,311] {taskinstance.py:1376} INFO - 
--------------------------------------------------------------------------------
[2023-09-11 08:10:45,311] {taskinstance.py:1377} INFO - Starting attempt 1 of 1
[2023-09-11 08:10:45,311] {taskinstance.py:1378} INFO - 
--------------------------------------------------------------------------------
[2023-09-11 08:10:45,359] {taskinstance.py:1397} INFO - Executing <Task(PythonOperator): fetch_pageviews> on 2023-09-10 00:00:00+00:00
[2023-09-11 08:10:45,369] {standard_task_runner.py:52} INFO - Started process 105 to run task
[2023-09-11 08:10:45,379] {standard_task_runner.py:79} INFO - Running: ['***', 'tasks', 'run', 'BigTechCompanyCount', 'fetch_pageviews', 'scheduled__2023-09-10T00:00:00+00:00', '--job-id', '208', '--raw', '--subdir', 'DAGS_FOLDER/BigTechCompanyCount.py', '--cfg-path', '/tmp/tmpkbsxrv3h', '--error-file', '/tmp/tmp9r5or2qv']
[2023-09-11 08:10:45,390] {standard_task_runner.py:80} INFO - Job 208: Subtask fetch_pageviews
[2023-09-11 08:10:45,567] {task_command.py:371} INFO - Running <TaskInstance: BigTechCompanyCount.fetch_pageviews scheduled__2023-09-10T00:00:00+00:00 [running]> on host b18943745c0d
[2023-09-11 08:10:45,770] {taskinstance.py:1591} INFO - Exporting the following env vars:
AIRFLOW_CTX_DAG_OWNER=***
AIRFLOW_CTX_DAG_ID=BigTechCompanyCount
AIRFLOW_CTX_TASK_ID=fetch_pageviews
AIRFLOW_CTX_EXECUTION_DATE=2023-09-10T00:00:00+00:00
AIRFLOW_CTX_TRY_NUMBER=1
AIRFLOW_CTX_DAG_RUN_ID=scheduled__2023-09-10T00:00:00+00:00
[2023-09-11 08:10:52,690] {logging_mixin.py:115} INFO - {'Amazon': '17', 'Facebook': '322', 'Microsoft': '111', 'Apple': '26', 'Google': '320'}
[2023-09-11 08:10:52,691] {python.py:173} INFO - Done. Returned value was: None
[2023-09-11 08:10:52,725] {taskinstance.py:1420} INFO - Marking task as SUCCESS. dag_id=BigTechCompanyCount, task_id=fetch_pageviews, execution_date=20230910T000000, start_date=20230911T081045, end_date=20230911T081052
[2023-09-11 08:10:52,777] {local_task_job.py:156} INFO - Task exited with return code 0
[2023-09-11 08:10:52,837] {local_task_job.py:273} INFO - 0 downstream tasks scheduled from follow-on schedule check
