[2023-09-12 01:00:01,115] {taskinstance.py:1179} INFO - Dependencies all met for <TaskInstance: Examine_Templet_Value.get_data scheduled__2023-09-12T00:00:00+00:00 [queued]>
[2023-09-12 01:00:01,131] {taskinstance.py:1179} INFO - Dependencies all met for <TaskInstance: Examine_Templet_Value.get_data scheduled__2023-09-12T00:00:00+00:00 [queued]>
[2023-09-12 01:00:01,131] {taskinstance.py:1376} INFO - 
--------------------------------------------------------------------------------
[2023-09-12 01:00:01,131] {taskinstance.py:1377} INFO - Starting attempt 1 of 1
[2023-09-12 01:00:01,131] {taskinstance.py:1378} INFO - 
--------------------------------------------------------------------------------
[2023-09-12 01:00:01,152] {taskinstance.py:1397} INFO - Executing <Task(PythonOperator): get_data> on 2023-09-12 00:00:00+00:00
[2023-09-12 01:00:01,157] {standard_task_runner.py:52} INFO - Started process 24206 to run task
[2023-09-12 01:00:01,160] {standard_task_runner.py:79} INFO - Running: ['***', 'tasks', 'run', 'Examine_Templet_Value', 'get_data', 'scheduled__2023-09-12T00:00:00+00:00', '--job-id', '923', '--raw', '--subdir', 'DAGS_FOLDER/Examine_Templet_Value.py', '--cfg-path', '/tmp/tmponxd_8dx', '--error-file', '/tmp/tmp5j544zl4']
[2023-09-12 01:00:01,161] {standard_task_runner.py:80} INFO - Job 923: Subtask get_data
[2023-09-12 01:00:01,235] {task_command.py:371} INFO - Running <TaskInstance: Examine_Templet_Value.get_data scheduled__2023-09-12T00:00:00+00:00 [running]> on host b18943745c0d
[2023-09-12 01:00:01,282] {warnings.py:110} WARNING - /home/***/.local/lib/python3.7/site-packages/***/utils/context.py:202: AirflowContextDeprecationWarning: Accessing 'execution_date' from the template is deprecated and will be removed in a future version. Please use 'data_interval_start' or 'logical_date' instead.
  warnings.warn(_create_deprecation_warning(key, self._deprecation_replacements[key]))

[2023-09-12 01:00:01,335] {taskinstance.py:1591} INFO - Exporting the following env vars:
AIRFLOW_CTX_DAG_OWNER=***
AIRFLOW_CTX_DAG_ID=Examine_Templet_Value
AIRFLOW_CTX_TASK_ID=get_data
AIRFLOW_CTX_EXECUTION_DATE=2023-09-12T00:00:00+00:00
AIRFLOW_CTX_TRY_NUMBER=1
AIRFLOW_CTX_DAG_RUN_ID=scheduled__2023-09-12T00:00:00+00:00
[2023-09-12 01:00:01,336] {logging_mixin.py:115} INFO - 현재 전달된 url은 https://dumps.wikimedia.org/other/pageviews/2022/2022-09/pageviews-20220912-000000.gz 이다.
[2023-09-12 01:00:25,076] {python.py:173} INFO - Done. Returned value was: None
[2023-09-12 01:00:25,091] {taskinstance.py:1420} INFO - Marking task as SUCCESS. dag_id=Examine_Templet_Value, task_id=get_data, execution_date=20230912T000000, start_date=20230912T010001, end_date=20230912T010025
[2023-09-12 01:00:25,136] {local_task_job.py:156} INFO - Task exited with return code 0
[2023-09-12 01:00:25,166] {local_task_job.py:273} INFO - 0 downstream tasks scheduled from follow-on schedule check
