[2023-09-09 12:02:55,234] {taskinstance.py:1179} INFO - Dependencies all met for <TaskInstance: download_rocket_launches.download_launchesAPI_using_bashcommand scheduled__2023-09-07T00:00:00+00:00 [queued]>
[2023-09-09 12:02:55,257] {taskinstance.py:1179} INFO - Dependencies all met for <TaskInstance: download_rocket_launches.download_launchesAPI_using_bashcommand scheduled__2023-09-07T00:00:00+00:00 [queued]>
[2023-09-09 12:02:55,257] {taskinstance.py:1376} INFO - 
--------------------------------------------------------------------------------
[2023-09-09 12:02:55,258] {taskinstance.py:1377} INFO - Starting attempt 1 of 1
[2023-09-09 12:02:55,258] {taskinstance.py:1378} INFO - 
--------------------------------------------------------------------------------
[2023-09-09 12:02:55,285] {taskinstance.py:1397} INFO - Executing <Task(BashOperator): download_launchesAPI_using_bashcommand> on 2023-09-07 00:00:00+00:00
[2023-09-09 12:02:55,289] {standard_task_runner.py:52} INFO - Started process 9168 to run task
[2023-09-09 12:02:55,294] {standard_task_runner.py:79} INFO - Running: ['***', 'tasks', 'run', 'download_rocket_launches', 'download_launchesAPI_using_bashcommand', 'scheduled__2023-09-07T00:00:00+00:00', '--job-id', '26', '--raw', '--subdir', 'DAGS_FOLDER/download_rocket_launches.py', '--cfg-path', '/tmp/tmp4snwpfu1', '--error-file', '/tmp/tmp9evx2nl_']
[2023-09-09 12:02:55,295] {standard_task_runner.py:80} INFO - Job 26: Subtask download_launchesAPI_using_bashcommand
[2023-09-09 12:02:55,386] {task_command.py:371} INFO - Running <TaskInstance: download_rocket_launches.download_launchesAPI_using_bashcommand scheduled__2023-09-07T00:00:00+00:00 [running]> on host b18943745c0d
[2023-09-09 12:02:55,570] {taskinstance.py:1591} INFO - Exporting the following env vars:
AIRFLOW_CTX_DAG_OWNER=***
AIRFLOW_CTX_DAG_ID=download_rocket_launches
AIRFLOW_CTX_TASK_ID=download_launchesAPI_using_bashcommand
AIRFLOW_CTX_EXECUTION_DATE=2023-09-07T00:00:00+00:00
AIRFLOW_CTX_TRY_NUMBER=1
AIRFLOW_CTX_DAG_RUN_ID=scheduled__2023-09-07T00:00:00+00:00
[2023-09-09 12:02:55,574] {subprocess.py:62} INFO - Tmp dir root location: 
 /tmp
[2023-09-09 12:02:55,576] {subprocess.py:74} INFO - Running command: ['bash', '-c', "curl -o /tmp/launches.json -L 'https://ll.thespacedevs.com/2.0.0/launch/upcoming'"]
[2023-09-09 12:02:55,665] {subprocess.py:85} INFO - Output:
[2023-09-09 12:02:55,689] {subprocess.py:92} INFO -   % Total    % Received % Xferd  Average Speed   Time    Time     Time  Current
[2023-09-09 12:02:55,690] {subprocess.py:92} INFO -                                  Dload  Upload   Total   Spent    Left  Speed
[2023-09-09 12:02:56,521] {subprocess.py:92} INFO -   0     0    0     0    0     0      0      0 --:--:-- --:--:-- --:--:--     0  0     0    0     0    0     0      0      0 --:--:-- --:--:-- --:--:--     0
[2023-09-09 12:02:56,999] {subprocess.py:92} INFO -  16 24569   16  4098    0     0   3569      0  0:00:06  0:00:01  0:00:05  3569100 24569  100 24569    0     0  18712      0  0:00:01  0:00:01 --:--:--  121k
[2023-09-09 12:02:57,003] {subprocess.py:96} INFO - Command exited with return code 0
[2023-09-09 12:02:57,051] {taskinstance.py:1420} INFO - Marking task as SUCCESS. dag_id=download_rocket_launches, task_id=download_launchesAPI_using_bashcommand, execution_date=20230907T000000, start_date=20230909T120255, end_date=20230909T120257
[2023-09-09 12:02:57,094] {local_task_job.py:156} INFO - Task exited with return code 0
[2023-09-09 12:02:57,278] {local_task_job.py:273} INFO - 0 downstream tasks scheduled from follow-on schedule check
