[2023-09-09 15:33:54,490] {taskinstance.py:1179} INFO - Dependencies all met for <TaskInstance: download_rocket_launches.download_launchesAPI_using_bashcommand scheduled__2023-09-07T00:00:00+00:00 [queued]>
[2023-09-09 15:33:54,586] {taskinstance.py:1179} INFO - Dependencies all met for <TaskInstance: download_rocket_launches.download_launchesAPI_using_bashcommand scheduled__2023-09-07T00:00:00+00:00 [queued]>
[2023-09-09 15:33:54,586] {taskinstance.py:1376} INFO - 
--------------------------------------------------------------------------------
[2023-09-09 15:33:54,586] {taskinstance.py:1377} INFO - Starting attempt 2 of 2
[2023-09-09 15:33:54,586] {taskinstance.py:1378} INFO - 
--------------------------------------------------------------------------------
[2023-09-09 15:33:54,689] {taskinstance.py:1397} INFO - Executing <Task(BashOperator): download_launchesAPI_using_bashcommand> on 2023-09-07 00:00:00+00:00
[2023-09-09 15:33:54,734] {standard_task_runner.py:52} INFO - Started process 19321 to run task
[2023-09-09 15:33:54,849] {standard_task_runner.py:79} INFO - Running: ['***', 'tasks', 'run', 'download_rocket_launches', 'download_launchesAPI_using_bashcommand', 'scheduled__2023-09-07T00:00:00+00:00', '--job-id', '61', '--raw', '--subdir', 'DAGS_FOLDER/download_rocket_launches.py', '--cfg-path', '/tmp/tmpuzi29h0e', '--error-file', '/tmp/tmpd6x71_o3']
[2023-09-09 15:33:54,851] {standard_task_runner.py:80} INFO - Job 61: Subtask download_launchesAPI_using_bashcommand
[2023-09-09 15:33:55,750] {task_command.py:371} INFO - Running <TaskInstance: download_rocket_launches.download_launchesAPI_using_bashcommand scheduled__2023-09-07T00:00:00+00:00 [running]> on host b18943745c0d
[2023-09-09 15:33:56,935] {taskinstance.py:1591} INFO - Exporting the following env vars:
AIRFLOW_CTX_DAG_OWNER=***
AIRFLOW_CTX_DAG_ID=download_rocket_launches
AIRFLOW_CTX_TASK_ID=download_launchesAPI_using_bashcommand
AIRFLOW_CTX_EXECUTION_DATE=2023-09-07T00:00:00+00:00
AIRFLOW_CTX_TRY_NUMBER=2
AIRFLOW_CTX_DAG_RUN_ID=scheduled__2023-09-07T00:00:00+00:00
[2023-09-09 15:33:56,949] {subprocess.py:62} INFO - Tmp dir root location: 
 /tmp
[2023-09-09 15:33:56,960] {subprocess.py:74} INFO - Running command: ['bash', '-c', "curl -o /tmp/launches.json -L 'https://ll.thespacedevs.com/2.0.0/launch/upcoming'"]
[2023-09-09 15:33:56,992] {subprocess.py:85} INFO - Output:
[2023-09-09 15:33:57,013] {subprocess.py:92} INFO -   % Total    % Received % Xferd  Average Speed   Time    Time     Time  Current
[2023-09-09 15:33:57,015] {subprocess.py:92} INFO -                                  Dload  Upload   Total   Spent    Left  Speed
[2023-09-09 15:33:57,740] {subprocess.py:92} INFO -   0     0    0     0    0     0      0      0 --:--:-- --:--:-- --:--:--     0  0     0    0     0    0     0      0      0 --:--:-- --:--:-- --:--:--     0  0     0    0     0    0     0      0      0 --:--:-- --:--:-- --:--:--     0
[2023-09-09 15:33:58,186] {subprocess.py:92} INFO - 100 24568  100 24568    0     0  21034      0  0:00:01  0:00:01 --:--:-- 21034
[2023-09-09 15:33:58,188] {subprocess.py:96} INFO - Command exited with return code 0
[2023-09-09 15:33:58,468] {taskinstance.py:1420} INFO - Marking task as SUCCESS. dag_id=download_rocket_launches, task_id=download_launchesAPI_using_bashcommand, execution_date=20230907T000000, start_date=20230909T153354, end_date=20230909T153358
[2023-09-09 15:33:58,570] {local_task_job.py:156} INFO - Task exited with return code 0
[2023-09-09 15:33:58,917] {local_task_job.py:273} INFO - 1 downstream tasks scheduled from follow-on schedule check
