[2023-09-09 15:58:39,594] {taskinstance.py:1179} INFO - Dependencies all met for <TaskInstance: download_rocket_launches.download_launchesAPI_using_bashcommand manual__2023-09-09T15:58:38.693559+00:00 [queued]>
[2023-09-09 15:58:39,604] {taskinstance.py:1179} INFO - Dependencies all met for <TaskInstance: download_rocket_launches.download_launchesAPI_using_bashcommand manual__2023-09-09T15:58:38.693559+00:00 [queued]>
[2023-09-09 15:58:39,604] {taskinstance.py:1376} INFO - 
--------------------------------------------------------------------------------
[2023-09-09 15:58:39,605] {taskinstance.py:1377} INFO - Starting attempt 1 of 1
[2023-09-09 15:58:39,605] {taskinstance.py:1378} INFO - 
--------------------------------------------------------------------------------
[2023-09-09 15:58:39,619] {taskinstance.py:1397} INFO - Executing <Task(BashOperator): download_launchesAPI_using_bashcommand> on 2023-09-09 15:58:38.693559+00:00
[2023-09-09 15:58:39,622] {standard_task_runner.py:52} INFO - Started process 20711 to run task
[2023-09-09 15:58:39,625] {standard_task_runner.py:79} INFO - Running: ['***', 'tasks', 'run', 'download_rocket_launches', 'download_launchesAPI_using_bashcommand', 'manual__2023-09-09T15:58:38.693559+00:00', '--job-id', '119', '--raw', '--subdir', 'DAGS_FOLDER/download_rocket_launches.py', '--cfg-path', '/tmp/tmp408nv0pt', '--error-file', '/tmp/tmpqxj1h74i']
[2023-09-09 15:58:39,625] {standard_task_runner.py:80} INFO - Job 119: Subtask download_launchesAPI_using_bashcommand
[2023-09-09 15:58:39,689] {task_command.py:371} INFO - Running <TaskInstance: download_rocket_launches.download_launchesAPI_using_bashcommand manual__2023-09-09T15:58:38.693559+00:00 [running]> on host b18943745c0d
[2023-09-09 15:58:39,759] {taskinstance.py:1591} INFO - Exporting the following env vars:
AIRFLOW_CTX_DAG_OWNER=***
AIRFLOW_CTX_DAG_ID=download_rocket_launches
AIRFLOW_CTX_TASK_ID=download_launchesAPI_using_bashcommand
AIRFLOW_CTX_EXECUTION_DATE=2023-09-09T15:58:38.693559+00:00
AIRFLOW_CTX_TRY_NUMBER=1
AIRFLOW_CTX_DAG_RUN_ID=manual__2023-09-09T15:58:38.693559+00:00
[2023-09-09 15:58:39,760] {subprocess.py:62} INFO - Tmp dir root location: 
 /tmp
[2023-09-09 15:58:39,761] {subprocess.py:74} INFO - Running command: ['bash', '-c', "curl -o /tmp/launches.json -L 'https://ll.thespacedevs.com/2.0.0/launch/upcoming'"]
[2023-09-09 15:58:39,768] {subprocess.py:85} INFO - Output:
[2023-09-09 15:58:39,775] {subprocess.py:92} INFO -   % Total    % Received % Xferd  Average Speed   Time    Time     Time  Current
[2023-09-09 15:58:39,775] {subprocess.py:92} INFO -                                  Dload  Upload   Total   Spent    Left  Speed
[2023-09-09 15:58:40,429] {subprocess.py:92} INFO -   0     0    0     0    0     0      0      0 --:--:-- --:--:-- --:--:--     0  0     0    0     0    0     0      0      0 --:--:-- --:--:-- --:--:--     0  0     0    0     0    0     0      0      0 --:--:-- --:--:-- --:--:--     0
[2023-09-09 15:58:40,810] {subprocess.py:92} INFO - 100 24568  100 24568    0     0  23760      0  0:00:01  0:00:01 --:--:-- 23760
[2023-09-09 15:58:40,812] {subprocess.py:96} INFO - Command exited with return code 0
[2023-09-09 15:58:40,840] {taskinstance.py:1420} INFO - Marking task as SUCCESS. dag_id=download_rocket_launches, task_id=download_launchesAPI_using_bashcommand, execution_date=20230909T155838, start_date=20230909T155839, end_date=20230909T155840
[2023-09-09 15:58:40,882] {local_task_job.py:156} INFO - Task exited with return code 0
[2023-09-09 15:58:40,929] {local_task_job.py:273} INFO - 1 downstream tasks scheduled from follow-on schedule check
