[2023-09-11 08:24:41,041] {taskinstance.py:1179} INFO - Dependencies all met for <TaskInstance: BigTechCompanyCount.fetch_pageviews scheduled__2023-09-11T04:00:00+00:00 [queued]>
[2023-09-11 08:24:41,067] {taskinstance.py:1179} INFO - Dependencies all met for <TaskInstance: BigTechCompanyCount.fetch_pageviews scheduled__2023-09-11T04:00:00+00:00 [queued]>
[2023-09-11 08:24:41,068] {taskinstance.py:1376} INFO - 
--------------------------------------------------------------------------------
[2023-09-11 08:24:41,068] {taskinstance.py:1377} INFO - Starting attempt 1 of 1
[2023-09-11 08:24:41,068] {taskinstance.py:1378} INFO - 
--------------------------------------------------------------------------------
[2023-09-11 08:24:41,112] {taskinstance.py:1397} INFO - Executing <Task(PythonOperator): fetch_pageviews> on 2023-09-11 04:00:00+00:00
[2023-09-11 08:24:41,124] {standard_task_runner.py:52} INFO - Started process 886 to run task
[2023-09-11 08:24:41,136] {standard_task_runner.py:79} INFO - Running: ['***', 'tasks', 'run', 'BigTechCompanyCount', 'fetch_pageviews', 'scheduled__2023-09-11T04:00:00+00:00', '--job-id', '293', '--raw', '--subdir', 'DAGS_FOLDER/BigTechCompanyCount.py', '--cfg-path', '/tmp/tmp0lzs1xu7', '--error-file', '/tmp/tmpxdbjtk9c']
[2023-09-11 08:24:41,137] {standard_task_runner.py:80} INFO - Job 293: Subtask fetch_pageviews
[2023-09-11 08:24:41,253] {task_command.py:371} INFO - Running <TaskInstance: BigTechCompanyCount.fetch_pageviews scheduled__2023-09-11T04:00:00+00:00 [running]> on host b18943745c0d
[2023-09-11 08:24:41,403] {taskinstance.py:1591} INFO - Exporting the following env vars:
AIRFLOW_CTX_DAG_OWNER=***
AIRFLOW_CTX_DAG_ID=BigTechCompanyCount
AIRFLOW_CTX_TASK_ID=fetch_pageviews
AIRFLOW_CTX_EXECUTION_DATE=2023-09-11T04:00:00+00:00
AIRFLOW_CTX_TRY_NUMBER=1
AIRFLOW_CTX_DAG_RUN_ID=scheduled__2023-09-11T04:00:00+00:00
[2023-09-11 08:24:45,775] {logging_mixin.py:115} INFO - {'Amazon': '11', 'Facebook': '581', 'Microsoft': '183', 'Apple': '38', 'Google': '519'}
[2023-09-11 08:24:45,776] {python.py:173} INFO - Done. Returned value was: None
[2023-09-11 08:24:45,797] {taskinstance.py:1420} INFO - Marking task as SUCCESS. dag_id=BigTechCompanyCount, task_id=fetch_pageviews, execution_date=20230911T040000, start_date=20230911T082441, end_date=20230911T082445
[2023-09-11 08:24:45,855] {local_task_job.py:156} INFO - Task exited with return code 0
[2023-09-11 08:24:45,902] {local_task_job.py:273} INFO - 0 downstream tasks scheduled from follow-on schedule check
