[2023-09-11 16:00:01,243] {taskinstance.py:1179} INFO - Dependencies all met for <TaskInstance: Examine_Templet_Value.get_data scheduled__2023-09-11T15:00:00+00:00 [queued]>
[2023-09-11 16:00:01,266] {taskinstance.py:1179} INFO - Dependencies all met for <TaskInstance: Examine_Templet_Value.get_data scheduled__2023-09-11T15:00:00+00:00 [queued]>
[2023-09-11 16:00:01,266] {taskinstance.py:1376} INFO - 
--------------------------------------------------------------------------------
[2023-09-11 16:00:01,267] {taskinstance.py:1377} INFO - Starting attempt 1 of 1
[2023-09-11 16:00:01,267] {taskinstance.py:1378} INFO - 
--------------------------------------------------------------------------------
[2023-09-11 16:00:01,289] {taskinstance.py:1397} INFO - Executing <Task(PythonOperator): get_data> on 2023-09-11 15:00:00+00:00
[2023-09-11 16:00:01,297] {standard_task_runner.py:52} INFO - Started process 12956 to run task
[2023-09-11 16:00:01,301] {standard_task_runner.py:79} INFO - Running: ['***', 'tasks', 'run', 'Examine_Templet_Value', 'get_data', 'scheduled__2023-09-11T15:00:00+00:00', '--job-id', '646', '--raw', '--subdir', 'DAGS_FOLDER/Examine_Templet_Value.py', '--cfg-path', '/tmp/tmp6krx3r4g', '--error-file', '/tmp/tmp_g0bgn3f']
[2023-09-11 16:00:01,302] {standard_task_runner.py:80} INFO - Job 646: Subtask get_data
[2023-09-11 16:00:01,556] {task_command.py:371} INFO - Running <TaskInstance: Examine_Templet_Value.get_data scheduled__2023-09-11T15:00:00+00:00 [running]> on host b18943745c0d
[2023-09-11 16:00:01,727] {taskinstance.py:1591} INFO - Exporting the following env vars:
AIRFLOW_CTX_DAG_OWNER=***
AIRFLOW_CTX_DAG_ID=Examine_Templet_Value
AIRFLOW_CTX_TASK_ID=get_data
AIRFLOW_CTX_EXECUTION_DATE=2023-09-11T15:00:00+00:00
AIRFLOW_CTX_TRY_NUMBER=1
AIRFLOW_CTX_DAG_RUN_ID=scheduled__2023-09-11T15:00:00+00:00
[2023-09-11 16:00:01,730] {logging_mixin.py:115} INFO - 현재 전달된 url은 https://dumps.wikimedia.org/other/pageviews/2023/2023-09/pageviews-20230911-150000.gz 이다.
[2023-09-11 16:00:01,730] {python.py:173} INFO - Done. Returned value was: None
[2023-09-11 16:00:01,759] {taskinstance.py:1420} INFO - Marking task as SUCCESS. dag_id=Examine_Templet_Value, task_id=get_data, execution_date=20230911T150000, start_date=20230911T160001, end_date=20230911T160001
[2023-09-11 16:00:01,796] {local_task_job.py:156} INFO - Task exited with return code 0
[2023-09-11 16:00:01,844] {local_task_job.py:273} INFO - 0 downstream tasks scheduled from follow-on schedule check
