[2023-09-11 08:19:30,279] {taskinstance.py:1179} INFO - Dependencies all met for <TaskInstance: BigTechCompanyCount.fetch_pageviews scheduled__2023-09-10T18:00:00+00:00 [queued]>
[2023-09-11 08:19:30,295] {taskinstance.py:1179} INFO - Dependencies all met for <TaskInstance: BigTechCompanyCount.fetch_pageviews scheduled__2023-09-10T18:00:00+00:00 [queued]>
[2023-09-11 08:19:30,295] {taskinstance.py:1376} INFO - 
--------------------------------------------------------------------------------
[2023-09-11 08:19:30,295] {taskinstance.py:1377} INFO - Starting attempt 1 of 1
[2023-09-11 08:19:30,296] {taskinstance.py:1378} INFO - 
--------------------------------------------------------------------------------
[2023-09-11 08:19:30,316] {taskinstance.py:1397} INFO - Executing <Task(PythonOperator): fetch_pageviews> on 2023-09-10 18:00:00+00:00
[2023-09-11 08:19:30,322] {standard_task_runner.py:52} INFO - Started process 606 to run task
[2023-09-11 08:19:30,326] {standard_task_runner.py:79} INFO - Running: ['***', 'tasks', 'run', 'BigTechCompanyCount', 'fetch_pageviews', 'scheduled__2023-09-10T18:00:00+00:00', '--job-id', '263', '--raw', '--subdir', 'DAGS_FOLDER/BigTechCompanyCount.py', '--cfg-path', '/tmp/tmp15rtdi2z', '--error-file', '/tmp/tmp9_s4w85w']
[2023-09-11 08:19:30,326] {standard_task_runner.py:80} INFO - Job 263: Subtask fetch_pageviews
[2023-09-11 08:19:30,406] {task_command.py:371} INFO - Running <TaskInstance: BigTechCompanyCount.fetch_pageviews scheduled__2023-09-10T18:00:00+00:00 [running]> on host b18943745c0d
[2023-09-11 08:19:30,500] {taskinstance.py:1591} INFO - Exporting the following env vars:
AIRFLOW_CTX_DAG_OWNER=***
AIRFLOW_CTX_DAG_ID=BigTechCompanyCount
AIRFLOW_CTX_TASK_ID=fetch_pageviews
AIRFLOW_CTX_EXECUTION_DATE=2023-09-10T18:00:00+00:00
AIRFLOW_CTX_TRY_NUMBER=1
AIRFLOW_CTX_DAG_RUN_ID=scheduled__2023-09-10T18:00:00+00:00
[2023-09-11 08:19:35,048] {logging_mixin.py:115} INFO - {'Amazon': '38', 'Facebook': '719', 'Microsoft': '185', 'Apple': '62', 'Google': '652'}
[2023-09-11 08:19:35,048] {python.py:173} INFO - Done. Returned value was: None
[2023-09-11 08:19:35,063] {taskinstance.py:1420} INFO - Marking task as SUCCESS. dag_id=BigTechCompanyCount, task_id=fetch_pageviews, execution_date=20230910T180000, start_date=20230911T081930, end_date=20230911T081935
[2023-09-11 08:19:35,159] {local_task_job.py:156} INFO - Task exited with return code 0
[2023-09-11 08:19:35,241] {local_task_job.py:273} INFO - 0 downstream tasks scheduled from follow-on schedule check
