[2023-09-12 04:53:45,616] {taskinstance.py:1179} INFO - Dependencies all met for <TaskInstance: CallPostgreOperator.extract_gz scheduled__2023-09-11T02:00:00+00:00 [queued]>
[2023-09-12 04:53:45,625] {taskinstance.py:1179} INFO - Dependencies all met for <TaskInstance: CallPostgreOperator.extract_gz scheduled__2023-09-11T02:00:00+00:00 [queued]>
[2023-09-12 04:53:45,625] {taskinstance.py:1376} INFO - 
--------------------------------------------------------------------------------
[2023-09-12 04:53:45,625] {taskinstance.py:1377} INFO - Starting attempt 1 of 1
[2023-09-12 04:53:45,626] {taskinstance.py:1378} INFO - 
--------------------------------------------------------------------------------
[2023-09-12 04:53:45,638] {taskinstance.py:1397} INFO - Executing <Task(BashOperator): extract_gz> on 2023-09-11 02:00:00+00:00
[2023-09-12 04:53:45,643] {standard_task_runner.py:52} INFO - Started process 1102 to run task
[2023-09-12 04:53:45,646] {standard_task_runner.py:79} INFO - Running: ['***', 'tasks', 'run', 'CallPostgreOperator', 'extract_gz', 'scheduled__2023-09-11T02:00:00+00:00', '--job-id', '958', '--raw', '--subdir', 'DAGS_FOLDER/CallPostgreOperator.py', '--cfg-path', '/tmp/tmpdgz24fcy', '--error-file', '/tmp/tmpersjsw6e']
[2023-09-12 04:53:45,647] {standard_task_runner.py:80} INFO - Job 958: Subtask extract_gz
[2023-09-12 04:53:45,703] {task_command.py:371} INFO - Running <TaskInstance: CallPostgreOperator.extract_gz scheduled__2023-09-11T02:00:00+00:00 [running]> on host b18943745c0d
[2023-09-12 04:53:45,770] {taskinstance.py:1591} INFO - Exporting the following env vars:
AIRFLOW_CTX_DAG_OWNER=***
AIRFLOW_CTX_DAG_ID=CallPostgreOperator
AIRFLOW_CTX_TASK_ID=extract_gz
AIRFLOW_CTX_EXECUTION_DATE=2023-09-11T02:00:00+00:00
AIRFLOW_CTX_TRY_NUMBER=1
AIRFLOW_CTX_DAG_RUN_ID=scheduled__2023-09-11T02:00:00+00:00
[2023-09-12 04:53:45,771] {subprocess.py:62} INFO - Tmp dir root location: 
 /tmp
[2023-09-12 04:53:45,772] {subprocess.py:74} INFO - Running command: ['bash', '-c', 'gunzip --force /tmp/wikipageviews.gz']
[2023-09-12 04:53:45,783] {subprocess.py:85} INFO - Output:
[2023-09-12 04:53:46,668] {subprocess.py:96} INFO - Command exited with return code 0
[2023-09-12 04:53:46,698] {taskinstance.py:1420} INFO - Marking task as SUCCESS. dag_id=CallPostgreOperator, task_id=extract_gz, execution_date=20230911T020000, start_date=20230912T045345, end_date=20230912T045346
[2023-09-12 04:53:46,743] {local_task_job.py:156} INFO - Task exited with return code 0
[2023-09-12 04:53:46,787] {local_task_job.py:273} INFO - 1 downstream tasks scheduled from follow-on schedule check
