[2023-09-09 12:02:48,849] {taskinstance.py:1179} INFO - Dependencies all met for <TaskInstance: download_rocket_launches.download_launchesAPI_using_bashcommand scheduled__2023-08-27T00:00:00+00:00 [queued]>
[2023-09-09 12:02:48,903] {taskinstance.py:1179} INFO - Dependencies all met for <TaskInstance: download_rocket_launches.download_launchesAPI_using_bashcommand scheduled__2023-08-27T00:00:00+00:00 [queued]>
[2023-09-09 12:02:48,903] {taskinstance.py:1376} INFO - 
--------------------------------------------------------------------------------
[2023-09-09 12:02:48,903] {taskinstance.py:1377} INFO - Starting attempt 1 of 1
[2023-09-09 12:02:48,904] {taskinstance.py:1378} INFO - 
--------------------------------------------------------------------------------
[2023-09-09 12:02:48,971] {taskinstance.py:1397} INFO - Executing <Task(BashOperator): download_launchesAPI_using_bashcommand> on 2023-08-27 00:00:00+00:00
[2023-09-09 12:02:48,977] {standard_task_runner.py:52} INFO - Started process 9095 to run task
[2023-09-09 12:02:48,989] {standard_task_runner.py:79} INFO - Running: ['***', 'tasks', 'run', 'download_rocket_launches', 'download_launchesAPI_using_bashcommand', 'scheduled__2023-08-27T00:00:00+00:00', '--job-id', '7', '--raw', '--subdir', 'DAGS_FOLDER/download_rocket_launches.py', '--cfg-path', '/tmp/tmpxr7x3oow', '--error-file', '/tmp/tmp9wuu7zff']
[2023-09-09 12:02:48,989] {standard_task_runner.py:80} INFO - Job 7: Subtask download_launchesAPI_using_bashcommand
[2023-09-09 12:02:49,117] {task_command.py:371} INFO - Running <TaskInstance: download_rocket_launches.download_launchesAPI_using_bashcommand scheduled__2023-08-27T00:00:00+00:00 [running]> on host b18943745c0d
[2023-09-09 12:02:49,349] {taskinstance.py:1591} INFO - Exporting the following env vars:
AIRFLOW_CTX_DAG_OWNER=***
AIRFLOW_CTX_DAG_ID=download_rocket_launches
AIRFLOW_CTX_TASK_ID=download_launchesAPI_using_bashcommand
AIRFLOW_CTX_EXECUTION_DATE=2023-08-27T00:00:00+00:00
AIRFLOW_CTX_TRY_NUMBER=1
AIRFLOW_CTX_DAG_RUN_ID=scheduled__2023-08-27T00:00:00+00:00
[2023-09-09 12:02:49,352] {subprocess.py:62} INFO - Tmp dir root location: 
 /tmp
[2023-09-09 12:02:49,359] {subprocess.py:74} INFO - Running command: ['bash', '-c', "curl -o /tmp/launches.json -L 'https://ll.thespacedevs.com/2.0.0/launch/upcoming'"]
[2023-09-09 12:02:49,380] {subprocess.py:85} INFO - Output:
[2023-09-09 12:02:49,434] {subprocess.py:92} INFO -   % Total    % Received % Xferd  Average Speed   Time    Time     Time  Current
[2023-09-09 12:02:49,435] {subprocess.py:92} INFO -                                  Dload  Upload   Total   Spent    Left  Speed
[2023-09-09 12:02:51,195] {subprocess.py:92} INFO -   0     0    0     0    0     0      0      0 --:--:-- --:--:-- --:--:--     0  0     0    0     0    0     0      0      0 --:--:-- --:--:-- --:--:--     0  0     0    0     0    0     0      0      0 --:--:--  0:00:01 --:--:--     0  0     0    0     0    0     0      0      0 --:--:--  0:00:01 --:--:--     0
[2023-09-09 12:02:51,724] {subprocess.py:92} INFO - 100 24569  100 24569    0     0  10724      0  0:00:02  0:00:02 --:--:-- 10724100 24569  100 24569    0     0  10724      0  0:00:02  0:00:02 --:--:--     0
[2023-09-09 12:02:51,732] {subprocess.py:96} INFO - Command exited with return code 0
[2023-09-09 12:02:51,871] {taskinstance.py:1420} INFO - Marking task as SUCCESS. dag_id=download_rocket_launches, task_id=download_launchesAPI_using_bashcommand, execution_date=20230827T000000, start_date=20230909T120248, end_date=20230909T120251
[2023-09-09 12:02:51,925] {local_task_job.py:156} INFO - Task exited with return code 0
[2023-09-09 12:02:52,054] {local_task_job.py:273} INFO - 1 downstream tasks scheduled from follow-on schedule check
