[2023-09-09 15:34:17,401] {taskinstance.py:1179} INFO - Dependencies all met for <TaskInstance: download_rocket_launches.download_launchesAPI_using_bashcommand manual__2023-09-09T15:34:06.960677+00:00 [queued]>
[2023-09-09 15:34:17,422] {taskinstance.py:1179} INFO - Dependencies all met for <TaskInstance: download_rocket_launches.download_launchesAPI_using_bashcommand manual__2023-09-09T15:34:06.960677+00:00 [queued]>
[2023-09-09 15:34:17,422] {taskinstance.py:1376} INFO - 
--------------------------------------------------------------------------------
[2023-09-09 15:34:17,422] {taskinstance.py:1377} INFO - Starting attempt 1 of 1
[2023-09-09 15:34:17,422] {taskinstance.py:1378} INFO - 
--------------------------------------------------------------------------------
[2023-09-09 15:34:17,453] {taskinstance.py:1397} INFO - Executing <Task(BashOperator): download_launchesAPI_using_bashcommand> on 2023-09-09 15:34:06.960677+00:00
[2023-09-09 15:34:17,458] {standard_task_runner.py:52} INFO - Started process 19465 to run task
[2023-09-09 15:34:17,467] {standard_task_runner.py:79} INFO - Running: ['***', 'tasks', 'run', 'download_rocket_launches', 'download_launchesAPI_using_bashcommand', 'manual__2023-09-09T15:34:06.960677+00:00', '--job-id', '97', '--raw', '--subdir', 'DAGS_FOLDER/download_rocket_launches.py', '--cfg-path', '/tmp/tmp20p8op80', '--error-file', '/tmp/tmpr25pk_ek']
[2023-09-09 15:34:17,468] {standard_task_runner.py:80} INFO - Job 97: Subtask download_launchesAPI_using_bashcommand
[2023-09-09 15:34:17,608] {task_command.py:371} INFO - Running <TaskInstance: download_rocket_launches.download_launchesAPI_using_bashcommand manual__2023-09-09T15:34:06.960677+00:00 [running]> on host b18943745c0d
[2023-09-09 15:34:17,721] {taskinstance.py:1591} INFO - Exporting the following env vars:
AIRFLOW_CTX_DAG_OWNER=***
AIRFLOW_CTX_DAG_ID=download_rocket_launches
AIRFLOW_CTX_TASK_ID=download_launchesAPI_using_bashcommand
AIRFLOW_CTX_EXECUTION_DATE=2023-09-09T15:34:06.960677+00:00
AIRFLOW_CTX_TRY_NUMBER=1
AIRFLOW_CTX_DAG_RUN_ID=manual__2023-09-09T15:34:06.960677+00:00
[2023-09-09 15:34:17,722] {subprocess.py:62} INFO - Tmp dir root location: 
 /tmp
[2023-09-09 15:34:17,723] {subprocess.py:74} INFO - Running command: ['bash', '-c', "curl -o /tmp/launches.json -L 'https://ll.thespacedevs.com/2.0.0/launch/upcoming'"]
[2023-09-09 15:34:17,737] {subprocess.py:85} INFO - Output:
[2023-09-09 15:34:17,748] {subprocess.py:92} INFO -   % Total    % Received % Xferd  Average Speed   Time    Time     Time  Current
[2023-09-09 15:34:17,748] {subprocess.py:92} INFO -                                  Dload  Upload   Total   Spent    Left  Speed
[2023-09-09 15:34:18,419] {subprocess.py:92} INFO -   0     0    0     0    0     0      0      0 --:--:-- --:--:-- --:--:--     0  0     0    0     0    0     0      0      0 --:--:-- --:--:-- --:--:--     0  0     0    0     0    0     0      0      0 --:--:-- --:--:-- --:--:--     0
[2023-09-09 15:34:18,818] {subprocess.py:92} INFO - 100 24568  100 24568    0     0  22960      0  0:00:01  0:00:01 --:--:-- 22960
[2023-09-09 15:34:18,831] {subprocess.py:96} INFO - Command exited with return code 0
[2023-09-09 15:34:18,894] {taskinstance.py:1420} INFO - Marking task as SUCCESS. dag_id=download_rocket_launches, task_id=download_launchesAPI_using_bashcommand, execution_date=20230909T153406, start_date=20230909T153417, end_date=20230909T153418
[2023-09-09 15:34:18,939] {local_task_job.py:156} INFO - Task exited with return code 0
[2023-09-09 15:34:19,031] {local_task_job.py:273} INFO - 1 downstream tasks scheduled from follow-on schedule check
