[2023-09-11 16:27:33,410] {taskinstance.py:1179} INFO - Dependencies all met for <TaskInstance: INSERT_TO_PostgreOperator.extract_gz scheduled__2023-09-10T15:00:00+00:00 [queued]>
[2023-09-11 16:27:33,421] {taskinstance.py:1179} INFO - Dependencies all met for <TaskInstance: INSERT_TO_PostgreOperator.extract_gz scheduled__2023-09-10T15:00:00+00:00 [queued]>
[2023-09-11 16:27:33,421] {taskinstance.py:1376} INFO - 
--------------------------------------------------------------------------------
[2023-09-11 16:27:33,421] {taskinstance.py:1377} INFO - Starting attempt 1 of 1
[2023-09-11 16:27:33,422] {taskinstance.py:1378} INFO - 
--------------------------------------------------------------------------------
[2023-09-11 16:27:33,440] {taskinstance.py:1397} INFO - Executing <Task(BashOperator): extract_gz> on 2023-09-10 15:00:00+00:00
[2023-09-11 16:27:33,445] {standard_task_runner.py:52} INFO - Started process 14384 to run task
[2023-09-11 16:27:33,449] {standard_task_runner.py:79} INFO - Running: ['***', 'tasks', 'run', 'INSERT_TO_PostgreOperator', 'extract_gz', 'scheduled__2023-09-10T15:00:00+00:00', '--job-id', '706', '--raw', '--subdir', 'DAGS_FOLDER/INSERT_TO_PostgreOperator.py', '--cfg-path', '/tmp/tmpiqzj84wm', '--error-file', '/tmp/tmp9_9jgbin']
[2023-09-11 16:27:33,450] {standard_task_runner.py:80} INFO - Job 706: Subtask extract_gz
[2023-09-11 16:27:33,526] {task_command.py:371} INFO - Running <TaskInstance: INSERT_TO_PostgreOperator.extract_gz scheduled__2023-09-10T15:00:00+00:00 [running]> on host b18943745c0d
[2023-09-11 16:27:33,611] {taskinstance.py:1591} INFO - Exporting the following env vars:
AIRFLOW_CTX_DAG_OWNER=***
AIRFLOW_CTX_DAG_ID=INSERT_TO_PostgreOperator
AIRFLOW_CTX_TASK_ID=extract_gz
AIRFLOW_CTX_EXECUTION_DATE=2023-09-10T15:00:00+00:00
AIRFLOW_CTX_TRY_NUMBER=1
AIRFLOW_CTX_DAG_RUN_ID=scheduled__2023-09-10T15:00:00+00:00
[2023-09-11 16:27:33,612] {subprocess.py:62} INFO - Tmp dir root location: 
 /tmp
[2023-09-11 16:27:33,613] {subprocess.py:74} INFO - Running command: ['bash', '-c', 'gunzip --force /tmp/wikipageviews.gz']
[2023-09-11 16:27:33,624] {subprocess.py:85} INFO - Output:
[2023-09-11 16:27:35,305] {subprocess.py:96} INFO - Command exited with return code 0
[2023-09-11 16:27:35,340] {taskinstance.py:1420} INFO - Marking task as SUCCESS. dag_id=INSERT_TO_PostgreOperator, task_id=extract_gz, execution_date=20230910T150000, start_date=20230911T162733, end_date=20230911T162735
[2023-09-11 16:27:35,391] {local_task_job.py:156} INFO - Task exited with return code 0
[2023-09-11 16:27:35,432] {local_task_job.py:273} INFO - 1 downstream tasks scheduled from follow-on schedule check
