[2023-09-11 11:55:51,833] {taskinstance.py:1179} INFO - Dependencies all met for <TaskInstance: listing_4_20.extract_gz scheduled__2023-09-10T13:00:00+00:00 [queued]>
[2023-09-11 11:55:51,863] {taskinstance.py:1179} INFO - Dependencies all met for <TaskInstance: listing_4_20.extract_gz scheduled__2023-09-10T13:00:00+00:00 [queued]>
[2023-09-11 11:55:51,863] {taskinstance.py:1376} INFO - 
--------------------------------------------------------------------------------
[2023-09-11 11:55:51,865] {taskinstance.py:1377} INFO - Starting attempt 1 of 1
[2023-09-11 11:55:51,866] {taskinstance.py:1378} INFO - 
--------------------------------------------------------------------------------
[2023-09-11 11:55:51,902] {taskinstance.py:1397} INFO - Executing <Task(BashOperator): extract_gz> on 2023-09-10 13:00:00+00:00
[2023-09-11 11:55:51,910] {standard_task_runner.py:52} INFO - Started process 869 to run task
[2023-09-11 11:55:51,919] {standard_task_runner.py:79} INFO - Running: ['***', 'tasks', 'run', 'listing_4_20', 'extract_gz', 'scheduled__2023-09-10T13:00:00+00:00', '--job-id', '415', '--raw', '--subdir', 'DAGS_FOLDER/listing_4_20.py', '--cfg-path', '/tmp/tmp1cx7pfnx', '--error-file', '/tmp/tmpld0_u4dz']
[2023-09-11 11:55:51,920] {standard_task_runner.py:80} INFO - Job 415: Subtask extract_gz
[2023-09-11 11:55:52,083] {task_command.py:371} INFO - Running <TaskInstance: listing_4_20.extract_gz scheduled__2023-09-10T13:00:00+00:00 [running]> on host b18943745c0d
[2023-09-11 11:55:52,218] {taskinstance.py:1591} INFO - Exporting the following env vars:
AIRFLOW_CTX_DAG_OWNER=***
AIRFLOW_CTX_DAG_ID=listing_4_20
AIRFLOW_CTX_TASK_ID=extract_gz
AIRFLOW_CTX_EXECUTION_DATE=2023-09-10T13:00:00+00:00
AIRFLOW_CTX_TRY_NUMBER=1
AIRFLOW_CTX_DAG_RUN_ID=scheduled__2023-09-10T13:00:00+00:00
[2023-09-11 11:55:52,220] {subprocess.py:62} INFO - Tmp dir root location: 
 /tmp
[2023-09-11 11:55:52,225] {subprocess.py:74} INFO - Running command: ['bash', '-c', 'gunzip --force /tmp/wikipageviews.gz']
[2023-09-11 11:55:52,243] {subprocess.py:85} INFO - Output:
[2023-09-11 11:55:53,746] {subprocess.py:92} INFO - 
[2023-09-11 11:55:53,746] {subprocess.py:92} INFO - gzip: /tmp/wikipageviews.gz: invalid compressed data--crc error
[2023-09-11 11:55:53,746] {subprocess.py:92} INFO - 
[2023-09-11 11:55:53,746] {subprocess.py:92} INFO - gzip: /tmp/wikipageviews.gz: invalid compressed data--length error
[2023-09-11 11:55:53,768] {subprocess.py:96} INFO - Command exited with return code 1
[2023-09-11 11:55:53,787] {taskinstance.py:1909} ERROR - Task failed with exception
Traceback (most recent call last):
  File "/home/airflow/.local/lib/python3.7/site-packages/airflow/operators/bash.py", line 195, in execute
    f'Bash command failed. The command returned a non-zero exit code {result.exit_code}.'
airflow.exceptions.AirflowException: Bash command failed. The command returned a non-zero exit code 1.
[2023-09-11 11:55:53,792] {taskinstance.py:1420} INFO - Marking task as FAILED. dag_id=listing_4_20, task_id=extract_gz, execution_date=20230910T130000, start_date=20230911T115551, end_date=20230911T115553
[2023-09-11 11:55:53,810] {standard_task_runner.py:97} ERROR - Failed to execute job 415 for task extract_gz (Bash command failed. The command returned a non-zero exit code 1.; 869)
[2023-09-11 11:55:53,830] {local_task_job.py:156} INFO - Task exited with return code 1
[2023-09-11 11:55:53,897] {local_task_job.py:273} INFO - 0 downstream tasks scheduled from follow-on schedule check
