[2023-09-11 16:48:27,230] {taskinstance.py:1179} INFO - Dependencies all met for <TaskInstance: CallPostgreOperator.extract_gz scheduled__2023-09-10T19:00:00+00:00 [queued]>
[2023-09-11 16:48:27,242] {taskinstance.py:1179} INFO - Dependencies all met for <TaskInstance: CallPostgreOperator.extract_gz scheduled__2023-09-10T19:00:00+00:00 [queued]>
[2023-09-11 16:48:27,242] {taskinstance.py:1376} INFO - 
--------------------------------------------------------------------------------
[2023-09-11 16:48:27,242] {taskinstance.py:1377} INFO - Starting attempt 1 of 1
[2023-09-11 16:48:27,242] {taskinstance.py:1378} INFO - 
--------------------------------------------------------------------------------
[2023-09-11 16:48:27,259] {taskinstance.py:1397} INFO - Executing <Task(BashOperator): extract_gz> on 2023-09-10 19:00:00+00:00
[2023-09-11 16:48:27,264] {standard_task_runner.py:52} INFO - Started process 15673 to run task
[2023-09-11 16:48:27,266] {standard_task_runner.py:79} INFO - Running: ['***', 'tasks', 'run', 'CallPostgreOperator', 'extract_gz', 'scheduled__2023-09-10T19:00:00+00:00', '--job-id', '861', '--raw', '--subdir', 'DAGS_FOLDER/CallPostgreOperator.py', '--cfg-path', '/tmp/tmpi0jwq7eh', '--error-file', '/tmp/tmph_hpvbwq']
[2023-09-11 16:48:27,267] {standard_task_runner.py:80} INFO - Job 861: Subtask extract_gz
[2023-09-11 16:48:27,373] {task_command.py:371} INFO - Running <TaskInstance: CallPostgreOperator.extract_gz scheduled__2023-09-10T19:00:00+00:00 [running]> on host b18943745c0d
[2023-09-11 16:48:27,451] {taskinstance.py:1591} INFO - Exporting the following env vars:
AIRFLOW_CTX_DAG_OWNER=***
AIRFLOW_CTX_DAG_ID=CallPostgreOperator
AIRFLOW_CTX_TASK_ID=extract_gz
AIRFLOW_CTX_EXECUTION_DATE=2023-09-10T19:00:00+00:00
AIRFLOW_CTX_TRY_NUMBER=1
AIRFLOW_CTX_DAG_RUN_ID=scheduled__2023-09-10T19:00:00+00:00
[2023-09-11 16:48:27,453] {subprocess.py:62} INFO - Tmp dir root location: 
 /tmp
[2023-09-11 16:48:27,454] {subprocess.py:74} INFO - Running command: ['bash', '-c', 'gunzip --force /tmp/wikipageviews.gz']
[2023-09-11 16:48:27,465] {subprocess.py:85} INFO - Output:
[2023-09-11 16:48:29,053] {subprocess.py:96} INFO - Command exited with return code 0
[2023-09-11 16:48:29,089] {taskinstance.py:1420} INFO - Marking task as SUCCESS. dag_id=CallPostgreOperator, task_id=extract_gz, execution_date=20230910T190000, start_date=20230911T164827, end_date=20230911T164829
[2023-09-11 16:48:29,126] {local_task_job.py:156} INFO - Task exited with return code 0
[2023-09-11 16:48:29,169] {local_task_job.py:273} INFO - 1 downstream tasks scheduled from follow-on schedule check
