[2023-09-11 08:20:51,495] {taskinstance.py:1179} INFO - Dependencies all met for <TaskInstance: BigTechCompanyCount.fetch_pageviews scheduled__2023-09-10T21:00:00+00:00 [queued]>
[2023-09-11 08:20:51,518] {taskinstance.py:1179} INFO - Dependencies all met for <TaskInstance: BigTechCompanyCount.fetch_pageviews scheduled__2023-09-10T21:00:00+00:00 [queued]>
[2023-09-11 08:20:51,519] {taskinstance.py:1376} INFO - 
--------------------------------------------------------------------------------
[2023-09-11 08:20:51,519] {taskinstance.py:1377} INFO - Starting attempt 1 of 1
[2023-09-11 08:20:51,519] {taskinstance.py:1378} INFO - 
--------------------------------------------------------------------------------
[2023-09-11 08:20:51,549] {taskinstance.py:1397} INFO - Executing <Task(PythonOperator): fetch_pageviews> on 2023-09-10 21:00:00+00:00
[2023-09-11 08:20:51,557] {standard_task_runner.py:52} INFO - Started process 683 to run task
[2023-09-11 08:20:51,563] {standard_task_runner.py:79} INFO - Running: ['***', 'tasks', 'run', 'BigTechCompanyCount', 'fetch_pageviews', 'scheduled__2023-09-10T21:00:00+00:00', '--job-id', '272', '--raw', '--subdir', 'DAGS_FOLDER/BigTechCompanyCount.py', '--cfg-path', '/tmp/tmp8_7mdgy9', '--error-file', '/tmp/tmppcmog8gi']
[2023-09-11 08:20:51,563] {standard_task_runner.py:80} INFO - Job 272: Subtask fetch_pageviews
[2023-09-11 08:20:51,694] {task_command.py:371} INFO - Running <TaskInstance: BigTechCompanyCount.fetch_pageviews scheduled__2023-09-10T21:00:00+00:00 [running]> on host b18943745c0d
[2023-09-11 08:20:51,839] {taskinstance.py:1591} INFO - Exporting the following env vars:
AIRFLOW_CTX_DAG_OWNER=***
AIRFLOW_CTX_DAG_ID=BigTechCompanyCount
AIRFLOW_CTX_TASK_ID=fetch_pageviews
AIRFLOW_CTX_EXECUTION_DATE=2023-09-10T21:00:00+00:00
AIRFLOW_CTX_TRY_NUMBER=1
AIRFLOW_CTX_DAG_RUN_ID=scheduled__2023-09-10T21:00:00+00:00
[2023-09-11 08:20:59,799] {logging_mixin.py:115} INFO - {'Amazon': '25', 'Facebook': '484', 'Microsoft': '194', 'Apple': '47', 'Google': '412'}
[2023-09-11 08:20:59,800] {python.py:173} INFO - Done. Returned value was: None
[2023-09-11 08:20:59,829] {taskinstance.py:1420} INFO - Marking task as SUCCESS. dag_id=BigTechCompanyCount, task_id=fetch_pageviews, execution_date=20230910T210000, start_date=20230911T082051, end_date=20230911T082059
[2023-09-11 08:20:59,902] {local_task_job.py:156} INFO - Task exited with return code 0
[2023-09-11 08:20:59,962] {local_task_job.py:273} INFO - 0 downstream tasks scheduled from follow-on schedule check
