[2023-09-11 12:02:23,615] {taskinstance.py:1179} INFO - Dependencies all met for <TaskInstance: listing_4_20.extract_gz scheduled__2023-09-11T07:00:00+00:00 [queued]>
[2023-09-11 12:02:23,625] {taskinstance.py:1179} INFO - Dependencies all met for <TaskInstance: listing_4_20.extract_gz scheduled__2023-09-11T07:00:00+00:00 [queued]>
[2023-09-11 12:02:23,625] {taskinstance.py:1376} INFO - 
--------------------------------------------------------------------------------
[2023-09-11 12:02:23,625] {taskinstance.py:1377} INFO - Starting attempt 1 of 1
[2023-09-11 12:02:23,625] {taskinstance.py:1378} INFO - 
--------------------------------------------------------------------------------
[2023-09-11 12:02:23,640] {taskinstance.py:1397} INFO - Executing <Task(BashOperator): extract_gz> on 2023-09-11 07:00:00+00:00
[2023-09-11 12:02:23,645] {standard_task_runner.py:52} INFO - Started process 1445 to run task
[2023-09-11 12:02:23,648] {standard_task_runner.py:79} INFO - Running: ['***', 'tasks', 'run', 'listing_4_20', 'extract_gz', 'scheduled__2023-09-11T07:00:00+00:00', '--job-id', '534', '--raw', '--subdir', 'DAGS_FOLDER/listing_4_20.py', '--cfg-path', '/tmp/tmp6ltxpqeq', '--error-file', '/tmp/tmpuy58psin']
[2023-09-11 12:02:23,649] {standard_task_runner.py:80} INFO - Job 534: Subtask extract_gz
[2023-09-11 12:02:23,710] {task_command.py:371} INFO - Running <TaskInstance: listing_4_20.extract_gz scheduled__2023-09-11T07:00:00+00:00 [running]> on host b18943745c0d
[2023-09-11 12:02:23,777] {taskinstance.py:1591} INFO - Exporting the following env vars:
AIRFLOW_CTX_DAG_OWNER=***
AIRFLOW_CTX_DAG_ID=listing_4_20
AIRFLOW_CTX_TASK_ID=extract_gz
AIRFLOW_CTX_EXECUTION_DATE=2023-09-11T07:00:00+00:00
AIRFLOW_CTX_TRY_NUMBER=1
AIRFLOW_CTX_DAG_RUN_ID=scheduled__2023-09-11T07:00:00+00:00
[2023-09-11 12:02:23,778] {subprocess.py:62} INFO - Tmp dir root location: 
 /tmp
[2023-09-11 12:02:23,778] {subprocess.py:74} INFO - Running command: ['bash', '-c', 'gunzip --force /tmp/wikipageviews.gz']
[2023-09-11 12:02:23,788] {subprocess.py:85} INFO - Output:
[2023-09-11 12:02:24,923] {subprocess.py:96} INFO - Command exited with return code 0
[2023-09-11 12:02:24,954] {taskinstance.py:1420} INFO - Marking task as SUCCESS. dag_id=listing_4_20, task_id=extract_gz, execution_date=20230911T070000, start_date=20230911T120223, end_date=20230911T120224
[2023-09-11 12:02:24,987] {local_task_job.py:156} INFO - Task exited with return code 0
[2023-09-11 12:02:25,028] {local_task_job.py:273} INFO - 1 downstream tasks scheduled from follow-on schedule check
