[2023-09-11 16:37:07,524] {taskinstance.py:1179} INFO - Dependencies all met for <TaskInstance: INSERT_TO_PostgreOperator.fetch_pageviews scheduled__2023-09-11T13:00:00+00:00 [queued]>
[2023-09-11 16:37:07,537] {taskinstance.py:1179} INFO - Dependencies all met for <TaskInstance: INSERT_TO_PostgreOperator.fetch_pageviews scheduled__2023-09-11T13:00:00+00:00 [queued]>
[2023-09-11 16:37:07,538] {taskinstance.py:1376} INFO - 
--------------------------------------------------------------------------------
[2023-09-11 16:37:07,538] {taskinstance.py:1377} INFO - Starting attempt 1 of 1
[2023-09-11 16:37:07,538] {taskinstance.py:1378} INFO - 
--------------------------------------------------------------------------------
[2023-09-11 16:37:07,556] {taskinstance.py:1397} INFO - Executing <Task(PythonOperator): fetch_pageviews> on 2023-09-11 13:00:00+00:00
[2023-09-11 16:37:07,561] {standard_task_runner.py:52} INFO - Started process 14967 to run task
[2023-09-11 16:37:07,565] {standard_task_runner.py:79} INFO - Running: ['***', 'tasks', 'run', 'INSERT_TO_PostgreOperator', 'fetch_pageviews', 'scheduled__2023-09-11T13:00:00+00:00', '--job-id', '773', '--raw', '--subdir', 'DAGS_FOLDER/INSERT_TO_PostgreOperator.py', '--cfg-path', '/tmp/tmphpwaig67', '--error-file', '/tmp/tmpfur_nenf']
[2023-09-11 16:37:07,566] {standard_task_runner.py:80} INFO - Job 773: Subtask fetch_pageviews
[2023-09-11 16:37:07,641] {task_command.py:371} INFO - Running <TaskInstance: INSERT_TO_PostgreOperator.fetch_pageviews scheduled__2023-09-11T13:00:00+00:00 [running]> on host b18943745c0d
[2023-09-11 16:37:07,869] {taskinstance.py:1591} INFO - Exporting the following env vars:
AIRFLOW_CTX_DAG_OWNER=***
AIRFLOW_CTX_DAG_ID=INSERT_TO_PostgreOperator
AIRFLOW_CTX_TASK_ID=fetch_pageviews
AIRFLOW_CTX_EXECUTION_DATE=2023-09-11T13:00:00+00:00
AIRFLOW_CTX_TRY_NUMBER=1
AIRFLOW_CTX_DAG_RUN_ID=scheduled__2023-09-11T13:00:00+00:00
[2023-09-11 16:37:12,078] {warnings.py:110} WARNING - /home/***/.local/lib/python3.7/site-packages/***/utils/context.py:290: AirflowContextDeprecationWarning: Accessing 'execution_date' from the template is deprecated and will be removed in a future version. Please use 'data_interval_start' or 'logical_date' instead.
  warnings.warn(_create_deprecation_warning(k, replacements))

[2023-09-11 16:37:12,079] {python.py:173} INFO - Done. Returned value was: None
[2023-09-11 16:37:12,095] {taskinstance.py:1420} INFO - Marking task as SUCCESS. dag_id=INSERT_TO_PostgreOperator, task_id=fetch_pageviews, execution_date=20230911T130000, start_date=20230911T163707, end_date=20230911T163712
[2023-09-11 16:37:12,118] {local_task_job.py:156} INFO - Task exited with return code 0
[2023-09-11 16:37:12,154] {local_task_job.py:273} INFO - 0 downstream tasks scheduled from follow-on schedule check
