[2023-09-11 08:14:30,650] {taskinstance.py:1179} INFO - Dependencies all met for <TaskInstance: BigTechCompanyCount.fetch_pageviews scheduled__2023-09-10T08:00:00+00:00 [queued]>
[2023-09-11 08:14:30,669] {taskinstance.py:1179} INFO - Dependencies all met for <TaskInstance: BigTechCompanyCount.fetch_pageviews scheduled__2023-09-10T08:00:00+00:00 [queued]>
[2023-09-11 08:14:30,669] {taskinstance.py:1376} INFO - 
--------------------------------------------------------------------------------
[2023-09-11 08:14:30,669] {taskinstance.py:1377} INFO - Starting attempt 1 of 1
[2023-09-11 08:14:30,669] {taskinstance.py:1378} INFO - 
--------------------------------------------------------------------------------
[2023-09-11 08:14:30,691] {taskinstance.py:1397} INFO - Executing <Task(PythonOperator): fetch_pageviews> on 2023-09-10 08:00:00+00:00
[2023-09-11 08:14:30,697] {standard_task_runner.py:52} INFO - Started process 331 to run task
[2023-09-11 08:14:30,701] {standard_task_runner.py:79} INFO - Running: ['***', 'tasks', 'run', 'BigTechCompanyCount', 'fetch_pageviews', 'scheduled__2023-09-10T08:00:00+00:00', '--job-id', '233', '--raw', '--subdir', 'DAGS_FOLDER/BigTechCompanyCount.py', '--cfg-path', '/tmp/tmpznof9n1s', '--error-file', '/tmp/tmp80oz_6og']
[2023-09-11 08:14:30,702] {standard_task_runner.py:80} INFO - Job 233: Subtask fetch_pageviews
[2023-09-11 08:14:30,792] {task_command.py:371} INFO - Running <TaskInstance: BigTechCompanyCount.fetch_pageviews scheduled__2023-09-10T08:00:00+00:00 [running]> on host b18943745c0d
[2023-09-11 08:14:30,898] {taskinstance.py:1591} INFO - Exporting the following env vars:
AIRFLOW_CTX_DAG_OWNER=***
AIRFLOW_CTX_DAG_ID=BigTechCompanyCount
AIRFLOW_CTX_TASK_ID=fetch_pageviews
AIRFLOW_CTX_EXECUTION_DATE=2023-09-10T08:00:00+00:00
AIRFLOW_CTX_TRY_NUMBER=1
AIRFLOW_CTX_DAG_RUN_ID=scheduled__2023-09-10T08:00:00+00:00
[2023-09-11 08:14:35,316] {logging_mixin.py:115} INFO - {'Amazon': '14', 'Facebook': '721', 'Microsoft': '159', 'Apple': '49', 'Google': '519'}
[2023-09-11 08:14:35,317] {python.py:173} INFO - Done. Returned value was: None
[2023-09-11 08:14:35,343] {taskinstance.py:1420} INFO - Marking task as SUCCESS. dag_id=BigTechCompanyCount, task_id=fetch_pageviews, execution_date=20230910T080000, start_date=20230911T081430, end_date=20230911T081435
[2023-09-11 08:14:35,375] {local_task_job.py:156} INFO - Task exited with return code 0
[2023-09-11 08:14:35,417] {local_task_job.py:273} INFO - 0 downstream tasks scheduled from follow-on schedule check
