[2023-09-11 08:23:13,911] {taskinstance.py:1179} INFO - Dependencies all met for <TaskInstance: BigTechCompanyCount.fetch_pageviews scheduled__2023-09-11T02:00:00+00:00 [queued]>
[2023-09-11 08:23:13,931] {taskinstance.py:1179} INFO - Dependencies all met for <TaskInstance: BigTechCompanyCount.fetch_pageviews scheduled__2023-09-11T02:00:00+00:00 [queued]>
[2023-09-11 08:23:13,931] {taskinstance.py:1376} INFO - 
--------------------------------------------------------------------------------
[2023-09-11 08:23:13,931] {taskinstance.py:1377} INFO - Starting attempt 1 of 1
[2023-09-11 08:23:13,931] {taskinstance.py:1378} INFO - 
--------------------------------------------------------------------------------
[2023-09-11 08:23:13,958] {taskinstance.py:1397} INFO - Executing <Task(PythonOperator): fetch_pageviews> on 2023-09-11 02:00:00+00:00
[2023-09-11 08:23:13,966] {standard_task_runner.py:52} INFO - Started process 818 to run task
[2023-09-11 08:23:13,971] {standard_task_runner.py:79} INFO - Running: ['***', 'tasks', 'run', 'BigTechCompanyCount', 'fetch_pageviews', 'scheduled__2023-09-11T02:00:00+00:00', '--job-id', '287', '--raw', '--subdir', 'DAGS_FOLDER/BigTechCompanyCount.py', '--cfg-path', '/tmp/tmpnysszj33', '--error-file', '/tmp/tmp9x76f_a3']
[2023-09-11 08:23:13,972] {standard_task_runner.py:80} INFO - Job 287: Subtask fetch_pageviews
[2023-09-11 08:23:14,087] {task_command.py:371} INFO - Running <TaskInstance: BigTechCompanyCount.fetch_pageviews scheduled__2023-09-11T02:00:00+00:00 [running]> on host b18943745c0d
[2023-09-11 08:23:14,217] {taskinstance.py:1591} INFO - Exporting the following env vars:
AIRFLOW_CTX_DAG_OWNER=***
AIRFLOW_CTX_DAG_ID=BigTechCompanyCount
AIRFLOW_CTX_TASK_ID=fetch_pageviews
AIRFLOW_CTX_EXECUTION_DATE=2023-09-11T02:00:00+00:00
AIRFLOW_CTX_TRY_NUMBER=1
AIRFLOW_CTX_DAG_RUN_ID=scheduled__2023-09-11T02:00:00+00:00
[2023-09-11 08:23:19,601] {logging_mixin.py:115} INFO - {'Amazon': '13', 'Facebook': '439', 'Microsoft': '141', 'Apple': '36', 'Google': '417'}
[2023-09-11 08:23:19,601] {python.py:173} INFO - Done. Returned value was: None
[2023-09-11 08:23:19,659] {taskinstance.py:1420} INFO - Marking task as SUCCESS. dag_id=BigTechCompanyCount, task_id=fetch_pageviews, execution_date=20230911T020000, start_date=20230911T082313, end_date=20230911T082319
[2023-09-11 08:23:19,713] {local_task_job.py:156} INFO - Task exited with return code 0
[2023-09-11 08:23:19,775] {local_task_job.py:273} INFO - 0 downstream tasks scheduled from follow-on schedule check
