[2023-09-11 08:21:19,807] {taskinstance.py:1179} INFO - Dependencies all met for <TaskInstance: BigTechCompanyCount.fetch_pageviews scheduled__2023-09-10T22:00:00+00:00 [queued]>
[2023-09-11 08:21:19,821] {taskinstance.py:1179} INFO - Dependencies all met for <TaskInstance: BigTechCompanyCount.fetch_pageviews scheduled__2023-09-10T22:00:00+00:00 [queued]>
[2023-09-11 08:21:19,821] {taskinstance.py:1376} INFO - 
--------------------------------------------------------------------------------
[2023-09-11 08:21:19,822] {taskinstance.py:1377} INFO - Starting attempt 1 of 1
[2023-09-11 08:21:19,822] {taskinstance.py:1378} INFO - 
--------------------------------------------------------------------------------
[2023-09-11 08:21:19,844] {taskinstance.py:1397} INFO - Executing <Task(PythonOperator): fetch_pageviews> on 2023-09-10 22:00:00+00:00
[2023-09-11 08:21:19,850] {standard_task_runner.py:52} INFO - Started process 708 to run task
[2023-09-11 08:21:19,854] {standard_task_runner.py:79} INFO - Running: ['***', 'tasks', 'run', 'BigTechCompanyCount', 'fetch_pageviews', 'scheduled__2023-09-10T22:00:00+00:00', '--job-id', '275', '--raw', '--subdir', 'DAGS_FOLDER/BigTechCompanyCount.py', '--cfg-path', '/tmp/tmp90dvkxsj', '--error-file', '/tmp/tmpirp2_uzd']
[2023-09-11 08:21:19,854] {standard_task_runner.py:80} INFO - Job 275: Subtask fetch_pageviews
[2023-09-11 08:21:19,942] {task_command.py:371} INFO - Running <TaskInstance: BigTechCompanyCount.fetch_pageviews scheduled__2023-09-10T22:00:00+00:00 [running]> on host b18943745c0d
[2023-09-11 08:21:20,043] {taskinstance.py:1591} INFO - Exporting the following env vars:
AIRFLOW_CTX_DAG_OWNER=***
AIRFLOW_CTX_DAG_ID=BigTechCompanyCount
AIRFLOW_CTX_TASK_ID=fetch_pageviews
AIRFLOW_CTX_EXECUTION_DATE=2023-09-10T22:00:00+00:00
AIRFLOW_CTX_TRY_NUMBER=1
AIRFLOW_CTX_DAG_RUN_ID=scheduled__2023-09-10T22:00:00+00:00
[2023-09-11 08:21:25,005] {logging_mixin.py:115} INFO - {'Amazon': '13', 'Facebook': '365', 'Microsoft': '137', 'Apple': '42', 'Google': '431'}
[2023-09-11 08:21:25,005] {python.py:173} INFO - Done. Returned value was: None
[2023-09-11 08:21:25,031] {taskinstance.py:1420} INFO - Marking task as SUCCESS. dag_id=BigTechCompanyCount, task_id=fetch_pageviews, execution_date=20230910T220000, start_date=20230911T082119, end_date=20230911T082125
[2023-09-11 08:21:25,083] {local_task_job.py:156} INFO - Task exited with return code 0
[2023-09-11 08:21:25,126] {local_task_job.py:273} INFO - 0 downstream tasks scheduled from follow-on schedule check
