[2023-09-11 16:48:03,662] {taskinstance.py:1179} INFO - Dependencies all met for <TaskInstance: CallPostgreOperator.extract_gz scheduled__2023-09-10T18:00:00+00:00 [queued]>
[2023-09-11 16:48:03,672] {taskinstance.py:1179} INFO - Dependencies all met for <TaskInstance: CallPostgreOperator.extract_gz scheduled__2023-09-10T18:00:00+00:00 [queued]>
[2023-09-11 16:48:03,672] {taskinstance.py:1376} INFO - 
--------------------------------------------------------------------------------
[2023-09-11 16:48:03,672] {taskinstance.py:1377} INFO - Starting attempt 1 of 1
[2023-09-11 16:48:03,672] {taskinstance.py:1378} INFO - 
--------------------------------------------------------------------------------
[2023-09-11 16:48:03,686] {taskinstance.py:1397} INFO - Executing <Task(BashOperator): extract_gz> on 2023-09-10 18:00:00+00:00
[2023-09-11 16:48:03,691] {standard_task_runner.py:52} INFO - Started process 15653 to run task
[2023-09-11 16:48:03,694] {standard_task_runner.py:79} INFO - Running: ['***', 'tasks', 'run', 'CallPostgreOperator', 'extract_gz', 'scheduled__2023-09-10T18:00:00+00:00', '--job-id', '857', '--raw', '--subdir', 'DAGS_FOLDER/CallPostgreOperator.py', '--cfg-path', '/tmp/tmpy_jppj6_', '--error-file', '/tmp/tmp0zha7oxw']
[2023-09-11 16:48:03,694] {standard_task_runner.py:80} INFO - Job 857: Subtask extract_gz
[2023-09-11 16:48:03,757] {task_command.py:371} INFO - Running <TaskInstance: CallPostgreOperator.extract_gz scheduled__2023-09-10T18:00:00+00:00 [running]> on host b18943745c0d
[2023-09-11 16:48:03,904] {taskinstance.py:1591} INFO - Exporting the following env vars:
AIRFLOW_CTX_DAG_OWNER=***
AIRFLOW_CTX_DAG_ID=CallPostgreOperator
AIRFLOW_CTX_TASK_ID=extract_gz
AIRFLOW_CTX_EXECUTION_DATE=2023-09-10T18:00:00+00:00
AIRFLOW_CTX_TRY_NUMBER=1
AIRFLOW_CTX_DAG_RUN_ID=scheduled__2023-09-10T18:00:00+00:00
[2023-09-11 16:48:03,905] {subprocess.py:62} INFO - Tmp dir root location: 
 /tmp
[2023-09-11 16:48:03,906] {subprocess.py:74} INFO - Running command: ['bash', '-c', 'gunzip --force /tmp/wikipageviews.gz']
[2023-09-11 16:48:03,919] {subprocess.py:85} INFO - Output:
[2023-09-11 16:48:05,386] {subprocess.py:96} INFO - Command exited with return code 0
[2023-09-11 16:48:05,451] {taskinstance.py:1420} INFO - Marking task as SUCCESS. dag_id=CallPostgreOperator, task_id=extract_gz, execution_date=20230910T180000, start_date=20230911T164803, end_date=20230911T164805
[2023-09-11 16:48:05,473] {local_task_job.py:156} INFO - Task exited with return code 0
[2023-09-11 16:48:05,514] {local_task_job.py:273} INFO - 1 downstream tasks scheduled from follow-on schedule check
