[2023-09-11 11:52:29,270] {taskinstance.py:1179} INFO - Dependencies all met for <TaskInstance: listing_4_15.fetch_pageviews scheduled__2023-09-10T04:00:00+00:00 [queued]>
[2023-09-11 11:52:29,281] {taskinstance.py:1179} INFO - Dependencies all met for <TaskInstance: listing_4_15.fetch_pageviews scheduled__2023-09-10T04:00:00+00:00 [queued]>
[2023-09-11 11:52:29,281] {taskinstance.py:1376} INFO - 
--------------------------------------------------------------------------------
[2023-09-11 11:52:29,281] {taskinstance.py:1377} INFO - Starting attempt 1 of 1
[2023-09-11 11:52:29,281] {taskinstance.py:1378} INFO - 
--------------------------------------------------------------------------------
[2023-09-11 11:52:29,296] {taskinstance.py:1397} INFO - Executing <Task(PythonOperator): fetch_pageviews> on 2023-09-10 04:00:00+00:00
[2023-09-11 11:52:29,301] {standard_task_runner.py:52} INFO - Started process 568 to run task
[2023-09-11 11:52:29,303] {standard_task_runner.py:79} INFO - Running: ['***', 'tasks', 'run', 'listing_4_15', 'fetch_pageviews', 'scheduled__2023-09-10T04:00:00+00:00', '--job-id', '352', '--raw', '--subdir', 'DAGS_FOLDER/listing_4_15.py', '--cfg-path', '/tmp/tmp_336gzij', '--error-file', '/tmp/tmp5jjterva']
[2023-09-11 11:52:29,304] {standard_task_runner.py:80} INFO - Job 352: Subtask fetch_pageviews
[2023-09-11 11:52:29,365] {task_command.py:371} INFO - Running <TaskInstance: listing_4_15.fetch_pageviews scheduled__2023-09-10T04:00:00+00:00 [running]> on host b18943745c0d
[2023-09-11 11:52:29,435] {taskinstance.py:1591} INFO - Exporting the following env vars:
AIRFLOW_CTX_DAG_OWNER=***
AIRFLOW_CTX_DAG_ID=listing_4_15
AIRFLOW_CTX_TASK_ID=fetch_pageviews
AIRFLOW_CTX_EXECUTION_DATE=2023-09-10T04:00:00+00:00
AIRFLOW_CTX_TRY_NUMBER=1
AIRFLOW_CTX_DAG_RUN_ID=scheduled__2023-09-10T04:00:00+00:00
[2023-09-11 11:52:31,735] {logging_mixin.py:115} INFO - {'Amazon': '6', 'Microsoft': '131', 'Apple': '28', 'Google': '354', 'Facebook': '442'}
[2023-09-11 11:52:31,735] {python.py:173} INFO - Done. Returned value was: None
[2023-09-11 11:52:31,752] {taskinstance.py:1420} INFO - Marking task as SUCCESS. dag_id=listing_4_15, task_id=fetch_pageviews, execution_date=20230910T040000, start_date=20230911T115229, end_date=20230911T115231
[2023-09-11 11:52:31,806] {local_task_job.py:156} INFO - Task exited with return code 0
[2023-09-11 11:52:31,848] {local_task_job.py:273} INFO - 0 downstream tasks scheduled from follow-on schedule check
