[2023-09-09 15:42:37,863] {taskinstance.py:1179} INFO - Dependencies all met for <TaskInstance: download_rocket_launches.download_launchesAPI_using_bashcommand manual__2023-09-09T15:42:37.338724+00:00 [queued]>
[2023-09-09 15:42:37,876] {taskinstance.py:1179} INFO - Dependencies all met for <TaskInstance: download_rocket_launches.download_launchesAPI_using_bashcommand manual__2023-09-09T15:42:37.338724+00:00 [queued]>
[2023-09-09 15:42:37,877] {taskinstance.py:1376} INFO - 
--------------------------------------------------------------------------------
[2023-09-09 15:42:37,877] {taskinstance.py:1377} INFO - Starting attempt 1 of 1
[2023-09-09 15:42:37,877] {taskinstance.py:1378} INFO - 
--------------------------------------------------------------------------------
[2023-09-09 15:42:37,900] {taskinstance.py:1397} INFO - Executing <Task(BashOperator): download_launchesAPI_using_bashcommand> on 2023-09-09 15:42:37.338724+00:00
[2023-09-09 15:42:37,908] {standard_task_runner.py:52} INFO - Started process 19932 to run task
[2023-09-09 15:42:37,912] {standard_task_runner.py:79} INFO - Running: ['***', 'tasks', 'run', 'download_rocket_launches', 'download_launchesAPI_using_bashcommand', 'manual__2023-09-09T15:42:37.338724+00:00', '--job-id', '113', '--raw', '--subdir', 'DAGS_FOLDER/download_rocket_launches.py', '--cfg-path', '/tmp/tmpty9kd4k0', '--error-file', '/tmp/tmpdpmrl3nz']
[2023-09-09 15:42:37,912] {standard_task_runner.py:80} INFO - Job 113: Subtask download_launchesAPI_using_bashcommand
[2023-09-09 15:42:38,023] {task_command.py:371} INFO - Running <TaskInstance: download_rocket_launches.download_launchesAPI_using_bashcommand manual__2023-09-09T15:42:37.338724+00:00 [running]> on host b18943745c0d
[2023-09-09 15:42:38,093] {taskinstance.py:1591} INFO - Exporting the following env vars:
AIRFLOW_CTX_DAG_OWNER=***
AIRFLOW_CTX_DAG_ID=download_rocket_launches
AIRFLOW_CTX_TASK_ID=download_launchesAPI_using_bashcommand
AIRFLOW_CTX_EXECUTION_DATE=2023-09-09T15:42:37.338724+00:00
AIRFLOW_CTX_TRY_NUMBER=1
AIRFLOW_CTX_DAG_RUN_ID=manual__2023-09-09T15:42:37.338724+00:00
[2023-09-09 15:42:38,094] {subprocess.py:62} INFO - Tmp dir root location: 
 /tmp
[2023-09-09 15:42:38,094] {subprocess.py:74} INFO - Running command: ['bash', '-c', "curl -o /tmp/launches.json -L 'https://ll.thespacedevs.com/2.0.0/launch/upcoming'"]
[2023-09-09 15:42:38,104] {subprocess.py:85} INFO - Output:
[2023-09-09 15:42:38,112] {subprocess.py:92} INFO -   % Total    % Received % Xferd  Average Speed   Time    Time     Time  Current
[2023-09-09 15:42:38,113] {subprocess.py:92} INFO -                                  Dload  Upload   Total   Spent    Left  Speed
[2023-09-09 15:42:44,921] {subprocess.py:92} INFO -   0     0    0     0    0     0      0      0 --:--:-- --:--:-- --:--:--     0  0     0    0     0    0     0      0      0 --:--:-- --:--:-- --:--:--     0  0     0    0     0    0     0      0      0 --:--:--  0:00:01 --:--:--     0  0     0    0     0    0     0      0      0 --:--:--  0:00:02 --:--:--     0  0     0    0     0    0     0      0      0 --:--:--  0:00:03 --:--:--     0  0     0    0     0    0     0      0      0 --:--:--  0:00:04 --:--:--     0  0     0    0     0    0     0      0      0 --:--:--  0:00:05 --:--:--     0  0     0    0     0    0     0      0      0 --:--:--  0:00:06 --:--:--     0  0     0    0     0    0     0      0      0 --:--:--  0:00:06 --:--:--     0
[2023-09-09 15:42:46,536] {subprocess.py:92} INFO -   0     0    0     0    0     0      0      0 --:--:--  0:00:07 --:--:--     0  5 24568    5  1360    0     0    164      0  0:02:29  0:00:08  0:02:21  3049100 24568  100 24568    0     0   2916      0  0:00:08  0:00:08 --:--:-- 40013
[2023-09-09 15:42:46,539] {subprocess.py:96} INFO - Command exited with return code 0
[2023-09-09 15:42:46,571] {taskinstance.py:1420} INFO - Marking task as SUCCESS. dag_id=download_rocket_launches, task_id=download_launchesAPI_using_bashcommand, execution_date=20230909T154237, start_date=20230909T154237, end_date=20230909T154246
[2023-09-09 15:42:46,628] {local_task_job.py:156} INFO - Task exited with return code 0
[2023-09-09 15:42:46,664] {local_task_job.py:273} INFO - 1 downstream tasks scheduled from follow-on schedule check
