[2023-09-09 15:34:17,404] {taskinstance.py:1179} INFO - Dependencies all met for <TaskInstance: download_rocket_launches.download_launchesAPI_using_bashcommand manual__2023-09-09T15:23:13.853908+00:00 [queued]>
[2023-09-09 15:34:17,426] {taskinstance.py:1179} INFO - Dependencies all met for <TaskInstance: download_rocket_launches.download_launchesAPI_using_bashcommand manual__2023-09-09T15:23:13.853908+00:00 [queued]>
[2023-09-09 15:34:17,427] {taskinstance.py:1376} INFO - 
--------------------------------------------------------------------------------
[2023-09-09 15:34:17,427] {taskinstance.py:1377} INFO - Starting attempt 2 of 2
[2023-09-09 15:34:17,427] {taskinstance.py:1378} INFO - 
--------------------------------------------------------------------------------
[2023-09-09 15:34:17,466] {taskinstance.py:1397} INFO - Executing <Task(BashOperator): download_launchesAPI_using_bashcommand> on 2023-09-09 15:23:13.853908+00:00
[2023-09-09 15:34:17,473] {standard_task_runner.py:52} INFO - Started process 19467 to run task
[2023-09-09 15:34:17,480] {standard_task_runner.py:79} INFO - Running: ['***', 'tasks', 'run', 'download_rocket_launches', 'download_launchesAPI_using_bashcommand', 'manual__2023-09-09T15:23:13.853908+00:00', '--job-id', '99', '--raw', '--subdir', 'DAGS_FOLDER/download_rocket_launches.py', '--cfg-path', '/tmp/tmpb6mhqdz4', '--error-file', '/tmp/tmp6rdjr67y']
[2023-09-09 15:34:17,481] {standard_task_runner.py:80} INFO - Job 99: Subtask download_launchesAPI_using_bashcommand
[2023-09-09 15:34:17,621] {task_command.py:371} INFO - Running <TaskInstance: download_rocket_launches.download_launchesAPI_using_bashcommand manual__2023-09-09T15:23:13.853908+00:00 [running]> on host b18943745c0d
[2023-09-09 15:34:17,727] {taskinstance.py:1591} INFO - Exporting the following env vars:
AIRFLOW_CTX_DAG_OWNER=***
AIRFLOW_CTX_DAG_ID=download_rocket_launches
AIRFLOW_CTX_TASK_ID=download_launchesAPI_using_bashcommand
AIRFLOW_CTX_EXECUTION_DATE=2023-09-09T15:23:13.853908+00:00
AIRFLOW_CTX_TRY_NUMBER=2
AIRFLOW_CTX_DAG_RUN_ID=manual__2023-09-09T15:23:13.853908+00:00
[2023-09-09 15:34:17,729] {subprocess.py:62} INFO - Tmp dir root location: 
 /tmp
[2023-09-09 15:34:17,730] {subprocess.py:74} INFO - Running command: ['bash', '-c', "curl -o /tmp/launches.json -L 'https://ll.thespacedevs.com/2.0.0/launch/upcoming'"]
[2023-09-09 15:34:17,742] {subprocess.py:85} INFO - Output:
[2023-09-09 15:34:17,752] {subprocess.py:92} INFO -   % Total    % Received % Xferd  Average Speed   Time    Time     Time  Current
[2023-09-09 15:34:17,753] {subprocess.py:92} INFO -                                  Dload  Upload   Total   Spent    Left  Speed
[2023-09-09 15:34:18,465] {subprocess.py:92} INFO -   0     0    0     0    0     0      0      0 --:--:-- --:--:-- --:--:--     0  0     0    0     0    0     0      0      0 --:--:-- --:--:-- --:--:--     0  0     0    0     0    0     0      0      0 --:--:-- --:--:-- --:--:--     0
[2023-09-09 15:34:18,883] {subprocess.py:92} INFO - 100 24568  100 24568    0     0  21722      0  0:00:01  0:00:01 --:--:-- 21722
[2023-09-09 15:34:18,886] {subprocess.py:96} INFO - Command exited with return code 0
[2023-09-09 15:34:18,953] {taskinstance.py:1420} INFO - Marking task as SUCCESS. dag_id=download_rocket_launches, task_id=download_launchesAPI_using_bashcommand, execution_date=20230909T152313, start_date=20230909T153417, end_date=20230909T153418
[2023-09-09 15:34:19,021] {local_task_job.py:156} INFO - Task exited with return code 0
[2023-09-09 15:34:19,113] {local_task_job.py:273} INFO - 1 downstream tasks scheduled from follow-on schedule check
