[2023-09-11 11:52:40,773] {taskinstance.py:1179} INFO - Dependencies all met for <TaskInstance: listing_4_18.get_data scheduled__2023-09-10T05:00:00+00:00 [queued]>
[2023-09-11 11:52:40,784] {taskinstance.py:1179} INFO - Dependencies all met for <TaskInstance: listing_4_18.get_data scheduled__2023-09-10T05:00:00+00:00 [queued]>
[2023-09-11 11:52:40,784] {taskinstance.py:1376} INFO - 
--------------------------------------------------------------------------------
[2023-09-11 11:52:40,784] {taskinstance.py:1377} INFO - Starting attempt 1 of 1
[2023-09-11 11:52:40,784] {taskinstance.py:1378} INFO - 
--------------------------------------------------------------------------------
[2023-09-11 11:52:40,798] {taskinstance.py:1397} INFO - Executing <Task(PythonOperator): get_data> on 2023-09-10 05:00:00+00:00
[2023-09-11 11:52:40,803] {standard_task_runner.py:52} INFO - Started process 587 to run task
[2023-09-11 11:52:40,806] {standard_task_runner.py:79} INFO - Running: ['***', 'tasks', 'run', 'listing_4_18', 'get_data', 'scheduled__2023-09-10T05:00:00+00:00', '--job-id', '356', '--raw', '--subdir', 'DAGS_FOLDER/listing_4_18.py', '--cfg-path', '/tmp/tmp9i7bvrrc', '--error-file', '/tmp/tmpql8002wc']
[2023-09-11 11:52:40,806] {standard_task_runner.py:80} INFO - Job 356: Subtask get_data
[2023-09-11 11:52:40,870] {task_command.py:371} INFO - Running <TaskInstance: listing_4_18.get_data scheduled__2023-09-10T05:00:00+00:00 [running]> on host b18943745c0d
[2023-09-11 11:52:40,910] {warnings.py:110} WARNING - /home/***/.local/lib/python3.7/site-packages/***/utils/context.py:202: AirflowContextDeprecationWarning: Accessing 'execution_date' from the template is deprecated and will be removed in a future version. Please use 'data_interval_start' or 'logical_date' instead.
  warnings.warn(_create_deprecation_warning(key, self._deprecation_replacements[key]))

[2023-09-11 11:52:40,949] {taskinstance.py:1591} INFO - Exporting the following env vars:
AIRFLOW_CTX_DAG_OWNER=***
AIRFLOW_CTX_DAG_ID=listing_4_18
AIRFLOW_CTX_TASK_ID=get_data
AIRFLOW_CTX_EXECUTION_DATE=2023-09-10T05:00:00+00:00
AIRFLOW_CTX_TRY_NUMBER=1
AIRFLOW_CTX_DAG_RUN_ID=scheduled__2023-09-10T05:00:00+00:00
[2023-09-11 11:52:56,623] {python.py:173} INFO - Done. Returned value was: None
[2023-09-11 11:52:56,637] {taskinstance.py:1420} INFO - Marking task as SUCCESS. dag_id=listing_4_18, task_id=get_data, execution_date=20230910T050000, start_date=20230911T115240, end_date=20230911T115256
[2023-09-11 11:52:56,660] {local_task_job.py:156} INFO - Task exited with return code 0
[2023-09-11 11:52:56,712] {local_task_job.py:273} INFO - 1 downstream tasks scheduled from follow-on schedule check
