[2023-09-10 12:10:25,977] {taskinstance.py:1179} INFO - Dependencies all met for <TaskInstance: download_rocket_launches.download_launchesAPI_using_bashcommand scheduled__2023-09-09T00:00:00+00:00 [queued]>
[2023-09-10 12:10:25,987] {taskinstance.py:1179} INFO - Dependencies all met for <TaskInstance: download_rocket_launches.download_launchesAPI_using_bashcommand scheduled__2023-09-09T00:00:00+00:00 [queued]>
[2023-09-10 12:10:25,987] {taskinstance.py:1376} INFO - 
--------------------------------------------------------------------------------
[2023-09-10 12:10:25,987] {taskinstance.py:1377} INFO - Starting attempt 1 of 1
[2023-09-10 12:10:25,987] {taskinstance.py:1378} INFO - 
--------------------------------------------------------------------------------
[2023-09-10 12:10:26,000] {taskinstance.py:1397} INFO - Executing <Task(BashOperator): download_launchesAPI_using_bashcommand> on 2023-09-09 00:00:00+00:00
[2023-09-10 12:10:26,003] {standard_task_runner.py:52} INFO - Started process 65 to run task
[2023-09-10 12:10:26,006] {standard_task_runner.py:79} INFO - Running: ['***', 'tasks', 'run', 'download_rocket_launches', 'download_launchesAPI_using_bashcommand', 'scheduled__2023-09-09T00:00:00+00:00', '--job-id', '127', '--raw', '--subdir', 'DAGS_FOLDER/download_rocket_launches.py', '--cfg-path', '/tmp/tmpnzjfgw4h', '--error-file', '/tmp/tmpaeef4a36']
[2023-09-10 12:10:26,006] {standard_task_runner.py:80} INFO - Job 127: Subtask download_launchesAPI_using_bashcommand
[2023-09-10 12:10:26,062] {task_command.py:371} INFO - Running <TaskInstance: download_rocket_launches.download_launchesAPI_using_bashcommand scheduled__2023-09-09T00:00:00+00:00 [running]> on host b18943745c0d
[2023-09-10 12:10:26,139] {taskinstance.py:1591} INFO - Exporting the following env vars:
AIRFLOW_CTX_DAG_OWNER=***
AIRFLOW_CTX_DAG_ID=download_rocket_launches
AIRFLOW_CTX_TASK_ID=download_launchesAPI_using_bashcommand
AIRFLOW_CTX_EXECUTION_DATE=2023-09-09T00:00:00+00:00
AIRFLOW_CTX_TRY_NUMBER=1
AIRFLOW_CTX_DAG_RUN_ID=scheduled__2023-09-09T00:00:00+00:00
[2023-09-10 12:10:26,140] {subprocess.py:62} INFO - Tmp dir root location: 
 /tmp
[2023-09-10 12:10:26,140] {subprocess.py:74} INFO - Running command: ['bash', '-c', "curl -o /tmp/launches.json -L 'https://ll.thespacedevs.com/2.0.0/launch/upcoming'"]
[2023-09-10 12:10:26,148] {subprocess.py:85} INFO - Output:
[2023-09-10 12:10:26,158] {subprocess.py:92} INFO -   % Total    % Received % Xferd  Average Speed   Time    Time     Time  Current
[2023-09-10 12:10:26,158] {subprocess.py:92} INFO -                                  Dload  Upload   Total   Spent    Left  Speed
[2023-09-10 12:10:27,054] {subprocess.py:92} INFO -   0     0    0     0    0     0      0      0 --:--:-- --:--:-- --:--:--     0  0     0    0     0    0     0      0      0 --:--:-- --:--:-- --:--:--     0  0     0    0     0    0     0      0      0 --:--:-- --:--:-- --:--:--     0
[2023-09-10 12:10:28,043] {subprocess.py:92} INFO -  32 24948   32  8192    0     0   4776      0  0:00:05  0:00:01  0:00:04  4776100 24948  100 24948    0     0  13235      0  0:00:01  0:00:01 --:--:-- 99147
[2023-09-10 12:10:28,046] {subprocess.py:96} INFO - Command exited with return code 0
[2023-09-10 12:10:28,073] {taskinstance.py:1420} INFO - Marking task as SUCCESS. dag_id=download_rocket_launches, task_id=download_launchesAPI_using_bashcommand, execution_date=20230909T000000, start_date=20230910T121025, end_date=20230910T121028
[2023-09-10 12:10:28,110] {local_task_job.py:156} INFO - Task exited with return code 0
[2023-09-10 12:10:28,179] {local_task_job.py:273} INFO - 1 downstream tasks scheduled from follow-on schedule check
