[2023-09-11 08:25:28,592] {taskinstance.py:1179} INFO - Dependencies all met for <TaskInstance: BigTechCompanyCount.fetch_pageviews scheduled__2023-09-11T06:00:00+00:00 [queued]>
[2023-09-11 08:25:28,612] {taskinstance.py:1179} INFO - Dependencies all met for <TaskInstance: BigTechCompanyCount.fetch_pageviews scheduled__2023-09-11T06:00:00+00:00 [queued]>
[2023-09-11 08:25:28,613] {taskinstance.py:1376} INFO - 
--------------------------------------------------------------------------------
[2023-09-11 08:25:28,613] {taskinstance.py:1377} INFO - Starting attempt 1 of 1
[2023-09-11 08:25:28,613] {taskinstance.py:1378} INFO - 
--------------------------------------------------------------------------------
[2023-09-11 08:25:28,652] {taskinstance.py:1397} INFO - Executing <Task(PythonOperator): fetch_pageviews> on 2023-09-11 06:00:00+00:00
[2023-09-11 08:25:28,662] {standard_task_runner.py:52} INFO - Started process 937 to run task
[2023-09-11 08:25:28,670] {standard_task_runner.py:79} INFO - Running: ['***', 'tasks', 'run', 'BigTechCompanyCount', 'fetch_pageviews', 'scheduled__2023-09-11T06:00:00+00:00', '--job-id', '299', '--raw', '--subdir', 'DAGS_FOLDER/BigTechCompanyCount.py', '--cfg-path', '/tmp/tmp9gxvd9o9', '--error-file', '/tmp/tmp062yj57u']
[2023-09-11 08:25:28,671] {standard_task_runner.py:80} INFO - Job 299: Subtask fetch_pageviews
[2023-09-11 08:25:28,867] {task_command.py:371} INFO - Running <TaskInstance: BigTechCompanyCount.fetch_pageviews scheduled__2023-09-11T06:00:00+00:00 [running]> on host b18943745c0d
[2023-09-11 08:25:29,059] {taskinstance.py:1591} INFO - Exporting the following env vars:
AIRFLOW_CTX_DAG_OWNER=***
AIRFLOW_CTX_DAG_ID=BigTechCompanyCount
AIRFLOW_CTX_TASK_ID=fetch_pageviews
AIRFLOW_CTX_EXECUTION_DATE=2023-09-11T06:00:00+00:00
AIRFLOW_CTX_TRY_NUMBER=1
AIRFLOW_CTX_DAG_RUN_ID=scheduled__2023-09-11T06:00:00+00:00
[2023-09-11 08:25:35,410] {logging_mixin.py:115} INFO - {'Amazon': '13', 'Facebook': '727', 'Microsoft': '170', 'Apple': '55', 'Google': '748'}
[2023-09-11 08:25:35,411] {python.py:173} INFO - Done. Returned value was: None
[2023-09-11 08:25:35,456] {taskinstance.py:1420} INFO - Marking task as SUCCESS. dag_id=BigTechCompanyCount, task_id=fetch_pageviews, execution_date=20230911T060000, start_date=20230911T082528, end_date=20230911T082535
[2023-09-11 08:25:35,524] {local_task_job.py:156} INFO - Task exited with return code 0
[2023-09-11 08:25:35,674] {local_task_job.py:273} INFO - 0 downstream tasks scheduled from follow-on schedule check
