[2023-09-05 13:01:09,830] {processor.py:153} INFO - Started process (PID=68) to work on /home/airflow/.local/lib/python3.7/site-packages/airflow/example_dags/example_nested_branch_dag.py
[2023-09-05 13:01:09,832] {processor.py:641} INFO - Processing file /home/airflow/.local/lib/python3.7/site-packages/airflow/example_dags/example_nested_branch_dag.py for tasks to queue
[2023-09-05 13:01:09,833] {logging_mixin.py:115} INFO - [2023-09-05 13:01:09,833] {dagbag.py:508} INFO - Filling up the DagBag from /home/airflow/.local/lib/python3.7/site-packages/airflow/example_dags/example_nested_branch_dag.py
[2023-09-05 13:01:09,873] {processor.py:651} INFO - DAG(s) dict_keys(['example_nested_branch_dag']) retrieved from /home/airflow/.local/lib/python3.7/site-packages/airflow/example_dags/example_nested_branch_dag.py
[2023-09-05 13:01:10,111] {logging_mixin.py:115} INFO - [2023-09-05 13:01:10,111] {manager.py:508} INFO - Created Permission View: can read on DAG:example_nested_branch_dag
[2023-09-05 13:01:10,136] {logging_mixin.py:115} INFO - [2023-09-05 13:01:10,136] {manager.py:508} INFO - Created Permission View: can delete on DAG:example_nested_branch_dag
[2023-09-05 13:01:10,158] {logging_mixin.py:115} INFO - [2023-09-05 13:01:10,157] {manager.py:508} INFO - Created Permission View: can edit on DAG:example_nested_branch_dag
[2023-09-05 13:01:10,158] {logging_mixin.py:115} INFO - [2023-09-05 13:01:10,158] {dag.py:2420} INFO - Sync 1 DAGs
[2023-09-05 13:01:10,174] {logging_mixin.py:115} INFO - [2023-09-05 13:01:10,174] {dag.py:2439} INFO - Creating ORM DAG for example_nested_branch_dag
[2023-09-05 13:01:10,195] {logging_mixin.py:115} INFO - [2023-09-05 13:01:10,195] {dag.py:2972} INFO - Setting next_dagrun for example_nested_branch_dag to 2023-09-04T00:00:00+00:00, run_after=2023-09-05T00:00:00+00:00
[2023-09-05 13:01:10,220] {processor.py:161} INFO - Processing /home/airflow/.local/lib/python3.7/site-packages/airflow/example_dags/example_nested_branch_dag.py took 0.394 seconds
[2023-09-05 13:01:40,630] {processor.py:153} INFO - Started process (PID=130) to work on /home/airflow/.local/lib/python3.7/site-packages/airflow/example_dags/example_nested_branch_dag.py
[2023-09-05 13:01:40,631] {processor.py:641} INFO - Processing file /home/airflow/.local/lib/python3.7/site-packages/airflow/example_dags/example_nested_branch_dag.py for tasks to queue
[2023-09-05 13:01:40,632] {logging_mixin.py:115} INFO - [2023-09-05 13:01:40,632] {dagbag.py:508} INFO - Filling up the DagBag from /home/airflow/.local/lib/python3.7/site-packages/airflow/example_dags/example_nested_branch_dag.py
[2023-09-05 13:01:40,644] {processor.py:651} INFO - DAG(s) dict_keys(['example_nested_branch_dag']) retrieved from /home/airflow/.local/lib/python3.7/site-packages/airflow/example_dags/example_nested_branch_dag.py
[2023-09-05 13:01:40,674] {logging_mixin.py:115} INFO - [2023-09-05 13:01:40,674] {dag.py:2420} INFO - Sync 1 DAGs
[2023-09-05 13:01:40,704] {logging_mixin.py:115} INFO - [2023-09-05 13:01:40,704] {dag.py:2972} INFO - Setting next_dagrun for example_nested_branch_dag to 2023-09-04T00:00:00+00:00, run_after=2023-09-05T00:00:00+00:00
[2023-09-05 13:01:40,718] {processor.py:161} INFO - Processing /home/airflow/.local/lib/python3.7/site-packages/airflow/example_dags/example_nested_branch_dag.py took 0.092 seconds
[2023-09-05 13:02:11,306] {processor.py:153} INFO - Started process (PID=182) to work on /home/airflow/.local/lib/python3.7/site-packages/airflow/example_dags/example_nested_branch_dag.py
[2023-09-05 13:02:11,307] {processor.py:641} INFO - Processing file /home/airflow/.local/lib/python3.7/site-packages/airflow/example_dags/example_nested_branch_dag.py for tasks to queue
[2023-09-05 13:02:11,307] {logging_mixin.py:115} INFO - [2023-09-05 13:02:11,307] {dagbag.py:508} INFO - Filling up the DagBag from /home/airflow/.local/lib/python3.7/site-packages/airflow/example_dags/example_nested_branch_dag.py
[2023-09-05 13:02:11,316] {processor.py:651} INFO - DAG(s) dict_keys(['example_nested_branch_dag']) retrieved from /home/airflow/.local/lib/python3.7/site-packages/airflow/example_dags/example_nested_branch_dag.py
[2023-09-05 13:02:11,339] {logging_mixin.py:115} INFO - [2023-09-05 13:02:11,339] {dag.py:2420} INFO - Sync 1 DAGs
[2023-09-05 13:02:11,358] {logging_mixin.py:115} INFO - [2023-09-05 13:02:11,358] {dag.py:2972} INFO - Setting next_dagrun for example_nested_branch_dag to 2023-09-04T00:00:00+00:00, run_after=2023-09-05T00:00:00+00:00
[2023-09-05 13:02:11,371] {processor.py:161} INFO - Processing /home/airflow/.local/lib/python3.7/site-packages/airflow/example_dags/example_nested_branch_dag.py took 0.067 seconds
[2023-09-05 13:02:41,764] {processor.py:153} INFO - Started process (PID=243) to work on /home/airflow/.local/lib/python3.7/site-packages/airflow/example_dags/example_nested_branch_dag.py
[2023-09-05 13:02:41,765] {processor.py:641} INFO - Processing file /home/airflow/.local/lib/python3.7/site-packages/airflow/example_dags/example_nested_branch_dag.py for tasks to queue
[2023-09-05 13:02:41,765] {logging_mixin.py:115} INFO - [2023-09-05 13:02:41,765] {dagbag.py:508} INFO - Filling up the DagBag from /home/airflow/.local/lib/python3.7/site-packages/airflow/example_dags/example_nested_branch_dag.py
[2023-09-05 13:02:41,773] {processor.py:651} INFO - DAG(s) dict_keys(['example_nested_branch_dag']) retrieved from /home/airflow/.local/lib/python3.7/site-packages/airflow/example_dags/example_nested_branch_dag.py
[2023-09-05 13:02:41,797] {logging_mixin.py:115} INFO - [2023-09-05 13:02:41,797] {dag.py:2420} INFO - Sync 1 DAGs
[2023-09-05 13:02:41,816] {logging_mixin.py:115} INFO - [2023-09-05 13:02:41,816] {dag.py:2972} INFO - Setting next_dagrun for example_nested_branch_dag to 2023-09-04T00:00:00+00:00, run_after=2023-09-05T00:00:00+00:00
[2023-09-05 13:02:41,829] {processor.py:161} INFO - Processing /home/airflow/.local/lib/python3.7/site-packages/airflow/example_dags/example_nested_branch_dag.py took 0.068 seconds
[2023-09-05 13:03:12,475] {processor.py:153} INFO - Started process (PID=304) to work on /home/airflow/.local/lib/python3.7/site-packages/airflow/example_dags/example_nested_branch_dag.py
[2023-09-05 13:03:12,476] {processor.py:641} INFO - Processing file /home/airflow/.local/lib/python3.7/site-packages/airflow/example_dags/example_nested_branch_dag.py for tasks to queue
[2023-09-05 13:03:12,477] {logging_mixin.py:115} INFO - [2023-09-05 13:03:12,477] {dagbag.py:508} INFO - Filling up the DagBag from /home/airflow/.local/lib/python3.7/site-packages/airflow/example_dags/example_nested_branch_dag.py
[2023-09-05 13:03:12,485] {processor.py:651} INFO - DAG(s) dict_keys(['example_nested_branch_dag']) retrieved from /home/airflow/.local/lib/python3.7/site-packages/airflow/example_dags/example_nested_branch_dag.py
[2023-09-05 13:03:12,509] {logging_mixin.py:115} INFO - [2023-09-05 13:03:12,509] {dag.py:2420} INFO - Sync 1 DAGs
[2023-09-05 13:03:12,529] {logging_mixin.py:115} INFO - [2023-09-05 13:03:12,529] {dag.py:2972} INFO - Setting next_dagrun for example_nested_branch_dag to 2023-09-04T00:00:00+00:00, run_after=2023-09-05T00:00:00+00:00
[2023-09-05 13:03:12,542] {processor.py:161} INFO - Processing /home/airflow/.local/lib/python3.7/site-packages/airflow/example_dags/example_nested_branch_dag.py took 0.069 seconds
[2023-09-05 13:03:43,092] {processor.py:153} INFO - Started process (PID=363) to work on /home/airflow/.local/lib/python3.7/site-packages/airflow/example_dags/example_nested_branch_dag.py
[2023-09-05 13:03:43,093] {processor.py:641} INFO - Processing file /home/airflow/.local/lib/python3.7/site-packages/airflow/example_dags/example_nested_branch_dag.py for tasks to queue
[2023-09-05 13:03:43,093] {logging_mixin.py:115} INFO - [2023-09-05 13:03:43,093] {dagbag.py:508} INFO - Filling up the DagBag from /home/airflow/.local/lib/python3.7/site-packages/airflow/example_dags/example_nested_branch_dag.py
[2023-09-05 13:03:43,102] {processor.py:651} INFO - DAG(s) dict_keys(['example_nested_branch_dag']) retrieved from /home/airflow/.local/lib/python3.7/site-packages/airflow/example_dags/example_nested_branch_dag.py
[2023-09-05 13:03:43,127] {logging_mixin.py:115} INFO - [2023-09-05 13:03:43,127] {dag.py:2420} INFO - Sync 1 DAGs
[2023-09-05 13:03:43,150] {logging_mixin.py:115} INFO - [2023-09-05 13:03:43,150] {dag.py:2972} INFO - Setting next_dagrun for example_nested_branch_dag to 2023-09-04T00:00:00+00:00, run_after=2023-09-05T00:00:00+00:00
[2023-09-05 13:03:43,162] {processor.py:161} INFO - Processing /home/airflow/.local/lib/python3.7/site-packages/airflow/example_dags/example_nested_branch_dag.py took 0.073 seconds
[2023-09-05 13:04:14,077] {processor.py:153} INFO - Started process (PID=417) to work on /home/airflow/.local/lib/python3.7/site-packages/airflow/example_dags/example_nested_branch_dag.py
[2023-09-05 13:04:14,078] {processor.py:641} INFO - Processing file /home/airflow/.local/lib/python3.7/site-packages/airflow/example_dags/example_nested_branch_dag.py for tasks to queue
[2023-09-05 13:04:14,078] {logging_mixin.py:115} INFO - [2023-09-05 13:04:14,078] {dagbag.py:508} INFO - Filling up the DagBag from /home/airflow/.local/lib/python3.7/site-packages/airflow/example_dags/example_nested_branch_dag.py
[2023-09-05 13:04:14,088] {processor.py:651} INFO - DAG(s) dict_keys(['example_nested_branch_dag']) retrieved from /home/airflow/.local/lib/python3.7/site-packages/airflow/example_dags/example_nested_branch_dag.py
[2023-09-05 13:04:14,116] {logging_mixin.py:115} INFO - [2023-09-05 13:04:14,116] {dag.py:2420} INFO - Sync 1 DAGs
[2023-09-05 13:04:14,146] {logging_mixin.py:115} INFO - [2023-09-05 13:04:14,145] {dag.py:2972} INFO - Setting next_dagrun for example_nested_branch_dag to 2023-09-04T00:00:00+00:00, run_after=2023-09-05T00:00:00+00:00
[2023-09-05 13:04:14,161] {processor.py:161} INFO - Processing /home/airflow/.local/lib/python3.7/site-packages/airflow/example_dags/example_nested_branch_dag.py took 0.087 seconds
[2023-09-05 13:04:44,803] {processor.py:153} INFO - Started process (PID=477) to work on /home/airflow/.local/lib/python3.7/site-packages/airflow/example_dags/example_nested_branch_dag.py
[2023-09-05 13:04:44,803] {processor.py:641} INFO - Processing file /home/airflow/.local/lib/python3.7/site-packages/airflow/example_dags/example_nested_branch_dag.py for tasks to queue
[2023-09-05 13:04:44,803] {logging_mixin.py:115} INFO - [2023-09-05 13:04:44,803] {dagbag.py:508} INFO - Filling up the DagBag from /home/airflow/.local/lib/python3.7/site-packages/airflow/example_dags/example_nested_branch_dag.py
[2023-09-05 13:04:44,812] {processor.py:651} INFO - DAG(s) dict_keys(['example_nested_branch_dag']) retrieved from /home/airflow/.local/lib/python3.7/site-packages/airflow/example_dags/example_nested_branch_dag.py
[2023-09-05 13:04:44,837] {logging_mixin.py:115} INFO - [2023-09-05 13:04:44,837] {dag.py:2420} INFO - Sync 1 DAGs
[2023-09-05 13:04:44,858] {logging_mixin.py:115} INFO - [2023-09-05 13:04:44,858] {dag.py:2972} INFO - Setting next_dagrun for example_nested_branch_dag to 2023-09-04T00:00:00+00:00, run_after=2023-09-05T00:00:00+00:00
[2023-09-05 13:04:44,871] {processor.py:161} INFO - Processing /home/airflow/.local/lib/python3.7/site-packages/airflow/example_dags/example_nested_branch_dag.py took 0.071 seconds
[2023-09-05 13:05:15,316] {processor.py:153} INFO - Started process (PID=538) to work on /home/airflow/.local/lib/python3.7/site-packages/airflow/example_dags/example_nested_branch_dag.py
[2023-09-05 13:05:15,317] {processor.py:641} INFO - Processing file /home/airflow/.local/lib/python3.7/site-packages/airflow/example_dags/example_nested_branch_dag.py for tasks to queue
[2023-09-05 13:05:15,318] {logging_mixin.py:115} INFO - [2023-09-05 13:05:15,318] {dagbag.py:508} INFO - Filling up the DagBag from /home/airflow/.local/lib/python3.7/site-packages/airflow/example_dags/example_nested_branch_dag.py
[2023-09-05 13:05:15,350] {processor.py:651} INFO - DAG(s) dict_keys(['example_nested_branch_dag']) retrieved from /home/airflow/.local/lib/python3.7/site-packages/airflow/example_dags/example_nested_branch_dag.py
[2023-09-05 13:05:15,420] {logging_mixin.py:115} INFO - [2023-09-05 13:05:15,420] {dag.py:2420} INFO - Sync 1 DAGs
[2023-09-05 13:05:15,463] {logging_mixin.py:115} INFO - [2023-09-05 13:05:15,463] {dag.py:2972} INFO - Setting next_dagrun for example_nested_branch_dag to 2023-09-04T00:00:00+00:00, run_after=2023-09-05T00:00:00+00:00
[2023-09-05 13:05:15,487] {processor.py:161} INFO - Processing /home/airflow/.local/lib/python3.7/site-packages/airflow/example_dags/example_nested_branch_dag.py took 0.176 seconds
[2023-09-05 13:05:45,708] {processor.py:153} INFO - Started process (PID=590) to work on /home/airflow/.local/lib/python3.7/site-packages/airflow/example_dags/example_nested_branch_dag.py
[2023-09-05 13:05:45,709] {processor.py:641} INFO - Processing file /home/airflow/.local/lib/python3.7/site-packages/airflow/example_dags/example_nested_branch_dag.py for tasks to queue
[2023-09-05 13:05:45,709] {logging_mixin.py:115} INFO - [2023-09-05 13:05:45,709] {dagbag.py:508} INFO - Filling up the DagBag from /home/airflow/.local/lib/python3.7/site-packages/airflow/example_dags/example_nested_branch_dag.py
[2023-09-05 13:05:45,720] {processor.py:651} INFO - DAG(s) dict_keys(['example_nested_branch_dag']) retrieved from /home/airflow/.local/lib/python3.7/site-packages/airflow/example_dags/example_nested_branch_dag.py
[2023-09-05 13:05:45,759] {logging_mixin.py:115} INFO - [2023-09-05 13:05:45,759] {dag.py:2420} INFO - Sync 1 DAGs
[2023-09-05 13:05:45,791] {logging_mixin.py:115} INFO - [2023-09-05 13:05:45,791] {dag.py:2972} INFO - Setting next_dagrun for example_nested_branch_dag to 2023-09-04T00:00:00+00:00, run_after=2023-09-05T00:00:00+00:00
[2023-09-05 13:05:45,803] {processor.py:161} INFO - Processing /home/airflow/.local/lib/python3.7/site-packages/airflow/example_dags/example_nested_branch_dag.py took 0.098 seconds
[2023-09-05 13:06:16,705] {processor.py:153} INFO - Started process (PID=651) to work on /home/airflow/.local/lib/python3.7/site-packages/airflow/example_dags/example_nested_branch_dag.py
[2023-09-05 13:06:16,706] {processor.py:641} INFO - Processing file /home/airflow/.local/lib/python3.7/site-packages/airflow/example_dags/example_nested_branch_dag.py for tasks to queue
[2023-09-05 13:06:16,707] {logging_mixin.py:115} INFO - [2023-09-05 13:06:16,707] {dagbag.py:508} INFO - Filling up the DagBag from /home/airflow/.local/lib/python3.7/site-packages/airflow/example_dags/example_nested_branch_dag.py
[2023-09-05 13:06:16,717] {processor.py:651} INFO - DAG(s) dict_keys(['example_nested_branch_dag']) retrieved from /home/airflow/.local/lib/python3.7/site-packages/airflow/example_dags/example_nested_branch_dag.py
[2023-09-05 13:06:16,745] {logging_mixin.py:115} INFO - [2023-09-05 13:06:16,745] {dag.py:2420} INFO - Sync 1 DAGs
[2023-09-05 13:06:16,775] {logging_mixin.py:115} INFO - [2023-09-05 13:06:16,775] {dag.py:2972} INFO - Setting next_dagrun for example_nested_branch_dag to 2023-09-04T00:00:00+00:00, run_after=2023-09-05T00:00:00+00:00
[2023-09-05 13:06:16,791] {processor.py:161} INFO - Processing /home/airflow/.local/lib/python3.7/site-packages/airflow/example_dags/example_nested_branch_dag.py took 0.088 seconds
[2023-09-05 13:06:47,758] {processor.py:153} INFO - Started process (PID=712) to work on /home/airflow/.local/lib/python3.7/site-packages/airflow/example_dags/example_nested_branch_dag.py
[2023-09-05 13:06:47,759] {processor.py:641} INFO - Processing file /home/airflow/.local/lib/python3.7/site-packages/airflow/example_dags/example_nested_branch_dag.py for tasks to queue
[2023-09-05 13:06:47,759] {logging_mixin.py:115} INFO - [2023-09-05 13:06:47,759] {dagbag.py:508} INFO - Filling up the DagBag from /home/airflow/.local/lib/python3.7/site-packages/airflow/example_dags/example_nested_branch_dag.py
[2023-09-05 13:06:47,773] {processor.py:651} INFO - DAG(s) dict_keys(['example_nested_branch_dag']) retrieved from /home/airflow/.local/lib/python3.7/site-packages/airflow/example_dags/example_nested_branch_dag.py
[2023-09-05 13:06:47,804] {logging_mixin.py:115} INFO - [2023-09-05 13:06:47,804] {dag.py:2420} INFO - Sync 1 DAGs
[2023-09-05 13:06:47,830] {logging_mixin.py:115} INFO - [2023-09-05 13:06:47,830] {dag.py:2972} INFO - Setting next_dagrun for example_nested_branch_dag to 2023-09-04T00:00:00+00:00, run_after=2023-09-05T00:00:00+00:00
[2023-09-05 13:06:47,845] {processor.py:161} INFO - Processing /home/airflow/.local/lib/python3.7/site-packages/airflow/example_dags/example_nested_branch_dag.py took 0.090 seconds
[2023-09-05 13:07:19,000] {processor.py:153} INFO - Started process (PID=764) to work on /home/airflow/.local/lib/python3.7/site-packages/airflow/example_dags/example_nested_branch_dag.py
[2023-09-05 13:07:19,001] {processor.py:641} INFO - Processing file /home/airflow/.local/lib/python3.7/site-packages/airflow/example_dags/example_nested_branch_dag.py for tasks to queue
[2023-09-05 13:07:19,002] {logging_mixin.py:115} INFO - [2023-09-05 13:07:19,002] {dagbag.py:508} INFO - Filling up the DagBag from /home/airflow/.local/lib/python3.7/site-packages/airflow/example_dags/example_nested_branch_dag.py
[2023-09-05 13:07:19,016] {processor.py:651} INFO - DAG(s) dict_keys(['example_nested_branch_dag']) retrieved from /home/airflow/.local/lib/python3.7/site-packages/airflow/example_dags/example_nested_branch_dag.py
[2023-09-05 13:07:19,052] {logging_mixin.py:115} INFO - [2023-09-05 13:07:19,052] {dag.py:2420} INFO - Sync 1 DAGs
[2023-09-05 13:07:19,084] {logging_mixin.py:115} INFO - [2023-09-05 13:07:19,083] {dag.py:2972} INFO - Setting next_dagrun for example_nested_branch_dag to 2023-09-04T00:00:00+00:00, run_after=2023-09-05T00:00:00+00:00
[2023-09-05 13:07:19,097] {processor.py:161} INFO - Processing /home/airflow/.local/lib/python3.7/site-packages/airflow/example_dags/example_nested_branch_dag.py took 0.100 seconds
[2023-09-05 13:07:50,101] {processor.py:153} INFO - Started process (PID=825) to work on /home/airflow/.local/lib/python3.7/site-packages/airflow/example_dags/example_nested_branch_dag.py
[2023-09-05 13:07:50,102] {processor.py:641} INFO - Processing file /home/airflow/.local/lib/python3.7/site-packages/airflow/example_dags/example_nested_branch_dag.py for tasks to queue
[2023-09-05 13:07:50,102] {logging_mixin.py:115} INFO - [2023-09-05 13:07:50,102] {dagbag.py:508} INFO - Filling up the DagBag from /home/airflow/.local/lib/python3.7/site-packages/airflow/example_dags/example_nested_branch_dag.py
[2023-09-05 13:07:50,114] {processor.py:651} INFO - DAG(s) dict_keys(['example_nested_branch_dag']) retrieved from /home/airflow/.local/lib/python3.7/site-packages/airflow/example_dags/example_nested_branch_dag.py
[2023-09-05 13:07:50,146] {logging_mixin.py:115} INFO - [2023-09-05 13:07:50,146] {dag.py:2420} INFO - Sync 1 DAGs
[2023-09-05 13:07:50,178] {logging_mixin.py:115} INFO - [2023-09-05 13:07:50,177] {dag.py:2972} INFO - Setting next_dagrun for example_nested_branch_dag to 2023-09-04T00:00:00+00:00, run_after=2023-09-05T00:00:00+00:00
[2023-09-05 13:07:50,196] {processor.py:161} INFO - Processing /home/airflow/.local/lib/python3.7/site-packages/airflow/example_dags/example_nested_branch_dag.py took 0.098 seconds
[2023-09-05 13:08:20,667] {processor.py:153} INFO - Started process (PID=877) to work on /home/airflow/.local/lib/python3.7/site-packages/airflow/example_dags/example_nested_branch_dag.py
[2023-09-05 13:08:20,668] {processor.py:641} INFO - Processing file /home/airflow/.local/lib/python3.7/site-packages/airflow/example_dags/example_nested_branch_dag.py for tasks to queue
[2023-09-05 13:08:20,669] {logging_mixin.py:115} INFO - [2023-09-05 13:08:20,669] {dagbag.py:508} INFO - Filling up the DagBag from /home/airflow/.local/lib/python3.7/site-packages/airflow/example_dags/example_nested_branch_dag.py
[2023-09-05 13:08:20,690] {processor.py:651} INFO - DAG(s) dict_keys(['example_nested_branch_dag']) retrieved from /home/airflow/.local/lib/python3.7/site-packages/airflow/example_dags/example_nested_branch_dag.py
[2023-09-05 13:08:20,736] {logging_mixin.py:115} INFO - [2023-09-05 13:08:20,736] {dag.py:2420} INFO - Sync 1 DAGs
[2023-09-05 13:08:20,773] {logging_mixin.py:115} INFO - [2023-09-05 13:08:20,773] {dag.py:2972} INFO - Setting next_dagrun for example_nested_branch_dag to 2023-09-04T00:00:00+00:00, run_after=2023-09-05T00:00:00+00:00
[2023-09-05 13:08:20,795] {processor.py:161} INFO - Processing /home/airflow/.local/lib/python3.7/site-packages/airflow/example_dags/example_nested_branch_dag.py took 0.134 seconds
[2023-09-05 13:08:51,052] {processor.py:153} INFO - Started process (PID=938) to work on /home/airflow/.local/lib/python3.7/site-packages/airflow/example_dags/example_nested_branch_dag.py
[2023-09-05 13:08:51,053] {processor.py:641} INFO - Processing file /home/airflow/.local/lib/python3.7/site-packages/airflow/example_dags/example_nested_branch_dag.py for tasks to queue
[2023-09-05 13:08:51,054] {logging_mixin.py:115} INFO - [2023-09-05 13:08:51,054] {dagbag.py:508} INFO - Filling up the DagBag from /home/airflow/.local/lib/python3.7/site-packages/airflow/example_dags/example_nested_branch_dag.py
[2023-09-05 13:08:51,072] {processor.py:651} INFO - DAG(s) dict_keys(['example_nested_branch_dag']) retrieved from /home/airflow/.local/lib/python3.7/site-packages/airflow/example_dags/example_nested_branch_dag.py
[2023-09-05 13:08:51,113] {logging_mixin.py:115} INFO - [2023-09-05 13:08:51,113] {dag.py:2420} INFO - Sync 1 DAGs
[2023-09-05 13:08:51,145] {logging_mixin.py:115} INFO - [2023-09-05 13:08:51,145] {dag.py:2972} INFO - Setting next_dagrun for example_nested_branch_dag to 2023-09-04T00:00:00+00:00, run_after=2023-09-05T00:00:00+00:00
[2023-09-05 13:08:51,164] {processor.py:161} INFO - Processing /home/airflow/.local/lib/python3.7/site-packages/airflow/example_dags/example_nested_branch_dag.py took 0.118 seconds
