[2023-09-05 13:01:09,348] {processor.py:153} INFO - Started process (PID=65) to work on /home/airflow/.local/lib/python3.7/site-packages/airflow/example_dags/example_dag_decorator.py
[2023-09-05 13:01:09,369] {processor.py:641} INFO - Processing file /home/airflow/.local/lib/python3.7/site-packages/airflow/example_dags/example_dag_decorator.py for tasks to queue
[2023-09-05 13:01:09,374] {logging_mixin.py:115} INFO - [2023-09-05 13:01:09,374] {dagbag.py:508} INFO - Filling up the DagBag from /home/airflow/.local/lib/python3.7/site-packages/airflow/example_dags/example_dag_decorator.py
[2023-09-05 13:01:09,457] {processor.py:651} INFO - DAG(s) dict_keys(['example_dag_decorator']) retrieved from /home/airflow/.local/lib/python3.7/site-packages/airflow/example_dags/example_dag_decorator.py
[2023-09-05 13:01:09,609] {logging_mixin.py:115} INFO - [2023-09-05 13:01:09,609] {manager.py:508} INFO - Created Permission View: can read on DAG:example_dag_decorator
[2023-09-05 13:01:09,627] {logging_mixin.py:115} INFO - [2023-09-05 13:01:09,627] {manager.py:508} INFO - Created Permission View: can delete on DAG:example_dag_decorator
[2023-09-05 13:01:09,639] {logging_mixin.py:115} INFO - [2023-09-05 13:01:09,638] {manager.py:508} INFO - Created Permission View: can edit on DAG:example_dag_decorator
[2023-09-05 13:01:09,639] {logging_mixin.py:115} INFO - [2023-09-05 13:01:09,639] {dag.py:2420} INFO - Sync 1 DAGs
[2023-09-05 13:01:09,660] {logging_mixin.py:115} INFO - [2023-09-05 13:01:09,659] {dag.py:2439} INFO - Creating ORM DAG for example_dag_decorator
[2023-09-05 13:01:09,684] {logging_mixin.py:115} INFO - [2023-09-05 13:01:09,684] {dag.py:2972} INFO - Setting next_dagrun for example_dag_decorator to None, run_after=None
[2023-09-05 13:01:09,713] {processor.py:161} INFO - Processing /home/airflow/.local/lib/python3.7/site-packages/airflow/example_dags/example_dag_decorator.py took 0.384 seconds
[2023-09-05 13:01:40,492] {processor.py:153} INFO - Started process (PID=127) to work on /home/airflow/.local/lib/python3.7/site-packages/airflow/example_dags/example_dag_decorator.py
[2023-09-05 13:01:40,493] {processor.py:641} INFO - Processing file /home/airflow/.local/lib/python3.7/site-packages/airflow/example_dags/example_dag_decorator.py for tasks to queue
[2023-09-05 13:01:40,494] {logging_mixin.py:115} INFO - [2023-09-05 13:01:40,494] {dagbag.py:508} INFO - Filling up the DagBag from /home/airflow/.local/lib/python3.7/site-packages/airflow/example_dags/example_dag_decorator.py
[2023-09-05 13:01:40,513] {processor.py:651} INFO - DAG(s) dict_keys(['example_dag_decorator']) retrieved from /home/airflow/.local/lib/python3.7/site-packages/airflow/example_dags/example_dag_decorator.py
[2023-09-05 13:01:40,575] {logging_mixin.py:115} INFO - [2023-09-05 13:01:40,575] {dag.py:2420} INFO - Sync 1 DAGs
[2023-09-05 13:01:40,595] {logging_mixin.py:115} INFO - [2023-09-05 13:01:40,595] {dag.py:2972} INFO - Setting next_dagrun for example_dag_decorator to None, run_after=None
[2023-09-05 13:01:40,614] {processor.py:161} INFO - Processing /home/airflow/.local/lib/python3.7/site-packages/airflow/example_dags/example_dag_decorator.py took 0.124 seconds
[2023-09-05 13:02:11,184] {processor.py:153} INFO - Started process (PID=179) to work on /home/airflow/.local/lib/python3.7/site-packages/airflow/example_dags/example_dag_decorator.py
[2023-09-05 13:02:11,185] {processor.py:641} INFO - Processing file /home/airflow/.local/lib/python3.7/site-packages/airflow/example_dags/example_dag_decorator.py for tasks to queue
[2023-09-05 13:02:11,185] {logging_mixin.py:115} INFO - [2023-09-05 13:02:11,185] {dagbag.py:508} INFO - Filling up the DagBag from /home/airflow/.local/lib/python3.7/site-packages/airflow/example_dags/example_dag_decorator.py
[2023-09-05 13:02:11,206] {processor.py:651} INFO - DAG(s) dict_keys(['example_dag_decorator']) retrieved from /home/airflow/.local/lib/python3.7/site-packages/airflow/example_dags/example_dag_decorator.py
[2023-09-05 13:02:11,265] {logging_mixin.py:115} INFO - [2023-09-05 13:02:11,264] {dag.py:2420} INFO - Sync 1 DAGs
[2023-09-05 13:02:11,280] {logging_mixin.py:115} INFO - [2023-09-05 13:02:11,280] {dag.py:2972} INFO - Setting next_dagrun for example_dag_decorator to None, run_after=None
[2023-09-05 13:02:11,293] {processor.py:161} INFO - Processing /home/airflow/.local/lib/python3.7/site-packages/airflow/example_dags/example_dag_decorator.py took 0.112 seconds
[2023-09-05 13:02:41,644] {processor.py:153} INFO - Started process (PID=240) to work on /home/airflow/.local/lib/python3.7/site-packages/airflow/example_dags/example_dag_decorator.py
[2023-09-05 13:02:41,645] {processor.py:641} INFO - Processing file /home/airflow/.local/lib/python3.7/site-packages/airflow/example_dags/example_dag_decorator.py for tasks to queue
[2023-09-05 13:02:41,646] {logging_mixin.py:115} INFO - [2023-09-05 13:02:41,646] {dagbag.py:508} INFO - Filling up the DagBag from /home/airflow/.local/lib/python3.7/site-packages/airflow/example_dags/example_dag_decorator.py
[2023-09-05 13:02:41,665] {processor.py:651} INFO - DAG(s) dict_keys(['example_dag_decorator']) retrieved from /home/airflow/.local/lib/python3.7/site-packages/airflow/example_dags/example_dag_decorator.py
[2023-09-05 13:02:41,722] {logging_mixin.py:115} INFO - [2023-09-05 13:02:41,722] {dag.py:2420} INFO - Sync 1 DAGs
[2023-09-05 13:02:41,737] {logging_mixin.py:115} INFO - [2023-09-05 13:02:41,737] {dag.py:2972} INFO - Setting next_dagrun for example_dag_decorator to None, run_after=None
[2023-09-05 13:02:41,752] {processor.py:161} INFO - Processing /home/airflow/.local/lib/python3.7/site-packages/airflow/example_dags/example_dag_decorator.py took 0.110 seconds
[2023-09-05 13:03:12,350] {processor.py:153} INFO - Started process (PID=301) to work on /home/airflow/.local/lib/python3.7/site-packages/airflow/example_dags/example_dag_decorator.py
[2023-09-05 13:03:12,352] {processor.py:641} INFO - Processing file /home/airflow/.local/lib/python3.7/site-packages/airflow/example_dags/example_dag_decorator.py for tasks to queue
[2023-09-05 13:03:12,353] {logging_mixin.py:115} INFO - [2023-09-05 13:03:12,353] {dagbag.py:508} INFO - Filling up the DagBag from /home/airflow/.local/lib/python3.7/site-packages/airflow/example_dags/example_dag_decorator.py
[2023-09-05 13:03:12,372] {processor.py:651} INFO - DAG(s) dict_keys(['example_dag_decorator']) retrieved from /home/airflow/.local/lib/python3.7/site-packages/airflow/example_dags/example_dag_decorator.py
[2023-09-05 13:03:12,433] {logging_mixin.py:115} INFO - [2023-09-05 13:03:12,433] {dag.py:2420} INFO - Sync 1 DAGs
[2023-09-05 13:03:12,449] {logging_mixin.py:115} INFO - [2023-09-05 13:03:12,449] {dag.py:2972} INFO - Setting next_dagrun for example_dag_decorator to None, run_after=None
[2023-09-05 13:03:12,463] {processor.py:161} INFO - Processing /home/airflow/.local/lib/python3.7/site-packages/airflow/example_dags/example_dag_decorator.py took 0.115 seconds
[2023-09-05 13:03:42,971] {processor.py:153} INFO - Started process (PID=355) to work on /home/airflow/.local/lib/python3.7/site-packages/airflow/example_dags/example_dag_decorator.py
[2023-09-05 13:03:42,971] {processor.py:641} INFO - Processing file /home/airflow/.local/lib/python3.7/site-packages/airflow/example_dags/example_dag_decorator.py for tasks to queue
[2023-09-05 13:03:42,971] {logging_mixin.py:115} INFO - [2023-09-05 13:03:42,971] {dagbag.py:508} INFO - Filling up the DagBag from /home/airflow/.local/lib/python3.7/site-packages/airflow/example_dags/example_dag_decorator.py
[2023-09-05 13:03:42,992] {processor.py:651} INFO - DAG(s) dict_keys(['example_dag_decorator']) retrieved from /home/airflow/.local/lib/python3.7/site-packages/airflow/example_dags/example_dag_decorator.py
[2023-09-05 13:03:43,050] {logging_mixin.py:115} INFO - [2023-09-05 13:03:43,050] {dag.py:2420} INFO - Sync 1 DAGs
[2023-09-05 13:03:43,066] {logging_mixin.py:115} INFO - [2023-09-05 13:03:43,065] {dag.py:2972} INFO - Setting next_dagrun for example_dag_decorator to None, run_after=None
[2023-09-05 13:03:43,079] {processor.py:161} INFO - Processing /home/airflow/.local/lib/python3.7/site-packages/airflow/example_dags/example_dag_decorator.py took 0.112 seconds
[2023-09-05 13:04:13,941] {processor.py:153} INFO - Started process (PID=414) to work on /home/airflow/.local/lib/python3.7/site-packages/airflow/example_dags/example_dag_decorator.py
[2023-09-05 13:04:13,942] {processor.py:641} INFO - Processing file /home/airflow/.local/lib/python3.7/site-packages/airflow/example_dags/example_dag_decorator.py for tasks to queue
[2023-09-05 13:04:13,943] {logging_mixin.py:115} INFO - [2023-09-05 13:04:13,943] {dagbag.py:508} INFO - Filling up the DagBag from /home/airflow/.local/lib/python3.7/site-packages/airflow/example_dags/example_dag_decorator.py
[2023-09-05 13:04:13,962] {processor.py:651} INFO - DAG(s) dict_keys(['example_dag_decorator']) retrieved from /home/airflow/.local/lib/python3.7/site-packages/airflow/example_dags/example_dag_decorator.py
[2023-09-05 13:04:14,025] {logging_mixin.py:115} INFO - [2023-09-05 13:04:14,025] {dag.py:2420} INFO - Sync 1 DAGs
[2023-09-05 13:04:14,044] {logging_mixin.py:115} INFO - [2023-09-05 13:04:14,044] {dag.py:2972} INFO - Setting next_dagrun for example_dag_decorator to None, run_after=None
[2023-09-05 13:04:14,061] {processor.py:161} INFO - Processing /home/airflow/.local/lib/python3.7/site-packages/airflow/example_dags/example_dag_decorator.py took 0.123 seconds
[2023-09-05 13:04:44,683] {processor.py:153} INFO - Started process (PID=474) to work on /home/airflow/.local/lib/python3.7/site-packages/airflow/example_dags/example_dag_decorator.py
[2023-09-05 13:04:44,683] {processor.py:641} INFO - Processing file /home/airflow/.local/lib/python3.7/site-packages/airflow/example_dags/example_dag_decorator.py for tasks to queue
[2023-09-05 13:04:44,683] {logging_mixin.py:115} INFO - [2023-09-05 13:04:44,683] {dagbag.py:508} INFO - Filling up the DagBag from /home/airflow/.local/lib/python3.7/site-packages/airflow/example_dags/example_dag_decorator.py
[2023-09-05 13:04:44,702] {processor.py:651} INFO - DAG(s) dict_keys(['example_dag_decorator']) retrieved from /home/airflow/.local/lib/python3.7/site-packages/airflow/example_dags/example_dag_decorator.py
[2023-09-05 13:04:44,758] {logging_mixin.py:115} INFO - [2023-09-05 13:04:44,757] {dag.py:2420} INFO - Sync 1 DAGs
[2023-09-05 13:04:44,775] {logging_mixin.py:115} INFO - [2023-09-05 13:04:44,775] {dag.py:2972} INFO - Setting next_dagrun for example_dag_decorator to None, run_after=None
[2023-09-05 13:04:44,789] {processor.py:161} INFO - Processing /home/airflow/.local/lib/python3.7/site-packages/airflow/example_dags/example_dag_decorator.py took 0.109 seconds
[2023-09-05 13:05:14,932] {processor.py:153} INFO - Started process (PID=536) to work on /home/airflow/.local/lib/python3.7/site-packages/airflow/example_dags/example_dag_decorator.py
[2023-09-05 13:05:14,934] {processor.py:641} INFO - Processing file /home/airflow/.local/lib/python3.7/site-packages/airflow/example_dags/example_dag_decorator.py for tasks to queue
[2023-09-05 13:05:14,935] {logging_mixin.py:115} INFO - [2023-09-05 13:05:14,934] {dagbag.py:508} INFO - Filling up the DagBag from /home/airflow/.local/lib/python3.7/site-packages/airflow/example_dags/example_dag_decorator.py
[2023-09-05 13:05:14,990] {processor.py:651} INFO - DAG(s) dict_keys(['example_dag_decorator']) retrieved from /home/airflow/.local/lib/python3.7/site-packages/airflow/example_dags/example_dag_decorator.py
[2023-09-05 13:05:15,174] {logging_mixin.py:115} INFO - [2023-09-05 13:05:15,174] {dag.py:2420} INFO - Sync 1 DAGs
[2023-09-05 13:05:15,233] {logging_mixin.py:115} INFO - [2023-09-05 13:05:15,233] {dag.py:2972} INFO - Setting next_dagrun for example_dag_decorator to None, run_after=None
[2023-09-05 13:05:15,302] {processor.py:161} INFO - Processing /home/airflow/.local/lib/python3.7/site-packages/airflow/example_dags/example_dag_decorator.py took 0.374 seconds
[2023-09-05 13:05:45,601] {processor.py:153} INFO - Started process (PID=587) to work on /home/airflow/.local/lib/python3.7/site-packages/airflow/example_dags/example_dag_decorator.py
[2023-09-05 13:05:45,601] {processor.py:641} INFO - Processing file /home/airflow/.local/lib/python3.7/site-packages/airflow/example_dags/example_dag_decorator.py for tasks to queue
[2023-09-05 13:05:45,602] {logging_mixin.py:115} INFO - [2023-09-05 13:05:45,602] {dagbag.py:508} INFO - Filling up the DagBag from /home/airflow/.local/lib/python3.7/site-packages/airflow/example_dags/example_dag_decorator.py
[2023-09-05 13:05:45,624] {processor.py:651} INFO - DAG(s) dict_keys(['example_dag_decorator']) retrieved from /home/airflow/.local/lib/python3.7/site-packages/airflow/example_dags/example_dag_decorator.py
[2023-09-05 13:05:45,650] {logging_mixin.py:115} INFO - [2023-09-05 13:05:45,650] {dag.py:2420} INFO - Sync 1 DAGs
[2023-09-05 13:05:45,676] {logging_mixin.py:115} INFO - [2023-09-05 13:05:45,676] {dag.py:2972} INFO - Setting next_dagrun for example_dag_decorator to None, run_after=None
[2023-09-05 13:05:45,691] {processor.py:161} INFO - Processing /home/airflow/.local/lib/python3.7/site-packages/airflow/example_dags/example_dag_decorator.py took 0.093 seconds
[2023-09-05 13:06:16,463] {processor.py:153} INFO - Started process (PID=648) to work on /home/airflow/.local/lib/python3.7/site-packages/airflow/example_dags/example_dag_decorator.py
[2023-09-05 13:06:16,463] {processor.py:641} INFO - Processing file /home/airflow/.local/lib/python3.7/site-packages/airflow/example_dags/example_dag_decorator.py for tasks to queue
[2023-09-05 13:06:16,464] {logging_mixin.py:115} INFO - [2023-09-05 13:06:16,464] {dagbag.py:508} INFO - Filling up the DagBag from /home/airflow/.local/lib/python3.7/site-packages/airflow/example_dags/example_dag_decorator.py
[2023-09-05 13:06:16,494] {processor.py:651} INFO - DAG(s) dict_keys(['example_dag_decorator']) retrieved from /home/airflow/.local/lib/python3.7/site-packages/airflow/example_dags/example_dag_decorator.py
[2023-09-05 13:06:16,564] {logging_mixin.py:115} INFO - [2023-09-05 13:06:16,563] {dag.py:2420} INFO - Sync 1 DAGs
[2023-09-05 13:06:16,586] {logging_mixin.py:115} INFO - [2023-09-05 13:06:16,586] {dag.py:2972} INFO - Setting next_dagrun for example_dag_decorator to None, run_after=None
[2023-09-05 13:06:16,602] {processor.py:161} INFO - Processing /home/airflow/.local/lib/python3.7/site-packages/airflow/example_dags/example_dag_decorator.py took 0.143 seconds
[2023-09-05 13:06:47,576] {processor.py:153} INFO - Started process (PID=709) to work on /home/airflow/.local/lib/python3.7/site-packages/airflow/example_dags/example_dag_decorator.py
[2023-09-05 13:06:47,577] {processor.py:641} INFO - Processing file /home/airflow/.local/lib/python3.7/site-packages/airflow/example_dags/example_dag_decorator.py for tasks to queue
[2023-09-05 13:06:47,577] {logging_mixin.py:115} INFO - [2023-09-05 13:06:47,577] {dagbag.py:508} INFO - Filling up the DagBag from /home/airflow/.local/lib/python3.7/site-packages/airflow/example_dags/example_dag_decorator.py
[2023-09-05 13:06:47,599] {processor.py:651} INFO - DAG(s) dict_keys(['example_dag_decorator']) retrieved from /home/airflow/.local/lib/python3.7/site-packages/airflow/example_dags/example_dag_decorator.py
[2023-09-05 13:06:47,622] {logging_mixin.py:115} INFO - [2023-09-05 13:06:47,622] {dag.py:2420} INFO - Sync 1 DAGs
[2023-09-05 13:06:47,641] {logging_mixin.py:115} INFO - [2023-09-05 13:06:47,641] {dag.py:2972} INFO - Setting next_dagrun for example_dag_decorator to None, run_after=None
[2023-09-05 13:06:47,658] {processor.py:161} INFO - Processing /home/airflow/.local/lib/python3.7/site-packages/airflow/example_dags/example_dag_decorator.py took 0.086 seconds
[2023-09-05 13:07:18,815] {processor.py:153} INFO - Started process (PID=761) to work on /home/airflow/.local/lib/python3.7/site-packages/airflow/example_dags/example_dag_decorator.py
[2023-09-05 13:07:18,816] {processor.py:641} INFO - Processing file /home/airflow/.local/lib/python3.7/site-packages/airflow/example_dags/example_dag_decorator.py for tasks to queue
[2023-09-05 13:07:18,817] {logging_mixin.py:115} INFO - [2023-09-05 13:07:18,817] {dagbag.py:508} INFO - Filling up the DagBag from /home/airflow/.local/lib/python3.7/site-packages/airflow/example_dags/example_dag_decorator.py
[2023-09-05 13:07:18,851] {processor.py:651} INFO - DAG(s) dict_keys(['example_dag_decorator']) retrieved from /home/airflow/.local/lib/python3.7/site-packages/airflow/example_dags/example_dag_decorator.py
[2023-09-05 13:07:18,939] {logging_mixin.py:115} INFO - [2023-09-05 13:07:18,939] {dag.py:2420} INFO - Sync 1 DAGs
[2023-09-05 13:07:18,960] {logging_mixin.py:115} INFO - [2023-09-05 13:07:18,960] {dag.py:2972} INFO - Setting next_dagrun for example_dag_decorator to None, run_after=None
[2023-09-05 13:07:18,976] {processor.py:161} INFO - Processing /home/airflow/.local/lib/python3.7/site-packages/airflow/example_dags/example_dag_decorator.py took 0.166 seconds
[2023-09-05 13:07:49,948] {processor.py:153} INFO - Started process (PID=822) to work on /home/airflow/.local/lib/python3.7/site-packages/airflow/example_dags/example_dag_decorator.py
[2023-09-05 13:07:49,949] {processor.py:641} INFO - Processing file /home/airflow/.local/lib/python3.7/site-packages/airflow/example_dags/example_dag_decorator.py for tasks to queue
[2023-09-05 13:07:49,949] {logging_mixin.py:115} INFO - [2023-09-05 13:07:49,949] {dagbag.py:508} INFO - Filling up the DagBag from /home/airflow/.local/lib/python3.7/site-packages/airflow/example_dags/example_dag_decorator.py
[2023-09-05 13:07:49,973] {processor.py:651} INFO - DAG(s) dict_keys(['example_dag_decorator']) retrieved from /home/airflow/.local/lib/python3.7/site-packages/airflow/example_dags/example_dag_decorator.py
[2023-09-05 13:07:50,044] {logging_mixin.py:115} INFO - [2023-09-05 13:07:50,044] {dag.py:2420} INFO - Sync 1 DAGs
[2023-09-05 13:07:50,068] {logging_mixin.py:115} INFO - [2023-09-05 13:07:50,068] {dag.py:2972} INFO - Setting next_dagrun for example_dag_decorator to None, run_after=None
[2023-09-05 13:07:50,085] {processor.py:161} INFO - Processing /home/airflow/.local/lib/python3.7/site-packages/airflow/example_dags/example_dag_decorator.py took 0.140 seconds
[2023-09-05 13:08:20,445] {processor.py:153} INFO - Started process (PID=874) to work on /home/airflow/.local/lib/python3.7/site-packages/airflow/example_dags/example_dag_decorator.py
[2023-09-05 13:08:20,446] {processor.py:641} INFO - Processing file /home/airflow/.local/lib/python3.7/site-packages/airflow/example_dags/example_dag_decorator.py for tasks to queue
[2023-09-05 13:08:20,447] {logging_mixin.py:115} INFO - [2023-09-05 13:08:20,446] {dagbag.py:508} INFO - Filling up the DagBag from /home/airflow/.local/lib/python3.7/site-packages/airflow/example_dags/example_dag_decorator.py
[2023-09-05 13:08:20,487] {processor.py:651} INFO - DAG(s) dict_keys(['example_dag_decorator']) retrieved from /home/airflow/.local/lib/python3.7/site-packages/airflow/example_dags/example_dag_decorator.py
[2023-09-05 13:08:20,591] {logging_mixin.py:115} INFO - [2023-09-05 13:08:20,590] {dag.py:2420} INFO - Sync 1 DAGs
[2023-09-05 13:08:20,622] {logging_mixin.py:115} INFO - [2023-09-05 13:08:20,622] {dag.py:2972} INFO - Setting next_dagrun for example_dag_decorator to None, run_after=None
[2023-09-05 13:08:20,642] {processor.py:161} INFO - Processing /home/airflow/.local/lib/python3.7/site-packages/airflow/example_dags/example_dag_decorator.py took 0.203 seconds
[2023-09-05 13:08:50,739] {processor.py:153} INFO - Started process (PID=936) to work on /home/airflow/.local/lib/python3.7/site-packages/airflow/example_dags/example_dag_decorator.py
[2023-09-05 13:08:50,740] {processor.py:641} INFO - Processing file /home/airflow/.local/lib/python3.7/site-packages/airflow/example_dags/example_dag_decorator.py for tasks to queue
[2023-09-05 13:08:50,741] {logging_mixin.py:115} INFO - [2023-09-05 13:08:50,741] {dagbag.py:508} INFO - Filling up the DagBag from /home/airflow/.local/lib/python3.7/site-packages/airflow/example_dags/example_dag_decorator.py
[2023-09-05 13:08:50,776] {processor.py:651} INFO - DAG(s) dict_keys(['example_dag_decorator']) retrieved from /home/airflow/.local/lib/python3.7/site-packages/airflow/example_dags/example_dag_decorator.py
[2023-09-05 13:08:50,925] {logging_mixin.py:115} INFO - [2023-09-05 13:08:50,925] {dag.py:2420} INFO - Sync 1 DAGs
[2023-09-05 13:08:50,967] {logging_mixin.py:115} INFO - [2023-09-05 13:08:50,967] {dag.py:2972} INFO - Setting next_dagrun for example_dag_decorator to None, run_after=None
[2023-09-05 13:08:50,995] {processor.py:161} INFO - Processing /home/airflow/.local/lib/python3.7/site-packages/airflow/example_dags/example_dag_decorator.py took 0.260 seconds
