[2023-09-05 13:01:10,543] {processor.py:153} INFO - Started process (PID=72) to work on /home/airflow/.local/lib/python3.7/site-packages/airflow/example_dags/example_latest_only.py
[2023-09-05 13:01:10,544] {processor.py:641} INFO - Processing file /home/airflow/.local/lib/python3.7/site-packages/airflow/example_dags/example_latest_only.py for tasks to queue
[2023-09-05 13:01:10,545] {logging_mixin.py:115} INFO - [2023-09-05 13:01:10,545] {dagbag.py:508} INFO - Filling up the DagBag from /home/airflow/.local/lib/python3.7/site-packages/airflow/example_dags/example_latest_only.py
[2023-09-05 13:01:10,552] {processor.py:651} INFO - DAG(s) dict_keys(['latest_only']) retrieved from /home/airflow/.local/lib/python3.7/site-packages/airflow/example_dags/example_latest_only.py
[2023-09-05 13:01:10,662] {logging_mixin.py:115} INFO - [2023-09-05 13:01:10,662] {manager.py:508} INFO - Created Permission View: can read on DAG:latest_only
[2023-09-05 13:01:10,674] {logging_mixin.py:115} INFO - [2023-09-05 13:01:10,674] {manager.py:508} INFO - Created Permission View: can delete on DAG:latest_only
[2023-09-05 13:01:10,686] {logging_mixin.py:115} INFO - [2023-09-05 13:01:10,686] {manager.py:508} INFO - Created Permission View: can edit on DAG:latest_only
[2023-09-05 13:01:10,687] {logging_mixin.py:115} INFO - [2023-09-05 13:01:10,687] {dag.py:2420} INFO - Sync 1 DAGs
[2023-09-05 13:01:10,713] {logging_mixin.py:115} INFO - [2023-09-05 13:01:10,713] {dag.py:2439} INFO - Creating ORM DAG for latest_only
[2023-09-05 13:01:10,732] {logging_mixin.py:115} INFO - [2023-09-05 13:01:10,732] {dag.py:2972} INFO - Setting next_dagrun for latest_only to 2023-09-05T09:01:10.731456+00:00, run_after=2023-09-05T13:01:10.731456+00:00
[2023-09-05 13:01:10,760] {processor.py:161} INFO - Processing /home/airflow/.local/lib/python3.7/site-packages/airflow/example_dags/example_latest_only.py took 0.220 seconds
[2023-09-05 13:01:40,845] {processor.py:153} INFO - Started process (PID=134) to work on /home/airflow/.local/lib/python3.7/site-packages/airflow/example_dags/example_latest_only.py
[2023-09-05 13:01:40,846] {processor.py:641} INFO - Processing file /home/airflow/.local/lib/python3.7/site-packages/airflow/example_dags/example_latest_only.py for tasks to queue
[2023-09-05 13:01:40,847] {logging_mixin.py:115} INFO - [2023-09-05 13:01:40,846] {dagbag.py:508} INFO - Filling up the DagBag from /home/airflow/.local/lib/python3.7/site-packages/airflow/example_dags/example_latest_only.py
[2023-09-05 13:01:40,852] {processor.py:651} INFO - DAG(s) dict_keys(['latest_only']) retrieved from /home/airflow/.local/lib/python3.7/site-packages/airflow/example_dags/example_latest_only.py
[2023-09-05 13:01:40,879] {logging_mixin.py:115} INFO - [2023-09-05 13:01:40,879] {dag.py:2420} INFO - Sync 1 DAGs
[2023-09-05 13:01:40,911] {logging_mixin.py:115} INFO - [2023-09-05 13:01:40,911] {dag.py:2972} INFO - Setting next_dagrun for latest_only to 2023-09-05T09:01:40.911210+00:00, run_after=2023-09-05T13:01:40.911210+00:00
[2023-09-05 13:01:40,925] {processor.py:161} INFO - Processing /home/airflow/.local/lib/python3.7/site-packages/airflow/example_dags/example_latest_only.py took 0.084 seconds
[2023-09-05 13:02:11,462] {processor.py:153} INFO - Started process (PID=186) to work on /home/airflow/.local/lib/python3.7/site-packages/airflow/example_dags/example_latest_only.py
[2023-09-05 13:02:11,463] {processor.py:641} INFO - Processing file /home/airflow/.local/lib/python3.7/site-packages/airflow/example_dags/example_latest_only.py for tasks to queue
[2023-09-05 13:02:11,463] {logging_mixin.py:115} INFO - [2023-09-05 13:02:11,463] {dagbag.py:508} INFO - Filling up the DagBag from /home/airflow/.local/lib/python3.7/site-packages/airflow/example_dags/example_latest_only.py
[2023-09-05 13:02:11,467] {processor.py:651} INFO - DAG(s) dict_keys(['latest_only']) retrieved from /home/airflow/.local/lib/python3.7/site-packages/airflow/example_dags/example_latest_only.py
[2023-09-05 13:02:11,490] {logging_mixin.py:115} INFO - [2023-09-05 13:02:11,490] {dag.py:2420} INFO - Sync 1 DAGs
[2023-09-05 13:02:11,508] {logging_mixin.py:115} INFO - [2023-09-05 13:02:11,508] {dag.py:2972} INFO - Setting next_dagrun for latest_only to 2023-09-05T09:02:11.507898+00:00, run_after=2023-09-05T13:02:11.507898+00:00
[2023-09-05 13:02:11,522] {processor.py:161} INFO - Processing /home/airflow/.local/lib/python3.7/site-packages/airflow/example_dags/example_latest_only.py took 0.063 seconds
[2023-09-05 13:02:41,926] {processor.py:153} INFO - Started process (PID=247) to work on /home/airflow/.local/lib/python3.7/site-packages/airflow/example_dags/example_latest_only.py
[2023-09-05 13:02:41,926] {processor.py:641} INFO - Processing file /home/airflow/.local/lib/python3.7/site-packages/airflow/example_dags/example_latest_only.py for tasks to queue
[2023-09-05 13:02:41,927] {logging_mixin.py:115} INFO - [2023-09-05 13:02:41,927] {dagbag.py:508} INFO - Filling up the DagBag from /home/airflow/.local/lib/python3.7/site-packages/airflow/example_dags/example_latest_only.py
[2023-09-05 13:02:41,931] {processor.py:651} INFO - DAG(s) dict_keys(['latest_only']) retrieved from /home/airflow/.local/lib/python3.7/site-packages/airflow/example_dags/example_latest_only.py
[2023-09-05 13:02:41,954] {logging_mixin.py:115} INFO - [2023-09-05 13:02:41,954] {dag.py:2420} INFO - Sync 1 DAGs
[2023-09-05 13:02:41,974] {logging_mixin.py:115} INFO - [2023-09-05 13:02:41,973] {dag.py:2972} INFO - Setting next_dagrun for latest_only to 2023-09-05T09:02:41.973616+00:00, run_after=2023-09-05T13:02:41.973616+00:00
[2023-09-05 13:02:41,987] {processor.py:161} INFO - Processing /home/airflow/.local/lib/python3.7/site-packages/airflow/example_dags/example_latest_only.py took 0.064 seconds
[2023-09-05 13:03:12,649] {processor.py:153} INFO - Started process (PID=308) to work on /home/airflow/.local/lib/python3.7/site-packages/airflow/example_dags/example_latest_only.py
[2023-09-05 13:03:12,650] {processor.py:641} INFO - Processing file /home/airflow/.local/lib/python3.7/site-packages/airflow/example_dags/example_latest_only.py for tasks to queue
[2023-09-05 13:03:12,651] {logging_mixin.py:115} INFO - [2023-09-05 13:03:12,651] {dagbag.py:508} INFO - Filling up the DagBag from /home/airflow/.local/lib/python3.7/site-packages/airflow/example_dags/example_latest_only.py
[2023-09-05 13:03:12,657] {processor.py:651} INFO - DAG(s) dict_keys(['latest_only']) retrieved from /home/airflow/.local/lib/python3.7/site-packages/airflow/example_dags/example_latest_only.py
[2023-09-05 13:03:12,683] {logging_mixin.py:115} INFO - [2023-09-05 13:03:12,683] {dag.py:2420} INFO - Sync 1 DAGs
[2023-09-05 13:03:12,707] {logging_mixin.py:115} INFO - [2023-09-05 13:03:12,706] {dag.py:2972} INFO - Setting next_dagrun for latest_only to 2023-09-05T09:03:12.706637+00:00, run_after=2023-09-05T13:03:12.706637+00:00
[2023-09-05 13:03:12,722] {processor.py:161} INFO - Processing /home/airflow/.local/lib/python3.7/site-packages/airflow/example_dags/example_latest_only.py took 0.076 seconds
[2023-09-05 13:03:43,362] {processor.py:153} INFO - Started process (PID=369) to work on /home/airflow/.local/lib/python3.7/site-packages/airflow/example_dags/example_latest_only.py
[2023-09-05 13:03:43,362] {processor.py:641} INFO - Processing file /home/airflow/.local/lib/python3.7/site-packages/airflow/example_dags/example_latest_only.py for tasks to queue
[2023-09-05 13:03:43,363] {logging_mixin.py:115} INFO - [2023-09-05 13:03:43,363] {dagbag.py:508} INFO - Filling up the DagBag from /home/airflow/.local/lib/python3.7/site-packages/airflow/example_dags/example_latest_only.py
[2023-09-05 13:03:43,368] {processor.py:651} INFO - DAG(s) dict_keys(['latest_only']) retrieved from /home/airflow/.local/lib/python3.7/site-packages/airflow/example_dags/example_latest_only.py
[2023-09-05 13:03:43,392] {logging_mixin.py:115} INFO - [2023-09-05 13:03:43,392] {dag.py:2420} INFO - Sync 1 DAGs
[2023-09-05 13:03:43,413] {logging_mixin.py:115} INFO - [2023-09-05 13:03:43,413] {dag.py:2972} INFO - Setting next_dagrun for latest_only to 2023-09-05T09:03:43.413173+00:00, run_after=2023-09-05T13:03:43.413173+00:00
[2023-09-05 13:03:43,429] {processor.py:161} INFO - Processing /home/airflow/.local/lib/python3.7/site-packages/airflow/example_dags/example_latest_only.py took 0.070 seconds
[2023-09-05 13:04:14,297] {processor.py:153} INFO - Started process (PID=421) to work on /home/airflow/.local/lib/python3.7/site-packages/airflow/example_dags/example_latest_only.py
[2023-09-05 13:04:14,298] {processor.py:641} INFO - Processing file /home/airflow/.local/lib/python3.7/site-packages/airflow/example_dags/example_latest_only.py for tasks to queue
[2023-09-05 13:04:14,299] {logging_mixin.py:115} INFO - [2023-09-05 13:04:14,299] {dagbag.py:508} INFO - Filling up the DagBag from /home/airflow/.local/lib/python3.7/site-packages/airflow/example_dags/example_latest_only.py
[2023-09-05 13:04:14,307] {processor.py:651} INFO - DAG(s) dict_keys(['latest_only']) retrieved from /home/airflow/.local/lib/python3.7/site-packages/airflow/example_dags/example_latest_only.py
[2023-09-05 13:04:14,332] {logging_mixin.py:115} INFO - [2023-09-05 13:04:14,332] {dag.py:2420} INFO - Sync 1 DAGs
[2023-09-05 13:04:14,356] {logging_mixin.py:115} INFO - [2023-09-05 13:04:14,356] {dag.py:2972} INFO - Setting next_dagrun for latest_only to 2023-09-05T09:04:14.355816+00:00, run_after=2023-09-05T13:04:14.355816+00:00
[2023-09-05 13:04:14,368] {processor.py:161} INFO - Processing /home/airflow/.local/lib/python3.7/site-packages/airflow/example_dags/example_latest_only.py took 0.074 seconds
[2023-09-05 13:04:44,977] {processor.py:153} INFO - Started process (PID=481) to work on /home/airflow/.local/lib/python3.7/site-packages/airflow/example_dags/example_latest_only.py
[2023-09-05 13:04:44,978] {processor.py:641} INFO - Processing file /home/airflow/.local/lib/python3.7/site-packages/airflow/example_dags/example_latest_only.py for tasks to queue
[2023-09-05 13:04:44,978] {logging_mixin.py:115} INFO - [2023-09-05 13:04:44,978] {dagbag.py:508} INFO - Filling up the DagBag from /home/airflow/.local/lib/python3.7/site-packages/airflow/example_dags/example_latest_only.py
[2023-09-05 13:04:44,984] {processor.py:651} INFO - DAG(s) dict_keys(['latest_only']) retrieved from /home/airflow/.local/lib/python3.7/site-packages/airflow/example_dags/example_latest_only.py
[2023-09-05 13:04:45,015] {logging_mixin.py:115} INFO - [2023-09-05 13:04:45,015] {dag.py:2420} INFO - Sync 1 DAGs
[2023-09-05 13:04:45,039] {logging_mixin.py:115} INFO - [2023-09-05 13:04:45,039] {dag.py:2972} INFO - Setting next_dagrun for latest_only to 2023-09-05T09:04:45.039245+00:00, run_after=2023-09-05T13:04:45.039245+00:00
[2023-09-05 13:04:45,054] {processor.py:161} INFO - Processing /home/airflow/.local/lib/python3.7/site-packages/airflow/example_dags/example_latest_only.py took 0.080 seconds
[2023-09-05 13:05:15,717] {processor.py:153} INFO - Started process (PID=542) to work on /home/airflow/.local/lib/python3.7/site-packages/airflow/example_dags/example_latest_only.py
[2023-09-05 13:05:15,718] {processor.py:641} INFO - Processing file /home/airflow/.local/lib/python3.7/site-packages/airflow/example_dags/example_latest_only.py for tasks to queue
[2023-09-05 13:05:15,719] {logging_mixin.py:115} INFO - [2023-09-05 13:05:15,719] {dagbag.py:508} INFO - Filling up the DagBag from /home/airflow/.local/lib/python3.7/site-packages/airflow/example_dags/example_latest_only.py
[2023-09-05 13:05:15,732] {processor.py:651} INFO - DAG(s) dict_keys(['latest_only']) retrieved from /home/airflow/.local/lib/python3.7/site-packages/airflow/example_dags/example_latest_only.py
[2023-09-05 13:05:15,813] {logging_mixin.py:115} INFO - [2023-09-05 13:05:15,813] {dag.py:2420} INFO - Sync 1 DAGs
[2023-09-05 13:05:15,859] {logging_mixin.py:115} INFO - [2023-09-05 13:05:15,859] {dag.py:2972} INFO - Setting next_dagrun for latest_only to 2023-09-05T09:05:15.858935+00:00, run_after=2023-09-05T13:05:15.858935+00:00
[2023-09-05 13:05:15,881] {processor.py:161} INFO - Processing /home/airflow/.local/lib/python3.7/site-packages/airflow/example_dags/example_latest_only.py took 0.169 seconds
[2023-09-05 13:05:46,014] {processor.py:153} INFO - Started process (PID=594) to work on /home/airflow/.local/lib/python3.7/site-packages/airflow/example_dags/example_latest_only.py
[2023-09-05 13:05:46,015] {processor.py:641} INFO - Processing file /home/airflow/.local/lib/python3.7/site-packages/airflow/example_dags/example_latest_only.py for tasks to queue
[2023-09-05 13:05:46,015] {logging_mixin.py:115} INFO - [2023-09-05 13:05:46,015] {dagbag.py:508} INFO - Filling up the DagBag from /home/airflow/.local/lib/python3.7/site-packages/airflow/example_dags/example_latest_only.py
[2023-09-05 13:05:46,019] {processor.py:651} INFO - DAG(s) dict_keys(['latest_only']) retrieved from /home/airflow/.local/lib/python3.7/site-packages/airflow/example_dags/example_latest_only.py
[2023-09-05 13:05:46,044] {logging_mixin.py:115} INFO - [2023-09-05 13:05:46,043] {dag.py:2420} INFO - Sync 1 DAGs
[2023-09-05 13:05:46,062] {logging_mixin.py:115} INFO - [2023-09-05 13:05:46,062] {dag.py:2972} INFO - Setting next_dagrun for latest_only to 2023-09-05T09:05:46.062629+00:00, run_after=2023-09-05T13:05:46.062629+00:00
[2023-09-05 13:05:46,074] {processor.py:161} INFO - Processing /home/airflow/.local/lib/python3.7/site-packages/airflow/example_dags/example_latest_only.py took 0.063 seconds
[2023-09-05 13:06:16,927] {processor.py:153} INFO - Started process (PID=655) to work on /home/airflow/.local/lib/python3.7/site-packages/airflow/example_dags/example_latest_only.py
[2023-09-05 13:06:16,928] {processor.py:641} INFO - Processing file /home/airflow/.local/lib/python3.7/site-packages/airflow/example_dags/example_latest_only.py for tasks to queue
[2023-09-05 13:06:16,928] {logging_mixin.py:115} INFO - [2023-09-05 13:06:16,928] {dagbag.py:508} INFO - Filling up the DagBag from /home/airflow/.local/lib/python3.7/site-packages/airflow/example_dags/example_latest_only.py
[2023-09-05 13:06:16,932] {processor.py:651} INFO - DAG(s) dict_keys(['latest_only']) retrieved from /home/airflow/.local/lib/python3.7/site-packages/airflow/example_dags/example_latest_only.py
[2023-09-05 13:06:16,958] {logging_mixin.py:115} INFO - [2023-09-05 13:06:16,958] {dag.py:2420} INFO - Sync 1 DAGs
[2023-09-05 13:06:16,980] {logging_mixin.py:115} INFO - [2023-09-05 13:06:16,980] {dag.py:2972} INFO - Setting next_dagrun for latest_only to 2023-09-05T09:06:16.979568+00:00, run_after=2023-09-05T13:06:16.979568+00:00
[2023-09-05 13:06:16,996] {processor.py:161} INFO - Processing /home/airflow/.local/lib/python3.7/site-packages/airflow/example_dags/example_latest_only.py took 0.072 seconds
[2023-09-05 13:06:47,961] {processor.py:153} INFO - Started process (PID=716) to work on /home/airflow/.local/lib/python3.7/site-packages/airflow/example_dags/example_latest_only.py
[2023-09-05 13:06:47,961] {processor.py:641} INFO - Processing file /home/airflow/.local/lib/python3.7/site-packages/airflow/example_dags/example_latest_only.py for tasks to queue
[2023-09-05 13:06:47,962] {logging_mixin.py:115} INFO - [2023-09-05 13:06:47,962] {dagbag.py:508} INFO - Filling up the DagBag from /home/airflow/.local/lib/python3.7/site-packages/airflow/example_dags/example_latest_only.py
[2023-09-05 13:06:47,967] {processor.py:651} INFO - DAG(s) dict_keys(['latest_only']) retrieved from /home/airflow/.local/lib/python3.7/site-packages/airflow/example_dags/example_latest_only.py
[2023-09-05 13:06:47,997] {logging_mixin.py:115} INFO - [2023-09-05 13:06:47,997] {dag.py:2420} INFO - Sync 1 DAGs
[2023-09-05 13:06:48,018] {logging_mixin.py:115} INFO - [2023-09-05 13:06:48,018] {dag.py:2972} INFO - Setting next_dagrun for latest_only to 2023-09-05T09:06:48.018303+00:00, run_after=2023-09-05T13:06:48.018303+00:00
[2023-09-05 13:06:48,031] {processor.py:161} INFO - Processing /home/airflow/.local/lib/python3.7/site-packages/airflow/example_dags/example_latest_only.py took 0.073 seconds
[2023-09-05 13:07:19,224] {processor.py:153} INFO - Started process (PID=768) to work on /home/airflow/.local/lib/python3.7/site-packages/airflow/example_dags/example_latest_only.py
[2023-09-05 13:07:19,225] {processor.py:641} INFO - Processing file /home/airflow/.local/lib/python3.7/site-packages/airflow/example_dags/example_latest_only.py for tasks to queue
[2023-09-05 13:07:19,226] {logging_mixin.py:115} INFO - [2023-09-05 13:07:19,226] {dagbag.py:508} INFO - Filling up the DagBag from /home/airflow/.local/lib/python3.7/site-packages/airflow/example_dags/example_latest_only.py
[2023-09-05 13:07:19,232] {processor.py:651} INFO - DAG(s) dict_keys(['latest_only']) retrieved from /home/airflow/.local/lib/python3.7/site-packages/airflow/example_dags/example_latest_only.py
[2023-09-05 13:07:19,264] {logging_mixin.py:115} INFO - [2023-09-05 13:07:19,264] {dag.py:2420} INFO - Sync 1 DAGs
[2023-09-05 13:07:19,287] {logging_mixin.py:115} INFO - [2023-09-05 13:07:19,287] {dag.py:2972} INFO - Setting next_dagrun for latest_only to 2023-09-05T09:07:19.287300+00:00, run_after=2023-09-05T13:07:19.287300+00:00
[2023-09-05 13:07:19,302] {processor.py:161} INFO - Processing /home/airflow/.local/lib/python3.7/site-packages/airflow/example_dags/example_latest_only.py took 0.082 seconds
[2023-09-05 13:07:50,386] {processor.py:153} INFO - Started process (PID=829) to work on /home/airflow/.local/lib/python3.7/site-packages/airflow/example_dags/example_latest_only.py
[2023-09-05 13:07:50,387] {processor.py:641} INFO - Processing file /home/airflow/.local/lib/python3.7/site-packages/airflow/example_dags/example_latest_only.py for tasks to queue
[2023-09-05 13:07:50,388] {logging_mixin.py:115} INFO - [2023-09-05 13:07:50,387] {dagbag.py:508} INFO - Filling up the DagBag from /home/airflow/.local/lib/python3.7/site-packages/airflow/example_dags/example_latest_only.py
[2023-09-05 13:07:50,392] {processor.py:651} INFO - DAG(s) dict_keys(['latest_only']) retrieved from /home/airflow/.local/lib/python3.7/site-packages/airflow/example_dags/example_latest_only.py
[2023-09-05 13:07:50,423] {logging_mixin.py:115} INFO - [2023-09-05 13:07:50,423] {dag.py:2420} INFO - Sync 1 DAGs
[2023-09-05 13:07:50,450] {logging_mixin.py:115} INFO - [2023-09-05 13:07:50,450] {dag.py:2972} INFO - Setting next_dagrun for latest_only to 2023-09-05T09:07:50.450226+00:00, run_after=2023-09-05T13:07:50.450226+00:00
[2023-09-05 13:07:50,466] {processor.py:161} INFO - Processing /home/airflow/.local/lib/python3.7/site-packages/airflow/example_dags/example_latest_only.py took 0.085 seconds
[2023-09-05 13:08:20,977] {processor.py:153} INFO - Started process (PID=881) to work on /home/airflow/.local/lib/python3.7/site-packages/airflow/example_dags/example_latest_only.py
[2023-09-05 13:08:20,978] {processor.py:641} INFO - Processing file /home/airflow/.local/lib/python3.7/site-packages/airflow/example_dags/example_latest_only.py for tasks to queue
[2023-09-05 13:08:20,979] {logging_mixin.py:115} INFO - [2023-09-05 13:08:20,979] {dagbag.py:508} INFO - Filling up the DagBag from /home/airflow/.local/lib/python3.7/site-packages/airflow/example_dags/example_latest_only.py
[2023-09-05 13:08:20,988] {processor.py:651} INFO - DAG(s) dict_keys(['latest_only']) retrieved from /home/airflow/.local/lib/python3.7/site-packages/airflow/example_dags/example_latest_only.py
[2023-09-05 13:08:21,027] {logging_mixin.py:115} INFO - [2023-09-05 13:08:21,027] {dag.py:2420} INFO - Sync 1 DAGs
[2023-09-05 13:08:21,059] {logging_mixin.py:115} INFO - [2023-09-05 13:08:21,059] {dag.py:2972} INFO - Setting next_dagrun for latest_only to 2023-09-05T09:08:21.059068+00:00, run_after=2023-09-05T13:08:21.059068+00:00
[2023-09-05 13:08:21,078] {processor.py:161} INFO - Processing /home/airflow/.local/lib/python3.7/site-packages/airflow/example_dags/example_latest_only.py took 0.106 seconds
[2023-09-05 13:08:51,366] {processor.py:153} INFO - Started process (PID=942) to work on /home/airflow/.local/lib/python3.7/site-packages/airflow/example_dags/example_latest_only.py
[2023-09-05 13:08:51,368] {processor.py:641} INFO - Processing file /home/airflow/.local/lib/python3.7/site-packages/airflow/example_dags/example_latest_only.py for tasks to queue
[2023-09-05 13:08:51,369] {logging_mixin.py:115} INFO - [2023-09-05 13:08:51,368] {dagbag.py:508} INFO - Filling up the DagBag from /home/airflow/.local/lib/python3.7/site-packages/airflow/example_dags/example_latest_only.py
[2023-09-05 13:08:51,376] {processor.py:651} INFO - DAG(s) dict_keys(['latest_only']) retrieved from /home/airflow/.local/lib/python3.7/site-packages/airflow/example_dags/example_latest_only.py
[2023-09-05 13:08:51,431] {logging_mixin.py:115} INFO - [2023-09-05 13:08:51,430] {dag.py:2420} INFO - Sync 1 DAGs
[2023-09-05 13:08:51,482] {logging_mixin.py:115} INFO - [2023-09-05 13:08:51,481] {dag.py:2972} INFO - Setting next_dagrun for latest_only to 2023-09-05T09:08:51.481174+00:00, run_after=2023-09-05T13:08:51.481174+00:00
[2023-09-05 13:08:51,513] {processor.py:161} INFO - Processing /home/airflow/.local/lib/python3.7/site-packages/airflow/example_dags/example_latest_only.py took 0.152 seconds
