[2023-09-05 13:01:07,728] {processor.py:153} INFO - Started process (PID=54) to work on /home/airflow/.local/lib/python3.7/site-packages/airflow/example_dags/example_latest_only_with_trigger.py
[2023-09-05 13:01:07,729] {processor.py:641} INFO - Processing file /home/airflow/.local/lib/python3.7/site-packages/airflow/example_dags/example_latest_only_with_trigger.py for tasks to queue
[2023-09-05 13:01:07,729] {logging_mixin.py:115} INFO - [2023-09-05 13:01:07,729] {dagbag.py:508} INFO - Filling up the DagBag from /home/airflow/.local/lib/python3.7/site-packages/airflow/example_dags/example_latest_only_with_trigger.py
[2023-09-05 13:01:07,737] {processor.py:651} INFO - DAG(s) dict_keys(['latest_only_with_trigger']) retrieved from /home/airflow/.local/lib/python3.7/site-packages/airflow/example_dags/example_latest_only_with_trigger.py
[2023-09-05 13:01:07,857] {logging_mixin.py:115} INFO - [2023-09-05 13:01:07,857] {manager.py:508} INFO - Created Permission View: can read on DAG:latest_only_with_trigger
[2023-09-05 13:01:07,870] {logging_mixin.py:115} INFO - [2023-09-05 13:01:07,870] {manager.py:508} INFO - Created Permission View: can delete on DAG:latest_only_with_trigger
[2023-09-05 13:01:07,882] {logging_mixin.py:115} INFO - [2023-09-05 13:01:07,882] {manager.py:508} INFO - Created Permission View: can edit on DAG:latest_only_with_trigger
[2023-09-05 13:01:07,883] {logging_mixin.py:115} INFO - [2023-09-05 13:01:07,882] {dag.py:2420} INFO - Sync 1 DAGs
[2023-09-05 13:01:07,896] {logging_mixin.py:115} INFO - [2023-09-05 13:01:07,896] {dag.py:2439} INFO - Creating ORM DAG for latest_only_with_trigger
[2023-09-05 13:01:07,914] {logging_mixin.py:115} INFO - [2023-09-05 13:01:07,914] {dag.py:2972} INFO - Setting next_dagrun for latest_only_with_trigger to 2023-09-05T09:01:07.914081+00:00, run_after=2023-09-05T13:01:07.914081+00:00
[2023-09-05 13:01:07,931] {processor.py:161} INFO - Processing /home/airflow/.local/lib/python3.7/site-packages/airflow/example_dags/example_latest_only_with_trigger.py took 0.206 seconds
[2023-09-05 13:01:38,868] {processor.py:153} INFO - Started process (PID=114) to work on /home/airflow/.local/lib/python3.7/site-packages/airflow/example_dags/example_latest_only_with_trigger.py
[2023-09-05 13:01:38,868] {processor.py:641} INFO - Processing file /home/airflow/.local/lib/python3.7/site-packages/airflow/example_dags/example_latest_only_with_trigger.py for tasks to queue
[2023-09-05 13:01:38,869] {logging_mixin.py:115} INFO - [2023-09-05 13:01:38,869] {dagbag.py:508} INFO - Filling up the DagBag from /home/airflow/.local/lib/python3.7/site-packages/airflow/example_dags/example_latest_only_with_trigger.py
[2023-09-05 13:01:38,874] {processor.py:651} INFO - DAG(s) dict_keys(['latest_only_with_trigger']) retrieved from /home/airflow/.local/lib/python3.7/site-packages/airflow/example_dags/example_latest_only_with_trigger.py
[2023-09-05 13:01:38,905] {logging_mixin.py:115} INFO - [2023-09-05 13:01:38,905] {dag.py:2420} INFO - Sync 1 DAGs
[2023-09-05 13:01:38,925] {logging_mixin.py:115} INFO - [2023-09-05 13:01:38,925] {dag.py:2972} INFO - Setting next_dagrun for latest_only_with_trigger to 2023-09-05T09:01:38.925365+00:00, run_after=2023-09-05T13:01:38.925365+00:00
[2023-09-05 13:01:38,938] {processor.py:161} INFO - Processing /home/airflow/.local/lib/python3.7/site-packages/airflow/example_dags/example_latest_only_with_trigger.py took 0.074 seconds
[2023-09-05 13:02:09,659] {processor.py:153} INFO - Started process (PID=168) to work on /home/airflow/.local/lib/python3.7/site-packages/airflow/example_dags/example_latest_only_with_trigger.py
[2023-09-05 13:02:09,660] {processor.py:641} INFO - Processing file /home/airflow/.local/lib/python3.7/site-packages/airflow/example_dags/example_latest_only_with_trigger.py for tasks to queue
[2023-09-05 13:02:09,660] {logging_mixin.py:115} INFO - [2023-09-05 13:02:09,660] {dagbag.py:508} INFO - Filling up the DagBag from /home/airflow/.local/lib/python3.7/site-packages/airflow/example_dags/example_latest_only_with_trigger.py
[2023-09-05 13:02:09,665] {processor.py:651} INFO - DAG(s) dict_keys(['latest_only_with_trigger']) retrieved from /home/airflow/.local/lib/python3.7/site-packages/airflow/example_dags/example_latest_only_with_trigger.py
[2023-09-05 13:02:09,687] {logging_mixin.py:115} INFO - [2023-09-05 13:02:09,687] {dag.py:2420} INFO - Sync 1 DAGs
[2023-09-05 13:02:09,703] {logging_mixin.py:115} INFO - [2023-09-05 13:02:09,703] {dag.py:2972} INFO - Setting next_dagrun for latest_only_with_trigger to 2023-09-05T09:02:09.703496+00:00, run_after=2023-09-05T13:02:09.703496+00:00
[2023-09-05 13:02:09,715] {processor.py:161} INFO - Processing /home/airflow/.local/lib/python3.7/site-packages/airflow/example_dags/example_latest_only_with_trigger.py took 0.059 seconds
[2023-09-05 13:02:40,180] {processor.py:153} INFO - Started process (PID=229) to work on /home/airflow/.local/lib/python3.7/site-packages/airflow/example_dags/example_latest_only_with_trigger.py
[2023-09-05 13:02:40,181] {processor.py:641} INFO - Processing file /home/airflow/.local/lib/python3.7/site-packages/airflow/example_dags/example_latest_only_with_trigger.py for tasks to queue
[2023-09-05 13:02:40,181] {logging_mixin.py:115} INFO - [2023-09-05 13:02:40,181] {dagbag.py:508} INFO - Filling up the DagBag from /home/airflow/.local/lib/python3.7/site-packages/airflow/example_dags/example_latest_only_with_trigger.py
[2023-09-05 13:02:40,186] {processor.py:651} INFO - DAG(s) dict_keys(['latest_only_with_trigger']) retrieved from /home/airflow/.local/lib/python3.7/site-packages/airflow/example_dags/example_latest_only_with_trigger.py
[2023-09-05 13:02:40,208] {logging_mixin.py:115} INFO - [2023-09-05 13:02:40,208] {dag.py:2420} INFO - Sync 1 DAGs
[2023-09-05 13:02:40,226] {logging_mixin.py:115} INFO - [2023-09-05 13:02:40,226] {dag.py:2972} INFO - Setting next_dagrun for latest_only_with_trigger to 2023-09-05T09:02:40.225940+00:00, run_after=2023-09-05T13:02:40.225940+00:00
[2023-09-05 13:02:40,238] {processor.py:161} INFO - Processing /home/airflow/.local/lib/python3.7/site-packages/airflow/example_dags/example_latest_only_with_trigger.py took 0.060 seconds
[2023-09-05 13:03:10,799] {processor.py:153} INFO - Started process (PID=290) to work on /home/airflow/.local/lib/python3.7/site-packages/airflow/example_dags/example_latest_only_with_trigger.py
[2023-09-05 13:03:10,800] {processor.py:641} INFO - Processing file /home/airflow/.local/lib/python3.7/site-packages/airflow/example_dags/example_latest_only_with_trigger.py for tasks to queue
[2023-09-05 13:03:10,801] {logging_mixin.py:115} INFO - [2023-09-05 13:03:10,800] {dagbag.py:508} INFO - Filling up the DagBag from /home/airflow/.local/lib/python3.7/site-packages/airflow/example_dags/example_latest_only_with_trigger.py
[2023-09-05 13:03:10,807] {processor.py:651} INFO - DAG(s) dict_keys(['latest_only_with_trigger']) retrieved from /home/airflow/.local/lib/python3.7/site-packages/airflow/example_dags/example_latest_only_with_trigger.py
[2023-09-05 13:03:10,837] {logging_mixin.py:115} INFO - [2023-09-05 13:03:10,837] {dag.py:2420} INFO - Sync 1 DAGs
[2023-09-05 13:03:10,862] {logging_mixin.py:115} INFO - [2023-09-05 13:03:10,862] {dag.py:2972} INFO - Setting next_dagrun for latest_only_with_trigger to 2023-09-05T09:03:10.861961+00:00, run_after=2023-09-05T13:03:10.861961+00:00
[2023-09-05 13:03:10,874] {processor.py:161} INFO - Processing /home/airflow/.local/lib/python3.7/site-packages/airflow/example_dags/example_latest_only_with_trigger.py took 0.078 seconds
[2023-09-05 13:03:41,440] {processor.py:153} INFO - Started process (PID=342) to work on /home/airflow/.local/lib/python3.7/site-packages/airflow/example_dags/example_latest_only_with_trigger.py
[2023-09-05 13:03:41,440] {processor.py:641} INFO - Processing file /home/airflow/.local/lib/python3.7/site-packages/airflow/example_dags/example_latest_only_with_trigger.py for tasks to queue
[2023-09-05 13:03:41,440] {logging_mixin.py:115} INFO - [2023-09-05 13:03:41,440] {dagbag.py:508} INFO - Filling up the DagBag from /home/airflow/.local/lib/python3.7/site-packages/airflow/example_dags/example_latest_only_with_trigger.py
[2023-09-05 13:03:41,445] {processor.py:651} INFO - DAG(s) dict_keys(['latest_only_with_trigger']) retrieved from /home/airflow/.local/lib/python3.7/site-packages/airflow/example_dags/example_latest_only_with_trigger.py
[2023-09-05 13:03:41,470] {logging_mixin.py:115} INFO - [2023-09-05 13:03:41,470] {dag.py:2420} INFO - Sync 1 DAGs
[2023-09-05 13:03:41,488] {logging_mixin.py:115} INFO - [2023-09-05 13:03:41,488] {dag.py:2972} INFO - Setting next_dagrun for latest_only_with_trigger to 2023-09-05T09:03:41.488423+00:00, run_after=2023-09-05T13:03:41.488423+00:00
[2023-09-05 13:03:41,501] {processor.py:161} INFO - Processing /home/airflow/.local/lib/python3.7/site-packages/airflow/example_dags/example_latest_only_with_trigger.py took 0.064 seconds
[2023-09-05 13:04:12,250] {processor.py:153} INFO - Started process (PID=403) to work on /home/airflow/.local/lib/python3.7/site-packages/airflow/example_dags/example_latest_only_with_trigger.py
[2023-09-05 13:04:12,251] {processor.py:641} INFO - Processing file /home/airflow/.local/lib/python3.7/site-packages/airflow/example_dags/example_latest_only_with_trigger.py for tasks to queue
[2023-09-05 13:04:12,252] {logging_mixin.py:115} INFO - [2023-09-05 13:04:12,252] {dagbag.py:508} INFO - Filling up the DagBag from /home/airflow/.local/lib/python3.7/site-packages/airflow/example_dags/example_latest_only_with_trigger.py
[2023-09-05 13:04:12,260] {processor.py:651} INFO - DAG(s) dict_keys(['latest_only_with_trigger']) retrieved from /home/airflow/.local/lib/python3.7/site-packages/airflow/example_dags/example_latest_only_with_trigger.py
[2023-09-05 13:04:12,291] {logging_mixin.py:115} INFO - [2023-09-05 13:04:12,291] {dag.py:2420} INFO - Sync 1 DAGs
[2023-09-05 13:04:12,318] {logging_mixin.py:115} INFO - [2023-09-05 13:04:12,318] {dag.py:2972} INFO - Setting next_dagrun for latest_only_with_trigger to 2023-09-05T09:04:12.317833+00:00, run_after=2023-09-05T13:04:12.317833+00:00
[2023-09-05 13:04:12,332] {processor.py:161} INFO - Processing /home/airflow/.local/lib/python3.7/site-packages/airflow/example_dags/example_latest_only_with_trigger.py took 0.085 seconds
[2023-09-05 13:04:43,142] {processor.py:153} INFO - Started process (PID=463) to work on /home/airflow/.local/lib/python3.7/site-packages/airflow/example_dags/example_latest_only_with_trigger.py
[2023-09-05 13:04:43,143] {processor.py:641} INFO - Processing file /home/airflow/.local/lib/python3.7/site-packages/airflow/example_dags/example_latest_only_with_trigger.py for tasks to queue
[2023-09-05 13:04:43,143] {logging_mixin.py:115} INFO - [2023-09-05 13:04:43,143] {dagbag.py:508} INFO - Filling up the DagBag from /home/airflow/.local/lib/python3.7/site-packages/airflow/example_dags/example_latest_only_with_trigger.py
[2023-09-05 13:04:43,148] {processor.py:651} INFO - DAG(s) dict_keys(['latest_only_with_trigger']) retrieved from /home/airflow/.local/lib/python3.7/site-packages/airflow/example_dags/example_latest_only_with_trigger.py
[2023-09-05 13:04:43,174] {logging_mixin.py:115} INFO - [2023-09-05 13:04:43,174] {dag.py:2420} INFO - Sync 1 DAGs
[2023-09-05 13:04:43,192] {logging_mixin.py:115} INFO - [2023-09-05 13:04:43,192] {dag.py:2972} INFO - Setting next_dagrun for latest_only_with_trigger to 2023-09-05T09:04:43.191940+00:00, run_after=2023-09-05T13:04:43.191940+00:00
[2023-09-05 13:04:43,203] {processor.py:161} INFO - Processing /home/airflow/.local/lib/python3.7/site-packages/airflow/example_dags/example_latest_only_with_trigger.py took 0.064 seconds
[2023-09-05 13:05:13,979] {processor.py:153} INFO - Started process (PID=524) to work on /home/airflow/.local/lib/python3.7/site-packages/airflow/example_dags/example_latest_only_with_trigger.py
[2023-09-05 13:05:13,980] {processor.py:641} INFO - Processing file /home/airflow/.local/lib/python3.7/site-packages/airflow/example_dags/example_latest_only_with_trigger.py for tasks to queue
[2023-09-05 13:05:13,981] {logging_mixin.py:115} INFO - [2023-09-05 13:05:13,980] {dagbag.py:508} INFO - Filling up the DagBag from /home/airflow/.local/lib/python3.7/site-packages/airflow/example_dags/example_latest_only_with_trigger.py
[2023-09-05 13:05:13,992] {processor.py:651} INFO - DAG(s) dict_keys(['latest_only_with_trigger']) retrieved from /home/airflow/.local/lib/python3.7/site-packages/airflow/example_dags/example_latest_only_with_trigger.py
[2023-09-05 13:05:14,041] {logging_mixin.py:115} INFO - [2023-09-05 13:05:14,041] {dag.py:2420} INFO - Sync 1 DAGs
[2023-09-05 13:05:14,086] {logging_mixin.py:115} INFO - [2023-09-05 13:05:14,086] {dag.py:2972} INFO - Setting next_dagrun for latest_only_with_trigger to 2023-09-05T09:05:14.085741+00:00, run_after=2023-09-05T13:05:14.085741+00:00
[2023-09-05 13:05:14,105] {processor.py:161} INFO - Processing /home/airflow/.local/lib/python3.7/site-packages/airflow/example_dags/example_latest_only_with_trigger.py took 0.132 seconds
[2023-09-05 13:05:44,941] {processor.py:153} INFO - Started process (PID=576) to work on /home/airflow/.local/lib/python3.7/site-packages/airflow/example_dags/example_latest_only_with_trigger.py
[2023-09-05 13:05:44,942] {processor.py:641} INFO - Processing file /home/airflow/.local/lib/python3.7/site-packages/airflow/example_dags/example_latest_only_with_trigger.py for tasks to queue
[2023-09-05 13:05:44,942] {logging_mixin.py:115} INFO - [2023-09-05 13:05:44,942] {dagbag.py:508} INFO - Filling up the DagBag from /home/airflow/.local/lib/python3.7/site-packages/airflow/example_dags/example_latest_only_with_trigger.py
[2023-09-05 13:05:44,949] {processor.py:651} INFO - DAG(s) dict_keys(['latest_only_with_trigger']) retrieved from /home/airflow/.local/lib/python3.7/site-packages/airflow/example_dags/example_latest_only_with_trigger.py
[2023-09-05 13:05:44,974] {logging_mixin.py:115} INFO - [2023-09-05 13:05:44,974] {dag.py:2420} INFO - Sync 1 DAGs
[2023-09-05 13:05:44,991] {logging_mixin.py:115} INFO - [2023-09-05 13:05:44,991] {dag.py:2972} INFO - Setting next_dagrun for latest_only_with_trigger to 2023-09-05T09:05:44.991627+00:00, run_after=2023-09-05T13:05:44.991627+00:00
[2023-09-05 13:05:45,003] {processor.py:161} INFO - Processing /home/airflow/.local/lib/python3.7/site-packages/airflow/example_dags/example_latest_only_with_trigger.py took 0.066 seconds
[2023-09-05 13:06:15,825] {processor.py:153} INFO - Started process (PID=637) to work on /home/airflow/.local/lib/python3.7/site-packages/airflow/example_dags/example_latest_only_with_trigger.py
[2023-09-05 13:06:15,826] {processor.py:641} INFO - Processing file /home/airflow/.local/lib/python3.7/site-packages/airflow/example_dags/example_latest_only_with_trigger.py for tasks to queue
[2023-09-05 13:06:15,827] {logging_mixin.py:115} INFO - [2023-09-05 13:06:15,826] {dagbag.py:508} INFO - Filling up the DagBag from /home/airflow/.local/lib/python3.7/site-packages/airflow/example_dags/example_latest_only_with_trigger.py
[2023-09-05 13:06:15,832] {processor.py:651} INFO - DAG(s) dict_keys(['latest_only_with_trigger']) retrieved from /home/airflow/.local/lib/python3.7/site-packages/airflow/example_dags/example_latest_only_with_trigger.py
[2023-09-05 13:06:15,863] {logging_mixin.py:115} INFO - [2023-09-05 13:06:15,863] {dag.py:2420} INFO - Sync 1 DAGs
[2023-09-05 13:06:15,885] {logging_mixin.py:115} INFO - [2023-09-05 13:06:15,885] {dag.py:2972} INFO - Setting next_dagrun for latest_only_with_trigger to 2023-09-05T09:06:15.885337+00:00, run_after=2023-09-05T13:06:15.885337+00:00
[2023-09-05 13:06:15,900] {processor.py:161} INFO - Processing /home/airflow/.local/lib/python3.7/site-packages/airflow/example_dags/example_latest_only_with_trigger.py took 0.079 seconds
[2023-09-05 13:06:46,801] {processor.py:153} INFO - Started process (PID=698) to work on /home/airflow/.local/lib/python3.7/site-packages/airflow/example_dags/example_latest_only_with_trigger.py
[2023-09-05 13:06:46,802] {processor.py:641} INFO - Processing file /home/airflow/.local/lib/python3.7/site-packages/airflow/example_dags/example_latest_only_with_trigger.py for tasks to queue
[2023-09-05 13:06:46,802] {logging_mixin.py:115} INFO - [2023-09-05 13:06:46,802] {dagbag.py:508} INFO - Filling up the DagBag from /home/airflow/.local/lib/python3.7/site-packages/airflow/example_dags/example_latest_only_with_trigger.py
[2023-09-05 13:06:46,808] {processor.py:651} INFO - DAG(s) dict_keys(['latest_only_with_trigger']) retrieved from /home/airflow/.local/lib/python3.7/site-packages/airflow/example_dags/example_latest_only_with_trigger.py
[2023-09-05 13:06:46,833] {logging_mixin.py:115} INFO - [2023-09-05 13:06:46,833] {dag.py:2420} INFO - Sync 1 DAGs
[2023-09-05 13:06:46,854] {logging_mixin.py:115} INFO - [2023-09-05 13:06:46,854] {dag.py:2972} INFO - Setting next_dagrun for latest_only_with_trigger to 2023-09-05T09:06:46.854603+00:00, run_after=2023-09-05T13:06:46.854603+00:00
[2023-09-05 13:06:46,867] {processor.py:161} INFO - Processing /home/airflow/.local/lib/python3.7/site-packages/airflow/example_dags/example_latest_only_with_trigger.py took 0.068 seconds
[2023-09-05 13:07:17,923] {processor.py:153} INFO - Started process (PID=750) to work on /home/airflow/.local/lib/python3.7/site-packages/airflow/example_dags/example_latest_only_with_trigger.py
[2023-09-05 13:07:17,925] {processor.py:641} INFO - Processing file /home/airflow/.local/lib/python3.7/site-packages/airflow/example_dags/example_latest_only_with_trigger.py for tasks to queue
[2023-09-05 13:07:17,926] {logging_mixin.py:115} INFO - [2023-09-05 13:07:17,925] {dagbag.py:508} INFO - Filling up the DagBag from /home/airflow/.local/lib/python3.7/site-packages/airflow/example_dags/example_latest_only_with_trigger.py
[2023-09-05 13:07:17,934] {processor.py:651} INFO - DAG(s) dict_keys(['latest_only_with_trigger']) retrieved from /home/airflow/.local/lib/python3.7/site-packages/airflow/example_dags/example_latest_only_with_trigger.py
[2023-09-05 13:07:17,968] {logging_mixin.py:115} INFO - [2023-09-05 13:07:17,968] {dag.py:2420} INFO - Sync 1 DAGs
[2023-09-05 13:07:18,000] {logging_mixin.py:115} INFO - [2023-09-05 13:07:18,000] {dag.py:2972} INFO - Setting next_dagrun for latest_only_with_trigger to 2023-09-05T09:07:17.999790+00:00, run_after=2023-09-05T13:07:17.999790+00:00
[2023-09-05 13:07:18,019] {processor.py:161} INFO - Processing /home/airflow/.local/lib/python3.7/site-packages/airflow/example_dags/example_latest_only_with_trigger.py took 0.099 seconds
[2023-09-05 13:07:48,329] {processor.py:153} INFO - Started process (PID=811) to work on /home/airflow/.local/lib/python3.7/site-packages/airflow/example_dags/example_latest_only_with_trigger.py
[2023-09-05 13:07:48,330] {processor.py:641} INFO - Processing file /home/airflow/.local/lib/python3.7/site-packages/airflow/example_dags/example_latest_only_with_trigger.py for tasks to queue
[2023-09-05 13:07:48,330] {logging_mixin.py:115} INFO - [2023-09-05 13:07:48,330] {dagbag.py:508} INFO - Filling up the DagBag from /home/airflow/.local/lib/python3.7/site-packages/airflow/example_dags/example_latest_only_with_trigger.py
[2023-09-05 13:07:48,334] {processor.py:651} INFO - DAG(s) dict_keys(['latest_only_with_trigger']) retrieved from /home/airflow/.local/lib/python3.7/site-packages/airflow/example_dags/example_latest_only_with_trigger.py
[2023-09-05 13:07:48,357] {logging_mixin.py:115} INFO - [2023-09-05 13:07:48,357] {dag.py:2420} INFO - Sync 1 DAGs
[2023-09-05 13:07:48,375] {logging_mixin.py:115} INFO - [2023-09-05 13:07:48,374] {dag.py:2972} INFO - Setting next_dagrun for latest_only_with_trigger to 2023-09-05T09:07:48.374767+00:00, run_after=2023-09-05T13:07:48.374767+00:00
[2023-09-05 13:07:48,388] {processor.py:161} INFO - Processing /home/airflow/.local/lib/python3.7/site-packages/airflow/example_dags/example_latest_only_with_trigger.py took 0.061 seconds
[2023-09-05 13:08:19,518] {processor.py:153} INFO - Started process (PID=863) to work on /home/airflow/.local/lib/python3.7/site-packages/airflow/example_dags/example_latest_only_with_trigger.py
[2023-09-05 13:08:19,520] {processor.py:641} INFO - Processing file /home/airflow/.local/lib/python3.7/site-packages/airflow/example_dags/example_latest_only_with_trigger.py for tasks to queue
[2023-09-05 13:08:19,521] {logging_mixin.py:115} INFO - [2023-09-05 13:08:19,521] {dagbag.py:508} INFO - Filling up the DagBag from /home/airflow/.local/lib/python3.7/site-packages/airflow/example_dags/example_latest_only_with_trigger.py
[2023-09-05 13:08:19,533] {processor.py:651} INFO - DAG(s) dict_keys(['latest_only_with_trigger']) retrieved from /home/airflow/.local/lib/python3.7/site-packages/airflow/example_dags/example_latest_only_with_trigger.py
[2023-09-05 13:08:19,593] {logging_mixin.py:115} INFO - [2023-09-05 13:08:19,593] {dag.py:2420} INFO - Sync 1 DAGs
[2023-09-05 13:08:19,641] {logging_mixin.py:115} INFO - [2023-09-05 13:08:19,641] {dag.py:2972} INFO - Setting next_dagrun for latest_only_with_trigger to 2023-09-05T09:08:19.640768+00:00, run_after=2023-09-05T13:08:19.640768+00:00
[2023-09-05 13:08:19,665] {processor.py:161} INFO - Processing /home/airflow/.local/lib/python3.7/site-packages/airflow/example_dags/example_latest_only_with_trigger.py took 0.154 seconds
[2023-09-05 13:08:49,983] {processor.py:153} INFO - Started process (PID=924) to work on /home/airflow/.local/lib/python3.7/site-packages/airflow/example_dags/example_latest_only_with_trigger.py
[2023-09-05 13:08:49,984] {processor.py:641} INFO - Processing file /home/airflow/.local/lib/python3.7/site-packages/airflow/example_dags/example_latest_only_with_trigger.py for tasks to queue
[2023-09-05 13:08:49,985] {logging_mixin.py:115} INFO - [2023-09-05 13:08:49,985] {dagbag.py:508} INFO - Filling up the DagBag from /home/airflow/.local/lib/python3.7/site-packages/airflow/example_dags/example_latest_only_with_trigger.py
[2023-09-05 13:08:49,990] {processor.py:651} INFO - DAG(s) dict_keys(['latest_only_with_trigger']) retrieved from /home/airflow/.local/lib/python3.7/site-packages/airflow/example_dags/example_latest_only_with_trigger.py
[2023-09-05 13:08:50,015] {logging_mixin.py:115} INFO - [2023-09-05 13:08:50,015] {dag.py:2420} INFO - Sync 1 DAGs
[2023-09-05 13:08:50,040] {logging_mixin.py:115} INFO - [2023-09-05 13:08:50,040] {dag.py:2972} INFO - Setting next_dagrun for latest_only_with_trigger to 2023-09-05T09:08:50.040280+00:00, run_after=2023-09-05T13:08:50.040280+00:00
[2023-09-05 13:08:50,054] {processor.py:161} INFO - Processing /home/airflow/.local/lib/python3.7/site-packages/airflow/example_dags/example_latest_only_with_trigger.py took 0.074 seconds
