[2023-09-05 13:01:08,204] {processor.py:153} INFO - Started process (PID=58) to work on /home/airflow/.local/lib/python3.7/site-packages/airflow/example_dags/example_complex.py
[2023-09-05 13:01:08,205] {processor.py:641} INFO - Processing file /home/airflow/.local/lib/python3.7/site-packages/airflow/example_dags/example_complex.py for tasks to queue
[2023-09-05 13:01:08,205] {logging_mixin.py:115} INFO - [2023-09-05 13:01:08,205] {dagbag.py:508} INFO - Filling up the DagBag from /home/airflow/.local/lib/python3.7/site-packages/airflow/example_dags/example_complex.py
[2023-09-05 13:01:08,251] {processor.py:651} INFO - DAG(s) dict_keys(['example_complex']) retrieved from /home/airflow/.local/lib/python3.7/site-packages/airflow/example_dags/example_complex.py
[2023-09-05 13:01:08,405] {logging_mixin.py:115} INFO - [2023-09-05 13:01:08,405] {manager.py:508} INFO - Created Permission View: can read on DAG:example_complex
[2023-09-05 13:01:08,422] {logging_mixin.py:115} INFO - [2023-09-05 13:01:08,422] {manager.py:508} INFO - Created Permission View: can delete on DAG:example_complex
[2023-09-05 13:01:08,436] {logging_mixin.py:115} INFO - [2023-09-05 13:01:08,436] {manager.py:508} INFO - Created Permission View: can edit on DAG:example_complex
[2023-09-05 13:01:08,436] {logging_mixin.py:115} INFO - [2023-09-05 13:01:08,436] {dag.py:2420} INFO - Sync 1 DAGs
[2023-09-05 13:01:08,451] {logging_mixin.py:115} INFO - [2023-09-05 13:01:08,451] {dag.py:2439} INFO - Creating ORM DAG for example_complex
[2023-09-05 13:01:08,467] {logging_mixin.py:115} INFO - [2023-09-05 13:01:08,467] {dag.py:2972} INFO - Setting next_dagrun for example_complex to None, run_after=None
[2023-09-05 13:01:08,494] {processor.py:161} INFO - Processing /home/airflow/.local/lib/python3.7/site-packages/airflow/example_dags/example_complex.py took 0.293 seconds
[2023-09-05 13:01:39,063] {processor.py:153} INFO - Started process (PID=120) to work on /home/airflow/.local/lib/python3.7/site-packages/airflow/example_dags/example_complex.py
[2023-09-05 13:01:39,064] {processor.py:641} INFO - Processing file /home/airflow/.local/lib/python3.7/site-packages/airflow/example_dags/example_complex.py for tasks to queue
[2023-09-05 13:01:39,065] {logging_mixin.py:115} INFO - [2023-09-05 13:01:39,065] {dagbag.py:508} INFO - Filling up the DagBag from /home/airflow/.local/lib/python3.7/site-packages/airflow/example_dags/example_complex.py
[2023-09-05 13:01:39,082] {processor.py:651} INFO - DAG(s) dict_keys(['example_complex']) retrieved from /home/airflow/.local/lib/python3.7/site-packages/airflow/example_dags/example_complex.py
[2023-09-05 13:01:39,143] {logging_mixin.py:115} INFO - [2023-09-05 13:01:39,143] {dag.py:2420} INFO - Sync 1 DAGs
[2023-09-05 13:01:39,172] {logging_mixin.py:115} INFO - [2023-09-05 13:01:39,172] {dag.py:2972} INFO - Setting next_dagrun for example_complex to None, run_after=None
[2023-09-05 13:01:39,186] {processor.py:161} INFO - Processing /home/airflow/.local/lib/python3.7/site-packages/airflow/example_dags/example_complex.py took 0.127 seconds
[2023-09-05 13:02:09,846] {processor.py:153} INFO - Started process (PID=172) to work on /home/airflow/.local/lib/python3.7/site-packages/airflow/example_dags/example_complex.py
[2023-09-05 13:02:09,847] {processor.py:641} INFO - Processing file /home/airflow/.local/lib/python3.7/site-packages/airflow/example_dags/example_complex.py for tasks to queue
[2023-09-05 13:02:09,848] {logging_mixin.py:115} INFO - [2023-09-05 13:02:09,848] {dagbag.py:508} INFO - Filling up the DagBag from /home/airflow/.local/lib/python3.7/site-packages/airflow/example_dags/example_complex.py
[2023-09-05 13:02:09,858] {processor.py:651} INFO - DAG(s) dict_keys(['example_complex']) retrieved from /home/airflow/.local/lib/python3.7/site-packages/airflow/example_dags/example_complex.py
[2023-09-05 13:02:09,886] {logging_mixin.py:115} INFO - [2023-09-05 13:02:09,886] {dag.py:2420} INFO - Sync 1 DAGs
[2023-09-05 13:02:09,904] {logging_mixin.py:115} INFO - [2023-09-05 13:02:09,904] {dag.py:2972} INFO - Setting next_dagrun for example_complex to None, run_after=None
[2023-09-05 13:02:09,918] {processor.py:161} INFO - Processing /home/airflow/.local/lib/python3.7/site-packages/airflow/example_dags/example_complex.py took 0.074 seconds
[2023-09-05 13:02:40,333] {processor.py:153} INFO - Started process (PID=233) to work on /home/airflow/.local/lib/python3.7/site-packages/airflow/example_dags/example_complex.py
[2023-09-05 13:02:40,334] {processor.py:641} INFO - Processing file /home/airflow/.local/lib/python3.7/site-packages/airflow/example_dags/example_complex.py for tasks to queue
[2023-09-05 13:02:40,334] {logging_mixin.py:115} INFO - [2023-09-05 13:02:40,334] {dagbag.py:508} INFO - Filling up the DagBag from /home/airflow/.local/lib/python3.7/site-packages/airflow/example_dags/example_complex.py
[2023-09-05 13:02:40,347] {processor.py:651} INFO - DAG(s) dict_keys(['example_complex']) retrieved from /home/airflow/.local/lib/python3.7/site-packages/airflow/example_dags/example_complex.py
[2023-09-05 13:02:40,373] {logging_mixin.py:115} INFO - [2023-09-05 13:02:40,373] {dag.py:2420} INFO - Sync 1 DAGs
[2023-09-05 13:02:40,393] {logging_mixin.py:115} INFO - [2023-09-05 13:02:40,393] {dag.py:2972} INFO - Setting next_dagrun for example_complex to None, run_after=None
[2023-09-05 13:02:40,404] {processor.py:161} INFO - Processing /home/airflow/.local/lib/python3.7/site-packages/airflow/example_dags/example_complex.py took 0.073 seconds
[2023-09-05 13:03:11,031] {processor.py:153} INFO - Started process (PID=294) to work on /home/airflow/.local/lib/python3.7/site-packages/airflow/example_dags/example_complex.py
[2023-09-05 13:03:11,032] {processor.py:641} INFO - Processing file /home/airflow/.local/lib/python3.7/site-packages/airflow/example_dags/example_complex.py for tasks to queue
[2023-09-05 13:03:11,033] {logging_mixin.py:115} INFO - [2023-09-05 13:03:11,033] {dagbag.py:508} INFO - Filling up the DagBag from /home/airflow/.local/lib/python3.7/site-packages/airflow/example_dags/example_complex.py
[2023-09-05 13:03:11,044] {processor.py:651} INFO - DAG(s) dict_keys(['example_complex']) retrieved from /home/airflow/.local/lib/python3.7/site-packages/airflow/example_dags/example_complex.py
[2023-09-05 13:03:11,071] {logging_mixin.py:115} INFO - [2023-09-05 13:03:11,071] {dag.py:2420} INFO - Sync 1 DAGs
[2023-09-05 13:03:11,089] {logging_mixin.py:115} INFO - [2023-09-05 13:03:11,089] {dag.py:2972} INFO - Setting next_dagrun for example_complex to None, run_after=None
[2023-09-05 13:03:11,101] {processor.py:161} INFO - Processing /home/airflow/.local/lib/python3.7/site-packages/airflow/example_dags/example_complex.py took 0.073 seconds
[2023-09-05 13:03:41,594] {processor.py:153} INFO - Started process (PID=346) to work on /home/airflow/.local/lib/python3.7/site-packages/airflow/example_dags/example_complex.py
[2023-09-05 13:03:41,595] {processor.py:641} INFO - Processing file /home/airflow/.local/lib/python3.7/site-packages/airflow/example_dags/example_complex.py for tasks to queue
[2023-09-05 13:03:41,595] {logging_mixin.py:115} INFO - [2023-09-05 13:03:41,595] {dagbag.py:508} INFO - Filling up the DagBag from /home/airflow/.local/lib/python3.7/site-packages/airflow/example_dags/example_complex.py
[2023-09-05 13:03:41,605] {processor.py:651} INFO - DAG(s) dict_keys(['example_complex']) retrieved from /home/airflow/.local/lib/python3.7/site-packages/airflow/example_dags/example_complex.py
[2023-09-05 13:03:41,632] {logging_mixin.py:115} INFO - [2023-09-05 13:03:41,632] {dag.py:2420} INFO - Sync 1 DAGs
[2023-09-05 13:03:41,653] {logging_mixin.py:115} INFO - [2023-09-05 13:03:41,653] {dag.py:2972} INFO - Setting next_dagrun for example_complex to None, run_after=None
[2023-09-05 13:03:41,664] {processor.py:161} INFO - Processing /home/airflow/.local/lib/python3.7/site-packages/airflow/example_dags/example_complex.py took 0.073 seconds
[2023-09-05 13:04:12,461] {processor.py:153} INFO - Started process (PID=407) to work on /home/airflow/.local/lib/python3.7/site-packages/airflow/example_dags/example_complex.py
[2023-09-05 13:04:12,461] {processor.py:641} INFO - Processing file /home/airflow/.local/lib/python3.7/site-packages/airflow/example_dags/example_complex.py for tasks to queue
[2023-09-05 13:04:12,462] {logging_mixin.py:115} INFO - [2023-09-05 13:04:12,462] {dagbag.py:508} INFO - Filling up the DagBag from /home/airflow/.local/lib/python3.7/site-packages/airflow/example_dags/example_complex.py
[2023-09-05 13:04:12,479] {processor.py:651} INFO - DAG(s) dict_keys(['example_complex']) retrieved from /home/airflow/.local/lib/python3.7/site-packages/airflow/example_dags/example_complex.py
[2023-09-05 13:04:12,522] {logging_mixin.py:115} INFO - [2023-09-05 13:04:12,522] {dag.py:2420} INFO - Sync 1 DAGs
[2023-09-05 13:04:12,548] {logging_mixin.py:115} INFO - [2023-09-05 13:04:12,548] {dag.py:2972} INFO - Setting next_dagrun for example_complex to None, run_after=None
[2023-09-05 13:04:12,566] {processor.py:161} INFO - Processing /home/airflow/.local/lib/python3.7/site-packages/airflow/example_dags/example_complex.py took 0.108 seconds
[2023-09-05 13:04:43,343] {processor.py:153} INFO - Started process (PID=467) to work on /home/airflow/.local/lib/python3.7/site-packages/airflow/example_dags/example_complex.py
[2023-09-05 13:04:43,343] {processor.py:641} INFO - Processing file /home/airflow/.local/lib/python3.7/site-packages/airflow/example_dags/example_complex.py for tasks to queue
[2023-09-05 13:04:43,344] {logging_mixin.py:115} INFO - [2023-09-05 13:04:43,344] {dagbag.py:508} INFO - Filling up the DagBag from /home/airflow/.local/lib/python3.7/site-packages/airflow/example_dags/example_complex.py
[2023-09-05 13:04:43,355] {processor.py:651} INFO - DAG(s) dict_keys(['example_complex']) retrieved from /home/airflow/.local/lib/python3.7/site-packages/airflow/example_dags/example_complex.py
[2023-09-05 13:04:43,387] {logging_mixin.py:115} INFO - [2023-09-05 13:04:43,387] {dag.py:2420} INFO - Sync 1 DAGs
[2023-09-05 13:04:43,406] {logging_mixin.py:115} INFO - [2023-09-05 13:04:43,406] {dag.py:2972} INFO - Setting next_dagrun for example_complex to None, run_after=None
[2023-09-05 13:04:43,419] {processor.py:161} INFO - Processing /home/airflow/.local/lib/python3.7/site-packages/airflow/example_dags/example_complex.py took 0.079 seconds
[2023-09-05 13:05:14,352] {processor.py:153} INFO - Started process (PID=528) to work on /home/airflow/.local/lib/python3.7/site-packages/airflow/example_dags/example_complex.py
[2023-09-05 13:05:14,353] {processor.py:641} INFO - Processing file /home/airflow/.local/lib/python3.7/site-packages/airflow/example_dags/example_complex.py for tasks to queue
[2023-09-05 13:05:14,354] {logging_mixin.py:115} INFO - [2023-09-05 13:05:14,354] {dagbag.py:508} INFO - Filling up the DagBag from /home/airflow/.local/lib/python3.7/site-packages/airflow/example_dags/example_complex.py
[2023-09-05 13:05:14,373] {processor.py:651} INFO - DAG(s) dict_keys(['example_complex']) retrieved from /home/airflow/.local/lib/python3.7/site-packages/airflow/example_dags/example_complex.py
[2023-09-05 13:05:14,416] {logging_mixin.py:115} INFO - [2023-09-05 13:05:14,415] {dag.py:2420} INFO - Sync 1 DAGs
[2023-09-05 13:05:14,453] {logging_mixin.py:115} INFO - [2023-09-05 13:05:14,453] {dag.py:2972} INFO - Setting next_dagrun for example_complex to None, run_after=None
[2023-09-05 13:05:14,472] {processor.py:161} INFO - Processing /home/airflow/.local/lib/python3.7/site-packages/airflow/example_dags/example_complex.py took 0.124 seconds
[2023-09-05 13:05:45,220] {processor.py:153} INFO - Started process (PID=580) to work on /home/airflow/.local/lib/python3.7/site-packages/airflow/example_dags/example_complex.py
[2023-09-05 13:05:45,222] {processor.py:641} INFO - Processing file /home/airflow/.local/lib/python3.7/site-packages/airflow/example_dags/example_complex.py for tasks to queue
[2023-09-05 13:05:45,222] {logging_mixin.py:115} INFO - [2023-09-05 13:05:45,222] {dagbag.py:508} INFO - Filling up the DagBag from /home/airflow/.local/lib/python3.7/site-packages/airflow/example_dags/example_complex.py
[2023-09-05 13:05:45,252] {processor.py:651} INFO - DAG(s) dict_keys(['example_complex']) retrieved from /home/airflow/.local/lib/python3.7/site-packages/airflow/example_dags/example_complex.py
[2023-09-05 13:05:45,291] {logging_mixin.py:115} INFO - [2023-09-05 13:05:45,291] {dag.py:2420} INFO - Sync 1 DAGs
[2023-09-05 13:05:45,316] {logging_mixin.py:115} INFO - [2023-09-05 13:05:45,315] {dag.py:2972} INFO - Setting next_dagrun for example_complex to None, run_after=None
[2023-09-05 13:05:45,330] {processor.py:161} INFO - Processing /home/airflow/.local/lib/python3.7/site-packages/airflow/example_dags/example_complex.py took 0.116 seconds
[2023-09-05 13:06:16,070] {processor.py:153} INFO - Started process (PID=641) to work on /home/airflow/.local/lib/python3.7/site-packages/airflow/example_dags/example_complex.py
[2023-09-05 13:06:16,072] {processor.py:641} INFO - Processing file /home/airflow/.local/lib/python3.7/site-packages/airflow/example_dags/example_complex.py for tasks to queue
[2023-09-05 13:06:16,072] {logging_mixin.py:115} INFO - [2023-09-05 13:06:16,072] {dagbag.py:508} INFO - Filling up the DagBag from /home/airflow/.local/lib/python3.7/site-packages/airflow/example_dags/example_complex.py
[2023-09-05 13:06:16,085] {processor.py:651} INFO - DAG(s) dict_keys(['example_complex']) retrieved from /home/airflow/.local/lib/python3.7/site-packages/airflow/example_dags/example_complex.py
[2023-09-05 13:06:16,115] {logging_mixin.py:115} INFO - [2023-09-05 13:06:16,114] {dag.py:2420} INFO - Sync 1 DAGs
[2023-09-05 13:06:16,135] {logging_mixin.py:115} INFO - [2023-09-05 13:06:16,135] {dag.py:2972} INFO - Setting next_dagrun for example_complex to None, run_after=None
[2023-09-05 13:06:16,149] {processor.py:161} INFO - Processing /home/airflow/.local/lib/python3.7/site-packages/airflow/example_dags/example_complex.py took 0.082 seconds
[2023-09-05 13:06:47,102] {processor.py:153} INFO - Started process (PID=702) to work on /home/airflow/.local/lib/python3.7/site-packages/airflow/example_dags/example_complex.py
[2023-09-05 13:06:47,104] {processor.py:641} INFO - Processing file /home/airflow/.local/lib/python3.7/site-packages/airflow/example_dags/example_complex.py for tasks to queue
[2023-09-05 13:06:47,104] {logging_mixin.py:115} INFO - [2023-09-05 13:06:47,104] {dagbag.py:508} INFO - Filling up the DagBag from /home/airflow/.local/lib/python3.7/site-packages/airflow/example_dags/example_complex.py
[2023-09-05 13:06:47,119] {processor.py:651} INFO - DAG(s) dict_keys(['example_complex']) retrieved from /home/airflow/.local/lib/python3.7/site-packages/airflow/example_dags/example_complex.py
[2023-09-05 13:06:47,158] {logging_mixin.py:115} INFO - [2023-09-05 13:06:47,158] {dag.py:2420} INFO - Sync 1 DAGs
[2023-09-05 13:06:47,188] {logging_mixin.py:115} INFO - [2023-09-05 13:06:47,188] {dag.py:2972} INFO - Setting next_dagrun for example_complex to None, run_after=None
[2023-09-05 13:06:47,205] {processor.py:161} INFO - Processing /home/airflow/.local/lib/python3.7/site-packages/airflow/example_dags/example_complex.py took 0.107 seconds
[2023-09-05 13:07:18,254] {processor.py:153} INFO - Started process (PID=754) to work on /home/airflow/.local/lib/python3.7/site-packages/airflow/example_dags/example_complex.py
[2023-09-05 13:07:18,255] {processor.py:641} INFO - Processing file /home/airflow/.local/lib/python3.7/site-packages/airflow/example_dags/example_complex.py for tasks to queue
[2023-09-05 13:07:18,255] {logging_mixin.py:115} INFO - [2023-09-05 13:07:18,255] {dagbag.py:508} INFO - Filling up the DagBag from /home/airflow/.local/lib/python3.7/site-packages/airflow/example_dags/example_complex.py
[2023-09-05 13:07:18,276] {processor.py:651} INFO - DAG(s) dict_keys(['example_complex']) retrieved from /home/airflow/.local/lib/python3.7/site-packages/airflow/example_dags/example_complex.py
[2023-09-05 13:07:18,315] {logging_mixin.py:115} INFO - [2023-09-05 13:07:18,315] {dag.py:2420} INFO - Sync 1 DAGs
[2023-09-05 13:07:18,345] {logging_mixin.py:115} INFO - [2023-09-05 13:07:18,345] {dag.py:2972} INFO - Setting next_dagrun for example_complex to None, run_after=None
[2023-09-05 13:07:18,364] {processor.py:161} INFO - Processing /home/airflow/.local/lib/python3.7/site-packages/airflow/example_dags/example_complex.py took 0.114 seconds
[2023-09-05 13:07:48,583] {processor.py:153} INFO - Started process (PID=815) to work on /home/airflow/.local/lib/python3.7/site-packages/airflow/example_dags/example_complex.py
[2023-09-05 13:07:48,584] {processor.py:641} INFO - Processing file /home/airflow/.local/lib/python3.7/site-packages/airflow/example_dags/example_complex.py for tasks to queue
[2023-09-05 13:07:48,584] {logging_mixin.py:115} INFO - [2023-09-05 13:07:48,584] {dagbag.py:508} INFO - Filling up the DagBag from /home/airflow/.local/lib/python3.7/site-packages/airflow/example_dags/example_complex.py
[2023-09-05 13:07:48,595] {processor.py:651} INFO - DAG(s) dict_keys(['example_complex']) retrieved from /home/airflow/.local/lib/python3.7/site-packages/airflow/example_dags/example_complex.py
[2023-09-05 13:07:48,622] {logging_mixin.py:115} INFO - [2023-09-05 13:07:48,622] {dag.py:2420} INFO - Sync 1 DAGs
[2023-09-05 13:07:48,642] {logging_mixin.py:115} INFO - [2023-09-05 13:07:48,642] {dag.py:2972} INFO - Setting next_dagrun for example_complex to None, run_after=None
[2023-09-05 13:07:48,654] {processor.py:161} INFO - Processing /home/airflow/.local/lib/python3.7/site-packages/airflow/example_dags/example_complex.py took 0.074 seconds
[2023-09-05 13:08:19,855] {processor.py:153} INFO - Started process (PID=867) to work on /home/airflow/.local/lib/python3.7/site-packages/airflow/example_dags/example_complex.py
[2023-09-05 13:08:19,857] {processor.py:641} INFO - Processing file /home/airflow/.local/lib/python3.7/site-packages/airflow/example_dags/example_complex.py for tasks to queue
[2023-09-05 13:08:19,858] {logging_mixin.py:115} INFO - [2023-09-05 13:08:19,858] {dagbag.py:508} INFO - Filling up the DagBag from /home/airflow/.local/lib/python3.7/site-packages/airflow/example_dags/example_complex.py
[2023-09-05 13:08:19,887] {processor.py:651} INFO - DAG(s) dict_keys(['example_complex']) retrieved from /home/airflow/.local/lib/python3.7/site-packages/airflow/example_dags/example_complex.py
[2023-09-05 13:08:19,935] {logging_mixin.py:115} INFO - [2023-09-05 13:08:19,935] {dag.py:2420} INFO - Sync 1 DAGs
[2023-09-05 13:08:19,970] {logging_mixin.py:115} INFO - [2023-09-05 13:08:19,970] {dag.py:2972} INFO - Setting next_dagrun for example_complex to None, run_after=None
[2023-09-05 13:08:19,997] {processor.py:161} INFO - Processing /home/airflow/.local/lib/python3.7/site-packages/airflow/example_dags/example_complex.py took 0.147 seconds
[2023-09-05 13:08:50,206] {processor.py:153} INFO - Started process (PID=928) to work on /home/airflow/.local/lib/python3.7/site-packages/airflow/example_dags/example_complex.py
[2023-09-05 13:08:50,207] {processor.py:641} INFO - Processing file /home/airflow/.local/lib/python3.7/site-packages/airflow/example_dags/example_complex.py for tasks to queue
[2023-09-05 13:08:50,207] {logging_mixin.py:115} INFO - [2023-09-05 13:08:50,207] {dagbag.py:508} INFO - Filling up the DagBag from /home/airflow/.local/lib/python3.7/site-packages/airflow/example_dags/example_complex.py
[2023-09-05 13:08:50,219] {processor.py:651} INFO - DAG(s) dict_keys(['example_complex']) retrieved from /home/airflow/.local/lib/python3.7/site-packages/airflow/example_dags/example_complex.py
[2023-09-05 13:08:50,260] {logging_mixin.py:115} INFO - [2023-09-05 13:08:50,260] {dag.py:2420} INFO - Sync 1 DAGs
[2023-09-05 13:08:50,284] {logging_mixin.py:115} INFO - [2023-09-05 13:08:50,284] {dag.py:2972} INFO - Setting next_dagrun for example_complex to None, run_after=None
[2023-09-05 13:08:50,298] {processor.py:161} INFO - Processing /home/airflow/.local/lib/python3.7/site-packages/airflow/example_dags/example_complex.py took 0.096 seconds
