[2023-09-05 13:01:07,950] {processor.py:153} INFO - Started process (PID=56) to work on /home/airflow/.local/lib/python3.7/site-packages/airflow/example_dags/example_time_delta_sensor_async.py
[2023-09-05 13:01:07,951] {processor.py:641} INFO - Processing file /home/airflow/.local/lib/python3.7/site-packages/airflow/example_dags/example_time_delta_sensor_async.py for tasks to queue
[2023-09-05 13:01:07,951] {logging_mixin.py:115} INFO - [2023-09-05 13:01:07,951] {dagbag.py:508} INFO - Filling up the DagBag from /home/airflow/.local/lib/python3.7/site-packages/airflow/example_dags/example_time_delta_sensor_async.py
[2023-09-05 13:01:07,960] {processor.py:651} INFO - DAG(s) dict_keys(['example_time_delta_sensor_async']) retrieved from /home/airflow/.local/lib/python3.7/site-packages/airflow/example_dags/example_time_delta_sensor_async.py
[2023-09-05 13:01:08,074] {logging_mixin.py:115} INFO - [2023-09-05 13:01:08,074] {manager.py:508} INFO - Created Permission View: can read on DAG:example_time_delta_sensor_async
[2023-09-05 13:01:08,087] {logging_mixin.py:115} INFO - [2023-09-05 13:01:08,087] {manager.py:508} INFO - Created Permission View: can delete on DAG:example_time_delta_sensor_async
[2023-09-05 13:01:08,098] {logging_mixin.py:115} INFO - [2023-09-05 13:01:08,098] {manager.py:508} INFO - Created Permission View: can edit on DAG:example_time_delta_sensor_async
[2023-09-05 13:01:08,098] {logging_mixin.py:115} INFO - [2023-09-05 13:01:08,098] {dag.py:2420} INFO - Sync 1 DAGs
[2023-09-05 13:01:08,111] {logging_mixin.py:115} INFO - [2023-09-05 13:01:08,111] {dag.py:2439} INFO - Creating ORM DAG for example_time_delta_sensor_async
[2023-09-05 13:01:08,134] {logging_mixin.py:115} INFO - [2023-09-05 13:01:08,134] {dag.py:2972} INFO - Setting next_dagrun for example_time_delta_sensor_async to None, run_after=None
[2023-09-05 13:01:08,150] {processor.py:161} INFO - Processing /home/airflow/.local/lib/python3.7/site-packages/airflow/example_dags/example_time_delta_sensor_async.py took 0.205 seconds
[2023-09-05 13:01:38,956] {processor.py:153} INFO - Started process (PID=116) to work on /home/airflow/.local/lib/python3.7/site-packages/airflow/example_dags/example_time_delta_sensor_async.py
[2023-09-05 13:01:38,956] {processor.py:641} INFO - Processing file /home/airflow/.local/lib/python3.7/site-packages/airflow/example_dags/example_time_delta_sensor_async.py for tasks to queue
[2023-09-05 13:01:38,957] {logging_mixin.py:115} INFO - [2023-09-05 13:01:38,957] {dagbag.py:508} INFO - Filling up the DagBag from /home/airflow/.local/lib/python3.7/site-packages/airflow/example_dags/example_time_delta_sensor_async.py
[2023-09-05 13:01:38,963] {processor.py:651} INFO - DAG(s) dict_keys(['example_time_delta_sensor_async']) retrieved from /home/airflow/.local/lib/python3.7/site-packages/airflow/example_dags/example_time_delta_sensor_async.py
[2023-09-05 13:01:38,996] {logging_mixin.py:115} INFO - [2023-09-05 13:01:38,996] {dag.py:2420} INFO - Sync 1 DAGs
[2023-09-05 13:01:39,019] {logging_mixin.py:115} INFO - [2023-09-05 13:01:39,019] {dag.py:2972} INFO - Setting next_dagrun for example_time_delta_sensor_async to None, run_after=None
[2023-09-05 13:01:39,036] {processor.py:161} INFO - Processing /home/airflow/.local/lib/python3.7/site-packages/airflow/example_dags/example_time_delta_sensor_async.py took 0.084 seconds
[2023-09-05 13:02:09,730] {processor.py:153} INFO - Started process (PID=170) to work on /home/airflow/.local/lib/python3.7/site-packages/airflow/example_dags/example_time_delta_sensor_async.py
[2023-09-05 13:02:09,731] {processor.py:641} INFO - Processing file /home/airflow/.local/lib/python3.7/site-packages/airflow/example_dags/example_time_delta_sensor_async.py for tasks to queue
[2023-09-05 13:02:09,732] {logging_mixin.py:115} INFO - [2023-09-05 13:02:09,732] {dagbag.py:508} INFO - Filling up the DagBag from /home/airflow/.local/lib/python3.7/site-packages/airflow/example_dags/example_time_delta_sensor_async.py
[2023-09-05 13:02:09,736] {processor.py:651} INFO - DAG(s) dict_keys(['example_time_delta_sensor_async']) retrieved from /home/airflow/.local/lib/python3.7/site-packages/airflow/example_dags/example_time_delta_sensor_async.py
[2023-09-05 13:02:09,768] {logging_mixin.py:115} INFO - [2023-09-05 13:02:09,768] {dag.py:2420} INFO - Sync 1 DAGs
[2023-09-05 13:02:09,785] {logging_mixin.py:115} INFO - [2023-09-05 13:02:09,785] {dag.py:2972} INFO - Setting next_dagrun for example_time_delta_sensor_async to None, run_after=None
[2023-09-05 13:02:09,798] {processor.py:161} INFO - Processing /home/airflow/.local/lib/python3.7/site-packages/airflow/example_dags/example_time_delta_sensor_async.py took 0.070 seconds
[2023-09-05 13:02:40,250] {processor.py:153} INFO - Started process (PID=231) to work on /home/airflow/.local/lib/python3.7/site-packages/airflow/example_dags/example_time_delta_sensor_async.py
[2023-09-05 13:02:40,251] {processor.py:641} INFO - Processing file /home/airflow/.local/lib/python3.7/site-packages/airflow/example_dags/example_time_delta_sensor_async.py for tasks to queue
[2023-09-05 13:02:40,252] {logging_mixin.py:115} INFO - [2023-09-05 13:02:40,252] {dagbag.py:508} INFO - Filling up the DagBag from /home/airflow/.local/lib/python3.7/site-packages/airflow/example_dags/example_time_delta_sensor_async.py
[2023-09-05 13:02:40,256] {processor.py:651} INFO - DAG(s) dict_keys(['example_time_delta_sensor_async']) retrieved from /home/airflow/.local/lib/python3.7/site-packages/airflow/example_dags/example_time_delta_sensor_async.py
[2023-09-05 13:02:40,286] {logging_mixin.py:115} INFO - [2023-09-05 13:02:40,286] {dag.py:2420} INFO - Sync 1 DAGs
[2023-09-05 13:02:40,307] {logging_mixin.py:115} INFO - [2023-09-05 13:02:40,307] {dag.py:2972} INFO - Setting next_dagrun for example_time_delta_sensor_async to None, run_after=None
[2023-09-05 13:02:40,320] {processor.py:161} INFO - Processing /home/airflow/.local/lib/python3.7/site-packages/airflow/example_dags/example_time_delta_sensor_async.py took 0.072 seconds
[2023-09-05 13:03:10,894] {processor.py:153} INFO - Started process (PID=292) to work on /home/airflow/.local/lib/python3.7/site-packages/airflow/example_dags/example_time_delta_sensor_async.py
[2023-09-05 13:03:10,895] {processor.py:641} INFO - Processing file /home/airflow/.local/lib/python3.7/site-packages/airflow/example_dags/example_time_delta_sensor_async.py for tasks to queue
[2023-09-05 13:03:10,896] {logging_mixin.py:115} INFO - [2023-09-05 13:03:10,896] {dagbag.py:508} INFO - Filling up the DagBag from /home/airflow/.local/lib/python3.7/site-packages/airflow/example_dags/example_time_delta_sensor_async.py
[2023-09-05 13:03:10,905] {processor.py:651} INFO - DAG(s) dict_keys(['example_time_delta_sensor_async']) retrieved from /home/airflow/.local/lib/python3.7/site-packages/airflow/example_dags/example_time_delta_sensor_async.py
[2023-09-05 13:03:10,943] {logging_mixin.py:115} INFO - [2023-09-05 13:03:10,942] {dag.py:2420} INFO - Sync 1 DAGs
[2023-09-05 13:03:10,964] {logging_mixin.py:115} INFO - [2023-09-05 13:03:10,964] {dag.py:2972} INFO - Setting next_dagrun for example_time_delta_sensor_async to None, run_after=None
[2023-09-05 13:03:10,977] {processor.py:161} INFO - Processing /home/airflow/.local/lib/python3.7/site-packages/airflow/example_dags/example_time_delta_sensor_async.py took 0.087 seconds
[2023-09-05 13:03:41,514] {processor.py:153} INFO - Started process (PID=344) to work on /home/airflow/.local/lib/python3.7/site-packages/airflow/example_dags/example_time_delta_sensor_async.py
[2023-09-05 13:03:41,514] {processor.py:641} INFO - Processing file /home/airflow/.local/lib/python3.7/site-packages/airflow/example_dags/example_time_delta_sensor_async.py for tasks to queue
[2023-09-05 13:03:41,514] {logging_mixin.py:115} INFO - [2023-09-05 13:03:41,514] {dagbag.py:508} INFO - Filling up the DagBag from /home/airflow/.local/lib/python3.7/site-packages/airflow/example_dags/example_time_delta_sensor_async.py
[2023-09-05 13:03:41,519] {processor.py:651} INFO - DAG(s) dict_keys(['example_time_delta_sensor_async']) retrieved from /home/airflow/.local/lib/python3.7/site-packages/airflow/example_dags/example_time_delta_sensor_async.py
[2023-09-05 13:03:41,550] {logging_mixin.py:115} INFO - [2023-09-05 13:03:41,550] {dag.py:2420} INFO - Sync 1 DAGs
[2023-09-05 13:03:41,568] {logging_mixin.py:115} INFO - [2023-09-05 13:03:41,568] {dag.py:2972} INFO - Setting next_dagrun for example_time_delta_sensor_async to None, run_after=None
[2023-09-05 13:03:41,581] {processor.py:161} INFO - Processing /home/airflow/.local/lib/python3.7/site-packages/airflow/example_dags/example_time_delta_sensor_async.py took 0.071 seconds
[2023-09-05 13:04:12,348] {processor.py:153} INFO - Started process (PID=405) to work on /home/airflow/.local/lib/python3.7/site-packages/airflow/example_dags/example_time_delta_sensor_async.py
[2023-09-05 13:04:12,349] {processor.py:641} INFO - Processing file /home/airflow/.local/lib/python3.7/site-packages/airflow/example_dags/example_time_delta_sensor_async.py for tasks to queue
[2023-09-05 13:04:12,350] {logging_mixin.py:115} INFO - [2023-09-05 13:04:12,349] {dagbag.py:508} INFO - Filling up the DagBag from /home/airflow/.local/lib/python3.7/site-packages/airflow/example_dags/example_time_delta_sensor_async.py
[2023-09-05 13:04:12,355] {processor.py:651} INFO - DAG(s) dict_keys(['example_time_delta_sensor_async']) retrieved from /home/airflow/.local/lib/python3.7/site-packages/airflow/example_dags/example_time_delta_sensor_async.py
[2023-09-05 13:04:12,399] {logging_mixin.py:115} INFO - [2023-09-05 13:04:12,399] {dag.py:2420} INFO - Sync 1 DAGs
[2023-09-05 13:04:12,428] {logging_mixin.py:115} INFO - [2023-09-05 13:04:12,428] {dag.py:2972} INFO - Setting next_dagrun for example_time_delta_sensor_async to None, run_after=None
[2023-09-05 13:04:12,444] {processor.py:161} INFO - Processing /home/airflow/.local/lib/python3.7/site-packages/airflow/example_dags/example_time_delta_sensor_async.py took 0.099 seconds
[2023-09-05 13:04:43,218] {processor.py:153} INFO - Started process (PID=465) to work on /home/airflow/.local/lib/python3.7/site-packages/airflow/example_dags/example_time_delta_sensor_async.py
[2023-09-05 13:04:43,219] {processor.py:641} INFO - Processing file /home/airflow/.local/lib/python3.7/site-packages/airflow/example_dags/example_time_delta_sensor_async.py for tasks to queue
[2023-09-05 13:04:43,219] {logging_mixin.py:115} INFO - [2023-09-05 13:04:43,219] {dagbag.py:508} INFO - Filling up the DagBag from /home/airflow/.local/lib/python3.7/site-packages/airflow/example_dags/example_time_delta_sensor_async.py
[2023-09-05 13:04:43,223] {processor.py:651} INFO - DAG(s) dict_keys(['example_time_delta_sensor_async']) retrieved from /home/airflow/.local/lib/python3.7/site-packages/airflow/example_dags/example_time_delta_sensor_async.py
[2023-09-05 13:04:43,257] {logging_mixin.py:115} INFO - [2023-09-05 13:04:43,257] {dag.py:2420} INFO - Sync 1 DAGs
[2023-09-05 13:04:43,277] {logging_mixin.py:115} INFO - [2023-09-05 13:04:43,277] {dag.py:2972} INFO - Setting next_dagrun for example_time_delta_sensor_async to None, run_after=None
[2023-09-05 13:04:43,290] {processor.py:161} INFO - Processing /home/airflow/.local/lib/python3.7/site-packages/airflow/example_dags/example_time_delta_sensor_async.py took 0.074 seconds
[2023-09-05 13:05:14,134] {processor.py:153} INFO - Started process (PID=526) to work on /home/airflow/.local/lib/python3.7/site-packages/airflow/example_dags/example_time_delta_sensor_async.py
[2023-09-05 13:05:14,135] {processor.py:641} INFO - Processing file /home/airflow/.local/lib/python3.7/site-packages/airflow/example_dags/example_time_delta_sensor_async.py for tasks to queue
[2023-09-05 13:05:14,136] {logging_mixin.py:115} INFO - [2023-09-05 13:05:14,136] {dagbag.py:508} INFO - Filling up the DagBag from /home/airflow/.local/lib/python3.7/site-packages/airflow/example_dags/example_time_delta_sensor_async.py
[2023-09-05 13:05:14,143] {processor.py:651} INFO - DAG(s) dict_keys(['example_time_delta_sensor_async']) retrieved from /home/airflow/.local/lib/python3.7/site-packages/airflow/example_dags/example_time_delta_sensor_async.py
[2023-09-05 13:05:14,198] {logging_mixin.py:115} INFO - [2023-09-05 13:05:14,198] {dag.py:2420} INFO - Sync 1 DAGs
[2023-09-05 13:05:14,238] {logging_mixin.py:115} INFO - [2023-09-05 13:05:14,238] {dag.py:2972} INFO - Setting next_dagrun for example_time_delta_sensor_async to None, run_after=None
[2023-09-05 13:05:14,258] {processor.py:161} INFO - Processing /home/airflow/.local/lib/python3.7/site-packages/airflow/example_dags/example_time_delta_sensor_async.py took 0.134 seconds
[2023-09-05 13:05:45,018] {processor.py:153} INFO - Started process (PID=578) to work on /home/airflow/.local/lib/python3.7/site-packages/airflow/example_dags/example_time_delta_sensor_async.py
[2023-09-05 13:05:45,019] {processor.py:641} INFO - Processing file /home/airflow/.local/lib/python3.7/site-packages/airflow/example_dags/example_time_delta_sensor_async.py for tasks to queue
[2023-09-05 13:05:45,019] {logging_mixin.py:115} INFO - [2023-09-05 13:05:45,019] {dagbag.py:508} INFO - Filling up the DagBag from /home/airflow/.local/lib/python3.7/site-packages/airflow/example_dags/example_time_delta_sensor_async.py
[2023-09-05 13:05:45,023] {processor.py:651} INFO - DAG(s) dict_keys(['example_time_delta_sensor_async']) retrieved from /home/airflow/.local/lib/python3.7/site-packages/airflow/example_dags/example_time_delta_sensor_async.py
[2023-09-05 13:05:45,061] {logging_mixin.py:115} INFO - [2023-09-05 13:05:45,060] {dag.py:2420} INFO - Sync 1 DAGs
[2023-09-05 13:05:45,096] {logging_mixin.py:115} INFO - [2023-09-05 13:05:45,096] {dag.py:2972} INFO - Setting next_dagrun for example_time_delta_sensor_async to None, run_after=None
[2023-09-05 13:05:45,126] {processor.py:161} INFO - Processing /home/airflow/.local/lib/python3.7/site-packages/airflow/example_dags/example_time_delta_sensor_async.py took 0.110 seconds
[2023-09-05 13:06:15,918] {processor.py:153} INFO - Started process (PID=639) to work on /home/airflow/.local/lib/python3.7/site-packages/airflow/example_dags/example_time_delta_sensor_async.py
[2023-09-05 13:06:15,919] {processor.py:641} INFO - Processing file /home/airflow/.local/lib/python3.7/site-packages/airflow/example_dags/example_time_delta_sensor_async.py for tasks to queue
[2023-09-05 13:06:15,920] {logging_mixin.py:115} INFO - [2023-09-05 13:06:15,920] {dagbag.py:508} INFO - Filling up the DagBag from /home/airflow/.local/lib/python3.7/site-packages/airflow/example_dags/example_time_delta_sensor_async.py
[2023-09-05 13:06:15,925] {processor.py:651} INFO - DAG(s) dict_keys(['example_time_delta_sensor_async']) retrieved from /home/airflow/.local/lib/python3.7/site-packages/airflow/example_dags/example_time_delta_sensor_async.py
[2023-09-05 13:06:15,965] {logging_mixin.py:115} INFO - [2023-09-05 13:06:15,965] {dag.py:2420} INFO - Sync 1 DAGs
[2023-09-05 13:06:15,991] {logging_mixin.py:115} INFO - [2023-09-05 13:06:15,991] {dag.py:2972} INFO - Setting next_dagrun for example_time_delta_sensor_async to None, run_after=None
[2023-09-05 13:06:16,006] {processor.py:161} INFO - Processing /home/airflow/.local/lib/python3.7/site-packages/airflow/example_dags/example_time_delta_sensor_async.py took 0.091 seconds
[2023-09-05 13:06:46,888] {processor.py:153} INFO - Started process (PID=700) to work on /home/airflow/.local/lib/python3.7/site-packages/airflow/example_dags/example_time_delta_sensor_async.py
[2023-09-05 13:06:46,889] {processor.py:641} INFO - Processing file /home/airflow/.local/lib/python3.7/site-packages/airflow/example_dags/example_time_delta_sensor_async.py for tasks to queue
[2023-09-05 13:06:46,890] {logging_mixin.py:115} INFO - [2023-09-05 13:06:46,890] {dagbag.py:508} INFO - Filling up the DagBag from /home/airflow/.local/lib/python3.7/site-packages/airflow/example_dags/example_time_delta_sensor_async.py
[2023-09-05 13:06:46,897] {processor.py:651} INFO - DAG(s) dict_keys(['example_time_delta_sensor_async']) retrieved from /home/airflow/.local/lib/python3.7/site-packages/airflow/example_dags/example_time_delta_sensor_async.py
[2023-09-05 13:06:46,980] {logging_mixin.py:115} INFO - [2023-09-05 13:06:46,980] {dag.py:2420} INFO - Sync 1 DAGs
[2023-09-05 13:06:47,015] {logging_mixin.py:115} INFO - [2023-09-05 13:06:47,015] {dag.py:2972} INFO - Setting next_dagrun for example_time_delta_sensor_async to None, run_after=None
[2023-09-05 13:06:47,043] {processor.py:161} INFO - Processing /home/airflow/.local/lib/python3.7/site-packages/airflow/example_dags/example_time_delta_sensor_async.py took 0.161 seconds
[2023-09-05 13:07:18,047] {processor.py:153} INFO - Started process (PID=752) to work on /home/airflow/.local/lib/python3.7/site-packages/airflow/example_dags/example_time_delta_sensor_async.py
[2023-09-05 13:07:18,048] {processor.py:641} INFO - Processing file /home/airflow/.local/lib/python3.7/site-packages/airflow/example_dags/example_time_delta_sensor_async.py for tasks to queue
[2023-09-05 13:07:18,049] {logging_mixin.py:115} INFO - [2023-09-05 13:07:18,049] {dagbag.py:508} INFO - Filling up the DagBag from /home/airflow/.local/lib/python3.7/site-packages/airflow/example_dags/example_time_delta_sensor_async.py
[2023-09-05 13:07:18,056] {processor.py:651} INFO - DAG(s) dict_keys(['example_time_delta_sensor_async']) retrieved from /home/airflow/.local/lib/python3.7/site-packages/airflow/example_dags/example_time_delta_sensor_async.py
[2023-09-05 13:07:18,119] {logging_mixin.py:115} INFO - [2023-09-05 13:07:18,119] {dag.py:2420} INFO - Sync 1 DAGs
[2023-09-05 13:07:18,154] {logging_mixin.py:115} INFO - [2023-09-05 13:07:18,154] {dag.py:2972} INFO - Setting next_dagrun for example_time_delta_sensor_async to None, run_after=None
[2023-09-05 13:07:18,173] {processor.py:161} INFO - Processing /home/airflow/.local/lib/python3.7/site-packages/airflow/example_dags/example_time_delta_sensor_async.py took 0.131 seconds
[2023-09-05 13:07:48,401] {processor.py:153} INFO - Started process (PID=812) to work on /home/airflow/.local/lib/python3.7/site-packages/airflow/example_dags/example_time_delta_sensor_async.py
[2023-09-05 13:07:48,401] {processor.py:641} INFO - Processing file /home/airflow/.local/lib/python3.7/site-packages/airflow/example_dags/example_time_delta_sensor_async.py for tasks to queue
[2023-09-05 13:07:48,402] {logging_mixin.py:115} INFO - [2023-09-05 13:07:48,401] {dagbag.py:508} INFO - Filling up the DagBag from /home/airflow/.local/lib/python3.7/site-packages/airflow/example_dags/example_time_delta_sensor_async.py
[2023-09-05 13:07:48,406] {processor.py:651} INFO - DAG(s) dict_keys(['example_time_delta_sensor_async']) retrieved from /home/airflow/.local/lib/python3.7/site-packages/airflow/example_dags/example_time_delta_sensor_async.py
[2023-09-05 13:07:48,437] {logging_mixin.py:115} INFO - [2023-09-05 13:07:48,437] {dag.py:2420} INFO - Sync 1 DAGs
[2023-09-05 13:07:48,456] {logging_mixin.py:115} INFO - [2023-09-05 13:07:48,456] {dag.py:2972} INFO - Setting next_dagrun for example_time_delta_sensor_async to None, run_after=None
[2023-09-05 13:07:48,468] {processor.py:161} INFO - Processing /home/airflow/.local/lib/python3.7/site-packages/airflow/example_dags/example_time_delta_sensor_async.py took 0.070 seconds
[2023-09-05 13:08:19,693] {processor.py:153} INFO - Started process (PID=865) to work on /home/airflow/.local/lib/python3.7/site-packages/airflow/example_dags/example_time_delta_sensor_async.py
[2023-09-05 13:08:19,695] {processor.py:641} INFO - Processing file /home/airflow/.local/lib/python3.7/site-packages/airflow/example_dags/example_time_delta_sensor_async.py for tasks to queue
[2023-09-05 13:08:19,696] {logging_mixin.py:115} INFO - [2023-09-05 13:08:19,695] {dagbag.py:508} INFO - Filling up the DagBag from /home/airflow/.local/lib/python3.7/site-packages/airflow/example_dags/example_time_delta_sensor_async.py
[2023-09-05 13:08:19,705] {processor.py:651} INFO - DAG(s) dict_keys(['example_time_delta_sensor_async']) retrieved from /home/airflow/.local/lib/python3.7/site-packages/airflow/example_dags/example_time_delta_sensor_async.py
[2023-09-05 13:08:19,772] {logging_mixin.py:115} INFO - [2023-09-05 13:08:19,772] {dag.py:2420} INFO - Sync 1 DAGs
[2023-09-05 13:08:19,812] {logging_mixin.py:115} INFO - [2023-09-05 13:08:19,811] {dag.py:2972} INFO - Setting next_dagrun for example_time_delta_sensor_async to None, run_after=None
[2023-09-05 13:08:19,832] {processor.py:161} INFO - Processing /home/airflow/.local/lib/python3.7/site-packages/airflow/example_dags/example_time_delta_sensor_async.py took 0.146 seconds
[2023-09-05 13:08:50,074] {processor.py:153} INFO - Started process (PID=926) to work on /home/airflow/.local/lib/python3.7/site-packages/airflow/example_dags/example_time_delta_sensor_async.py
[2023-09-05 13:08:50,075] {processor.py:641} INFO - Processing file /home/airflow/.local/lib/python3.7/site-packages/airflow/example_dags/example_time_delta_sensor_async.py for tasks to queue
[2023-09-05 13:08:50,076] {logging_mixin.py:115} INFO - [2023-09-05 13:08:50,076] {dagbag.py:508} INFO - Filling up the DagBag from /home/airflow/.local/lib/python3.7/site-packages/airflow/example_dags/example_time_delta_sensor_async.py
[2023-09-05 13:08:50,081] {processor.py:651} INFO - DAG(s) dict_keys(['example_time_delta_sensor_async']) retrieved from /home/airflow/.local/lib/python3.7/site-packages/airflow/example_dags/example_time_delta_sensor_async.py
[2023-09-05 13:08:50,121] {logging_mixin.py:115} INFO - [2023-09-05 13:08:50,121] {dag.py:2420} INFO - Sync 1 DAGs
[2023-09-05 13:08:50,142] {logging_mixin.py:115} INFO - [2023-09-05 13:08:50,142] {dag.py:2972} INFO - Setting next_dagrun for example_time_delta_sensor_async to None, run_after=None
[2023-09-05 13:08:50,157] {processor.py:161} INFO - Processing /home/airflow/.local/lib/python3.7/site-packages/airflow/example_dags/example_time_delta_sensor_async.py took 0.086 seconds
