[2023-09-05 13:01:09,735] {processor.py:153} INFO - Started process (PID=67) to work on /home/airflow/.local/lib/python3.7/site-packages/airflow/example_dags/example_kubernetes_executor.py
[2023-09-05 13:01:09,736] {processor.py:641} INFO - Processing file /home/airflow/.local/lib/python3.7/site-packages/airflow/example_dags/example_kubernetes_executor.py for tasks to queue
[2023-09-05 13:01:09,737] {logging_mixin.py:115} INFO - [2023-09-05 13:01:09,737] {dagbag.py:508} INFO - Filling up the DagBag from /home/airflow/.local/lib/python3.7/site-packages/airflow/example_dags/example_kubernetes_executor.py
[2023-09-05 13:01:09,804] {processor.py:651} INFO - DAG(s) dict_keys(['example_kubernetes_executor']) retrieved from /home/airflow/.local/lib/python3.7/site-packages/airflow/example_dags/example_kubernetes_executor.py
[2023-09-05 13:01:09,980] {logging_mixin.py:115} INFO - [2023-09-05 13:01:09,980] {manager.py:508} INFO - Created Permission View: can read on DAG:example_kubernetes_executor
[2023-09-05 13:01:09,997] {logging_mixin.py:115} INFO - [2023-09-05 13:01:09,997] {manager.py:508} INFO - Created Permission View: can delete on DAG:example_kubernetes_executor
[2023-09-05 13:01:10,008] {logging_mixin.py:115} INFO - [2023-09-05 13:01:10,008] {manager.py:508} INFO - Created Permission View: can edit on DAG:example_kubernetes_executor
[2023-09-05 13:01:10,008] {logging_mixin.py:115} INFO - [2023-09-05 13:01:10,008] {dag.py:2420} INFO - Sync 1 DAGs
[2023-09-05 13:01:10,029] {logging_mixin.py:115} INFO - [2023-09-05 13:01:10,029] {dag.py:2439} INFO - Creating ORM DAG for example_kubernetes_executor
[2023-09-05 13:01:10,069] {logging_mixin.py:115} INFO - [2023-09-05 13:01:10,068] {dag.py:2972} INFO - Setting next_dagrun for example_kubernetes_executor to None, run_after=None
[2023-09-05 13:01:10,099] {processor.py:161} INFO - Processing /home/airflow/.local/lib/python3.7/site-packages/airflow/example_dags/example_kubernetes_executor.py took 0.369 seconds
[2023-09-05 13:01:40,575] {processor.py:153} INFO - Started process (PID=129) to work on /home/airflow/.local/lib/python3.7/site-packages/airflow/example_dags/example_kubernetes_executor.py
[2023-09-05 13:01:40,576] {processor.py:641} INFO - Processing file /home/airflow/.local/lib/python3.7/site-packages/airflow/example_dags/example_kubernetes_executor.py for tasks to queue
[2023-09-05 13:01:40,576] {logging_mixin.py:115} INFO - [2023-09-05 13:01:40,576] {dagbag.py:508} INFO - Filling up the DagBag from /home/airflow/.local/lib/python3.7/site-packages/airflow/example_dags/example_kubernetes_executor.py
[2023-09-05 13:01:40,602] {processor.py:651} INFO - DAG(s) dict_keys(['example_kubernetes_executor']) retrieved from /home/airflow/.local/lib/python3.7/site-packages/airflow/example_dags/example_kubernetes_executor.py
[2023-09-05 13:01:40,635] {logging_mixin.py:115} INFO - [2023-09-05 13:01:40,635] {dag.py:2420} INFO - Sync 1 DAGs
[2023-09-05 13:01:40,658] {logging_mixin.py:115} INFO - [2023-09-05 13:01:40,658] {dag.py:2972} INFO - Setting next_dagrun for example_kubernetes_executor to None, run_after=None
[2023-09-05 13:01:40,671] {processor.py:161} INFO - Processing /home/airflow/.local/lib/python3.7/site-packages/airflow/example_dags/example_kubernetes_executor.py took 0.099 seconds
[2023-09-05 13:02:11,263] {processor.py:153} INFO - Started process (PID=181) to work on /home/airflow/.local/lib/python3.7/site-packages/airflow/example_dags/example_kubernetes_executor.py
[2023-09-05 13:02:11,264] {processor.py:641} INFO - Processing file /home/airflow/.local/lib/python3.7/site-packages/airflow/example_dags/example_kubernetes_executor.py for tasks to queue
[2023-09-05 13:02:11,265] {logging_mixin.py:115} INFO - [2023-09-05 13:02:11,265] {dagbag.py:508} INFO - Filling up the DagBag from /home/airflow/.local/lib/python3.7/site-packages/airflow/example_dags/example_kubernetes_executor.py
[2023-09-05 13:02:11,284] {processor.py:651} INFO - DAG(s) dict_keys(['example_kubernetes_executor']) retrieved from /home/airflow/.local/lib/python3.7/site-packages/airflow/example_dags/example_kubernetes_executor.py
[2023-09-05 13:02:11,308] {logging_mixin.py:115} INFO - [2023-09-05 13:02:11,308] {dag.py:2420} INFO - Sync 1 DAGs
[2023-09-05 13:02:11,325] {logging_mixin.py:115} INFO - [2023-09-05 13:02:11,325] {dag.py:2972} INFO - Setting next_dagrun for example_kubernetes_executor to None, run_after=None
[2023-09-05 13:02:11,338] {processor.py:161} INFO - Processing /home/airflow/.local/lib/python3.7/site-packages/airflow/example_dags/example_kubernetes_executor.py took 0.077 seconds
[2023-09-05 13:02:41,719] {processor.py:153} INFO - Started process (PID=242) to work on /home/airflow/.local/lib/python3.7/site-packages/airflow/example_dags/example_kubernetes_executor.py
[2023-09-05 13:02:41,720] {processor.py:641} INFO - Processing file /home/airflow/.local/lib/python3.7/site-packages/airflow/example_dags/example_kubernetes_executor.py for tasks to queue
[2023-09-05 13:02:41,721] {logging_mixin.py:115} INFO - [2023-09-05 13:02:41,720] {dagbag.py:508} INFO - Filling up the DagBag from /home/airflow/.local/lib/python3.7/site-packages/airflow/example_dags/example_kubernetes_executor.py
[2023-09-05 13:02:41,739] {processor.py:651} INFO - DAG(s) dict_keys(['example_kubernetes_executor']) retrieved from /home/airflow/.local/lib/python3.7/site-packages/airflow/example_dags/example_kubernetes_executor.py
[2023-09-05 13:02:41,763] {logging_mixin.py:115} INFO - [2023-09-05 13:02:41,763] {dag.py:2420} INFO - Sync 1 DAGs
[2023-09-05 13:02:41,780] {logging_mixin.py:115} INFO - [2023-09-05 13:02:41,780] {dag.py:2972} INFO - Setting next_dagrun for example_kubernetes_executor to None, run_after=None
[2023-09-05 13:02:41,793] {processor.py:161} INFO - Processing /home/airflow/.local/lib/python3.7/site-packages/airflow/example_dags/example_kubernetes_executor.py took 0.077 seconds
[2023-09-05 13:03:12,432] {processor.py:153} INFO - Started process (PID=303) to work on /home/airflow/.local/lib/python3.7/site-packages/airflow/example_dags/example_kubernetes_executor.py
[2023-09-05 13:03:12,433] {processor.py:641} INFO - Processing file /home/airflow/.local/lib/python3.7/site-packages/airflow/example_dags/example_kubernetes_executor.py for tasks to queue
[2023-09-05 13:03:12,433] {logging_mixin.py:115} INFO - [2023-09-05 13:03:12,433] {dagbag.py:508} INFO - Filling up the DagBag from /home/airflow/.local/lib/python3.7/site-packages/airflow/example_dags/example_kubernetes_executor.py
[2023-09-05 13:03:12,458] {processor.py:651} INFO - DAG(s) dict_keys(['example_kubernetes_executor']) retrieved from /home/airflow/.local/lib/python3.7/site-packages/airflow/example_dags/example_kubernetes_executor.py
[2023-09-05 13:03:12,482] {logging_mixin.py:115} INFO - [2023-09-05 13:03:12,482] {dag.py:2420} INFO - Sync 1 DAGs
[2023-09-05 13:03:12,500] {logging_mixin.py:115} INFO - [2023-09-05 13:03:12,500] {dag.py:2972} INFO - Setting next_dagrun for example_kubernetes_executor to None, run_after=None
[2023-09-05 13:03:12,513] {processor.py:161} INFO - Processing /home/airflow/.local/lib/python3.7/site-packages/airflow/example_dags/example_kubernetes_executor.py took 0.084 seconds
[2023-09-05 13:03:43,048] {processor.py:153} INFO - Started process (PID=362) to work on /home/airflow/.local/lib/python3.7/site-packages/airflow/example_dags/example_kubernetes_executor.py
[2023-09-05 13:03:43,048] {processor.py:641} INFO - Processing file /home/airflow/.local/lib/python3.7/site-packages/airflow/example_dags/example_kubernetes_executor.py for tasks to queue
[2023-09-05 13:03:43,048] {logging_mixin.py:115} INFO - [2023-09-05 13:03:43,048] {dagbag.py:508} INFO - Filling up the DagBag from /home/airflow/.local/lib/python3.7/site-packages/airflow/example_dags/example_kubernetes_executor.py
[2023-09-05 13:03:43,069] {processor.py:651} INFO - DAG(s) dict_keys(['example_kubernetes_executor']) retrieved from /home/airflow/.local/lib/python3.7/site-packages/airflow/example_dags/example_kubernetes_executor.py
[2023-09-05 13:03:43,094] {logging_mixin.py:115} INFO - [2023-09-05 13:03:43,094] {dag.py:2420} INFO - Sync 1 DAGs
[2023-09-05 13:03:43,114] {logging_mixin.py:115} INFO - [2023-09-05 13:03:43,114] {dag.py:2972} INFO - Setting next_dagrun for example_kubernetes_executor to None, run_after=None
[2023-09-05 13:03:43,127] {processor.py:161} INFO - Processing /home/airflow/.local/lib/python3.7/site-packages/airflow/example_dags/example_kubernetes_executor.py took 0.082 seconds
[2023-09-05 13:04:14,023] {processor.py:153} INFO - Started process (PID=416) to work on /home/airflow/.local/lib/python3.7/site-packages/airflow/example_dags/example_kubernetes_executor.py
[2023-09-05 13:04:14,024] {processor.py:641} INFO - Processing file /home/airflow/.local/lib/python3.7/site-packages/airflow/example_dags/example_kubernetes_executor.py for tasks to queue
[2023-09-05 13:04:14,025] {logging_mixin.py:115} INFO - [2023-09-05 13:04:14,025] {dagbag.py:508} INFO - Filling up the DagBag from /home/airflow/.local/lib/python3.7/site-packages/airflow/example_dags/example_kubernetes_executor.py
[2023-09-05 13:04:14,047] {processor.py:651} INFO - DAG(s) dict_keys(['example_kubernetes_executor']) retrieved from /home/airflow/.local/lib/python3.7/site-packages/airflow/example_dags/example_kubernetes_executor.py
[2023-09-05 13:04:14,077] {logging_mixin.py:115} INFO - [2023-09-05 13:04:14,077] {dag.py:2420} INFO - Sync 1 DAGs
[2023-09-05 13:04:14,097] {logging_mixin.py:115} INFO - [2023-09-05 13:04:14,097] {dag.py:2972} INFO - Setting next_dagrun for example_kubernetes_executor to None, run_after=None
[2023-09-05 13:04:14,110] {processor.py:161} INFO - Processing /home/airflow/.local/lib/python3.7/site-packages/airflow/example_dags/example_kubernetes_executor.py took 0.091 seconds
[2023-09-05 13:04:44,757] {processor.py:153} INFO - Started process (PID=476) to work on /home/airflow/.local/lib/python3.7/site-packages/airflow/example_dags/example_kubernetes_executor.py
[2023-09-05 13:04:44,758] {processor.py:641} INFO - Processing file /home/airflow/.local/lib/python3.7/site-packages/airflow/example_dags/example_kubernetes_executor.py for tasks to queue
[2023-09-05 13:04:44,758] {logging_mixin.py:115} INFO - [2023-09-05 13:04:44,758] {dagbag.py:508} INFO - Filling up the DagBag from /home/airflow/.local/lib/python3.7/site-packages/airflow/example_dags/example_kubernetes_executor.py
[2023-09-05 13:04:44,778] {processor.py:651} INFO - DAG(s) dict_keys(['example_kubernetes_executor']) retrieved from /home/airflow/.local/lib/python3.7/site-packages/airflow/example_dags/example_kubernetes_executor.py
[2023-09-05 13:04:44,802] {logging_mixin.py:115} INFO - [2023-09-05 13:04:44,802] {dag.py:2420} INFO - Sync 1 DAGs
[2023-09-05 13:04:44,821] {logging_mixin.py:115} INFO - [2023-09-05 13:04:44,820] {dag.py:2972} INFO - Setting next_dagrun for example_kubernetes_executor to None, run_after=None
[2023-09-05 13:04:44,833] {processor.py:161} INFO - Processing /home/airflow/.local/lib/python3.7/site-packages/airflow/example_dags/example_kubernetes_executor.py took 0.078 seconds
[2023-09-05 13:05:15,068] {processor.py:153} INFO - Started process (PID=537) to work on /home/airflow/.local/lib/python3.7/site-packages/airflow/example_dags/example_kubernetes_executor.py
[2023-09-05 13:05:15,070] {processor.py:641} INFO - Processing file /home/airflow/.local/lib/python3.7/site-packages/airflow/example_dags/example_kubernetes_executor.py for tasks to queue
[2023-09-05 13:05:15,071] {logging_mixin.py:115} INFO - [2023-09-05 13:05:15,071] {dagbag.py:508} INFO - Filling up the DagBag from /home/airflow/.local/lib/python3.7/site-packages/airflow/example_dags/example_kubernetes_executor.py
[2023-09-05 13:05:15,119] {processor.py:651} INFO - DAG(s) dict_keys(['example_kubernetes_executor']) retrieved from /home/airflow/.local/lib/python3.7/site-packages/airflow/example_dags/example_kubernetes_executor.py
[2023-09-05 13:05:15,177] {logging_mixin.py:115} INFO - [2023-09-05 13:05:15,177] {dag.py:2420} INFO - Sync 1 DAGs
[2023-09-05 13:05:15,242] {logging_mixin.py:115} INFO - [2023-09-05 13:05:15,242] {dag.py:2972} INFO - Setting next_dagrun for example_kubernetes_executor to None, run_after=None
[2023-09-05 13:05:15,283] {processor.py:161} INFO - Processing /home/airflow/.local/lib/python3.7/site-packages/airflow/example_dags/example_kubernetes_executor.py took 0.215 seconds
[2023-09-05 13:05:45,700] {processor.py:153} INFO - Started process (PID=589) to work on /home/airflow/.local/lib/python3.7/site-packages/airflow/example_dags/example_kubernetes_executor.py
[2023-09-05 13:05:45,700] {processor.py:641} INFO - Processing file /home/airflow/.local/lib/python3.7/site-packages/airflow/example_dags/example_kubernetes_executor.py for tasks to queue
[2023-09-05 13:05:45,701] {logging_mixin.py:115} INFO - [2023-09-05 13:05:45,700] {dagbag.py:508} INFO - Filling up the DagBag from /home/airflow/.local/lib/python3.7/site-packages/airflow/example_dags/example_kubernetes_executor.py
[2023-09-05 13:05:45,728] {processor.py:651} INFO - DAG(s) dict_keys(['example_kubernetes_executor']) retrieved from /home/airflow/.local/lib/python3.7/site-packages/airflow/example_dags/example_kubernetes_executor.py
[2023-09-05 13:05:45,772] {logging_mixin.py:115} INFO - [2023-09-05 13:05:45,772] {dag.py:2420} INFO - Sync 1 DAGs
[2023-09-05 13:05:45,798] {logging_mixin.py:115} INFO - [2023-09-05 13:05:45,797] {dag.py:2972} INFO - Setting next_dagrun for example_kubernetes_executor to None, run_after=None
[2023-09-05 13:05:45,810] {processor.py:161} INFO - Processing /home/airflow/.local/lib/python3.7/site-packages/airflow/example_dags/example_kubernetes_executor.py took 0.115 seconds
[2023-09-05 13:06:16,701] {processor.py:153} INFO - Started process (PID=650) to work on /home/airflow/.local/lib/python3.7/site-packages/airflow/example_dags/example_kubernetes_executor.py
[2023-09-05 13:06:16,702] {processor.py:641} INFO - Processing file /home/airflow/.local/lib/python3.7/site-packages/airflow/example_dags/example_kubernetes_executor.py for tasks to queue
[2023-09-05 13:06:16,703] {logging_mixin.py:115} INFO - [2023-09-05 13:06:16,703] {dagbag.py:508} INFO - Filling up the DagBag from /home/airflow/.local/lib/python3.7/site-packages/airflow/example_dags/example_kubernetes_executor.py
[2023-09-05 13:06:16,726] {processor.py:651} INFO - DAG(s) dict_keys(['example_kubernetes_executor']) retrieved from /home/airflow/.local/lib/python3.7/site-packages/airflow/example_dags/example_kubernetes_executor.py
[2023-09-05 13:06:16,758] {logging_mixin.py:115} INFO - [2023-09-05 13:06:16,758] {dag.py:2420} INFO - Sync 1 DAGs
[2023-09-05 13:06:16,786] {logging_mixin.py:115} INFO - [2023-09-05 13:06:16,784] {dag.py:2972} INFO - Setting next_dagrun for example_kubernetes_executor to None, run_after=None
[2023-09-05 13:06:16,802] {processor.py:161} INFO - Processing /home/airflow/.local/lib/python3.7/site-packages/airflow/example_dags/example_kubernetes_executor.py took 0.103 seconds
[2023-09-05 13:06:47,677] {processor.py:153} INFO - Started process (PID=711) to work on /home/airflow/.local/lib/python3.7/site-packages/airflow/example_dags/example_kubernetes_executor.py
[2023-09-05 13:06:47,677] {processor.py:641} INFO - Processing file /home/airflow/.local/lib/python3.7/site-packages/airflow/example_dags/example_kubernetes_executor.py for tasks to queue
[2023-09-05 13:06:47,678] {logging_mixin.py:115} INFO - [2023-09-05 13:06:47,678] {dagbag.py:508} INFO - Filling up the DagBag from /home/airflow/.local/lib/python3.7/site-packages/airflow/example_dags/example_kubernetes_executor.py
[2023-09-05 13:06:47,701] {processor.py:651} INFO - DAG(s) dict_keys(['example_kubernetes_executor']) retrieved from /home/airflow/.local/lib/python3.7/site-packages/airflow/example_dags/example_kubernetes_executor.py
[2023-09-05 13:06:47,727] {logging_mixin.py:115} INFO - [2023-09-05 13:06:47,727] {dag.py:2420} INFO - Sync 1 DAGs
[2023-09-05 13:06:47,748] {logging_mixin.py:115} INFO - [2023-09-05 13:06:47,748] {dag.py:2972} INFO - Setting next_dagrun for example_kubernetes_executor to None, run_after=None
[2023-09-05 13:06:47,760] {processor.py:161} INFO - Processing /home/airflow/.local/lib/python3.7/site-packages/airflow/example_dags/example_kubernetes_executor.py took 0.087 seconds
[2023-09-05 13:07:18,952] {processor.py:153} INFO - Started process (PID=763) to work on /home/airflow/.local/lib/python3.7/site-packages/airflow/example_dags/example_kubernetes_executor.py
[2023-09-05 13:07:18,953] {processor.py:641} INFO - Processing file /home/airflow/.local/lib/python3.7/site-packages/airflow/example_dags/example_kubernetes_executor.py for tasks to queue
[2023-09-05 13:07:18,954] {logging_mixin.py:115} INFO - [2023-09-05 13:07:18,954] {dagbag.py:508} INFO - Filling up the DagBag from /home/airflow/.local/lib/python3.7/site-packages/airflow/example_dags/example_kubernetes_executor.py
[2023-09-05 13:07:18,986] {processor.py:651} INFO - DAG(s) dict_keys(['example_kubernetes_executor']) retrieved from /home/airflow/.local/lib/python3.7/site-packages/airflow/example_dags/example_kubernetes_executor.py
[2023-09-05 13:07:19,022] {logging_mixin.py:115} INFO - [2023-09-05 13:07:19,022] {dag.py:2420} INFO - Sync 1 DAGs
[2023-09-05 13:07:19,053] {logging_mixin.py:115} INFO - [2023-09-05 13:07:19,053] {dag.py:2972} INFO - Setting next_dagrun for example_kubernetes_executor to None, run_after=None
[2023-09-05 13:07:19,066] {processor.py:161} INFO - Processing /home/airflow/.local/lib/python3.7/site-packages/airflow/example_dags/example_kubernetes_executor.py took 0.119 seconds
[2023-09-05 13:07:50,039] {processor.py:153} INFO - Started process (PID=824) to work on /home/airflow/.local/lib/python3.7/site-packages/airflow/example_dags/example_kubernetes_executor.py
[2023-09-05 13:07:50,040] {processor.py:641} INFO - Processing file /home/airflow/.local/lib/python3.7/site-packages/airflow/example_dags/example_kubernetes_executor.py for tasks to queue
[2023-09-05 13:07:50,040] {logging_mixin.py:115} INFO - [2023-09-05 13:07:50,040] {dagbag.py:508} INFO - Filling up the DagBag from /home/airflow/.local/lib/python3.7/site-packages/airflow/example_dags/example_kubernetes_executor.py
[2023-09-05 13:07:50,069] {processor.py:651} INFO - DAG(s) dict_keys(['example_kubernetes_executor']) retrieved from /home/airflow/.local/lib/python3.7/site-packages/airflow/example_dags/example_kubernetes_executor.py
[2023-09-05 13:07:50,104] {logging_mixin.py:115} INFO - [2023-09-05 13:07:50,104] {dag.py:2420} INFO - Sync 1 DAGs
[2023-09-05 13:07:50,129] {logging_mixin.py:115} INFO - [2023-09-05 13:07:50,128] {dag.py:2972} INFO - Setting next_dagrun for example_kubernetes_executor to None, run_after=None
[2023-09-05 13:07:50,144] {processor.py:161} INFO - Processing /home/airflow/.local/lib/python3.7/site-packages/airflow/example_dags/example_kubernetes_executor.py took 0.108 seconds
[2023-09-05 13:08:20,605] {processor.py:153} INFO - Started process (PID=876) to work on /home/airflow/.local/lib/python3.7/site-packages/airflow/example_dags/example_kubernetes_executor.py
[2023-09-05 13:08:20,609] {processor.py:641} INFO - Processing file /home/airflow/.local/lib/python3.7/site-packages/airflow/example_dags/example_kubernetes_executor.py for tasks to queue
[2023-09-05 13:08:20,610] {logging_mixin.py:115} INFO - [2023-09-05 13:08:20,609] {dagbag.py:508} INFO - Filling up the DagBag from /home/airflow/.local/lib/python3.7/site-packages/airflow/example_dags/example_kubernetes_executor.py
[2023-09-05 13:08:20,647] {processor.py:651} INFO - DAG(s) dict_keys(['example_kubernetes_executor']) retrieved from /home/airflow/.local/lib/python3.7/site-packages/airflow/example_dags/example_kubernetes_executor.py
[2023-09-05 13:08:20,696] {logging_mixin.py:115} INFO - [2023-09-05 13:08:20,696] {dag.py:2420} INFO - Sync 1 DAGs
[2023-09-05 13:08:20,732] {logging_mixin.py:115} INFO - [2023-09-05 13:08:20,732] {dag.py:2972} INFO - Setting next_dagrun for example_kubernetes_executor to None, run_after=None
[2023-09-05 13:08:20,751] {processor.py:161} INFO - Processing /home/airflow/.local/lib/python3.7/site-packages/airflow/example_dags/example_kubernetes_executor.py took 0.153 seconds
[2023-09-05 13:08:51,044] {processor.py:153} INFO - Started process (PID=937) to work on /home/airflow/.local/lib/python3.7/site-packages/airflow/example_dags/example_kubernetes_executor.py
[2023-09-05 13:08:51,045] {processor.py:641} INFO - Processing file /home/airflow/.local/lib/python3.7/site-packages/airflow/example_dags/example_kubernetes_executor.py for tasks to queue
[2023-09-05 13:08:51,046] {logging_mixin.py:115} INFO - [2023-09-05 13:08:51,046] {dagbag.py:508} INFO - Filling up the DagBag from /home/airflow/.local/lib/python3.7/site-packages/airflow/example_dags/example_kubernetes_executor.py
[2023-09-05 13:08:51,088] {processor.py:651} INFO - DAG(s) dict_keys(['example_kubernetes_executor']) retrieved from /home/airflow/.local/lib/python3.7/site-packages/airflow/example_dags/example_kubernetes_executor.py
[2023-09-05 13:08:51,127] {logging_mixin.py:115} INFO - [2023-09-05 13:08:51,127] {dag.py:2420} INFO - Sync 1 DAGs
[2023-09-05 13:08:51,156] {logging_mixin.py:115} INFO - [2023-09-05 13:08:51,156] {dag.py:2972} INFO - Setting next_dagrun for example_kubernetes_executor to None, run_after=None
[2023-09-05 13:08:51,176] {processor.py:161} INFO - Processing /home/airflow/.local/lib/python3.7/site-packages/airflow/example_dags/example_kubernetes_executor.py took 0.136 seconds
