[2023-09-05 13:01:07,273] {processor.py:153} INFO - Started process (PID=50) to work on /home/airflow/.local/lib/python3.7/site-packages/airflow/example_dags/example_sla_dag.py
[2023-09-05 13:01:07,274] {processor.py:641} INFO - Processing file /home/airflow/.local/lib/python3.7/site-packages/airflow/example_dags/example_sla_dag.py for tasks to queue
[2023-09-05 13:01:07,274] {logging_mixin.py:115} INFO - [2023-09-05 13:01:07,274] {dagbag.py:508} INFO - Filling up the DagBag from /home/airflow/.local/lib/python3.7/site-packages/airflow/example_dags/example_sla_dag.py
[2023-09-05 13:01:07,311] {processor.py:651} INFO - DAG(s) dict_keys(['example_sla_dag']) retrieved from /home/airflow/.local/lib/python3.7/site-packages/airflow/example_dags/example_sla_dag.py
[2023-09-05 13:01:07,416] {logging_mixin.py:115} INFO - [2023-09-05 13:01:07,416] {manager.py:508} INFO - Created Permission View: can read on DAG:example_sla_dag
[2023-09-05 13:01:07,428] {logging_mixin.py:115} INFO - [2023-09-05 13:01:07,428] {manager.py:508} INFO - Created Permission View: can delete on DAG:example_sla_dag
[2023-09-05 13:01:07,440] {logging_mixin.py:115} INFO - [2023-09-05 13:01:07,440] {manager.py:508} INFO - Created Permission View: can edit on DAG:example_sla_dag
[2023-09-05 13:01:07,440] {logging_mixin.py:115} INFO - [2023-09-05 13:01:07,440] {dag.py:2420} INFO - Sync 1 DAGs
[2023-09-05 13:01:07,453] {logging_mixin.py:115} INFO - [2023-09-05 13:01:07,453] {dag.py:2439} INFO - Creating ORM DAG for example_sla_dag
[2023-09-05 13:01:07,475] {logging_mixin.py:115} INFO - [2023-09-05 13:01:07,475] {dag.py:2972} INFO - Setting next_dagrun for example_sla_dag to 2023-09-05T12:58:00+00:00, run_after=2023-09-05T13:00:00+00:00
[2023-09-05 13:01:07,491] {processor.py:161} INFO - Processing /home/airflow/.local/lib/python3.7/site-packages/airflow/example_dags/example_sla_dag.py took 0.222 seconds
[2023-09-05 13:01:37,563] {processor.py:153} INFO - Started process (PID=103) to work on /home/airflow/.local/lib/python3.7/site-packages/airflow/example_dags/example_sla_dag.py
[2023-09-05 13:01:37,564] {processor.py:641} INFO - Processing file /home/airflow/.local/lib/python3.7/site-packages/airflow/example_dags/example_sla_dag.py for tasks to queue
[2023-09-05 13:01:37,564] {logging_mixin.py:115} INFO - [2023-09-05 13:01:37,564] {dagbag.py:508} INFO - Filling up the DagBag from /home/airflow/.local/lib/python3.7/site-packages/airflow/example_dags/example_sla_dag.py
[2023-09-05 13:01:37,583] {processor.py:651} INFO - DAG(s) dict_keys(['example_sla_dag']) retrieved from /home/airflow/.local/lib/python3.7/site-packages/airflow/example_dags/example_sla_dag.py
[2023-09-05 13:01:37,607] {logging_mixin.py:115} INFO - [2023-09-05 13:01:37,607] {dag.py:2420} INFO - Sync 1 DAGs
[2023-09-05 13:01:37,634] {logging_mixin.py:115} INFO - [2023-09-05 13:01:37,634] {dag.py:2972} INFO - Setting next_dagrun for example_sla_dag to 2023-09-05T12:58:00+00:00, run_after=2023-09-05T13:00:00+00:00
[2023-09-05 13:01:37,649] {processor.py:161} INFO - Processing /home/airflow/.local/lib/python3.7/site-packages/airflow/example_dags/example_sla_dag.py took 0.089 seconds
[2023-09-05 13:02:08,488] {processor.py:153} INFO - Started process (PID=164) to work on /home/airflow/.local/lib/python3.7/site-packages/airflow/example_dags/example_sla_dag.py
[2023-09-05 13:02:08,489] {processor.py:641} INFO - Processing file /home/airflow/.local/lib/python3.7/site-packages/airflow/example_dags/example_sla_dag.py for tasks to queue
[2023-09-05 13:02:08,489] {logging_mixin.py:115} INFO - [2023-09-05 13:02:08,489] {dagbag.py:508} INFO - Filling up the DagBag from /home/airflow/.local/lib/python3.7/site-packages/airflow/example_dags/example_sla_dag.py
[2023-09-05 13:02:08,503] {processor.py:651} INFO - DAG(s) dict_keys(['example_sla_dag']) retrieved from /home/airflow/.local/lib/python3.7/site-packages/airflow/example_dags/example_sla_dag.py
[2023-09-05 13:02:08,525] {logging_mixin.py:115} INFO - [2023-09-05 13:02:08,525] {dag.py:2420} INFO - Sync 1 DAGs
[2023-09-05 13:02:08,546] {logging_mixin.py:115} INFO - [2023-09-05 13:02:08,546] {dag.py:2972} INFO - Setting next_dagrun for example_sla_dag to 2023-09-05T13:00:00+00:00, run_after=2023-09-05T13:02:00+00:00
[2023-09-05 13:02:08,558] {processor.py:161} INFO - Processing /home/airflow/.local/lib/python3.7/site-packages/airflow/example_dags/example_sla_dag.py took 0.072 seconds
[2023-09-05 13:02:39,000] {processor.py:153} INFO - Started process (PID=225) to work on /home/airflow/.local/lib/python3.7/site-packages/airflow/example_dags/example_sla_dag.py
[2023-09-05 13:02:39,001] {processor.py:641} INFO - Processing file /home/airflow/.local/lib/python3.7/site-packages/airflow/example_dags/example_sla_dag.py for tasks to queue
[2023-09-05 13:02:39,002] {logging_mixin.py:115} INFO - [2023-09-05 13:02:39,002] {dagbag.py:508} INFO - Filling up the DagBag from /home/airflow/.local/lib/python3.7/site-packages/airflow/example_dags/example_sla_dag.py
[2023-09-05 13:02:39,016] {processor.py:651} INFO - DAG(s) dict_keys(['example_sla_dag']) retrieved from /home/airflow/.local/lib/python3.7/site-packages/airflow/example_dags/example_sla_dag.py
[2023-09-05 13:02:39,039] {logging_mixin.py:115} INFO - [2023-09-05 13:02:39,039] {dag.py:2420} INFO - Sync 1 DAGs
[2023-09-05 13:02:39,060] {logging_mixin.py:115} INFO - [2023-09-05 13:02:39,060] {dag.py:2972} INFO - Setting next_dagrun for example_sla_dag to 2023-09-05T13:00:00+00:00, run_after=2023-09-05T13:02:00+00:00
[2023-09-05 13:02:39,072] {processor.py:161} INFO - Processing /home/airflow/.local/lib/python3.7/site-packages/airflow/example_dags/example_sla_dag.py took 0.074 seconds
[2023-09-05 13:03:09,590] {processor.py:153} INFO - Started process (PID=286) to work on /home/airflow/.local/lib/python3.7/site-packages/airflow/example_dags/example_sla_dag.py
[2023-09-05 13:03:09,591] {processor.py:641} INFO - Processing file /home/airflow/.local/lib/python3.7/site-packages/airflow/example_dags/example_sla_dag.py for tasks to queue
[2023-09-05 13:03:09,592] {logging_mixin.py:115} INFO - [2023-09-05 13:03:09,591] {dagbag.py:508} INFO - Filling up the DagBag from /home/airflow/.local/lib/python3.7/site-packages/airflow/example_dags/example_sla_dag.py
[2023-09-05 13:03:09,610] {processor.py:651} INFO - DAG(s) dict_keys(['example_sla_dag']) retrieved from /home/airflow/.local/lib/python3.7/site-packages/airflow/example_dags/example_sla_dag.py
[2023-09-05 13:03:09,635] {logging_mixin.py:115} INFO - [2023-09-05 13:03:09,635] {dag.py:2420} INFO - Sync 1 DAGs
[2023-09-05 13:03:09,660] {logging_mixin.py:115} INFO - [2023-09-05 13:03:09,660] {dag.py:2972} INFO - Setting next_dagrun for example_sla_dag to 2023-09-05T13:00:00+00:00, run_after=2023-09-05T13:02:00+00:00
[2023-09-05 13:03:09,672] {processor.py:161} INFO - Processing /home/airflow/.local/lib/python3.7/site-packages/airflow/example_dags/example_sla_dag.py took 0.085 seconds
[2023-09-05 13:03:40,237] {processor.py:153} INFO - Started process (PID=338) to work on /home/airflow/.local/lib/python3.7/site-packages/airflow/example_dags/example_sla_dag.py
[2023-09-05 13:03:40,238] {processor.py:641} INFO - Processing file /home/airflow/.local/lib/python3.7/site-packages/airflow/example_dags/example_sla_dag.py for tasks to queue
[2023-09-05 13:03:40,238] {logging_mixin.py:115} INFO - [2023-09-05 13:03:40,238] {dagbag.py:508} INFO - Filling up the DagBag from /home/airflow/.local/lib/python3.7/site-packages/airflow/example_dags/example_sla_dag.py
[2023-09-05 13:03:40,253] {processor.py:651} INFO - DAG(s) dict_keys(['example_sla_dag']) retrieved from /home/airflow/.local/lib/python3.7/site-packages/airflow/example_dags/example_sla_dag.py
[2023-09-05 13:03:40,276] {logging_mixin.py:115} INFO - [2023-09-05 13:03:40,276] {dag.py:2420} INFO - Sync 1 DAGs
[2023-09-05 13:03:40,298] {logging_mixin.py:115} INFO - [2023-09-05 13:03:40,298] {dag.py:2972} INFO - Setting next_dagrun for example_sla_dag to 2023-09-05T13:00:00+00:00, run_after=2023-09-05T13:02:00+00:00
[2023-09-05 13:03:40,310] {processor.py:161} INFO - Processing /home/airflow/.local/lib/python3.7/site-packages/airflow/example_dags/example_sla_dag.py took 0.075 seconds
[2023-09-05 13:04:10,937] {processor.py:153} INFO - Started process (PID=399) to work on /home/airflow/.local/lib/python3.7/site-packages/airflow/example_dags/example_sla_dag.py
[2023-09-05 13:04:10,938] {processor.py:641} INFO - Processing file /home/airflow/.local/lib/python3.7/site-packages/airflow/example_dags/example_sla_dag.py for tasks to queue
[2023-09-05 13:04:10,939] {logging_mixin.py:115} INFO - [2023-09-05 13:04:10,939] {dagbag.py:508} INFO - Filling up the DagBag from /home/airflow/.local/lib/python3.7/site-packages/airflow/example_dags/example_sla_dag.py
[2023-09-05 13:04:10,964] {processor.py:651} INFO - DAG(s) dict_keys(['example_sla_dag']) retrieved from /home/airflow/.local/lib/python3.7/site-packages/airflow/example_dags/example_sla_dag.py
[2023-09-05 13:04:10,991] {logging_mixin.py:115} INFO - [2023-09-05 13:04:10,991] {dag.py:2420} INFO - Sync 1 DAGs
[2023-09-05 13:04:11,015] {logging_mixin.py:115} INFO - [2023-09-05 13:04:11,015] {dag.py:2972} INFO - Setting next_dagrun for example_sla_dag to 2023-09-05T13:02:00+00:00, run_after=2023-09-05T13:04:00+00:00
[2023-09-05 13:04:11,026] {processor.py:161} INFO - Processing /home/airflow/.local/lib/python3.7/site-packages/airflow/example_dags/example_sla_dag.py took 0.093 seconds
[2023-09-05 13:04:41,961] {processor.py:153} INFO - Started process (PID=459) to work on /home/airflow/.local/lib/python3.7/site-packages/airflow/example_dags/example_sla_dag.py
[2023-09-05 13:04:41,962] {processor.py:641} INFO - Processing file /home/airflow/.local/lib/python3.7/site-packages/airflow/example_dags/example_sla_dag.py for tasks to queue
[2023-09-05 13:04:41,963] {logging_mixin.py:115} INFO - [2023-09-05 13:04:41,963] {dagbag.py:508} INFO - Filling up the DagBag from /home/airflow/.local/lib/python3.7/site-packages/airflow/example_dags/example_sla_dag.py
[2023-09-05 13:04:41,978] {processor.py:651} INFO - DAG(s) dict_keys(['example_sla_dag']) retrieved from /home/airflow/.local/lib/python3.7/site-packages/airflow/example_dags/example_sla_dag.py
[2023-09-05 13:04:42,000] {logging_mixin.py:115} INFO - [2023-09-05 13:04:42,000] {dag.py:2420} INFO - Sync 1 DAGs
[2023-09-05 13:04:42,021] {logging_mixin.py:115} INFO - [2023-09-05 13:04:42,021] {dag.py:2972} INFO - Setting next_dagrun for example_sla_dag to 2023-09-05T13:02:00+00:00, run_after=2023-09-05T13:04:00+00:00
[2023-09-05 13:04:42,034] {processor.py:161} INFO - Processing /home/airflow/.local/lib/python3.7/site-packages/airflow/example_dags/example_sla_dag.py took 0.075 seconds
[2023-09-05 13:05:12,668] {processor.py:153} INFO - Started process (PID=511) to work on /home/airflow/.local/lib/python3.7/site-packages/airflow/example_dags/example_sla_dag.py
[2023-09-05 13:05:12,668] {processor.py:641} INFO - Processing file /home/airflow/.local/lib/python3.7/site-packages/airflow/example_dags/example_sla_dag.py for tasks to queue
[2023-09-05 13:05:12,669] {logging_mixin.py:115} INFO - [2023-09-05 13:05:12,669] {dagbag.py:508} INFO - Filling up the DagBag from /home/airflow/.local/lib/python3.7/site-packages/airflow/example_dags/example_sla_dag.py
[2023-09-05 13:05:12,686] {processor.py:651} INFO - DAG(s) dict_keys(['example_sla_dag']) retrieved from /home/airflow/.local/lib/python3.7/site-packages/airflow/example_dags/example_sla_dag.py
[2023-09-05 13:05:12,710] {logging_mixin.py:115} INFO - [2023-09-05 13:05:12,710] {dag.py:2420} INFO - Sync 1 DAGs
[2023-09-05 13:05:12,735] {logging_mixin.py:115} INFO - [2023-09-05 13:05:12,735] {dag.py:2972} INFO - Setting next_dagrun for example_sla_dag to 2023-09-05T13:02:00+00:00, run_after=2023-09-05T13:04:00+00:00
[2023-09-05 13:05:12,746] {processor.py:161} INFO - Processing /home/airflow/.local/lib/python3.7/site-packages/airflow/example_dags/example_sla_dag.py took 0.082 seconds
[2023-09-05 13:05:43,693] {processor.py:153} INFO - Started process (PID=572) to work on /home/airflow/.local/lib/python3.7/site-packages/airflow/example_dags/example_sla_dag.py
[2023-09-05 13:05:43,694] {processor.py:641} INFO - Processing file /home/airflow/.local/lib/python3.7/site-packages/airflow/example_dags/example_sla_dag.py for tasks to queue
[2023-09-05 13:05:43,694] {logging_mixin.py:115} INFO - [2023-09-05 13:05:43,694] {dagbag.py:508} INFO - Filling up the DagBag from /home/airflow/.local/lib/python3.7/site-packages/airflow/example_dags/example_sla_dag.py
[2023-09-05 13:05:43,715] {processor.py:651} INFO - DAG(s) dict_keys(['example_sla_dag']) retrieved from /home/airflow/.local/lib/python3.7/site-packages/airflow/example_dags/example_sla_dag.py
[2023-09-05 13:05:43,754] {logging_mixin.py:115} INFO - [2023-09-05 13:05:43,754] {dag.py:2420} INFO - Sync 1 DAGs
[2023-09-05 13:05:43,791] {logging_mixin.py:115} INFO - [2023-09-05 13:05:43,790] {dag.py:2972} INFO - Setting next_dagrun for example_sla_dag to 2023-09-05T13:02:00+00:00, run_after=2023-09-05T13:04:00+00:00
[2023-09-05 13:05:43,806] {processor.py:161} INFO - Processing /home/airflow/.local/lib/python3.7/site-packages/airflow/example_dags/example_sla_dag.py took 0.116 seconds
[2023-09-05 13:06:14,576] {processor.py:153} INFO - Started process (PID=633) to work on /home/airflow/.local/lib/python3.7/site-packages/airflow/example_dags/example_sla_dag.py
[2023-09-05 13:06:14,577] {processor.py:641} INFO - Processing file /home/airflow/.local/lib/python3.7/site-packages/airflow/example_dags/example_sla_dag.py for tasks to queue
[2023-09-05 13:06:14,578] {logging_mixin.py:115} INFO - [2023-09-05 13:06:14,578] {dagbag.py:508} INFO - Filling up the DagBag from /home/airflow/.local/lib/python3.7/site-packages/airflow/example_dags/example_sla_dag.py
[2023-09-05 13:06:14,601] {processor.py:651} INFO - DAG(s) dict_keys(['example_sla_dag']) retrieved from /home/airflow/.local/lib/python3.7/site-packages/airflow/example_dags/example_sla_dag.py
[2023-09-05 13:06:14,638] {logging_mixin.py:115} INFO - [2023-09-05 13:06:14,638] {dag.py:2420} INFO - Sync 1 DAGs
[2023-09-05 13:06:14,677] {logging_mixin.py:115} INFO - [2023-09-05 13:06:14,677] {dag.py:2972} INFO - Setting next_dagrun for example_sla_dag to 2023-09-05T13:04:00+00:00, run_after=2023-09-05T13:06:00+00:00
[2023-09-05 13:06:14,693] {processor.py:161} INFO - Processing /home/airflow/.local/lib/python3.7/site-packages/airflow/example_dags/example_sla_dag.py took 0.120 seconds
[2023-09-05 13:06:45,588] {processor.py:153} INFO - Started process (PID=685) to work on /home/airflow/.local/lib/python3.7/site-packages/airflow/example_dags/example_sla_dag.py
[2023-09-05 13:06:45,589] {processor.py:641} INFO - Processing file /home/airflow/.local/lib/python3.7/site-packages/airflow/example_dags/example_sla_dag.py for tasks to queue
[2023-09-05 13:06:45,590] {logging_mixin.py:115} INFO - [2023-09-05 13:06:45,590] {dagbag.py:508} INFO - Filling up the DagBag from /home/airflow/.local/lib/python3.7/site-packages/airflow/example_dags/example_sla_dag.py
[2023-09-05 13:06:45,609] {processor.py:651} INFO - DAG(s) dict_keys(['example_sla_dag']) retrieved from /home/airflow/.local/lib/python3.7/site-packages/airflow/example_dags/example_sla_dag.py
[2023-09-05 13:06:45,636] {logging_mixin.py:115} INFO - [2023-09-05 13:06:45,635] {dag.py:2420} INFO - Sync 1 DAGs
[2023-09-05 13:06:45,662] {logging_mixin.py:115} INFO - [2023-09-05 13:06:45,662] {dag.py:2972} INFO - Setting next_dagrun for example_sla_dag to 2023-09-05T13:04:00+00:00, run_after=2023-09-05T13:06:00+00:00
[2023-09-05 13:06:45,675] {processor.py:161} INFO - Processing /home/airflow/.local/lib/python3.7/site-packages/airflow/example_dags/example_sla_dag.py took 0.090 seconds
[2023-09-05 13:07:16,606] {processor.py:153} INFO - Started process (PID=746) to work on /home/airflow/.local/lib/python3.7/site-packages/airflow/example_dags/example_sla_dag.py
[2023-09-05 13:07:16,608] {processor.py:641} INFO - Processing file /home/airflow/.local/lib/python3.7/site-packages/airflow/example_dags/example_sla_dag.py for tasks to queue
[2023-09-05 13:07:16,609] {logging_mixin.py:115} INFO - [2023-09-05 13:07:16,609] {dagbag.py:508} INFO - Filling up the DagBag from /home/airflow/.local/lib/python3.7/site-packages/airflow/example_dags/example_sla_dag.py
[2023-09-05 13:07:16,644] {processor.py:651} INFO - DAG(s) dict_keys(['example_sla_dag']) retrieved from /home/airflow/.local/lib/python3.7/site-packages/airflow/example_dags/example_sla_dag.py
[2023-09-05 13:07:16,687] {logging_mixin.py:115} INFO - [2023-09-05 13:07:16,687] {dag.py:2420} INFO - Sync 1 DAGs
[2023-09-05 13:07:16,745] {logging_mixin.py:115} INFO - [2023-09-05 13:07:16,745] {dag.py:2972} INFO - Setting next_dagrun for example_sla_dag to 2023-09-05T13:04:00+00:00, run_after=2023-09-05T13:06:00+00:00
[2023-09-05 13:07:16,767] {processor.py:161} INFO - Processing /home/airflow/.local/lib/python3.7/site-packages/airflow/example_dags/example_sla_dag.py took 0.182 seconds
[2023-09-05 13:07:47,226] {processor.py:153} INFO - Started process (PID=807) to work on /home/airflow/.local/lib/python3.7/site-packages/airflow/example_dags/example_sla_dag.py
[2023-09-05 13:07:47,227] {processor.py:641} INFO - Processing file /home/airflow/.local/lib/python3.7/site-packages/airflow/example_dags/example_sla_dag.py for tasks to queue
[2023-09-05 13:07:47,227] {logging_mixin.py:115} INFO - [2023-09-05 13:07:47,227] {dagbag.py:508} INFO - Filling up the DagBag from /home/airflow/.local/lib/python3.7/site-packages/airflow/example_dags/example_sla_dag.py
[2023-09-05 13:07:47,242] {processor.py:651} INFO - DAG(s) dict_keys(['example_sla_dag']) retrieved from /home/airflow/.local/lib/python3.7/site-packages/airflow/example_dags/example_sla_dag.py
[2023-09-05 13:07:47,266] {logging_mixin.py:115} INFO - [2023-09-05 13:07:47,266] {dag.py:2420} INFO - Sync 1 DAGs
[2023-09-05 13:07:47,288] {logging_mixin.py:115} INFO - [2023-09-05 13:07:47,288] {dag.py:2972} INFO - Setting next_dagrun for example_sla_dag to 2023-09-05T13:04:00+00:00, run_after=2023-09-05T13:06:00+00:00
[2023-09-05 13:07:47,300] {processor.py:161} INFO - Processing /home/airflow/.local/lib/python3.7/site-packages/airflow/example_dags/example_sla_dag.py took 0.078 seconds
[2023-09-05 13:08:18,926] {processor.py:153} INFO - Started process (PID=859) to work on /home/airflow/.local/lib/python3.7/site-packages/airflow/example_dags/example_sla_dag.py
[2023-09-05 13:08:18,929] {processor.py:641} INFO - Processing file /home/airflow/.local/lib/python3.7/site-packages/airflow/example_dags/example_sla_dag.py for tasks to queue
[2023-09-05 13:08:18,930] {logging_mixin.py:115} INFO - [2023-09-05 13:08:18,930] {dagbag.py:508} INFO - Filling up the DagBag from /home/airflow/.local/lib/python3.7/site-packages/airflow/example_dags/example_sla_dag.py
[2023-09-05 13:08:18,997] {processor.py:651} INFO - DAG(s) dict_keys(['example_sla_dag']) retrieved from /home/airflow/.local/lib/python3.7/site-packages/airflow/example_dags/example_sla_dag.py
[2023-09-05 13:08:19,102] {logging_mixin.py:115} INFO - [2023-09-05 13:08:19,102] {dag.py:2420} INFO - Sync 1 DAGs
[2023-09-05 13:08:19,207] {logging_mixin.py:115} INFO - [2023-09-05 13:08:19,207] {dag.py:2972} INFO - Setting next_dagrun for example_sla_dag to 2023-09-05T13:06:00+00:00, run_after=2023-09-05T13:08:00+00:00
[2023-09-05 13:08:19,228] {processor.py:161} INFO - Processing /home/airflow/.local/lib/python3.7/site-packages/airflow/example_dags/example_sla_dag.py took 0.319 seconds
[2023-09-05 13:08:49,805] {processor.py:153} INFO - Started process (PID=920) to work on /home/airflow/.local/lib/python3.7/site-packages/airflow/example_dags/example_sla_dag.py
[2023-09-05 13:08:49,806] {processor.py:641} INFO - Processing file /home/airflow/.local/lib/python3.7/site-packages/airflow/example_dags/example_sla_dag.py for tasks to queue
[2023-09-05 13:08:49,806] {logging_mixin.py:115} INFO - [2023-09-05 13:08:49,806] {dagbag.py:508} INFO - Filling up the DagBag from /home/airflow/.local/lib/python3.7/site-packages/airflow/example_dags/example_sla_dag.py
[2023-09-05 13:08:49,820] {processor.py:651} INFO - DAG(s) dict_keys(['example_sla_dag']) retrieved from /home/airflow/.local/lib/python3.7/site-packages/airflow/example_dags/example_sla_dag.py
[2023-09-05 13:08:49,844] {logging_mixin.py:115} INFO - [2023-09-05 13:08:49,844] {dag.py:2420} INFO - Sync 1 DAGs
[2023-09-05 13:08:49,865] {logging_mixin.py:115} INFO - [2023-09-05 13:08:49,865] {dag.py:2972} INFO - Setting next_dagrun for example_sla_dag to 2023-09-05T13:06:00+00:00, run_after=2023-09-05T13:08:00+00:00
[2023-09-05 13:08:49,878] {processor.py:161} INFO - Processing /home/airflow/.local/lib/python3.7/site-packages/airflow/example_dags/example_sla_dag.py took 0.076 seconds
