[2023-09-05 13:01:07,286] {processor.py:153} INFO - Started process (PID=51) to work on /home/airflow/.local/lib/python3.7/site-packages/airflow/example_dags/example_branch_labels.py
[2023-09-05 13:01:07,287] {processor.py:641} INFO - Processing file /home/airflow/.local/lib/python3.7/site-packages/airflow/example_dags/example_branch_labels.py for tasks to queue
[2023-09-05 13:01:07,287] {logging_mixin.py:115} INFO - [2023-09-05 13:01:07,287] {dagbag.py:508} INFO - Filling up the DagBag from /home/airflow/.local/lib/python3.7/site-packages/airflow/example_dags/example_branch_labels.py
[2023-09-05 13:01:07,300] {processor.py:651} INFO - DAG(s) dict_keys(['example_branch_labels']) retrieved from /home/airflow/.local/lib/python3.7/site-packages/airflow/example_dags/example_branch_labels.py
[2023-09-05 13:01:07,401] {logging_mixin.py:115} INFO - [2023-09-05 13:01:07,401] {manager.py:508} INFO - Created Permission View: can read on DAG:example_branch_labels
[2023-09-05 13:01:07,412] {logging_mixin.py:115} INFO - [2023-09-05 13:01:07,412] {manager.py:508} INFO - Created Permission View: can delete on DAG:example_branch_labels
[2023-09-05 13:01:07,423] {logging_mixin.py:115} INFO - [2023-09-05 13:01:07,423] {manager.py:508} INFO - Created Permission View: can edit on DAG:example_branch_labels
[2023-09-05 13:01:07,423] {logging_mixin.py:115} INFO - [2023-09-05 13:01:07,423] {dag.py:2420} INFO - Sync 1 DAGs
[2023-09-05 13:01:07,432] {logging_mixin.py:115} INFO - [2023-09-05 13:01:07,432] {dag.py:2439} INFO - Creating ORM DAG for example_branch_labels
[2023-09-05 13:01:07,449] {logging_mixin.py:115} INFO - [2023-09-05 13:01:07,448] {dag.py:2972} INFO - Setting next_dagrun for example_branch_labels to 2023-09-04T00:00:00+00:00, run_after=2023-09-05T00:00:00+00:00
[2023-09-05 13:01:07,464] {processor.py:161} INFO - Processing /home/airflow/.local/lib/python3.7/site-packages/airflow/example_dags/example_branch_labels.py took 0.183 seconds
[2023-09-05 13:01:37,610] {processor.py:153} INFO - Started process (PID=104) to work on /home/airflow/.local/lib/python3.7/site-packages/airflow/example_dags/example_branch_labels.py
[2023-09-05 13:01:37,611] {processor.py:641} INFO - Processing file /home/airflow/.local/lib/python3.7/site-packages/airflow/example_dags/example_branch_labels.py for tasks to queue
[2023-09-05 13:01:37,612] {logging_mixin.py:115} INFO - [2023-09-05 13:01:37,611] {dagbag.py:508} INFO - Filling up the DagBag from /home/airflow/.local/lib/python3.7/site-packages/airflow/example_dags/example_branch_labels.py
[2023-09-05 13:01:37,620] {processor.py:651} INFO - DAG(s) dict_keys(['example_branch_labels']) retrieved from /home/airflow/.local/lib/python3.7/site-packages/airflow/example_dags/example_branch_labels.py
[2023-09-05 13:01:37,647] {logging_mixin.py:115} INFO - [2023-09-05 13:01:37,647] {dag.py:2420} INFO - Sync 1 DAGs
[2023-09-05 13:01:37,668] {logging_mixin.py:115} INFO - [2023-09-05 13:01:37,668] {dag.py:2972} INFO - Setting next_dagrun for example_branch_labels to 2023-09-04T00:00:00+00:00, run_after=2023-09-05T00:00:00+00:00
[2023-09-05 13:01:37,682] {processor.py:161} INFO - Processing /home/airflow/.local/lib/python3.7/site-packages/airflow/example_dags/example_branch_labels.py took 0.075 seconds
[2023-09-05 13:02:08,526] {processor.py:153} INFO - Started process (PID=165) to work on /home/airflow/.local/lib/python3.7/site-packages/airflow/example_dags/example_branch_labels.py
[2023-09-05 13:02:08,527] {processor.py:641} INFO - Processing file /home/airflow/.local/lib/python3.7/site-packages/airflow/example_dags/example_branch_labels.py for tasks to queue
[2023-09-05 13:02:08,527] {logging_mixin.py:115} INFO - [2023-09-05 13:02:08,527] {dagbag.py:508} INFO - Filling up the DagBag from /home/airflow/.local/lib/python3.7/site-packages/airflow/example_dags/example_branch_labels.py
[2023-09-05 13:02:08,533] {processor.py:651} INFO - DAG(s) dict_keys(['example_branch_labels']) retrieved from /home/airflow/.local/lib/python3.7/site-packages/airflow/example_dags/example_branch_labels.py
[2023-09-05 13:02:08,557] {logging_mixin.py:115} INFO - [2023-09-05 13:02:08,557] {dag.py:2420} INFO - Sync 1 DAGs
[2023-09-05 13:02:08,576] {logging_mixin.py:115} INFO - [2023-09-05 13:02:08,576] {dag.py:2972} INFO - Setting next_dagrun for example_branch_labels to 2023-09-04T00:00:00+00:00, run_after=2023-09-05T00:00:00+00:00
[2023-09-05 13:02:08,588] {processor.py:161} INFO - Processing /home/airflow/.local/lib/python3.7/site-packages/airflow/example_dags/example_branch_labels.py took 0.064 seconds
[2023-09-05 13:02:39,043] {processor.py:153} INFO - Started process (PID=226) to work on /home/airflow/.local/lib/python3.7/site-packages/airflow/example_dags/example_branch_labels.py
[2023-09-05 13:02:39,044] {processor.py:641} INFO - Processing file /home/airflow/.local/lib/python3.7/site-packages/airflow/example_dags/example_branch_labels.py for tasks to queue
[2023-09-05 13:02:39,045] {logging_mixin.py:115} INFO - [2023-09-05 13:02:39,045] {dagbag.py:508} INFO - Filling up the DagBag from /home/airflow/.local/lib/python3.7/site-packages/airflow/example_dags/example_branch_labels.py
[2023-09-05 13:02:39,050] {processor.py:651} INFO - DAG(s) dict_keys(['example_branch_labels']) retrieved from /home/airflow/.local/lib/python3.7/site-packages/airflow/example_dags/example_branch_labels.py
[2023-09-05 13:02:39,074] {logging_mixin.py:115} INFO - [2023-09-05 13:02:39,074] {dag.py:2420} INFO - Sync 1 DAGs
[2023-09-05 13:02:39,093] {logging_mixin.py:115} INFO - [2023-09-05 13:02:39,093] {dag.py:2972} INFO - Setting next_dagrun for example_branch_labels to 2023-09-04T00:00:00+00:00, run_after=2023-09-05T00:00:00+00:00
[2023-09-05 13:02:39,105] {processor.py:161} INFO - Processing /home/airflow/.local/lib/python3.7/site-packages/airflow/example_dags/example_branch_labels.py took 0.064 seconds
[2023-09-05 13:03:09,644] {processor.py:153} INFO - Started process (PID=287) to work on /home/airflow/.local/lib/python3.7/site-packages/airflow/example_dags/example_branch_labels.py
[2023-09-05 13:03:09,645] {processor.py:641} INFO - Processing file /home/airflow/.local/lib/python3.7/site-packages/airflow/example_dags/example_branch_labels.py for tasks to queue
[2023-09-05 13:03:09,646] {logging_mixin.py:115} INFO - [2023-09-05 13:03:09,646] {dagbag.py:508} INFO - Filling up the DagBag from /home/airflow/.local/lib/python3.7/site-packages/airflow/example_dags/example_branch_labels.py
[2023-09-05 13:03:09,653] {processor.py:651} INFO - DAG(s) dict_keys(['example_branch_labels']) retrieved from /home/airflow/.local/lib/python3.7/site-packages/airflow/example_dags/example_branch_labels.py
[2023-09-05 13:03:09,683] {logging_mixin.py:115} INFO - [2023-09-05 13:03:09,682] {dag.py:2420} INFO - Sync 1 DAGs
[2023-09-05 13:03:09,705] {logging_mixin.py:115} INFO - [2023-09-05 13:03:09,705] {dag.py:2972} INFO - Setting next_dagrun for example_branch_labels to 2023-09-04T00:00:00+00:00, run_after=2023-09-05T00:00:00+00:00
[2023-09-05 13:03:09,716] {processor.py:161} INFO - Processing /home/airflow/.local/lib/python3.7/site-packages/airflow/example_dags/example_branch_labels.py took 0.074 seconds
[2023-09-05 13:03:40,286] {processor.py:153} INFO - Started process (PID=339) to work on /home/airflow/.local/lib/python3.7/site-packages/airflow/example_dags/example_branch_labels.py
[2023-09-05 13:03:40,287] {processor.py:641} INFO - Processing file /home/airflow/.local/lib/python3.7/site-packages/airflow/example_dags/example_branch_labels.py for tasks to queue
[2023-09-05 13:03:40,287] {logging_mixin.py:115} INFO - [2023-09-05 13:03:40,287] {dagbag.py:508} INFO - Filling up the DagBag from /home/airflow/.local/lib/python3.7/site-packages/airflow/example_dags/example_branch_labels.py
[2023-09-05 13:03:40,293] {processor.py:651} INFO - DAG(s) dict_keys(['example_branch_labels']) retrieved from /home/airflow/.local/lib/python3.7/site-packages/airflow/example_dags/example_branch_labels.py
[2023-09-05 13:03:40,316] {logging_mixin.py:115} INFO - [2023-09-05 13:03:40,316] {dag.py:2420} INFO - Sync 1 DAGs
[2023-09-05 13:03:40,335] {logging_mixin.py:115} INFO - [2023-09-05 13:03:40,335] {dag.py:2972} INFO - Setting next_dagrun for example_branch_labels to 2023-09-04T00:00:00+00:00, run_after=2023-09-05T00:00:00+00:00
[2023-09-05 13:03:40,346] {processor.py:161} INFO - Processing /home/airflow/.local/lib/python3.7/site-packages/airflow/example_dags/example_branch_labels.py took 0.063 seconds
[2023-09-05 13:04:10,997] {processor.py:153} INFO - Started process (PID=400) to work on /home/airflow/.local/lib/python3.7/site-packages/airflow/example_dags/example_branch_labels.py
[2023-09-05 13:04:10,998] {processor.py:641} INFO - Processing file /home/airflow/.local/lib/python3.7/site-packages/airflow/example_dags/example_branch_labels.py for tasks to queue
[2023-09-05 13:04:10,999] {logging_mixin.py:115} INFO - [2023-09-05 13:04:10,998] {dagbag.py:508} INFO - Filling up the DagBag from /home/airflow/.local/lib/python3.7/site-packages/airflow/example_dags/example_branch_labels.py
[2023-09-05 13:04:11,005] {processor.py:651} INFO - DAG(s) dict_keys(['example_branch_labels']) retrieved from /home/airflow/.local/lib/python3.7/site-packages/airflow/example_dags/example_branch_labels.py
[2023-09-05 13:04:11,029] {logging_mixin.py:115} INFO - [2023-09-05 13:04:11,029] {dag.py:2420} INFO - Sync 1 DAGs
[2023-09-05 13:04:11,049] {logging_mixin.py:115} INFO - [2023-09-05 13:04:11,048] {dag.py:2972} INFO - Setting next_dagrun for example_branch_labels to 2023-09-04T00:00:00+00:00, run_after=2023-09-05T00:00:00+00:00
[2023-09-05 13:04:11,060] {processor.py:161} INFO - Processing /home/airflow/.local/lib/python3.7/site-packages/airflow/example_dags/example_branch_labels.py took 0.066 seconds
[2023-09-05 13:04:42,013] {processor.py:153} INFO - Started process (PID=460) to work on /home/airflow/.local/lib/python3.7/site-packages/airflow/example_dags/example_branch_labels.py
[2023-09-05 13:04:42,014] {processor.py:641} INFO - Processing file /home/airflow/.local/lib/python3.7/site-packages/airflow/example_dags/example_branch_labels.py for tasks to queue
[2023-09-05 13:04:42,014] {logging_mixin.py:115} INFO - [2023-09-05 13:04:42,014] {dagbag.py:508} INFO - Filling up the DagBag from /home/airflow/.local/lib/python3.7/site-packages/airflow/example_dags/example_branch_labels.py
[2023-09-05 13:04:42,020] {processor.py:651} INFO - DAG(s) dict_keys(['example_branch_labels']) retrieved from /home/airflow/.local/lib/python3.7/site-packages/airflow/example_dags/example_branch_labels.py
[2023-09-05 13:04:42,044] {logging_mixin.py:115} INFO - [2023-09-05 13:04:42,044] {dag.py:2420} INFO - Sync 1 DAGs
[2023-09-05 13:04:42,064] {logging_mixin.py:115} INFO - [2023-09-05 13:04:42,064] {dag.py:2972} INFO - Setting next_dagrun for example_branch_labels to 2023-09-04T00:00:00+00:00, run_after=2023-09-05T00:00:00+00:00
[2023-09-05 13:04:42,076] {processor.py:161} INFO - Processing /home/airflow/.local/lib/python3.7/site-packages/airflow/example_dags/example_branch_labels.py took 0.066 seconds
[2023-09-05 13:05:12,726] {processor.py:153} INFO - Started process (PID=512) to work on /home/airflow/.local/lib/python3.7/site-packages/airflow/example_dags/example_branch_labels.py
[2023-09-05 13:05:12,727] {processor.py:641} INFO - Processing file /home/airflow/.local/lib/python3.7/site-packages/airflow/example_dags/example_branch_labels.py for tasks to queue
[2023-09-05 13:05:12,728] {logging_mixin.py:115} INFO - [2023-09-05 13:05:12,728] {dagbag.py:508} INFO - Filling up the DagBag from /home/airflow/.local/lib/python3.7/site-packages/airflow/example_dags/example_branch_labels.py
[2023-09-05 13:05:12,736] {processor.py:651} INFO - DAG(s) dict_keys(['example_branch_labels']) retrieved from /home/airflow/.local/lib/python3.7/site-packages/airflow/example_dags/example_branch_labels.py
[2023-09-05 13:05:12,758] {logging_mixin.py:115} INFO - [2023-09-05 13:05:12,758] {dag.py:2420} INFO - Sync 1 DAGs
[2023-09-05 13:05:12,777] {logging_mixin.py:115} INFO - [2023-09-05 13:05:12,777] {dag.py:2972} INFO - Setting next_dagrun for example_branch_labels to 2023-09-04T00:00:00+00:00, run_after=2023-09-05T00:00:00+00:00
[2023-09-05 13:05:12,787] {processor.py:161} INFO - Processing /home/airflow/.local/lib/python3.7/site-packages/airflow/example_dags/example_branch_labels.py took 0.065 seconds
[2023-09-05 13:05:43,768] {processor.py:153} INFO - Started process (PID=573) to work on /home/airflow/.local/lib/python3.7/site-packages/airflow/example_dags/example_branch_labels.py
[2023-09-05 13:05:43,769] {processor.py:641} INFO - Processing file /home/airflow/.local/lib/python3.7/site-packages/airflow/example_dags/example_branch_labels.py for tasks to queue
[2023-09-05 13:05:43,770] {logging_mixin.py:115} INFO - [2023-09-05 13:05:43,770] {dagbag.py:508} INFO - Filling up the DagBag from /home/airflow/.local/lib/python3.7/site-packages/airflow/example_dags/example_branch_labels.py
[2023-09-05 13:05:43,780] {processor.py:651} INFO - DAG(s) dict_keys(['example_branch_labels']) retrieved from /home/airflow/.local/lib/python3.7/site-packages/airflow/example_dags/example_branch_labels.py
[2023-09-05 13:05:43,818] {logging_mixin.py:115} INFO - [2023-09-05 13:05:43,818] {dag.py:2420} INFO - Sync 1 DAGs
[2023-09-05 13:05:43,843] {logging_mixin.py:115} INFO - [2023-09-05 13:05:43,843] {dag.py:2972} INFO - Setting next_dagrun for example_branch_labels to 2023-09-04T00:00:00+00:00, run_after=2023-09-05T00:00:00+00:00
[2023-09-05 13:05:43,870] {processor.py:161} INFO - Processing /home/airflow/.local/lib/python3.7/site-packages/airflow/example_dags/example_branch_labels.py took 0.106 seconds
[2023-09-05 13:06:14,639] {processor.py:153} INFO - Started process (PID=634) to work on /home/airflow/.local/lib/python3.7/site-packages/airflow/example_dags/example_branch_labels.py
[2023-09-05 13:06:14,640] {processor.py:641} INFO - Processing file /home/airflow/.local/lib/python3.7/site-packages/airflow/example_dags/example_branch_labels.py for tasks to queue
[2023-09-05 13:06:14,641] {logging_mixin.py:115} INFO - [2023-09-05 13:06:14,641] {dagbag.py:508} INFO - Filling up the DagBag from /home/airflow/.local/lib/python3.7/site-packages/airflow/example_dags/example_branch_labels.py
[2023-09-05 13:06:14,648] {processor.py:651} INFO - DAG(s) dict_keys(['example_branch_labels']) retrieved from /home/airflow/.local/lib/python3.7/site-packages/airflow/example_dags/example_branch_labels.py
[2023-09-05 13:06:14,713] {logging_mixin.py:115} INFO - [2023-09-05 13:06:14,713] {dag.py:2420} INFO - Sync 1 DAGs
[2023-09-05 13:06:14,745] {logging_mixin.py:115} INFO - [2023-09-05 13:06:14,745] {dag.py:2972} INFO - Setting next_dagrun for example_branch_labels to 2023-09-04T00:00:00+00:00, run_after=2023-09-05T00:00:00+00:00
[2023-09-05 13:06:14,757] {processor.py:161} INFO - Processing /home/airflow/.local/lib/python3.7/site-packages/airflow/example_dags/example_branch_labels.py took 0.122 seconds
[2023-09-05 13:06:45,649] {processor.py:153} INFO - Started process (PID=686) to work on /home/airflow/.local/lib/python3.7/site-packages/airflow/example_dags/example_branch_labels.py
[2023-09-05 13:06:45,649] {processor.py:641} INFO - Processing file /home/airflow/.local/lib/python3.7/site-packages/airflow/example_dags/example_branch_labels.py for tasks to queue
[2023-09-05 13:06:45,650] {logging_mixin.py:115} INFO - [2023-09-05 13:06:45,650] {dagbag.py:508} INFO - Filling up the DagBag from /home/airflow/.local/lib/python3.7/site-packages/airflow/example_dags/example_branch_labels.py
[2023-09-05 13:06:45,657] {processor.py:651} INFO - DAG(s) dict_keys(['example_branch_labels']) retrieved from /home/airflow/.local/lib/python3.7/site-packages/airflow/example_dags/example_branch_labels.py
[2023-09-05 13:06:45,684] {logging_mixin.py:115} INFO - [2023-09-05 13:06:45,684] {dag.py:2420} INFO - Sync 1 DAGs
[2023-09-05 13:06:45,706] {logging_mixin.py:115} INFO - [2023-09-05 13:06:45,706] {dag.py:2972} INFO - Setting next_dagrun for example_branch_labels to 2023-09-04T00:00:00+00:00, run_after=2023-09-05T00:00:00+00:00
[2023-09-05 13:06:45,718] {processor.py:161} INFO - Processing /home/airflow/.local/lib/python3.7/site-packages/airflow/example_dags/example_branch_labels.py took 0.073 seconds
[2023-09-05 13:07:16,620] {processor.py:153} INFO - Started process (PID=747) to work on /home/airflow/.local/lib/python3.7/site-packages/airflow/example_dags/example_branch_labels.py
[2023-09-05 13:07:16,622] {processor.py:641} INFO - Processing file /home/airflow/.local/lib/python3.7/site-packages/airflow/example_dags/example_branch_labels.py for tasks to queue
[2023-09-05 13:07:16,623] {logging_mixin.py:115} INFO - [2023-09-05 13:07:16,623] {dagbag.py:508} INFO - Filling up the DagBag from /home/airflow/.local/lib/python3.7/site-packages/airflow/example_dags/example_branch_labels.py
[2023-09-05 13:07:16,635] {processor.py:651} INFO - DAG(s) dict_keys(['example_branch_labels']) retrieved from /home/airflow/.local/lib/python3.7/site-packages/airflow/example_dags/example_branch_labels.py
[2023-09-05 13:07:16,676] {logging_mixin.py:115} INFO - [2023-09-05 13:07:16,676] {dag.py:2420} INFO - Sync 1 DAGs
[2023-09-05 13:07:16,734] {logging_mixin.py:115} INFO - [2023-09-05 13:07:16,734] {dag.py:2972} INFO - Setting next_dagrun for example_branch_labels to 2023-09-04T00:00:00+00:00, run_after=2023-09-05T00:00:00+00:00
[2023-09-05 13:07:16,757] {processor.py:161} INFO - Processing /home/airflow/.local/lib/python3.7/site-packages/airflow/example_dags/example_branch_labels.py took 0.147 seconds
[2023-09-05 13:07:47,234] {processor.py:153} INFO - Started process (PID=808) to work on /home/airflow/.local/lib/python3.7/site-packages/airflow/example_dags/example_branch_labels.py
[2023-09-05 13:07:47,235] {processor.py:641} INFO - Processing file /home/airflow/.local/lib/python3.7/site-packages/airflow/example_dags/example_branch_labels.py for tasks to queue
[2023-09-05 13:07:47,236] {logging_mixin.py:115} INFO - [2023-09-05 13:07:47,236] {dagbag.py:508} INFO - Filling up the DagBag from /home/airflow/.local/lib/python3.7/site-packages/airflow/example_dags/example_branch_labels.py
[2023-09-05 13:07:47,242] {processor.py:651} INFO - DAG(s) dict_keys(['example_branch_labels']) retrieved from /home/airflow/.local/lib/python3.7/site-packages/airflow/example_dags/example_branch_labels.py
[2023-09-05 13:07:47,266] {logging_mixin.py:115} INFO - [2023-09-05 13:07:47,266] {dag.py:2420} INFO - Sync 1 DAGs
[2023-09-05 13:07:47,286] {logging_mixin.py:115} INFO - [2023-09-05 13:07:47,286] {dag.py:2972} INFO - Setting next_dagrun for example_branch_labels to 2023-09-04T00:00:00+00:00, run_after=2023-09-05T00:00:00+00:00
[2023-09-05 13:07:47,299] {processor.py:161} INFO - Processing /home/airflow/.local/lib/python3.7/site-packages/airflow/example_dags/example_branch_labels.py took 0.068 seconds
[2023-09-05 13:08:18,999] {processor.py:153} INFO - Started process (PID=860) to work on /home/airflow/.local/lib/python3.7/site-packages/airflow/example_dags/example_branch_labels.py
[2023-09-05 13:08:19,003] {processor.py:641} INFO - Processing file /home/airflow/.local/lib/python3.7/site-packages/airflow/example_dags/example_branch_labels.py for tasks to queue
[2023-09-05 13:08:19,004] {logging_mixin.py:115} INFO - [2023-09-05 13:08:19,004] {dagbag.py:508} INFO - Filling up the DagBag from /home/airflow/.local/lib/python3.7/site-packages/airflow/example_dags/example_branch_labels.py
[2023-09-05 13:08:19,056] {processor.py:651} INFO - DAG(s) dict_keys(['example_branch_labels']) retrieved from /home/airflow/.local/lib/python3.7/site-packages/airflow/example_dags/example_branch_labels.py
[2023-09-05 13:08:19,155] {logging_mixin.py:115} INFO - [2023-09-05 13:08:19,153] {dag.py:2420} INFO - Sync 1 DAGs
[2023-09-05 13:08:19,220] {logging_mixin.py:115} INFO - [2023-09-05 13:08:19,220] {dag.py:2972} INFO - Setting next_dagrun for example_branch_labels to 2023-09-04T00:00:00+00:00, run_after=2023-09-05T00:00:00+00:00
[2023-09-05 13:08:19,247] {processor.py:161} INFO - Processing /home/airflow/.local/lib/python3.7/site-packages/airflow/example_dags/example_branch_labels.py took 0.257 seconds
[2023-09-05 13:08:49,891] {processor.py:153} INFO - Started process (PID=921) to work on /home/airflow/.local/lib/python3.7/site-packages/airflow/example_dags/example_branch_labels.py
[2023-09-05 13:08:49,892] {processor.py:641} INFO - Processing file /home/airflow/.local/lib/python3.7/site-packages/airflow/example_dags/example_branch_labels.py for tasks to queue
[2023-09-05 13:08:49,892] {logging_mixin.py:115} INFO - [2023-09-05 13:08:49,892] {dagbag.py:508} INFO - Filling up the DagBag from /home/airflow/.local/lib/python3.7/site-packages/airflow/example_dags/example_branch_labels.py
[2023-09-05 13:08:49,898] {processor.py:651} INFO - DAG(s) dict_keys(['example_branch_labels']) retrieved from /home/airflow/.local/lib/python3.7/site-packages/airflow/example_dags/example_branch_labels.py
[2023-09-05 13:08:49,924] {logging_mixin.py:115} INFO - [2023-09-05 13:08:49,924] {dag.py:2420} INFO - Sync 1 DAGs
[2023-09-05 13:08:49,943] {logging_mixin.py:115} INFO - [2023-09-05 13:08:49,943] {dag.py:2972} INFO - Setting next_dagrun for example_branch_labels to 2023-09-04T00:00:00+00:00, run_after=2023-09-05T00:00:00+00:00
[2023-09-05 13:08:49,956] {processor.py:161} INFO - Processing /home/airflow/.local/lib/python3.7/site-packages/airflow/example_dags/example_branch_labels.py took 0.068 seconds
