[2023-09-05 13:01:10,776] {processor.py:153} INFO - Started process (PID=74) to work on /home/airflow/.local/lib/python3.7/site-packages/airflow/example_dags/example_task_group.py
[2023-09-05 13:01:10,777] {processor.py:641} INFO - Processing file /home/airflow/.local/lib/python3.7/site-packages/airflow/example_dags/example_task_group.py for tasks to queue
[2023-09-05 13:01:10,777] {logging_mixin.py:115} INFO - [2023-09-05 13:01:10,777] {dagbag.py:508} INFO - Filling up the DagBag from /home/airflow/.local/lib/python3.7/site-packages/airflow/example_dags/example_task_group.py
[2023-09-05 13:01:10,787] {processor.py:651} INFO - DAG(s) dict_keys(['example_task_group']) retrieved from /home/airflow/.local/lib/python3.7/site-packages/airflow/example_dags/example_task_group.py
[2023-09-05 13:01:10,916] {logging_mixin.py:115} INFO - [2023-09-05 13:01:10,915] {manager.py:508} INFO - Created Permission View: can read on DAG:example_task_group
[2023-09-05 13:01:10,932] {logging_mixin.py:115} INFO - [2023-09-05 13:01:10,932] {manager.py:508} INFO - Created Permission View: can delete on DAG:example_task_group
[2023-09-05 13:01:10,941] {logging_mixin.py:115} INFO - [2023-09-05 13:01:10,941] {manager.py:508} INFO - Created Permission View: can edit on DAG:example_task_group
[2023-09-05 13:01:10,942] {logging_mixin.py:115} INFO - [2023-09-05 13:01:10,942] {dag.py:2420} INFO - Sync 1 DAGs
[2023-09-05 13:01:10,963] {logging_mixin.py:115} INFO - [2023-09-05 13:01:10,963] {dag.py:2439} INFO - Creating ORM DAG for example_task_group
[2023-09-05 13:01:10,981] {logging_mixin.py:115} INFO - [2023-09-05 13:01:10,981] {dag.py:2972} INFO - Setting next_dagrun for example_task_group to 2023-09-04T13:01:10.980716+00:00, run_after=2023-09-05T13:01:10.980716+00:00
[2023-09-05 13:01:10,998] {processor.py:161} INFO - Processing /home/airflow/.local/lib/python3.7/site-packages/airflow/example_dags/example_task_group.py took 0.225 seconds
[2023-09-05 13:01:41,929] {processor.py:153} INFO - Started process (PID=136) to work on /home/airflow/.local/lib/python3.7/site-packages/airflow/example_dags/example_task_group.py
[2023-09-05 13:01:41,930] {processor.py:641} INFO - Processing file /home/airflow/.local/lib/python3.7/site-packages/airflow/example_dags/example_task_group.py for tasks to queue
[2023-09-05 13:01:41,931] {logging_mixin.py:115} INFO - [2023-09-05 13:01:41,931] {dagbag.py:508} INFO - Filling up the DagBag from /home/airflow/.local/lib/python3.7/site-packages/airflow/example_dags/example_task_group.py
[2023-09-05 13:01:41,937] {processor.py:651} INFO - DAG(s) dict_keys(['example_task_group']) retrieved from /home/airflow/.local/lib/python3.7/site-packages/airflow/example_dags/example_task_group.py
[2023-09-05 13:01:41,959] {logging_mixin.py:115} INFO - [2023-09-05 13:01:41,959] {dag.py:2420} INFO - Sync 1 DAGs
[2023-09-05 13:01:41,979] {logging_mixin.py:115} INFO - [2023-09-05 13:01:41,978] {dag.py:2972} INFO - Setting next_dagrun for example_task_group to 2023-09-04T13:01:41.978717+00:00, run_after=2023-09-05T13:01:41.978717+00:00
[2023-09-05 13:01:41,992] {processor.py:161} INFO - Processing /home/airflow/.local/lib/python3.7/site-packages/airflow/example_dags/example_task_group.py took 0.065 seconds
[2023-09-05 13:02:12,475] {processor.py:153} INFO - Started process (PID=188) to work on /home/airflow/.local/lib/python3.7/site-packages/airflow/example_dags/example_task_group.py
[2023-09-05 13:02:12,476] {processor.py:641} INFO - Processing file /home/airflow/.local/lib/python3.7/site-packages/airflow/example_dags/example_task_group.py for tasks to queue
[2023-09-05 13:02:12,476] {logging_mixin.py:115} INFO - [2023-09-05 13:02:12,476] {dagbag.py:508} INFO - Filling up the DagBag from /home/airflow/.local/lib/python3.7/site-packages/airflow/example_dags/example_task_group.py
[2023-09-05 13:02:12,482] {processor.py:651} INFO - DAG(s) dict_keys(['example_task_group']) retrieved from /home/airflow/.local/lib/python3.7/site-packages/airflow/example_dags/example_task_group.py
[2023-09-05 13:02:12,505] {logging_mixin.py:115} INFO - [2023-09-05 13:02:12,505] {dag.py:2420} INFO - Sync 1 DAGs
[2023-09-05 13:02:12,523] {logging_mixin.py:115} INFO - [2023-09-05 13:02:12,523] {dag.py:2972} INFO - Setting next_dagrun for example_task_group to 2023-09-04T13:02:12.523050+00:00, run_after=2023-09-05T13:02:12.523050+00:00
[2023-09-05 13:02:12,536] {processor.py:161} INFO - Processing /home/airflow/.local/lib/python3.7/site-packages/airflow/example_dags/example_task_group.py took 0.064 seconds
[2023-09-05 13:02:43,006] {processor.py:153} INFO - Started process (PID=249) to work on /home/airflow/.local/lib/python3.7/site-packages/airflow/example_dags/example_task_group.py
[2023-09-05 13:02:43,007] {processor.py:641} INFO - Processing file /home/airflow/.local/lib/python3.7/site-packages/airflow/example_dags/example_task_group.py for tasks to queue
[2023-09-05 13:02:43,007] {logging_mixin.py:115} INFO - [2023-09-05 13:02:43,007] {dagbag.py:508} INFO - Filling up the DagBag from /home/airflow/.local/lib/python3.7/site-packages/airflow/example_dags/example_task_group.py
[2023-09-05 13:02:43,013] {processor.py:651} INFO - DAG(s) dict_keys(['example_task_group']) retrieved from /home/airflow/.local/lib/python3.7/site-packages/airflow/example_dags/example_task_group.py
[2023-09-05 13:02:43,037] {logging_mixin.py:115} INFO - [2023-09-05 13:02:43,037] {dag.py:2420} INFO - Sync 1 DAGs
[2023-09-05 13:02:43,053] {logging_mixin.py:115} INFO - [2023-09-05 13:02:43,053] {dag.py:2972} INFO - Setting next_dagrun for example_task_group to 2023-09-04T13:02:43.053233+00:00, run_after=2023-09-05T13:02:43.053233+00:00
[2023-09-05 13:02:43,066] {processor.py:161} INFO - Processing /home/airflow/.local/lib/python3.7/site-packages/airflow/example_dags/example_task_group.py took 0.063 seconds
[2023-09-05 13:03:13,735] {processor.py:153} INFO - Started process (PID=310) to work on /home/airflow/.local/lib/python3.7/site-packages/airflow/example_dags/example_task_group.py
[2023-09-05 13:03:13,736] {processor.py:641} INFO - Processing file /home/airflow/.local/lib/python3.7/site-packages/airflow/example_dags/example_task_group.py for tasks to queue
[2023-09-05 13:03:13,736] {logging_mixin.py:115} INFO - [2023-09-05 13:03:13,736] {dagbag.py:508} INFO - Filling up the DagBag from /home/airflow/.local/lib/python3.7/site-packages/airflow/example_dags/example_task_group.py
[2023-09-05 13:03:13,741] {processor.py:651} INFO - DAG(s) dict_keys(['example_task_group']) retrieved from /home/airflow/.local/lib/python3.7/site-packages/airflow/example_dags/example_task_group.py
[2023-09-05 13:03:13,765] {logging_mixin.py:115} INFO - [2023-09-05 13:03:13,765] {dag.py:2420} INFO - Sync 1 DAGs
[2023-09-05 13:03:13,786] {logging_mixin.py:115} INFO - [2023-09-05 13:03:13,786] {dag.py:2972} INFO - Setting next_dagrun for example_task_group to 2023-09-04T13:03:13.786064+00:00, run_after=2023-09-05T13:03:13.786064+00:00
[2023-09-05 13:03:13,799] {processor.py:161} INFO - Processing /home/airflow/.local/lib/python3.7/site-packages/airflow/example_dags/example_task_group.py took 0.066 seconds
[2023-09-05 13:03:44,372] {processor.py:153} INFO - Started process (PID=371) to work on /home/airflow/.local/lib/python3.7/site-packages/airflow/example_dags/example_task_group.py
[2023-09-05 13:03:44,373] {processor.py:641} INFO - Processing file /home/airflow/.local/lib/python3.7/site-packages/airflow/example_dags/example_task_group.py for tasks to queue
[2023-09-05 13:03:44,374] {logging_mixin.py:115} INFO - [2023-09-05 13:03:44,373] {dagbag.py:508} INFO - Filling up the DagBag from /home/airflow/.local/lib/python3.7/site-packages/airflow/example_dags/example_task_group.py
[2023-09-05 13:03:44,382] {processor.py:651} INFO - DAG(s) dict_keys(['example_task_group']) retrieved from /home/airflow/.local/lib/python3.7/site-packages/airflow/example_dags/example_task_group.py
[2023-09-05 13:03:44,406] {logging_mixin.py:115} INFO - [2023-09-05 13:03:44,406] {dag.py:2420} INFO - Sync 1 DAGs
[2023-09-05 13:03:44,424] {logging_mixin.py:115} INFO - [2023-09-05 13:03:44,424] {dag.py:2972} INFO - Setting next_dagrun for example_task_group to 2023-09-04T13:03:44.424202+00:00, run_after=2023-09-05T13:03:44.424202+00:00
[2023-09-05 13:03:44,437] {processor.py:161} INFO - Processing /home/airflow/.local/lib/python3.7/site-packages/airflow/example_dags/example_task_group.py took 0.069 seconds
[2023-09-05 13:04:15,371] {processor.py:153} INFO - Started process (PID=423) to work on /home/airflow/.local/lib/python3.7/site-packages/airflow/example_dags/example_task_group.py
[2023-09-05 13:04:15,372] {processor.py:641} INFO - Processing file /home/airflow/.local/lib/python3.7/site-packages/airflow/example_dags/example_task_group.py for tasks to queue
[2023-09-05 13:04:15,373] {logging_mixin.py:115} INFO - [2023-09-05 13:04:15,372] {dagbag.py:508} INFO - Filling up the DagBag from /home/airflow/.local/lib/python3.7/site-packages/airflow/example_dags/example_task_group.py
[2023-09-05 13:04:15,384] {processor.py:651} INFO - DAG(s) dict_keys(['example_task_group']) retrieved from /home/airflow/.local/lib/python3.7/site-packages/airflow/example_dags/example_task_group.py
[2023-09-05 13:04:15,419] {logging_mixin.py:115} INFO - [2023-09-05 13:04:15,419] {dag.py:2420} INFO - Sync 1 DAGs
[2023-09-05 13:04:15,445] {logging_mixin.py:115} INFO - [2023-09-05 13:04:15,445] {dag.py:2972} INFO - Setting next_dagrun for example_task_group to 2023-09-04T13:04:15.444926+00:00, run_after=2023-09-05T13:04:15.444926+00:00
[2023-09-05 13:04:15,460] {processor.py:161} INFO - Processing /home/airflow/.local/lib/python3.7/site-packages/airflow/example_dags/example_task_group.py took 0.094 seconds
[2023-09-05 13:04:46,080] {processor.py:153} INFO - Started process (PID=483) to work on /home/airflow/.local/lib/python3.7/site-packages/airflow/example_dags/example_task_group.py
[2023-09-05 13:04:46,081] {processor.py:641} INFO - Processing file /home/airflow/.local/lib/python3.7/site-packages/airflow/example_dags/example_task_group.py for tasks to queue
[2023-09-05 13:04:46,082] {logging_mixin.py:115} INFO - [2023-09-05 13:04:46,082] {dagbag.py:508} INFO - Filling up the DagBag from /home/airflow/.local/lib/python3.7/site-packages/airflow/example_dags/example_task_group.py
[2023-09-05 13:04:46,089] {processor.py:651} INFO - DAG(s) dict_keys(['example_task_group']) retrieved from /home/airflow/.local/lib/python3.7/site-packages/airflow/example_dags/example_task_group.py
[2023-09-05 13:04:46,117] {logging_mixin.py:115} INFO - [2023-09-05 13:04:46,117] {dag.py:2420} INFO - Sync 1 DAGs
[2023-09-05 13:04:46,138] {logging_mixin.py:115} INFO - [2023-09-05 13:04:46,138] {dag.py:2972} INFO - Setting next_dagrun for example_task_group to 2023-09-04T13:04:46.137744+00:00, run_after=2023-09-05T13:04:46.137744+00:00
[2023-09-05 13:04:46,153] {processor.py:161} INFO - Processing /home/airflow/.local/lib/python3.7/site-packages/airflow/example_dags/example_task_group.py took 0.077 seconds
[2023-09-05 13:05:16,872] {processor.py:153} INFO - Started process (PID=544) to work on /home/airflow/.local/lib/python3.7/site-packages/airflow/example_dags/example_task_group.py
[2023-09-05 13:05:16,873] {processor.py:641} INFO - Processing file /home/airflow/.local/lib/python3.7/site-packages/airflow/example_dags/example_task_group.py for tasks to queue
[2023-09-05 13:05:16,874] {logging_mixin.py:115} INFO - [2023-09-05 13:05:16,874] {dagbag.py:508} INFO - Filling up the DagBag from /home/airflow/.local/lib/python3.7/site-packages/airflow/example_dags/example_task_group.py
[2023-09-05 13:05:16,891] {processor.py:651} INFO - DAG(s) dict_keys(['example_task_group']) retrieved from /home/airflow/.local/lib/python3.7/site-packages/airflow/example_dags/example_task_group.py
[2023-09-05 13:05:16,940] {logging_mixin.py:115} INFO - [2023-09-05 13:05:16,940] {dag.py:2420} INFO - Sync 1 DAGs
[2023-09-05 13:05:16,969] {logging_mixin.py:115} INFO - [2023-09-05 13:05:16,969] {dag.py:2972} INFO - Setting next_dagrun for example_task_group to 2023-09-04T13:05:16.969197+00:00, run_after=2023-09-05T13:05:16.969197+00:00
[2023-09-05 13:05:16,987] {processor.py:161} INFO - Processing /home/airflow/.local/lib/python3.7/site-packages/airflow/example_dags/example_task_group.py took 0.120 seconds
[2023-09-05 13:05:47,024] {processor.py:153} INFO - Started process (PID=596) to work on /home/airflow/.local/lib/python3.7/site-packages/airflow/example_dags/example_task_group.py
[2023-09-05 13:05:47,024] {processor.py:641} INFO - Processing file /home/airflow/.local/lib/python3.7/site-packages/airflow/example_dags/example_task_group.py for tasks to queue
[2023-09-05 13:05:47,025] {logging_mixin.py:115} INFO - [2023-09-05 13:05:47,025] {dagbag.py:508} INFO - Filling up the DagBag from /home/airflow/.local/lib/python3.7/site-packages/airflow/example_dags/example_task_group.py
[2023-09-05 13:05:47,030] {processor.py:651} INFO - DAG(s) dict_keys(['example_task_group']) retrieved from /home/airflow/.local/lib/python3.7/site-packages/airflow/example_dags/example_task_group.py
[2023-09-05 13:05:47,054] {logging_mixin.py:115} INFO - [2023-09-05 13:05:47,054] {dag.py:2420} INFO - Sync 1 DAGs
[2023-09-05 13:05:47,072] {logging_mixin.py:115} INFO - [2023-09-05 13:05:47,072] {dag.py:2972} INFO - Setting next_dagrun for example_task_group to 2023-09-04T13:05:47.072136+00:00, run_after=2023-09-05T13:05:47.072136+00:00
[2023-09-05 13:05:47,086] {processor.py:161} INFO - Processing /home/airflow/.local/lib/python3.7/site-packages/airflow/example_dags/example_task_group.py took 0.065 seconds
[2023-09-05 13:06:18,016] {processor.py:153} INFO - Started process (PID=657) to work on /home/airflow/.local/lib/python3.7/site-packages/airflow/example_dags/example_task_group.py
[2023-09-05 13:06:18,017] {processor.py:641} INFO - Processing file /home/airflow/.local/lib/python3.7/site-packages/airflow/example_dags/example_task_group.py for tasks to queue
[2023-09-05 13:06:18,017] {logging_mixin.py:115} INFO - [2023-09-05 13:06:18,017] {dagbag.py:508} INFO - Filling up the DagBag from /home/airflow/.local/lib/python3.7/site-packages/airflow/example_dags/example_task_group.py
[2023-09-05 13:06:18,023] {processor.py:651} INFO - DAG(s) dict_keys(['example_task_group']) retrieved from /home/airflow/.local/lib/python3.7/site-packages/airflow/example_dags/example_task_group.py
[2023-09-05 13:06:18,046] {logging_mixin.py:115} INFO - [2023-09-05 13:06:18,046] {dag.py:2420} INFO - Sync 1 DAGs
[2023-09-05 13:06:18,064] {logging_mixin.py:115} INFO - [2023-09-05 13:06:18,063] {dag.py:2972} INFO - Setting next_dagrun for example_task_group to 2023-09-04T13:06:18.063712+00:00, run_after=2023-09-05T13:06:18.063712+00:00
[2023-09-05 13:06:18,078] {processor.py:161} INFO - Processing /home/airflow/.local/lib/python3.7/site-packages/airflow/example_dags/example_task_group.py took 0.065 seconds
[2023-09-05 13:06:49,015] {processor.py:153} INFO - Started process (PID=718) to work on /home/airflow/.local/lib/python3.7/site-packages/airflow/example_dags/example_task_group.py
[2023-09-05 13:06:49,015] {processor.py:641} INFO - Processing file /home/airflow/.local/lib/python3.7/site-packages/airflow/example_dags/example_task_group.py for tasks to queue
[2023-09-05 13:06:49,016] {logging_mixin.py:115} INFO - [2023-09-05 13:06:49,016] {dagbag.py:508} INFO - Filling up the DagBag from /home/airflow/.local/lib/python3.7/site-packages/airflow/example_dags/example_task_group.py
[2023-09-05 13:06:49,022] {processor.py:651} INFO - DAG(s) dict_keys(['example_task_group']) retrieved from /home/airflow/.local/lib/python3.7/site-packages/airflow/example_dags/example_task_group.py
[2023-09-05 13:06:49,047] {logging_mixin.py:115} INFO - [2023-09-05 13:06:49,047] {dag.py:2420} INFO - Sync 1 DAGs
[2023-09-05 13:06:49,067] {logging_mixin.py:115} INFO - [2023-09-05 13:06:49,067] {dag.py:2972} INFO - Setting next_dagrun for example_task_group to 2023-09-04T13:06:49.067504+00:00, run_after=2023-09-05T13:06:49.067504+00:00
[2023-09-05 13:06:49,087] {processor.py:161} INFO - Processing /home/airflow/.local/lib/python3.7/site-packages/airflow/example_dags/example_task_group.py took 0.076 seconds
[2023-09-05 13:07:19,340] {processor.py:153} INFO - Started process (PID=770) to work on /home/airflow/.local/lib/python3.7/site-packages/airflow/example_dags/example_task_group.py
[2023-09-05 13:07:19,341] {processor.py:641} INFO - Processing file /home/airflow/.local/lib/python3.7/site-packages/airflow/example_dags/example_task_group.py for tasks to queue
[2023-09-05 13:07:19,342] {logging_mixin.py:115} INFO - [2023-09-05 13:07:19,342] {dagbag.py:508} INFO - Filling up the DagBag from /home/airflow/.local/lib/python3.7/site-packages/airflow/example_dags/example_task_group.py
[2023-09-05 13:07:19,351] {processor.py:651} INFO - DAG(s) dict_keys(['example_task_group']) retrieved from /home/airflow/.local/lib/python3.7/site-packages/airflow/example_dags/example_task_group.py
[2023-09-05 13:07:19,390] {logging_mixin.py:115} INFO - [2023-09-05 13:07:19,390] {dag.py:2420} INFO - Sync 1 DAGs
[2023-09-05 13:07:19,432] {logging_mixin.py:115} INFO - [2023-09-05 13:07:19,432] {dag.py:2972} INFO - Setting next_dagrun for example_task_group to 2023-09-04T13:07:19.431754+00:00, run_after=2023-09-05T13:07:19.431754+00:00
[2023-09-05 13:07:19,454] {processor.py:161} INFO - Processing /home/airflow/.local/lib/python3.7/site-packages/airflow/example_dags/example_task_group.py took 0.118 seconds
[2023-09-05 13:07:50,488] {processor.py:153} INFO - Started process (PID=831) to work on /home/airflow/.local/lib/python3.7/site-packages/airflow/example_dags/example_task_group.py
[2023-09-05 13:07:50,488] {processor.py:641} INFO - Processing file /home/airflow/.local/lib/python3.7/site-packages/airflow/example_dags/example_task_group.py for tasks to queue
[2023-09-05 13:07:50,489] {logging_mixin.py:115} INFO - [2023-09-05 13:07:50,489] {dagbag.py:508} INFO - Filling up the DagBag from /home/airflow/.local/lib/python3.7/site-packages/airflow/example_dags/example_task_group.py
[2023-09-05 13:07:50,498] {processor.py:651} INFO - DAG(s) dict_keys(['example_task_group']) retrieved from /home/airflow/.local/lib/python3.7/site-packages/airflow/example_dags/example_task_group.py
[2023-09-05 13:07:50,537] {logging_mixin.py:115} INFO - [2023-09-05 13:07:50,537] {dag.py:2420} INFO - Sync 1 DAGs
[2023-09-05 13:07:50,570] {logging_mixin.py:115} INFO - [2023-09-05 13:07:50,570] {dag.py:2972} INFO - Setting next_dagrun for example_task_group to 2023-09-04T13:07:50.569981+00:00, run_after=2023-09-05T13:07:50.569981+00:00
[2023-09-05 13:07:50,586] {processor.py:161} INFO - Processing /home/airflow/.local/lib/python3.7/site-packages/airflow/example_dags/example_task_group.py took 0.104 seconds
[2023-09-05 13:08:21,113] {processor.py:153} INFO - Started process (PID=883) to work on /home/airflow/.local/lib/python3.7/site-packages/airflow/example_dags/example_task_group.py
[2023-09-05 13:08:21,114] {processor.py:641} INFO - Processing file /home/airflow/.local/lib/python3.7/site-packages/airflow/example_dags/example_task_group.py for tasks to queue
[2023-09-05 13:08:21,115] {logging_mixin.py:115} INFO - [2023-09-05 13:08:21,115] {dagbag.py:508} INFO - Filling up the DagBag from /home/airflow/.local/lib/python3.7/site-packages/airflow/example_dags/example_task_group.py
[2023-09-05 13:08:21,126] {processor.py:651} INFO - DAG(s) dict_keys(['example_task_group']) retrieved from /home/airflow/.local/lib/python3.7/site-packages/airflow/example_dags/example_task_group.py
[2023-09-05 13:08:21,170] {logging_mixin.py:115} INFO - [2023-09-05 13:08:21,170] {dag.py:2420} INFO - Sync 1 DAGs
[2023-09-05 13:08:21,213] {logging_mixin.py:115} INFO - [2023-09-05 13:08:21,213] {dag.py:2972} INFO - Setting next_dagrun for example_task_group to 2023-09-04T13:08:21.212827+00:00, run_after=2023-09-05T13:08:21.212827+00:00
[2023-09-05 13:08:21,242] {processor.py:161} INFO - Processing /home/airflow/.local/lib/python3.7/site-packages/airflow/example_dags/example_task_group.py took 0.134 seconds
[2023-09-05 13:08:51,622] {processor.py:153} INFO - Started process (PID=944) to work on /home/airflow/.local/lib/python3.7/site-packages/airflow/example_dags/example_task_group.py
[2023-09-05 13:08:51,625] {processor.py:641} INFO - Processing file /home/airflow/.local/lib/python3.7/site-packages/airflow/example_dags/example_task_group.py for tasks to queue
[2023-09-05 13:08:51,626] {logging_mixin.py:115} INFO - [2023-09-05 13:08:51,626] {dagbag.py:508} INFO - Filling up the DagBag from /home/airflow/.local/lib/python3.7/site-packages/airflow/example_dags/example_task_group.py
[2023-09-05 13:08:51,645] {processor.py:651} INFO - DAG(s) dict_keys(['example_task_group']) retrieved from /home/airflow/.local/lib/python3.7/site-packages/airflow/example_dags/example_task_group.py
[2023-09-05 13:08:51,701] {logging_mixin.py:115} INFO - [2023-09-05 13:08:51,701] {dag.py:2420} INFO - Sync 1 DAGs
[2023-09-05 13:08:51,747] {logging_mixin.py:115} INFO - [2023-09-05 13:08:51,747] {dag.py:2972} INFO - Setting next_dagrun for example_task_group to 2023-09-04T13:08:51.746625+00:00, run_after=2023-09-05T13:08:51.746625+00:00
[2023-09-05 13:08:51,773] {processor.py:161} INFO - Processing /home/airflow/.local/lib/python3.7/site-packages/airflow/example_dags/example_task_group.py took 0.159 seconds
