[2023-09-05 13:01:08,447] {processor.py:153} INFO - Started process (PID=59) to work on /home/airflow/.local/lib/python3.7/site-packages/airflow/example_dags/example_skip_dag.py
[2023-09-05 13:01:08,448] {processor.py:641} INFO - Processing file /home/airflow/.local/lib/python3.7/site-packages/airflow/example_dags/example_skip_dag.py for tasks to queue
[2023-09-05 13:01:08,449] {logging_mixin.py:115} INFO - [2023-09-05 13:01:08,449] {dagbag.py:508} INFO - Filling up the DagBag from /home/airflow/.local/lib/python3.7/site-packages/airflow/example_dags/example_skip_dag.py
[2023-09-05 13:01:08,461] {processor.py:651} INFO - DAG(s) dict_keys(['example_skip_dag']) retrieved from /home/airflow/.local/lib/python3.7/site-packages/airflow/example_dags/example_skip_dag.py
[2023-09-05 13:01:08,590] {logging_mixin.py:115} INFO - [2023-09-05 13:01:08,590] {manager.py:508} INFO - Created Permission View: can read on DAG:example_skip_dag
[2023-09-05 13:01:08,604] {logging_mixin.py:115} INFO - [2023-09-05 13:01:08,604] {manager.py:508} INFO - Created Permission View: can delete on DAG:example_skip_dag
[2023-09-05 13:01:08,617] {logging_mixin.py:115} INFO - [2023-09-05 13:01:08,617] {manager.py:508} INFO - Created Permission View: can edit on DAG:example_skip_dag
[2023-09-05 13:01:08,617] {logging_mixin.py:115} INFO - [2023-09-05 13:01:08,617] {dag.py:2420} INFO - Sync 1 DAGs
[2023-09-05 13:01:08,632] {logging_mixin.py:115} INFO - [2023-09-05 13:01:08,631] {dag.py:2439} INFO - Creating ORM DAG for example_skip_dag
[2023-09-05 13:01:08,652] {logging_mixin.py:115} INFO - [2023-09-05 13:01:08,652] {dag.py:2972} INFO - Setting next_dagrun for example_skip_dag to 2023-09-04T13:01:08.652182+00:00, run_after=2023-09-05T13:01:08.652182+00:00
[2023-09-05 13:01:08,673] {processor.py:161} INFO - Processing /home/airflow/.local/lib/python3.7/site-packages/airflow/example_dags/example_skip_dag.py took 0.233 seconds
[2023-09-05 13:01:39,151] {processor.py:153} INFO - Started process (PID=121) to work on /home/airflow/.local/lib/python3.7/site-packages/airflow/example_dags/example_skip_dag.py
[2023-09-05 13:01:39,152] {processor.py:641} INFO - Processing file /home/airflow/.local/lib/python3.7/site-packages/airflow/example_dags/example_skip_dag.py for tasks to queue
[2023-09-05 13:01:39,152] {logging_mixin.py:115} INFO - [2023-09-05 13:01:39,152] {dagbag.py:508} INFO - Filling up the DagBag from /home/airflow/.local/lib/python3.7/site-packages/airflow/example_dags/example_skip_dag.py
[2023-09-05 13:01:39,159] {processor.py:651} INFO - DAG(s) dict_keys(['example_skip_dag']) retrieved from /home/airflow/.local/lib/python3.7/site-packages/airflow/example_dags/example_skip_dag.py
[2023-09-05 13:01:39,190] {logging_mixin.py:115} INFO - [2023-09-05 13:01:39,190] {dag.py:2420} INFO - Sync 1 DAGs
[2023-09-05 13:01:39,215] {logging_mixin.py:115} INFO - [2023-09-05 13:01:39,214] {dag.py:2972} INFO - Setting next_dagrun for example_skip_dag to 2023-09-04T13:01:39.214721+00:00, run_after=2023-09-05T13:01:39.214721+00:00
[2023-09-05 13:01:39,227] {processor.py:161} INFO - Processing /home/airflow/.local/lib/python3.7/site-packages/airflow/example_dags/example_skip_dag.py took 0.081 seconds
[2023-09-05 13:02:09,899] {processor.py:153} INFO - Started process (PID=173) to work on /home/airflow/.local/lib/python3.7/site-packages/airflow/example_dags/example_skip_dag.py
[2023-09-05 13:02:09,900] {processor.py:641} INFO - Processing file /home/airflow/.local/lib/python3.7/site-packages/airflow/example_dags/example_skip_dag.py for tasks to queue
[2023-09-05 13:02:09,900] {logging_mixin.py:115} INFO - [2023-09-05 13:02:09,900] {dagbag.py:508} INFO - Filling up the DagBag from /home/airflow/.local/lib/python3.7/site-packages/airflow/example_dags/example_skip_dag.py
[2023-09-05 13:02:09,905] {processor.py:651} INFO - DAG(s) dict_keys(['example_skip_dag']) retrieved from /home/airflow/.local/lib/python3.7/site-packages/airflow/example_dags/example_skip_dag.py
[2023-09-05 13:02:09,930] {logging_mixin.py:115} INFO - [2023-09-05 13:02:09,930] {dag.py:2420} INFO - Sync 1 DAGs
[2023-09-05 13:02:09,950] {logging_mixin.py:115} INFO - [2023-09-05 13:02:09,950] {dag.py:2972} INFO - Setting next_dagrun for example_skip_dag to 2023-09-04T13:02:09.950230+00:00, run_after=2023-09-05T13:02:09.950230+00:00
[2023-09-05 13:02:09,963] {processor.py:161} INFO - Processing /home/airflow/.local/lib/python3.7/site-packages/airflow/example_dags/example_skip_dag.py took 0.067 seconds
[2023-09-05 13:02:40,396] {processor.py:153} INFO - Started process (PID=234) to work on /home/airflow/.local/lib/python3.7/site-packages/airflow/example_dags/example_skip_dag.py
[2023-09-05 13:02:40,397] {processor.py:641} INFO - Processing file /home/airflow/.local/lib/python3.7/site-packages/airflow/example_dags/example_skip_dag.py for tasks to queue
[2023-09-05 13:02:40,397] {logging_mixin.py:115} INFO - [2023-09-05 13:02:40,397] {dagbag.py:508} INFO - Filling up the DagBag from /home/airflow/.local/lib/python3.7/site-packages/airflow/example_dags/example_skip_dag.py
[2023-09-05 13:02:40,402] {processor.py:651} INFO - DAG(s) dict_keys(['example_skip_dag']) retrieved from /home/airflow/.local/lib/python3.7/site-packages/airflow/example_dags/example_skip_dag.py
[2023-09-05 13:02:40,425] {logging_mixin.py:115} INFO - [2023-09-05 13:02:40,425] {dag.py:2420} INFO - Sync 1 DAGs
[2023-09-05 13:02:40,446] {logging_mixin.py:115} INFO - [2023-09-05 13:02:40,446] {dag.py:2972} INFO - Setting next_dagrun for example_skip_dag to 2023-09-04T13:02:40.446209+00:00, run_after=2023-09-05T13:02:40.446209+00:00
[2023-09-05 13:02:40,458] {processor.py:161} INFO - Processing /home/airflow/.local/lib/python3.7/site-packages/airflow/example_dags/example_skip_dag.py took 0.065 seconds
[2023-09-05 13:03:11,085] {processor.py:153} INFO - Started process (PID=295) to work on /home/airflow/.local/lib/python3.7/site-packages/airflow/example_dags/example_skip_dag.py
[2023-09-05 13:03:11,086] {processor.py:641} INFO - Processing file /home/airflow/.local/lib/python3.7/site-packages/airflow/example_dags/example_skip_dag.py for tasks to queue
[2023-09-05 13:03:11,086] {logging_mixin.py:115} INFO - [2023-09-05 13:03:11,086] {dagbag.py:508} INFO - Filling up the DagBag from /home/airflow/.local/lib/python3.7/site-packages/airflow/example_dags/example_skip_dag.py
[2023-09-05 13:03:11,091] {processor.py:651} INFO - DAG(s) dict_keys(['example_skip_dag']) retrieved from /home/airflow/.local/lib/python3.7/site-packages/airflow/example_dags/example_skip_dag.py
[2023-09-05 13:03:11,115] {logging_mixin.py:115} INFO - [2023-09-05 13:03:11,115] {dag.py:2420} INFO - Sync 1 DAGs
[2023-09-05 13:03:11,134] {logging_mixin.py:115} INFO - [2023-09-05 13:03:11,134] {dag.py:2972} INFO - Setting next_dagrun for example_skip_dag to 2023-09-04T13:03:11.133831+00:00, run_after=2023-09-05T13:03:11.133831+00:00
[2023-09-05 13:03:11,145] {processor.py:161} INFO - Processing /home/airflow/.local/lib/python3.7/site-packages/airflow/example_dags/example_skip_dag.py took 0.063 seconds
[2023-09-05 13:03:41,655] {processor.py:153} INFO - Started process (PID=347) to work on /home/airflow/.local/lib/python3.7/site-packages/airflow/example_dags/example_skip_dag.py
[2023-09-05 13:03:41,655] {processor.py:641} INFO - Processing file /home/airflow/.local/lib/python3.7/site-packages/airflow/example_dags/example_skip_dag.py for tasks to queue
[2023-09-05 13:03:41,656] {logging_mixin.py:115} INFO - [2023-09-05 13:03:41,656] {dagbag.py:508} INFO - Filling up the DagBag from /home/airflow/.local/lib/python3.7/site-packages/airflow/example_dags/example_skip_dag.py
[2023-09-05 13:03:41,660] {processor.py:651} INFO - DAG(s) dict_keys(['example_skip_dag']) retrieved from /home/airflow/.local/lib/python3.7/site-packages/airflow/example_dags/example_skip_dag.py
[2023-09-05 13:03:41,693] {logging_mixin.py:115} INFO - [2023-09-05 13:03:41,693] {dag.py:2420} INFO - Sync 1 DAGs
[2023-09-05 13:03:41,717] {logging_mixin.py:115} INFO - [2023-09-05 13:03:41,716] {dag.py:2972} INFO - Setting next_dagrun for example_skip_dag to 2023-09-04T13:03:41.716710+00:00, run_after=2023-09-05T13:03:41.716710+00:00
[2023-09-05 13:03:41,728] {processor.py:161} INFO - Processing /home/airflow/.local/lib/python3.7/site-packages/airflow/example_dags/example_skip_dag.py took 0.076 seconds
[2023-09-05 13:04:12,570] {processor.py:153} INFO - Started process (PID=408) to work on /home/airflow/.local/lib/python3.7/site-packages/airflow/example_dags/example_skip_dag.py
[2023-09-05 13:04:12,571] {processor.py:641} INFO - Processing file /home/airflow/.local/lib/python3.7/site-packages/airflow/example_dags/example_skip_dag.py for tasks to queue
[2023-09-05 13:04:12,572] {logging_mixin.py:115} INFO - [2023-09-05 13:04:12,572] {dagbag.py:508} INFO - Filling up the DagBag from /home/airflow/.local/lib/python3.7/site-packages/airflow/example_dags/example_skip_dag.py
[2023-09-05 13:04:12,577] {processor.py:651} INFO - DAG(s) dict_keys(['example_skip_dag']) retrieved from /home/airflow/.local/lib/python3.7/site-packages/airflow/example_dags/example_skip_dag.py
[2023-09-05 13:04:12,606] {logging_mixin.py:115} INFO - [2023-09-05 13:04:12,606] {dag.py:2420} INFO - Sync 1 DAGs
[2023-09-05 13:04:12,631] {logging_mixin.py:115} INFO - [2023-09-05 13:04:12,631] {dag.py:2972} INFO - Setting next_dagrun for example_skip_dag to 2023-09-04T13:04:12.631251+00:00, run_after=2023-09-05T13:04:12.631251+00:00
[2023-09-05 13:04:12,649] {processor.py:161} INFO - Processing /home/airflow/.local/lib/python3.7/site-packages/airflow/example_dags/example_skip_dag.py took 0.084 seconds
[2023-09-05 13:04:43,395] {processor.py:153} INFO - Started process (PID=468) to work on /home/airflow/.local/lib/python3.7/site-packages/airflow/example_dags/example_skip_dag.py
[2023-09-05 13:04:43,396] {processor.py:641} INFO - Processing file /home/airflow/.local/lib/python3.7/site-packages/airflow/example_dags/example_skip_dag.py for tasks to queue
[2023-09-05 13:04:43,396] {logging_mixin.py:115} INFO - [2023-09-05 13:04:43,396] {dagbag.py:508} INFO - Filling up the DagBag from /home/airflow/.local/lib/python3.7/site-packages/airflow/example_dags/example_skip_dag.py
[2023-09-05 13:04:43,400] {processor.py:651} INFO - DAG(s) dict_keys(['example_skip_dag']) retrieved from /home/airflow/.local/lib/python3.7/site-packages/airflow/example_dags/example_skip_dag.py
[2023-09-05 13:04:43,427] {logging_mixin.py:115} INFO - [2023-09-05 13:04:43,427] {dag.py:2420} INFO - Sync 1 DAGs
[2023-09-05 13:04:43,447] {logging_mixin.py:115} INFO - [2023-09-05 13:04:43,447] {dag.py:2972} INFO - Setting next_dagrun for example_skip_dag to 2023-09-04T13:04:43.446898+00:00, run_after=2023-09-05T13:04:43.446898+00:00
[2023-09-05 13:04:43,460] {processor.py:161} INFO - Processing /home/airflow/.local/lib/python3.7/site-packages/airflow/example_dags/example_skip_dag.py took 0.068 seconds
[2023-09-05 13:05:14,434] {processor.py:153} INFO - Started process (PID=529) to work on /home/airflow/.local/lib/python3.7/site-packages/airflow/example_dags/example_skip_dag.py
[2023-09-05 13:05:14,436] {processor.py:641} INFO - Processing file /home/airflow/.local/lib/python3.7/site-packages/airflow/example_dags/example_skip_dag.py for tasks to queue
[2023-09-05 13:05:14,436] {logging_mixin.py:115} INFO - [2023-09-05 13:05:14,436] {dagbag.py:508} INFO - Filling up the DagBag from /home/airflow/.local/lib/python3.7/site-packages/airflow/example_dags/example_skip_dag.py
[2023-09-05 13:05:14,447] {processor.py:651} INFO - DAG(s) dict_keys(['example_skip_dag']) retrieved from /home/airflow/.local/lib/python3.7/site-packages/airflow/example_dags/example_skip_dag.py
[2023-09-05 13:05:14,479] {logging_mixin.py:115} INFO - [2023-09-05 13:05:14,479] {dag.py:2420} INFO - Sync 1 DAGs
[2023-09-05 13:05:14,515] {logging_mixin.py:115} INFO - [2023-09-05 13:05:14,514] {dag.py:2972} INFO - Setting next_dagrun for example_skip_dag to 2023-09-04T13:05:14.514471+00:00, run_after=2023-09-05T13:05:14.514471+00:00
[2023-09-05 13:05:14,536] {processor.py:161} INFO - Processing /home/airflow/.local/lib/python3.7/site-packages/airflow/example_dags/example_skip_dag.py took 0.107 seconds
[2023-09-05 13:05:45,306] {processor.py:153} INFO - Started process (PID=581) to work on /home/airflow/.local/lib/python3.7/site-packages/airflow/example_dags/example_skip_dag.py
[2023-09-05 13:05:45,307] {processor.py:641} INFO - Processing file /home/airflow/.local/lib/python3.7/site-packages/airflow/example_dags/example_skip_dag.py for tasks to queue
[2023-09-05 13:05:45,307] {logging_mixin.py:115} INFO - [2023-09-05 13:05:45,307] {dagbag.py:508} INFO - Filling up the DagBag from /home/airflow/.local/lib/python3.7/site-packages/airflow/example_dags/example_skip_dag.py
[2023-09-05 13:05:45,313] {processor.py:651} INFO - DAG(s) dict_keys(['example_skip_dag']) retrieved from /home/airflow/.local/lib/python3.7/site-packages/airflow/example_dags/example_skip_dag.py
[2023-09-05 13:05:45,340] {logging_mixin.py:115} INFO - [2023-09-05 13:05:45,340] {dag.py:2420} INFO - Sync 1 DAGs
[2023-09-05 13:05:45,360] {logging_mixin.py:115} INFO - [2023-09-05 13:05:45,360] {dag.py:2972} INFO - Setting next_dagrun for example_skip_dag to 2023-09-04T13:05:45.360165+00:00, run_after=2023-09-05T13:05:45.360165+00:00
[2023-09-05 13:05:45,373] {processor.py:161} INFO - Processing /home/airflow/.local/lib/python3.7/site-packages/airflow/example_dags/example_skip_dag.py took 0.071 seconds
[2023-09-05 13:06:16,125] {processor.py:153} INFO - Started process (PID=642) to work on /home/airflow/.local/lib/python3.7/site-packages/airflow/example_dags/example_skip_dag.py
[2023-09-05 13:06:16,126] {processor.py:641} INFO - Processing file /home/airflow/.local/lib/python3.7/site-packages/airflow/example_dags/example_skip_dag.py for tasks to queue
[2023-09-05 13:06:16,126] {logging_mixin.py:115} INFO - [2023-09-05 13:06:16,126] {dagbag.py:508} INFO - Filling up the DagBag from /home/airflow/.local/lib/python3.7/site-packages/airflow/example_dags/example_skip_dag.py
[2023-09-05 13:06:16,130] {processor.py:651} INFO - DAG(s) dict_keys(['example_skip_dag']) retrieved from /home/airflow/.local/lib/python3.7/site-packages/airflow/example_dags/example_skip_dag.py
[2023-09-05 13:06:16,164] {logging_mixin.py:115} INFO - [2023-09-05 13:06:16,163] {dag.py:2420} INFO - Sync 1 DAGs
[2023-09-05 13:06:16,193] {logging_mixin.py:115} INFO - [2023-09-05 13:06:16,193] {dag.py:2972} INFO - Setting next_dagrun for example_skip_dag to 2023-09-04T13:06:16.193561+00:00, run_after=2023-09-05T13:06:16.193561+00:00
[2023-09-05 13:06:16,208] {processor.py:161} INFO - Processing /home/airflow/.local/lib/python3.7/site-packages/airflow/example_dags/example_skip_dag.py took 0.087 seconds
[2023-09-05 13:06:47,209] {processor.py:153} INFO - Started process (PID=703) to work on /home/airflow/.local/lib/python3.7/site-packages/airflow/example_dags/example_skip_dag.py
[2023-09-05 13:06:47,210] {processor.py:641} INFO - Processing file /home/airflow/.local/lib/python3.7/site-packages/airflow/example_dags/example_skip_dag.py for tasks to queue
[2023-09-05 13:06:47,211] {logging_mixin.py:115} INFO - [2023-09-05 13:06:47,211] {dagbag.py:508} INFO - Filling up the DagBag from /home/airflow/.local/lib/python3.7/site-packages/airflow/example_dags/example_skip_dag.py
[2023-09-05 13:06:47,216] {processor.py:651} INFO - DAG(s) dict_keys(['example_skip_dag']) retrieved from /home/airflow/.local/lib/python3.7/site-packages/airflow/example_dags/example_skip_dag.py
[2023-09-05 13:06:47,247] {logging_mixin.py:115} INFO - [2023-09-05 13:06:47,247] {dag.py:2420} INFO - Sync 1 DAGs
[2023-09-05 13:06:47,282] {logging_mixin.py:115} INFO - [2023-09-05 13:06:47,282] {dag.py:2972} INFO - Setting next_dagrun for example_skip_dag to 2023-09-04T13:06:47.282346+00:00, run_after=2023-09-05T13:06:47.282346+00:00
[2023-09-05 13:06:47,299] {processor.py:161} INFO - Processing /home/airflow/.local/lib/python3.7/site-packages/airflow/example_dags/example_skip_dag.py took 0.094 seconds
[2023-09-05 13:07:18,334] {processor.py:153} INFO - Started process (PID=755) to work on /home/airflow/.local/lib/python3.7/site-packages/airflow/example_dags/example_skip_dag.py
[2023-09-05 13:07:18,335] {processor.py:641} INFO - Processing file /home/airflow/.local/lib/python3.7/site-packages/airflow/example_dags/example_skip_dag.py for tasks to queue
[2023-09-05 13:07:18,336] {logging_mixin.py:115} INFO - [2023-09-05 13:07:18,336] {dagbag.py:508} INFO - Filling up the DagBag from /home/airflow/.local/lib/python3.7/site-packages/airflow/example_dags/example_skip_dag.py
[2023-09-05 13:07:18,343] {processor.py:651} INFO - DAG(s) dict_keys(['example_skip_dag']) retrieved from /home/airflow/.local/lib/python3.7/site-packages/airflow/example_dags/example_skip_dag.py
[2023-09-05 13:07:18,391] {logging_mixin.py:115} INFO - [2023-09-05 13:07:18,391] {dag.py:2420} INFO - Sync 1 DAGs
[2023-09-05 13:07:18,417] {logging_mixin.py:115} INFO - [2023-09-05 13:07:18,417] {dag.py:2972} INFO - Setting next_dagrun for example_skip_dag to 2023-09-04T13:07:18.417133+00:00, run_after=2023-09-05T13:07:18.417133+00:00
[2023-09-05 13:07:18,433] {processor.py:161} INFO - Processing /home/airflow/.local/lib/python3.7/site-packages/airflow/example_dags/example_skip_dag.py took 0.103 seconds
[2023-09-05 13:07:48,613] {processor.py:153} INFO - Started process (PID=816) to work on /home/airflow/.local/lib/python3.7/site-packages/airflow/example_dags/example_skip_dag.py
[2023-09-05 13:07:48,613] {processor.py:641} INFO - Processing file /home/airflow/.local/lib/python3.7/site-packages/airflow/example_dags/example_skip_dag.py for tasks to queue
[2023-09-05 13:07:48,613] {logging_mixin.py:115} INFO - [2023-09-05 13:07:48,613] {dagbag.py:508} INFO - Filling up the DagBag from /home/airflow/.local/lib/python3.7/site-packages/airflow/example_dags/example_skip_dag.py
[2023-09-05 13:07:48,618] {processor.py:651} INFO - DAG(s) dict_keys(['example_skip_dag']) retrieved from /home/airflow/.local/lib/python3.7/site-packages/airflow/example_dags/example_skip_dag.py
[2023-09-05 13:07:48,642] {logging_mixin.py:115} INFO - [2023-09-05 13:07:48,642] {dag.py:2420} INFO - Sync 1 DAGs
[2023-09-05 13:07:48,663] {logging_mixin.py:115} INFO - [2023-09-05 13:07:48,663] {dag.py:2972} INFO - Setting next_dagrun for example_skip_dag to 2023-09-04T13:07:48.662860+00:00, run_after=2023-09-05T13:07:48.662860+00:00
[2023-09-05 13:07:48,676] {processor.py:161} INFO - Processing /home/airflow/.local/lib/python3.7/site-packages/airflow/example_dags/example_skip_dag.py took 0.066 seconds
[2023-09-05 13:08:19,976] {processor.py:153} INFO - Started process (PID=868) to work on /home/airflow/.local/lib/python3.7/site-packages/airflow/example_dags/example_skip_dag.py
[2023-09-05 13:08:19,977] {processor.py:641} INFO - Processing file /home/airflow/.local/lib/python3.7/site-packages/airflow/example_dags/example_skip_dag.py for tasks to queue
[2023-09-05 13:08:19,978] {logging_mixin.py:115} INFO - [2023-09-05 13:08:19,978] {dagbag.py:508} INFO - Filling up the DagBag from /home/airflow/.local/lib/python3.7/site-packages/airflow/example_dags/example_skip_dag.py
[2023-09-05 13:08:19,989] {processor.py:651} INFO - DAG(s) dict_keys(['example_skip_dag']) retrieved from /home/airflow/.local/lib/python3.7/site-packages/airflow/example_dags/example_skip_dag.py
[2023-09-05 13:08:20,043] {logging_mixin.py:115} INFO - [2023-09-05 13:08:20,042] {dag.py:2420} INFO - Sync 1 DAGs
[2023-09-05 13:08:20,090] {logging_mixin.py:115} INFO - [2023-09-05 13:08:20,090] {dag.py:2972} INFO - Setting next_dagrun for example_skip_dag to 2023-09-04T13:08:20.089417+00:00, run_after=2023-09-05T13:08:20.089417+00:00
[2023-09-05 13:08:20,115] {processor.py:161} INFO - Processing /home/airflow/.local/lib/python3.7/site-packages/airflow/example_dags/example_skip_dag.py took 0.146 seconds
[2023-09-05 13:08:50,284] {processor.py:153} INFO - Started process (PID=929) to work on /home/airflow/.local/lib/python3.7/site-packages/airflow/example_dags/example_skip_dag.py
[2023-09-05 13:08:50,285] {processor.py:641} INFO - Processing file /home/airflow/.local/lib/python3.7/site-packages/airflow/example_dags/example_skip_dag.py for tasks to queue
[2023-09-05 13:08:50,286] {logging_mixin.py:115} INFO - [2023-09-05 13:08:50,286] {dagbag.py:508} INFO - Filling up the DagBag from /home/airflow/.local/lib/python3.7/site-packages/airflow/example_dags/example_skip_dag.py
[2023-09-05 13:08:50,292] {processor.py:651} INFO - DAG(s) dict_keys(['example_skip_dag']) retrieved from /home/airflow/.local/lib/python3.7/site-packages/airflow/example_dags/example_skip_dag.py
[2023-09-05 13:08:50,323] {logging_mixin.py:115} INFO - [2023-09-05 13:08:50,323] {dag.py:2420} INFO - Sync 1 DAGs
[2023-09-05 13:08:50,347] {logging_mixin.py:115} INFO - [2023-09-05 13:08:50,347] {dag.py:2972} INFO - Setting next_dagrun for example_skip_dag to 2023-09-04T13:08:50.347541+00:00, run_after=2023-09-05T13:08:50.347541+00:00
[2023-09-05 13:08:50,365] {processor.py:161} INFO - Processing /home/airflow/.local/lib/python3.7/site-packages/airflow/example_dags/example_skip_dag.py took 0.084 seconds
