[2023-09-05 13:01:10,239] {processor.py:153} INFO - Started process (PID=70) to work on /home/airflow/.local/lib/python3.7/site-packages/airflow/example_dags/example_local_kubernetes_executor.py
[2023-09-05 13:01:10,239] {processor.py:641} INFO - Processing file /home/airflow/.local/lib/python3.7/site-packages/airflow/example_dags/example_local_kubernetes_executor.py for tasks to queue
[2023-09-05 13:01:10,240] {logging_mixin.py:115} INFO - [2023-09-05 13:01:10,240] {dagbag.py:508} INFO - Filling up the DagBag from /home/airflow/.local/lib/python3.7/site-packages/airflow/example_dags/example_local_kubernetes_executor.py
[2023-09-05 13:01:10,272] {processor.py:651} INFO - DAG(s) dict_keys(['example_local_kubernetes_executor']) retrieved from /home/airflow/.local/lib/python3.7/site-packages/airflow/example_dags/example_local_kubernetes_executor.py
[2023-09-05 13:01:10,444] {logging_mixin.py:115} INFO - [2023-09-05 13:01:10,443] {manager.py:508} INFO - Created Permission View: can read on DAG:example_local_kubernetes_executor
[2023-09-05 13:01:10,461] {logging_mixin.py:115} INFO - [2023-09-05 13:01:10,461] {manager.py:508} INFO - Created Permission View: can delete on DAG:example_local_kubernetes_executor
[2023-09-05 13:01:10,473] {logging_mixin.py:115} INFO - [2023-09-05 13:01:10,473] {manager.py:508} INFO - Created Permission View: can edit on DAG:example_local_kubernetes_executor
[2023-09-05 13:01:10,473] {logging_mixin.py:115} INFO - [2023-09-05 13:01:10,473] {dag.py:2420} INFO - Sync 1 DAGs
[2023-09-05 13:01:10,488] {logging_mixin.py:115} INFO - [2023-09-05 13:01:10,488] {dag.py:2439} INFO - Creating ORM DAG for example_local_kubernetes_executor
[2023-09-05 13:01:10,503] {logging_mixin.py:115} INFO - [2023-09-05 13:01:10,503] {dag.py:2972} INFO - Setting next_dagrun for example_local_kubernetes_executor to None, run_after=None
[2023-09-05 13:01:10,524] {processor.py:161} INFO - Processing /home/airflow/.local/lib/python3.7/site-packages/airflow/example_dags/example_local_kubernetes_executor.py took 0.290 seconds
[2023-09-05 13:01:40,736] {processor.py:153} INFO - Started process (PID=132) to work on /home/airflow/.local/lib/python3.7/site-packages/airflow/example_dags/example_local_kubernetes_executor.py
[2023-09-05 13:01:40,737] {processor.py:641} INFO - Processing file /home/airflow/.local/lib/python3.7/site-packages/airflow/example_dags/example_local_kubernetes_executor.py for tasks to queue
[2023-09-05 13:01:40,738] {logging_mixin.py:115} INFO - [2023-09-05 13:01:40,738] {dagbag.py:508} INFO - Filling up the DagBag from /home/airflow/.local/lib/python3.7/site-packages/airflow/example_dags/example_local_kubernetes_executor.py
[2023-09-05 13:01:40,757] {processor.py:651} INFO - DAG(s) dict_keys(['example_local_kubernetes_executor']) retrieved from /home/airflow/.local/lib/python3.7/site-packages/airflow/example_dags/example_local_kubernetes_executor.py
[2023-09-05 13:01:40,783] {logging_mixin.py:115} INFO - [2023-09-05 13:01:40,783] {dag.py:2420} INFO - Sync 1 DAGs
[2023-09-05 13:01:40,813] {logging_mixin.py:115} INFO - [2023-09-05 13:01:40,812] {dag.py:2972} INFO - Setting next_dagrun for example_local_kubernetes_executor to None, run_after=None
[2023-09-05 13:01:40,828] {processor.py:161} INFO - Processing /home/airflow/.local/lib/python3.7/site-packages/airflow/example_dags/example_local_kubernetes_executor.py took 0.096 seconds
[2023-09-05 13:02:11,383] {processor.py:153} INFO - Started process (PID=184) to work on /home/airflow/.local/lib/python3.7/site-packages/airflow/example_dags/example_local_kubernetes_executor.py
[2023-09-05 13:02:11,384] {processor.py:641} INFO - Processing file /home/airflow/.local/lib/python3.7/site-packages/airflow/example_dags/example_local_kubernetes_executor.py for tasks to queue
[2023-09-05 13:02:11,384] {logging_mixin.py:115} INFO - [2023-09-05 13:02:11,384] {dagbag.py:508} INFO - Filling up the DagBag from /home/airflow/.local/lib/python3.7/site-packages/airflow/example_dags/example_local_kubernetes_executor.py
[2023-09-05 13:02:11,398] {processor.py:651} INFO - DAG(s) dict_keys(['example_local_kubernetes_executor']) retrieved from /home/airflow/.local/lib/python3.7/site-packages/airflow/example_dags/example_local_kubernetes_executor.py
[2023-09-05 13:02:11,419] {logging_mixin.py:115} INFO - [2023-09-05 13:02:11,419] {dag.py:2420} INFO - Sync 1 DAGs
[2023-09-05 13:02:11,437] {logging_mixin.py:115} INFO - [2023-09-05 13:02:11,437] {dag.py:2972} INFO - Setting next_dagrun for example_local_kubernetes_executor to None, run_after=None
[2023-09-05 13:02:11,449] {processor.py:161} INFO - Processing /home/airflow/.local/lib/python3.7/site-packages/airflow/example_dags/example_local_kubernetes_executor.py took 0.069 seconds
[2023-09-05 13:02:41,841] {processor.py:153} INFO - Started process (PID=245) to work on /home/airflow/.local/lib/python3.7/site-packages/airflow/example_dags/example_local_kubernetes_executor.py
[2023-09-05 13:02:41,842] {processor.py:641} INFO - Processing file /home/airflow/.local/lib/python3.7/site-packages/airflow/example_dags/example_local_kubernetes_executor.py for tasks to queue
[2023-09-05 13:02:41,843] {logging_mixin.py:115} INFO - [2023-09-05 13:02:41,843] {dagbag.py:508} INFO - Filling up the DagBag from /home/airflow/.local/lib/python3.7/site-packages/airflow/example_dags/example_local_kubernetes_executor.py
[2023-09-05 13:02:41,857] {processor.py:651} INFO - DAG(s) dict_keys(['example_local_kubernetes_executor']) retrieved from /home/airflow/.local/lib/python3.7/site-packages/airflow/example_dags/example_local_kubernetes_executor.py
[2023-09-05 13:02:41,880] {logging_mixin.py:115} INFO - [2023-09-05 13:02:41,880] {dag.py:2420} INFO - Sync 1 DAGs
[2023-09-05 13:02:41,899] {logging_mixin.py:115} INFO - [2023-09-05 13:02:41,899] {dag.py:2972} INFO - Setting next_dagrun for example_local_kubernetes_executor to None, run_after=None
[2023-09-05 13:02:41,912] {processor.py:161} INFO - Processing /home/airflow/.local/lib/python3.7/site-packages/airflow/example_dags/example_local_kubernetes_executor.py took 0.074 seconds
[2023-09-05 13:03:12,555] {processor.py:153} INFO - Started process (PID=306) to work on /home/airflow/.local/lib/python3.7/site-packages/airflow/example_dags/example_local_kubernetes_executor.py
[2023-09-05 13:03:12,556] {processor.py:641} INFO - Processing file /home/airflow/.local/lib/python3.7/site-packages/airflow/example_dags/example_local_kubernetes_executor.py for tasks to queue
[2023-09-05 13:03:12,556] {logging_mixin.py:115} INFO - [2023-09-05 13:03:12,556] {dagbag.py:508} INFO - Filling up the DagBag from /home/airflow/.local/lib/python3.7/site-packages/airflow/example_dags/example_local_kubernetes_executor.py
[2023-09-05 13:03:12,576] {processor.py:651} INFO - DAG(s) dict_keys(['example_local_kubernetes_executor']) retrieved from /home/airflow/.local/lib/python3.7/site-packages/airflow/example_dags/example_local_kubernetes_executor.py
[2023-09-05 13:03:12,600] {logging_mixin.py:115} INFO - [2023-09-05 13:03:12,600] {dag.py:2420} INFO - Sync 1 DAGs
[2023-09-05 13:03:12,620] {logging_mixin.py:115} INFO - [2023-09-05 13:03:12,620] {dag.py:2972} INFO - Setting next_dagrun for example_local_kubernetes_executor to None, run_after=None
[2023-09-05 13:03:12,633] {processor.py:161} INFO - Processing /home/airflow/.local/lib/python3.7/site-packages/airflow/example_dags/example_local_kubernetes_executor.py took 0.081 seconds
[2023-09-05 13:03:43,176] {processor.py:153} INFO - Started process (PID=365) to work on /home/airflow/.local/lib/python3.7/site-packages/airflow/example_dags/example_local_kubernetes_executor.py
[2023-09-05 13:03:43,176] {processor.py:641} INFO - Processing file /home/airflow/.local/lib/python3.7/site-packages/airflow/example_dags/example_local_kubernetes_executor.py for tasks to queue
[2023-09-05 13:03:43,177] {logging_mixin.py:115} INFO - [2023-09-05 13:03:43,177] {dagbag.py:508} INFO - Filling up the DagBag from /home/airflow/.local/lib/python3.7/site-packages/airflow/example_dags/example_local_kubernetes_executor.py
[2023-09-05 13:03:43,193] {processor.py:651} INFO - DAG(s) dict_keys(['example_local_kubernetes_executor']) retrieved from /home/airflow/.local/lib/python3.7/site-packages/airflow/example_dags/example_local_kubernetes_executor.py
[2023-09-05 13:03:43,217] {logging_mixin.py:115} INFO - [2023-09-05 13:03:43,217] {dag.py:2420} INFO - Sync 1 DAGs
[2023-09-05 13:03:43,249] {logging_mixin.py:115} INFO - [2023-09-05 13:03:43,249] {dag.py:2972} INFO - Setting next_dagrun for example_local_kubernetes_executor to None, run_after=None
[2023-09-05 13:03:43,272] {processor.py:161} INFO - Processing /home/airflow/.local/lib/python3.7/site-packages/airflow/example_dags/example_local_kubernetes_executor.py took 0.099 seconds
[2023-09-05 13:04:14,175] {processor.py:153} INFO - Started process (PID=419) to work on /home/airflow/.local/lib/python3.7/site-packages/airflow/example_dags/example_local_kubernetes_executor.py
[2023-09-05 13:04:14,176] {processor.py:641} INFO - Processing file /home/airflow/.local/lib/python3.7/site-packages/airflow/example_dags/example_local_kubernetes_executor.py for tasks to queue
[2023-09-05 13:04:14,177] {logging_mixin.py:115} INFO - [2023-09-05 13:04:14,176] {dagbag.py:508} INFO - Filling up the DagBag from /home/airflow/.local/lib/python3.7/site-packages/airflow/example_dags/example_local_kubernetes_executor.py
[2023-09-05 13:04:14,192] {processor.py:651} INFO - DAG(s) dict_keys(['example_local_kubernetes_executor']) retrieved from /home/airflow/.local/lib/python3.7/site-packages/airflow/example_dags/example_local_kubernetes_executor.py
[2023-09-05 13:04:14,218] {logging_mixin.py:115} INFO - [2023-09-05 13:04:14,218] {dag.py:2420} INFO - Sync 1 DAGs
[2023-09-05 13:04:14,262] {logging_mixin.py:115} INFO - [2023-09-05 13:04:14,262] {dag.py:2972} INFO - Setting next_dagrun for example_local_kubernetes_executor to None, run_after=None
[2023-09-05 13:04:14,278] {processor.py:161} INFO - Processing /home/airflow/.local/lib/python3.7/site-packages/airflow/example_dags/example_local_kubernetes_executor.py took 0.107 seconds
[2023-09-05 13:04:44,887] {processor.py:153} INFO - Started process (PID=479) to work on /home/airflow/.local/lib/python3.7/site-packages/airflow/example_dags/example_local_kubernetes_executor.py
[2023-09-05 13:04:44,887] {processor.py:641} INFO - Processing file /home/airflow/.local/lib/python3.7/site-packages/airflow/example_dags/example_local_kubernetes_executor.py for tasks to queue
[2023-09-05 13:04:44,887] {logging_mixin.py:115} INFO - [2023-09-05 13:04:44,887] {dagbag.py:508} INFO - Filling up the DagBag from /home/airflow/.local/lib/python3.7/site-packages/airflow/example_dags/example_local_kubernetes_executor.py
[2023-09-05 13:04:44,904] {processor.py:651} INFO - DAG(s) dict_keys(['example_local_kubernetes_executor']) retrieved from /home/airflow/.local/lib/python3.7/site-packages/airflow/example_dags/example_local_kubernetes_executor.py
[2023-09-05 13:04:44,928] {logging_mixin.py:115} INFO - [2023-09-05 13:04:44,927] {dag.py:2420} INFO - Sync 1 DAGs
[2023-09-05 13:04:44,950] {logging_mixin.py:115} INFO - [2023-09-05 13:04:44,950] {dag.py:2972} INFO - Setting next_dagrun for example_local_kubernetes_executor to None, run_after=None
[2023-09-05 13:04:44,962] {processor.py:161} INFO - Processing /home/airflow/.local/lib/python3.7/site-packages/airflow/example_dags/example_local_kubernetes_executor.py took 0.079 seconds
[2023-09-05 13:05:15,511] {processor.py:153} INFO - Started process (PID=540) to work on /home/airflow/.local/lib/python3.7/site-packages/airflow/example_dags/example_local_kubernetes_executor.py
[2023-09-05 13:05:15,517] {processor.py:641} INFO - Processing file /home/airflow/.local/lib/python3.7/site-packages/airflow/example_dags/example_local_kubernetes_executor.py for tasks to queue
[2023-09-05 13:05:15,518] {logging_mixin.py:115} INFO - [2023-09-05 13:05:15,517] {dagbag.py:508} INFO - Filling up the DagBag from /home/airflow/.local/lib/python3.7/site-packages/airflow/example_dags/example_local_kubernetes_executor.py
[2023-09-05 13:05:15,553] {processor.py:651} INFO - DAG(s) dict_keys(['example_local_kubernetes_executor']) retrieved from /home/airflow/.local/lib/python3.7/site-packages/airflow/example_dags/example_local_kubernetes_executor.py
[2023-09-05 13:05:15,605] {logging_mixin.py:115} INFO - [2023-09-05 13:05:15,605] {dag.py:2420} INFO - Sync 1 DAGs
[2023-09-05 13:05:15,656] {logging_mixin.py:115} INFO - [2023-09-05 13:05:15,655] {dag.py:2972} INFO - Setting next_dagrun for example_local_kubernetes_executor to None, run_after=None
[2023-09-05 13:05:15,686] {processor.py:161} INFO - Processing /home/airflow/.local/lib/python3.7/site-packages/airflow/example_dags/example_local_kubernetes_executor.py took 0.181 seconds
[2023-09-05 13:05:45,826] {processor.py:153} INFO - Started process (PID=592) to work on /home/airflow/.local/lib/python3.7/site-packages/airflow/example_dags/example_local_kubernetes_executor.py
[2023-09-05 13:05:45,827] {processor.py:641} INFO - Processing file /home/airflow/.local/lib/python3.7/site-packages/airflow/example_dags/example_local_kubernetes_executor.py for tasks to queue
[2023-09-05 13:05:45,828] {logging_mixin.py:115} INFO - [2023-09-05 13:05:45,827] {dagbag.py:508} INFO - Filling up the DagBag from /home/airflow/.local/lib/python3.7/site-packages/airflow/example_dags/example_local_kubernetes_executor.py
[2023-09-05 13:05:45,844] {processor.py:651} INFO - DAG(s) dict_keys(['example_local_kubernetes_executor']) retrieved from /home/airflow/.local/lib/python3.7/site-packages/airflow/example_dags/example_local_kubernetes_executor.py
[2023-09-05 13:05:45,865] {logging_mixin.py:115} INFO - [2023-09-05 13:05:45,865] {dag.py:2420} INFO - Sync 1 DAGs
[2023-09-05 13:05:45,884] {logging_mixin.py:115} INFO - [2023-09-05 13:05:45,884] {dag.py:2972} INFO - Setting next_dagrun for example_local_kubernetes_executor to None, run_after=None
[2023-09-05 13:05:45,896] {processor.py:161} INFO - Processing /home/airflow/.local/lib/python3.7/site-packages/airflow/example_dags/example_local_kubernetes_executor.py took 0.073 seconds
[2023-09-05 13:06:16,820] {processor.py:153} INFO - Started process (PID=653) to work on /home/airflow/.local/lib/python3.7/site-packages/airflow/example_dags/example_local_kubernetes_executor.py
[2023-09-05 13:06:16,821] {processor.py:641} INFO - Processing file /home/airflow/.local/lib/python3.7/site-packages/airflow/example_dags/example_local_kubernetes_executor.py for tasks to queue
[2023-09-05 13:06:16,821] {logging_mixin.py:115} INFO - [2023-09-05 13:06:16,821] {dagbag.py:508} INFO - Filling up the DagBag from /home/airflow/.local/lib/python3.7/site-packages/airflow/example_dags/example_local_kubernetes_executor.py
[2023-09-05 13:06:16,840] {processor.py:651} INFO - DAG(s) dict_keys(['example_local_kubernetes_executor']) retrieved from /home/airflow/.local/lib/python3.7/site-packages/airflow/example_dags/example_local_kubernetes_executor.py
[2023-09-05 13:06:16,869] {logging_mixin.py:115} INFO - [2023-09-05 13:06:16,869] {dag.py:2420} INFO - Sync 1 DAGs
[2023-09-05 13:06:16,897] {logging_mixin.py:115} INFO - [2023-09-05 13:06:16,897] {dag.py:2972} INFO - Setting next_dagrun for example_local_kubernetes_executor to None, run_after=None
[2023-09-05 13:06:16,912] {processor.py:161} INFO - Processing /home/airflow/.local/lib/python3.7/site-packages/airflow/example_dags/example_local_kubernetes_executor.py took 0.096 seconds
[2023-09-05 13:06:47,861] {processor.py:153} INFO - Started process (PID=714) to work on /home/airflow/.local/lib/python3.7/site-packages/airflow/example_dags/example_local_kubernetes_executor.py
[2023-09-05 13:06:47,863] {processor.py:641} INFO - Processing file /home/airflow/.local/lib/python3.7/site-packages/airflow/example_dags/example_local_kubernetes_executor.py for tasks to queue
[2023-09-05 13:06:47,863] {logging_mixin.py:115} INFO - [2023-09-05 13:06:47,863] {dagbag.py:508} INFO - Filling up the DagBag from /home/airflow/.local/lib/python3.7/site-packages/airflow/example_dags/example_local_kubernetes_executor.py
[2023-09-05 13:06:47,885] {processor.py:651} INFO - DAG(s) dict_keys(['example_local_kubernetes_executor']) retrieved from /home/airflow/.local/lib/python3.7/site-packages/airflow/example_dags/example_local_kubernetes_executor.py
[2023-09-05 13:06:47,913] {logging_mixin.py:115} INFO - [2023-09-05 13:06:47,913] {dag.py:2420} INFO - Sync 1 DAGs
[2023-09-05 13:06:47,933] {logging_mixin.py:115} INFO - [2023-09-05 13:06:47,933] {dag.py:2972} INFO - Setting next_dagrun for example_local_kubernetes_executor to None, run_after=None
[2023-09-05 13:06:47,945] {processor.py:161} INFO - Processing /home/airflow/.local/lib/python3.7/site-packages/airflow/example_dags/example_local_kubernetes_executor.py took 0.088 seconds
[2023-09-05 13:07:19,115] {processor.py:153} INFO - Started process (PID=766) to work on /home/airflow/.local/lib/python3.7/site-packages/airflow/example_dags/example_local_kubernetes_executor.py
[2023-09-05 13:07:19,116] {processor.py:641} INFO - Processing file /home/airflow/.local/lib/python3.7/site-packages/airflow/example_dags/example_local_kubernetes_executor.py for tasks to queue
[2023-09-05 13:07:19,116] {logging_mixin.py:115} INFO - [2023-09-05 13:07:19,116] {dagbag.py:508} INFO - Filling up the DagBag from /home/airflow/.local/lib/python3.7/site-packages/airflow/example_dags/example_local_kubernetes_executor.py
[2023-09-05 13:07:19,137] {processor.py:651} INFO - DAG(s) dict_keys(['example_local_kubernetes_executor']) retrieved from /home/airflow/.local/lib/python3.7/site-packages/airflow/example_dags/example_local_kubernetes_executor.py
[2023-09-05 13:07:19,165] {logging_mixin.py:115} INFO - [2023-09-05 13:07:19,165] {dag.py:2420} INFO - Sync 1 DAGs
[2023-09-05 13:07:19,190] {logging_mixin.py:115} INFO - [2023-09-05 13:07:19,190] {dag.py:2972} INFO - Setting next_dagrun for example_local_kubernetes_executor to None, run_after=None
[2023-09-05 13:07:19,206] {processor.py:161} INFO - Processing /home/airflow/.local/lib/python3.7/site-packages/airflow/example_dags/example_local_kubernetes_executor.py took 0.096 seconds
[2023-09-05 13:07:50,252] {processor.py:153} INFO - Started process (PID=827) to work on /home/airflow/.local/lib/python3.7/site-packages/airflow/example_dags/example_local_kubernetes_executor.py
[2023-09-05 13:07:50,253] {processor.py:641} INFO - Processing file /home/airflow/.local/lib/python3.7/site-packages/airflow/example_dags/example_local_kubernetes_executor.py for tasks to queue
[2023-09-05 13:07:50,254] {logging_mixin.py:115} INFO - [2023-09-05 13:07:50,253] {dagbag.py:508} INFO - Filling up the DagBag from /home/airflow/.local/lib/python3.7/site-packages/airflow/example_dags/example_local_kubernetes_executor.py
[2023-09-05 13:07:50,286] {processor.py:651} INFO - DAG(s) dict_keys(['example_local_kubernetes_executor']) retrieved from /home/airflow/.local/lib/python3.7/site-packages/airflow/example_dags/example_local_kubernetes_executor.py
[2023-09-05 13:07:50,326] {logging_mixin.py:115} INFO - [2023-09-05 13:07:50,326] {dag.py:2420} INFO - Sync 1 DAGs
[2023-09-05 13:07:50,353] {logging_mixin.py:115} INFO - [2023-09-05 13:07:50,353] {dag.py:2972} INFO - Setting next_dagrun for example_local_kubernetes_executor to None, run_after=None
[2023-09-05 13:07:50,367] {processor.py:161} INFO - Processing /home/airflow/.local/lib/python3.7/site-packages/airflow/example_dags/example_local_kubernetes_executor.py took 0.118 seconds
[2023-09-05 13:08:20,820] {processor.py:153} INFO - Started process (PID=879) to work on /home/airflow/.local/lib/python3.7/site-packages/airflow/example_dags/example_local_kubernetes_executor.py
[2023-09-05 13:08:20,821] {processor.py:641} INFO - Processing file /home/airflow/.local/lib/python3.7/site-packages/airflow/example_dags/example_local_kubernetes_executor.py for tasks to queue
[2023-09-05 13:08:20,823] {logging_mixin.py:115} INFO - [2023-09-05 13:08:20,822] {dagbag.py:508} INFO - Filling up the DagBag from /home/airflow/.local/lib/python3.7/site-packages/airflow/example_dags/example_local_kubernetes_executor.py
[2023-09-05 13:08:20,856] {processor.py:651} INFO - DAG(s) dict_keys(['example_local_kubernetes_executor']) retrieved from /home/airflow/.local/lib/python3.7/site-packages/airflow/example_dags/example_local_kubernetes_executor.py
[2023-09-05 13:08:20,896] {logging_mixin.py:115} INFO - [2023-09-05 13:08:20,896] {dag.py:2420} INFO - Sync 1 DAGs
[2023-09-05 13:08:20,933] {logging_mixin.py:115} INFO - [2023-09-05 13:08:20,933] {dag.py:2972} INFO - Setting next_dagrun for example_local_kubernetes_executor to None, run_after=None
[2023-09-05 13:08:20,953] {processor.py:161} INFO - Processing /home/airflow/.local/lib/python3.7/site-packages/airflow/example_dags/example_local_kubernetes_executor.py took 0.139 seconds
[2023-09-05 13:08:51,199] {processor.py:153} INFO - Started process (PID=940) to work on /home/airflow/.local/lib/python3.7/site-packages/airflow/example_dags/example_local_kubernetes_executor.py
[2023-09-05 13:08:51,200] {processor.py:641} INFO - Processing file /home/airflow/.local/lib/python3.7/site-packages/airflow/example_dags/example_local_kubernetes_executor.py for tasks to queue
[2023-09-05 13:08:51,201] {logging_mixin.py:115} INFO - [2023-09-05 13:08:51,201] {dagbag.py:508} INFO - Filling up the DagBag from /home/airflow/.local/lib/python3.7/site-packages/airflow/example_dags/example_local_kubernetes_executor.py
[2023-09-05 13:08:51,231] {processor.py:651} INFO - DAG(s) dict_keys(['example_local_kubernetes_executor']) retrieved from /home/airflow/.local/lib/python3.7/site-packages/airflow/example_dags/example_local_kubernetes_executor.py
[2023-09-05 13:08:51,273] {logging_mixin.py:115} INFO - [2023-09-05 13:08:51,273] {dag.py:2420} INFO - Sync 1 DAGs
[2023-09-05 13:08:51,319] {logging_mixin.py:115} INFO - [2023-09-05 13:08:51,319] {dag.py:2972} INFO - Setting next_dagrun for example_local_kubernetes_executor to None, run_after=None
[2023-09-05 13:08:51,344] {processor.py:161} INFO - Processing /home/airflow/.local/lib/python3.7/site-packages/airflow/example_dags/example_local_kubernetes_executor.py took 0.149 seconds
