[2023-09-05 13:01:10,133] {processor.py:153} INFO - Started process (PID=69) to work on /home/airflow/.local/lib/python3.7/site-packages/airflow/example_dags/example_branch_datetime_operator.py
[2023-09-05 13:01:10,134] {processor.py:641} INFO - Processing file /home/airflow/.local/lib/python3.7/site-packages/airflow/example_dags/example_branch_datetime_operator.py for tasks to queue
[2023-09-05 13:01:10,136] {logging_mixin.py:115} INFO - [2023-09-05 13:01:10,136] {dagbag.py:508} INFO - Filling up the DagBag from /home/airflow/.local/lib/python3.7/site-packages/airflow/example_dags/example_branch_datetime_operator.py
[2023-09-05 13:01:10,183] {processor.py:651} INFO - DAG(s) dict_keys(['example_branch_datetime_operator', 'example_branch_datetime_operator_2']) retrieved from /home/airflow/.local/lib/python3.7/site-packages/airflow/example_dags/example_branch_datetime_operator.py
[2023-09-05 13:01:10,330] {logging_mixin.py:115} INFO - [2023-09-05 13:01:10,329] {manager.py:508} INFO - Created Permission View: can read on DAG:example_branch_datetime_operator
[2023-09-05 13:01:10,347] {logging_mixin.py:115} INFO - [2023-09-05 13:01:10,347] {manager.py:508} INFO - Created Permission View: can delete on DAG:example_branch_datetime_operator
[2023-09-05 13:01:10,357] {logging_mixin.py:115} INFO - [2023-09-05 13:01:10,357] {manager.py:508} INFO - Created Permission View: can edit on DAG:example_branch_datetime_operator
[2023-09-05 13:01:10,383] {logging_mixin.py:115} INFO - [2023-09-05 13:01:10,383] {manager.py:508} INFO - Created Permission View: can read on DAG:example_branch_datetime_operator_2
[2023-09-05 13:01:10,393] {logging_mixin.py:115} INFO - [2023-09-05 13:01:10,393] {manager.py:508} INFO - Created Permission View: can delete on DAG:example_branch_datetime_operator_2
[2023-09-05 13:01:10,403] {logging_mixin.py:115} INFO - [2023-09-05 13:01:10,403] {manager.py:508} INFO - Created Permission View: can edit on DAG:example_branch_datetime_operator_2
[2023-09-05 13:01:10,403] {logging_mixin.py:115} INFO - [2023-09-05 13:01:10,403] {dag.py:2420} INFO - Sync 2 DAGs
[2023-09-05 13:01:10,420] {logging_mixin.py:115} INFO - [2023-09-05 13:01:10,420] {dag.py:2439} INFO - Creating ORM DAG for example_branch_datetime_operator
[2023-09-05 13:01:10,421] {logging_mixin.py:115} INFO - [2023-09-05 13:01:10,421] {dag.py:2439} INFO - Creating ORM DAG for example_branch_datetime_operator_2
[2023-09-05 13:01:10,444] {logging_mixin.py:115} INFO - [2023-09-05 13:01:10,444] {dag.py:2972} INFO - Setting next_dagrun for example_branch_datetime_operator to 2023-09-04T00:00:00+00:00, run_after=2023-09-05T00:00:00+00:00
[2023-09-05 13:01:10,448] {logging_mixin.py:115} INFO - [2023-09-05 13:01:10,448] {dag.py:2972} INFO - Setting next_dagrun for example_branch_datetime_operator_2 to 2023-09-04T00:00:00+00:00, run_after=2023-09-05T00:00:00+00:00
[2023-09-05 13:01:10,477] {processor.py:161} INFO - Processing /home/airflow/.local/lib/python3.7/site-packages/airflow/example_dags/example_branch_datetime_operator.py took 0.352 seconds
[2023-09-05 13:01:40,688] {processor.py:153} INFO - Started process (PID=131) to work on /home/airflow/.local/lib/python3.7/site-packages/airflow/example_dags/example_branch_datetime_operator.py
[2023-09-05 13:01:40,689] {processor.py:641} INFO - Processing file /home/airflow/.local/lib/python3.7/site-packages/airflow/example_dags/example_branch_datetime_operator.py for tasks to queue
[2023-09-05 13:01:40,689] {logging_mixin.py:115} INFO - [2023-09-05 13:01:40,689] {dagbag.py:508} INFO - Filling up the DagBag from /home/airflow/.local/lib/python3.7/site-packages/airflow/example_dags/example_branch_datetime_operator.py
[2023-09-05 13:01:40,700] {processor.py:651} INFO - DAG(s) dict_keys(['example_branch_datetime_operator', 'example_branch_datetime_operator_2']) retrieved from /home/airflow/.local/lib/python3.7/site-packages/airflow/example_dags/example_branch_datetime_operator.py
[2023-09-05 13:01:40,732] {logging_mixin.py:115} INFO - [2023-09-05 13:01:40,732] {dag.py:2420} INFO - Sync 2 DAGs
[2023-09-05 13:01:40,759] {logging_mixin.py:115} INFO - [2023-09-05 13:01:40,759] {dag.py:2972} INFO - Setting next_dagrun for example_branch_datetime_operator to 2023-09-04T00:00:00+00:00, run_after=2023-09-05T00:00:00+00:00
[2023-09-05 13:01:40,761] {logging_mixin.py:115} INFO - [2023-09-05 13:01:40,761] {dag.py:2972} INFO - Setting next_dagrun for example_branch_datetime_operator_2 to 2023-09-04T00:00:00+00:00, run_after=2023-09-05T00:00:00+00:00
[2023-09-05 13:01:40,775] {processor.py:161} INFO - Processing /home/airflow/.local/lib/python3.7/site-packages/airflow/example_dags/example_branch_datetime_operator.py took 0.091 seconds
[2023-09-05 13:02:11,350] {processor.py:153} INFO - Started process (PID=183) to work on /home/airflow/.local/lib/python3.7/site-packages/airflow/example_dags/example_branch_datetime_operator.py
[2023-09-05 13:02:11,351] {processor.py:641} INFO - Processing file /home/airflow/.local/lib/python3.7/site-packages/airflow/example_dags/example_branch_datetime_operator.py for tasks to queue
[2023-09-05 13:02:11,352] {logging_mixin.py:115} INFO - [2023-09-05 13:02:11,351] {dagbag.py:508} INFO - Filling up the DagBag from /home/airflow/.local/lib/python3.7/site-packages/airflow/example_dags/example_branch_datetime_operator.py
[2023-09-05 13:02:11,359] {processor.py:651} INFO - DAG(s) dict_keys(['example_branch_datetime_operator', 'example_branch_datetime_operator_2']) retrieved from /home/airflow/.local/lib/python3.7/site-packages/airflow/example_dags/example_branch_datetime_operator.py
[2023-09-05 13:02:11,386] {logging_mixin.py:115} INFO - [2023-09-05 13:02:11,386] {dag.py:2420} INFO - Sync 2 DAGs
[2023-09-05 13:02:11,405] {logging_mixin.py:115} INFO - [2023-09-05 13:02:11,405] {dag.py:2972} INFO - Setting next_dagrun for example_branch_datetime_operator to 2023-09-04T00:00:00+00:00, run_after=2023-09-05T00:00:00+00:00
[2023-09-05 13:02:11,406] {logging_mixin.py:115} INFO - [2023-09-05 13:02:11,406] {dag.py:2972} INFO - Setting next_dagrun for example_branch_datetime_operator_2 to 2023-09-04T00:00:00+00:00, run_after=2023-09-05T00:00:00+00:00
[2023-09-05 13:02:11,419] {processor.py:161} INFO - Processing /home/airflow/.local/lib/python3.7/site-packages/airflow/example_dags/example_branch_datetime_operator.py took 0.072 seconds
[2023-09-05 13:02:41,805] {processor.py:153} INFO - Started process (PID=244) to work on /home/airflow/.local/lib/python3.7/site-packages/airflow/example_dags/example_branch_datetime_operator.py
[2023-09-05 13:02:41,806] {processor.py:641} INFO - Processing file /home/airflow/.local/lib/python3.7/site-packages/airflow/example_dags/example_branch_datetime_operator.py for tasks to queue
[2023-09-05 13:02:41,806] {logging_mixin.py:115} INFO - [2023-09-05 13:02:41,806] {dagbag.py:508} INFO - Filling up the DagBag from /home/airflow/.local/lib/python3.7/site-packages/airflow/example_dags/example_branch_datetime_operator.py
[2023-09-05 13:02:41,813] {processor.py:651} INFO - DAG(s) dict_keys(['example_branch_datetime_operator', 'example_branch_datetime_operator_2']) retrieved from /home/airflow/.local/lib/python3.7/site-packages/airflow/example_dags/example_branch_datetime_operator.py
[2023-09-05 13:02:41,840] {logging_mixin.py:115} INFO - [2023-09-05 13:02:41,840] {dag.py:2420} INFO - Sync 2 DAGs
[2023-09-05 13:02:41,860] {logging_mixin.py:115} INFO - [2023-09-05 13:02:41,860] {dag.py:2972} INFO - Setting next_dagrun for example_branch_datetime_operator to 2023-09-04T00:00:00+00:00, run_after=2023-09-05T00:00:00+00:00
[2023-09-05 13:02:41,862] {logging_mixin.py:115} INFO - [2023-09-05 13:02:41,861] {dag.py:2972} INFO - Setting next_dagrun for example_branch_datetime_operator_2 to 2023-09-04T00:00:00+00:00, run_after=2023-09-05T00:00:00+00:00
[2023-09-05 13:02:41,876] {processor.py:161} INFO - Processing /home/airflow/.local/lib/python3.7/site-packages/airflow/example_dags/example_branch_datetime_operator.py took 0.074 seconds
[2023-09-05 13:03:12,526] {processor.py:153} INFO - Started process (PID=305) to work on /home/airflow/.local/lib/python3.7/site-packages/airflow/example_dags/example_branch_datetime_operator.py
[2023-09-05 13:03:12,527] {processor.py:641} INFO - Processing file /home/airflow/.local/lib/python3.7/site-packages/airflow/example_dags/example_branch_datetime_operator.py for tasks to queue
[2023-09-05 13:03:12,527] {logging_mixin.py:115} INFO - [2023-09-05 13:03:12,527] {dagbag.py:508} INFO - Filling up the DagBag from /home/airflow/.local/lib/python3.7/site-packages/airflow/example_dags/example_branch_datetime_operator.py
[2023-09-05 13:03:12,535] {processor.py:651} INFO - DAG(s) dict_keys(['example_branch_datetime_operator', 'example_branch_datetime_operator_2']) retrieved from /home/airflow/.local/lib/python3.7/site-packages/airflow/example_dags/example_branch_datetime_operator.py
[2023-09-05 13:03:12,562] {logging_mixin.py:115} INFO - [2023-09-05 13:03:12,562] {dag.py:2420} INFO - Sync 2 DAGs
[2023-09-05 13:03:12,582] {logging_mixin.py:115} INFO - [2023-09-05 13:03:12,582] {dag.py:2972} INFO - Setting next_dagrun for example_branch_datetime_operator to 2023-09-04T00:00:00+00:00, run_after=2023-09-05T00:00:00+00:00
[2023-09-05 13:03:12,584] {logging_mixin.py:115} INFO - [2023-09-05 13:03:12,584] {dag.py:2972} INFO - Setting next_dagrun for example_branch_datetime_operator_2 to 2023-09-04T00:00:00+00:00, run_after=2023-09-05T00:00:00+00:00
[2023-09-05 13:03:12,596] {processor.py:161} INFO - Processing /home/airflow/.local/lib/python3.7/site-packages/airflow/example_dags/example_branch_datetime_operator.py took 0.074 seconds
[2023-09-05 13:03:43,140] {processor.py:153} INFO - Started process (PID=364) to work on /home/airflow/.local/lib/python3.7/site-packages/airflow/example_dags/example_branch_datetime_operator.py
[2023-09-05 13:03:43,140] {processor.py:641} INFO - Processing file /home/airflow/.local/lib/python3.7/site-packages/airflow/example_dags/example_branch_datetime_operator.py for tasks to queue
[2023-09-05 13:03:43,140] {logging_mixin.py:115} INFO - [2023-09-05 13:03:43,140] {dagbag.py:508} INFO - Filling up the DagBag from /home/airflow/.local/lib/python3.7/site-packages/airflow/example_dags/example_branch_datetime_operator.py
[2023-09-05 13:03:43,148] {processor.py:651} INFO - DAG(s) dict_keys(['example_branch_datetime_operator', 'example_branch_datetime_operator_2']) retrieved from /home/airflow/.local/lib/python3.7/site-packages/airflow/example_dags/example_branch_datetime_operator.py
[2023-09-05 13:03:43,176] {logging_mixin.py:115} INFO - [2023-09-05 13:03:43,176] {dag.py:2420} INFO - Sync 2 DAGs
[2023-09-05 13:03:43,197] {logging_mixin.py:115} INFO - [2023-09-05 13:03:43,197] {dag.py:2972} INFO - Setting next_dagrun for example_branch_datetime_operator to 2023-09-04T00:00:00+00:00, run_after=2023-09-05T00:00:00+00:00
[2023-09-05 13:03:43,199] {logging_mixin.py:115} INFO - [2023-09-05 13:03:43,199] {dag.py:2972} INFO - Setting next_dagrun for example_branch_datetime_operator_2 to 2023-09-04T00:00:00+00:00, run_after=2023-09-05T00:00:00+00:00
[2023-09-05 13:03:43,212] {processor.py:161} INFO - Processing /home/airflow/.local/lib/python3.7/site-packages/airflow/example_dags/example_branch_datetime_operator.py took 0.075 seconds
[2023-09-05 13:04:14,124] {processor.py:153} INFO - Started process (PID=418) to work on /home/airflow/.local/lib/python3.7/site-packages/airflow/example_dags/example_branch_datetime_operator.py
[2023-09-05 13:04:14,125] {processor.py:641} INFO - Processing file /home/airflow/.local/lib/python3.7/site-packages/airflow/example_dags/example_branch_datetime_operator.py for tasks to queue
[2023-09-05 13:04:14,125] {logging_mixin.py:115} INFO - [2023-09-05 13:04:14,125] {dagbag.py:508} INFO - Filling up the DagBag from /home/airflow/.local/lib/python3.7/site-packages/airflow/example_dags/example_branch_datetime_operator.py
[2023-09-05 13:04:14,135] {processor.py:651} INFO - DAG(s) dict_keys(['example_branch_datetime_operator', 'example_branch_datetime_operator_2']) retrieved from /home/airflow/.local/lib/python3.7/site-packages/airflow/example_dags/example_branch_datetime_operator.py
[2023-09-05 13:04:14,170] {logging_mixin.py:115} INFO - [2023-09-05 13:04:14,170] {dag.py:2420} INFO - Sync 2 DAGs
[2023-09-05 13:04:14,192] {logging_mixin.py:115} INFO - [2023-09-05 13:04:14,192] {dag.py:2972} INFO - Setting next_dagrun for example_branch_datetime_operator to 2023-09-04T00:00:00+00:00, run_after=2023-09-05T00:00:00+00:00
[2023-09-05 13:04:14,193] {logging_mixin.py:115} INFO - [2023-09-05 13:04:14,193] {dag.py:2972} INFO - Setting next_dagrun for example_branch_datetime_operator_2 to 2023-09-04T00:00:00+00:00, run_after=2023-09-05T00:00:00+00:00
[2023-09-05 13:04:14,206] {processor.py:161} INFO - Processing /home/airflow/.local/lib/python3.7/site-packages/airflow/example_dags/example_branch_datetime_operator.py took 0.086 seconds
[2023-09-05 13:04:44,846] {processor.py:153} INFO - Started process (PID=478) to work on /home/airflow/.local/lib/python3.7/site-packages/airflow/example_dags/example_branch_datetime_operator.py
[2023-09-05 13:04:44,846] {processor.py:641} INFO - Processing file /home/airflow/.local/lib/python3.7/site-packages/airflow/example_dags/example_branch_datetime_operator.py for tasks to queue
[2023-09-05 13:04:44,847] {logging_mixin.py:115} INFO - [2023-09-05 13:04:44,847] {dagbag.py:508} INFO - Filling up the DagBag from /home/airflow/.local/lib/python3.7/site-packages/airflow/example_dags/example_branch_datetime_operator.py
[2023-09-05 13:04:44,855] {processor.py:651} INFO - DAG(s) dict_keys(['example_branch_datetime_operator', 'example_branch_datetime_operator_2']) retrieved from /home/airflow/.local/lib/python3.7/site-packages/airflow/example_dags/example_branch_datetime_operator.py
[2023-09-05 13:04:44,886] {logging_mixin.py:115} INFO - [2023-09-05 13:04:44,886] {dag.py:2420} INFO - Sync 2 DAGs
[2023-09-05 13:04:44,914] {logging_mixin.py:115} INFO - [2023-09-05 13:04:44,914] {dag.py:2972} INFO - Setting next_dagrun for example_branch_datetime_operator to 2023-09-04T00:00:00+00:00, run_after=2023-09-05T00:00:00+00:00
[2023-09-05 13:04:44,916] {logging_mixin.py:115} INFO - [2023-09-05 13:04:44,916] {dag.py:2972} INFO - Setting next_dagrun for example_branch_datetime_operator_2 to 2023-09-04T00:00:00+00:00, run_after=2023-09-05T00:00:00+00:00
[2023-09-05 13:04:44,929] {processor.py:161} INFO - Processing /home/airflow/.local/lib/python3.7/site-packages/airflow/example_dags/example_branch_datetime_operator.py took 0.086 seconds
[2023-09-05 13:05:15,343] {processor.py:153} INFO - Started process (PID=539) to work on /home/airflow/.local/lib/python3.7/site-packages/airflow/example_dags/example_branch_datetime_operator.py
[2023-09-05 13:05:15,347] {processor.py:641} INFO - Processing file /home/airflow/.local/lib/python3.7/site-packages/airflow/example_dags/example_branch_datetime_operator.py for tasks to queue
[2023-09-05 13:05:15,349] {logging_mixin.py:115} INFO - [2023-09-05 13:05:15,348] {dagbag.py:508} INFO - Filling up the DagBag from /home/airflow/.local/lib/python3.7/site-packages/airflow/example_dags/example_branch_datetime_operator.py
[2023-09-05 13:05:15,383] {processor.py:651} INFO - DAG(s) dict_keys(['example_branch_datetime_operator', 'example_branch_datetime_operator_2']) retrieved from /home/airflow/.local/lib/python3.7/site-packages/airflow/example_dags/example_branch_datetime_operator.py
[2023-09-05 13:05:15,448] {logging_mixin.py:115} INFO - [2023-09-05 13:05:15,448] {dag.py:2420} INFO - Sync 2 DAGs
[2023-09-05 13:05:15,491] {logging_mixin.py:115} INFO - [2023-09-05 13:05:15,491] {dag.py:2972} INFO - Setting next_dagrun for example_branch_datetime_operator to 2023-09-04T00:00:00+00:00, run_after=2023-09-05T00:00:00+00:00
[2023-09-05 13:05:15,494] {logging_mixin.py:115} INFO - [2023-09-05 13:05:15,494] {dag.py:2972} INFO - Setting next_dagrun for example_branch_datetime_operator_2 to 2023-09-04T00:00:00+00:00, run_after=2023-09-05T00:00:00+00:00
[2023-09-05 13:05:15,535] {processor.py:161} INFO - Processing /home/airflow/.local/lib/python3.7/site-packages/airflow/example_dags/example_branch_datetime_operator.py took 0.207 seconds
[2023-09-05 13:05:45,819] {processor.py:153} INFO - Started process (PID=591) to work on /home/airflow/.local/lib/python3.7/site-packages/airflow/example_dags/example_branch_datetime_operator.py
[2023-09-05 13:05:45,819] {processor.py:641} INFO - Processing file /home/airflow/.local/lib/python3.7/site-packages/airflow/example_dags/example_branch_datetime_operator.py for tasks to queue
[2023-09-05 13:05:45,819] {logging_mixin.py:115} INFO - [2023-09-05 13:05:45,819] {dagbag.py:508} INFO - Filling up the DagBag from /home/airflow/.local/lib/python3.7/site-packages/airflow/example_dags/example_branch_datetime_operator.py
[2023-09-05 13:05:45,831] {processor.py:651} INFO - DAG(s) dict_keys(['example_branch_datetime_operator', 'example_branch_datetime_operator_2']) retrieved from /home/airflow/.local/lib/python3.7/site-packages/airflow/example_dags/example_branch_datetime_operator.py
[2023-09-05 13:05:45,859] {logging_mixin.py:115} INFO - [2023-09-05 13:05:45,859] {dag.py:2420} INFO - Sync 2 DAGs
[2023-09-05 13:05:45,878] {logging_mixin.py:115} INFO - [2023-09-05 13:05:45,878] {dag.py:2972} INFO - Setting next_dagrun for example_branch_datetime_operator to 2023-09-04T00:00:00+00:00, run_after=2023-09-05T00:00:00+00:00
[2023-09-05 13:05:45,880] {logging_mixin.py:115} INFO - [2023-09-05 13:05:45,880] {dag.py:2972} INFO - Setting next_dagrun for example_branch_datetime_operator_2 to 2023-09-04T00:00:00+00:00, run_after=2023-09-05T00:00:00+00:00
[2023-09-05 13:05:45,894] {processor.py:161} INFO - Processing /home/airflow/.local/lib/python3.7/site-packages/airflow/example_dags/example_branch_datetime_operator.py took 0.078 seconds
[2023-09-05 13:06:16,807] {processor.py:153} INFO - Started process (PID=652) to work on /home/airflow/.local/lib/python3.7/site-packages/airflow/example_dags/example_branch_datetime_operator.py
[2023-09-05 13:06:16,808] {processor.py:641} INFO - Processing file /home/airflow/.local/lib/python3.7/site-packages/airflow/example_dags/example_branch_datetime_operator.py for tasks to queue
[2023-09-05 13:06:16,809] {logging_mixin.py:115} INFO - [2023-09-05 13:06:16,809] {dagbag.py:508} INFO - Filling up the DagBag from /home/airflow/.local/lib/python3.7/site-packages/airflow/example_dags/example_branch_datetime_operator.py
[2023-09-05 13:06:16,818] {processor.py:651} INFO - DAG(s) dict_keys(['example_branch_datetime_operator', 'example_branch_datetime_operator_2']) retrieved from /home/airflow/.local/lib/python3.7/site-packages/airflow/example_dags/example_branch_datetime_operator.py
[2023-09-05 13:06:16,855] {logging_mixin.py:115} INFO - [2023-09-05 13:06:16,855] {dag.py:2420} INFO - Sync 2 DAGs
[2023-09-05 13:06:16,880] {logging_mixin.py:115} INFO - [2023-09-05 13:06:16,880] {dag.py:2972} INFO - Setting next_dagrun for example_branch_datetime_operator to 2023-09-04T00:00:00+00:00, run_after=2023-09-05T00:00:00+00:00
[2023-09-05 13:06:16,882] {logging_mixin.py:115} INFO - [2023-09-05 13:06:16,882] {dag.py:2972} INFO - Setting next_dagrun for example_branch_datetime_operator_2 to 2023-09-04T00:00:00+00:00, run_after=2023-09-05T00:00:00+00:00
[2023-09-05 13:06:16,898] {processor.py:161} INFO - Processing /home/airflow/.local/lib/python3.7/site-packages/airflow/example_dags/example_branch_datetime_operator.py took 0.094 seconds
[2023-09-05 13:06:47,774] {processor.py:153} INFO - Started process (PID=713) to work on /home/airflow/.local/lib/python3.7/site-packages/airflow/example_dags/example_branch_datetime_operator.py
[2023-09-05 13:06:47,774] {processor.py:641} INFO - Processing file /home/airflow/.local/lib/python3.7/site-packages/airflow/example_dags/example_branch_datetime_operator.py for tasks to queue
[2023-09-05 13:06:47,775] {logging_mixin.py:115} INFO - [2023-09-05 13:06:47,775] {dagbag.py:508} INFO - Filling up the DagBag from /home/airflow/.local/lib/python3.7/site-packages/airflow/example_dags/example_branch_datetime_operator.py
[2023-09-05 13:06:47,785] {processor.py:651} INFO - DAG(s) dict_keys(['example_branch_datetime_operator', 'example_branch_datetime_operator_2']) retrieved from /home/airflow/.local/lib/python3.7/site-packages/airflow/example_dags/example_branch_datetime_operator.py
[2023-09-05 13:06:47,823] {logging_mixin.py:115} INFO - [2023-09-05 13:06:47,823] {dag.py:2420} INFO - Sync 2 DAGs
[2023-09-05 13:06:47,851] {logging_mixin.py:115} INFO - [2023-09-05 13:06:47,851] {dag.py:2972} INFO - Setting next_dagrun for example_branch_datetime_operator to 2023-09-04T00:00:00+00:00, run_after=2023-09-05T00:00:00+00:00
[2023-09-05 13:06:47,853] {logging_mixin.py:115} INFO - [2023-09-05 13:06:47,853] {dag.py:2972} INFO - Setting next_dagrun for example_branch_datetime_operator_2 to 2023-09-04T00:00:00+00:00, run_after=2023-09-05T00:00:00+00:00
[2023-09-05 13:06:47,875] {processor.py:161} INFO - Processing /home/airflow/.local/lib/python3.7/site-packages/airflow/example_dags/example_branch_datetime_operator.py took 0.105 seconds
[2023-09-05 13:07:19,084] {processor.py:153} INFO - Started process (PID=765) to work on /home/airflow/.local/lib/python3.7/site-packages/airflow/example_dags/example_branch_datetime_operator.py
[2023-09-05 13:07:19,085] {processor.py:641} INFO - Processing file /home/airflow/.local/lib/python3.7/site-packages/airflow/example_dags/example_branch_datetime_operator.py for tasks to queue
[2023-09-05 13:07:19,086] {logging_mixin.py:115} INFO - [2023-09-05 13:07:19,086] {dagbag.py:508} INFO - Filling up the DagBag from /home/airflow/.local/lib/python3.7/site-packages/airflow/example_dags/example_branch_datetime_operator.py
[2023-09-05 13:07:19,095] {processor.py:651} INFO - DAG(s) dict_keys(['example_branch_datetime_operator', 'example_branch_datetime_operator_2']) retrieved from /home/airflow/.local/lib/python3.7/site-packages/airflow/example_dags/example_branch_datetime_operator.py
[2023-09-05 13:07:19,129] {logging_mixin.py:115} INFO - [2023-09-05 13:07:19,129] {dag.py:2420} INFO - Sync 2 DAGs
[2023-09-05 13:07:19,164] {logging_mixin.py:115} INFO - [2023-09-05 13:07:19,164] {dag.py:2972} INFO - Setting next_dagrun for example_branch_datetime_operator to 2023-09-04T00:00:00+00:00, run_after=2023-09-05T00:00:00+00:00
[2023-09-05 13:07:19,167] {logging_mixin.py:115} INFO - [2023-09-05 13:07:19,166] {dag.py:2972} INFO - Setting next_dagrun for example_branch_datetime_operator_2 to 2023-09-04T00:00:00+00:00, run_after=2023-09-05T00:00:00+00:00
[2023-09-05 13:07:19,183] {processor.py:161} INFO - Processing /home/airflow/.local/lib/python3.7/site-packages/airflow/example_dags/example_branch_datetime_operator.py took 0.103 seconds
[2023-09-05 13:07:50,162] {processor.py:153} INFO - Started process (PID=826) to work on /home/airflow/.local/lib/python3.7/site-packages/airflow/example_dags/example_branch_datetime_operator.py
[2023-09-05 13:07:50,162] {processor.py:641} INFO - Processing file /home/airflow/.local/lib/python3.7/site-packages/airflow/example_dags/example_branch_datetime_operator.py for tasks to queue
[2023-09-05 13:07:50,163] {logging_mixin.py:115} INFO - [2023-09-05 13:07:50,163] {dagbag.py:508} INFO - Filling up the DagBag from /home/airflow/.local/lib/python3.7/site-packages/airflow/example_dags/example_branch_datetime_operator.py
[2023-09-05 13:07:50,184] {processor.py:651} INFO - DAG(s) dict_keys(['example_branch_datetime_operator', 'example_branch_datetime_operator_2']) retrieved from /home/airflow/.local/lib/python3.7/site-packages/airflow/example_dags/example_branch_datetime_operator.py
[2023-09-05 13:07:50,262] {logging_mixin.py:115} INFO - [2023-09-05 13:07:50,262] {dag.py:2420} INFO - Sync 2 DAGs
[2023-09-05 13:07:50,304] {logging_mixin.py:115} INFO - [2023-09-05 13:07:50,304] {dag.py:2972} INFO - Setting next_dagrun for example_branch_datetime_operator to 2023-09-04T00:00:00+00:00, run_after=2023-09-05T00:00:00+00:00
[2023-09-05 13:07:50,307] {logging_mixin.py:115} INFO - [2023-09-05 13:07:50,306] {dag.py:2972} INFO - Setting next_dagrun for example_branch_datetime_operator_2 to 2023-09-04T00:00:00+00:00, run_after=2023-09-05T00:00:00+00:00
[2023-09-05 13:07:50,322] {processor.py:161} INFO - Processing /home/airflow/.local/lib/python3.7/site-packages/airflow/example_dags/example_branch_datetime_operator.py took 0.164 seconds
[2023-09-05 13:08:20,774] {processor.py:153} INFO - Started process (PID=878) to work on /home/airflow/.local/lib/python3.7/site-packages/airflow/example_dags/example_branch_datetime_operator.py
[2023-09-05 13:08:20,776] {processor.py:641} INFO - Processing file /home/airflow/.local/lib/python3.7/site-packages/airflow/example_dags/example_branch_datetime_operator.py for tasks to queue
[2023-09-05 13:08:20,777] {logging_mixin.py:115} INFO - [2023-09-05 13:08:20,777] {dagbag.py:508} INFO - Filling up the DagBag from /home/airflow/.local/lib/python3.7/site-packages/airflow/example_dags/example_branch_datetime_operator.py
[2023-09-05 13:08:20,794] {processor.py:651} INFO - DAG(s) dict_keys(['example_branch_datetime_operator', 'example_branch_datetime_operator_2']) retrieved from /home/airflow/.local/lib/python3.7/site-packages/airflow/example_dags/example_branch_datetime_operator.py
[2023-09-05 13:08:20,845] {logging_mixin.py:115} INFO - [2023-09-05 13:08:20,845] {dag.py:2420} INFO - Sync 2 DAGs
[2023-09-05 13:08:20,886] {logging_mixin.py:115} INFO - [2023-09-05 13:08:20,886] {dag.py:2972} INFO - Setting next_dagrun for example_branch_datetime_operator to 2023-09-04T00:00:00+00:00, run_after=2023-09-05T00:00:00+00:00
[2023-09-05 13:08:20,888] {logging_mixin.py:115} INFO - [2023-09-05 13:08:20,888] {dag.py:2972} INFO - Setting next_dagrun for example_branch_datetime_operator_2 to 2023-09-04T00:00:00+00:00, run_after=2023-09-05T00:00:00+00:00
[2023-09-05 13:08:20,909] {processor.py:161} INFO - Processing /home/airflow/.local/lib/python3.7/site-packages/airflow/example_dags/example_branch_datetime_operator.py took 0.140 seconds
[2023-09-05 13:08:51,186] {processor.py:153} INFO - Started process (PID=939) to work on /home/airflow/.local/lib/python3.7/site-packages/airflow/example_dags/example_branch_datetime_operator.py
[2023-09-05 13:08:51,188] {processor.py:641} INFO - Processing file /home/airflow/.local/lib/python3.7/site-packages/airflow/example_dags/example_branch_datetime_operator.py for tasks to queue
[2023-09-05 13:08:51,188] {logging_mixin.py:115} INFO - [2023-09-05 13:08:51,188] {dagbag.py:508} INFO - Filling up the DagBag from /home/airflow/.local/lib/python3.7/site-packages/airflow/example_dags/example_branch_datetime_operator.py
[2023-09-05 13:08:51,202] {processor.py:651} INFO - DAG(s) dict_keys(['example_branch_datetime_operator', 'example_branch_datetime_operator_2']) retrieved from /home/airflow/.local/lib/python3.7/site-packages/airflow/example_dags/example_branch_datetime_operator.py
[2023-09-05 13:08:51,262] {logging_mixin.py:115} INFO - [2023-09-05 13:08:51,262] {dag.py:2420} INFO - Sync 2 DAGs
[2023-09-05 13:08:51,310] {logging_mixin.py:115} INFO - [2023-09-05 13:08:51,310] {dag.py:2972} INFO - Setting next_dagrun for example_branch_datetime_operator to 2023-09-04T00:00:00+00:00, run_after=2023-09-05T00:00:00+00:00
[2023-09-05 13:08:51,314] {logging_mixin.py:115} INFO - [2023-09-05 13:08:51,314] {dag.py:2972} INFO - Setting next_dagrun for example_branch_datetime_operator_2 to 2023-09-04T00:00:00+00:00, run_after=2023-09-05T00:00:00+00:00
[2023-09-05 13:08:51,336] {processor.py:161} INFO - Processing /home/airflow/.local/lib/python3.7/site-packages/airflow/example_dags/example_branch_datetime_operator.py took 0.154 seconds
