[2023-09-05 13:01:11,210] {processor.py:153} INFO - Started process (PID=77) to work on /home/airflow/.local/lib/python3.7/site-packages/airflow/example_dags/tutorial_taskflow_api_etl.py
[2023-09-05 13:01:11,210] {processor.py:641} INFO - Processing file /home/airflow/.local/lib/python3.7/site-packages/airflow/example_dags/tutorial_taskflow_api_etl.py for tasks to queue
[2023-09-05 13:01:11,211] {logging_mixin.py:115} INFO - [2023-09-05 13:01:11,211] {dagbag.py:508} INFO - Filling up the DagBag from /home/airflow/.local/lib/python3.7/site-packages/airflow/example_dags/tutorial_taskflow_api_etl.py
[2023-09-05 13:01:11,231] {processor.py:651} INFO - DAG(s) dict_keys(['tutorial_taskflow_api_etl']) retrieved from /home/airflow/.local/lib/python3.7/site-packages/airflow/example_dags/tutorial_taskflow_api_etl.py
[2023-09-05 13:01:11,328] {logging_mixin.py:115} INFO - [2023-09-05 13:01:11,328] {manager.py:508} INFO - Created Permission View: can read on DAG:tutorial_taskflow_api_etl
[2023-09-05 13:01:11,340] {logging_mixin.py:115} INFO - [2023-09-05 13:01:11,340] {manager.py:508} INFO - Created Permission View: can delete on DAG:tutorial_taskflow_api_etl
[2023-09-05 13:01:11,348] {logging_mixin.py:115} INFO - [2023-09-05 13:01:11,348] {manager.py:508} INFO - Created Permission View: can edit on DAG:tutorial_taskflow_api_etl
[2023-09-05 13:01:11,348] {logging_mixin.py:115} INFO - [2023-09-05 13:01:11,348] {dag.py:2420} INFO - Sync 1 DAGs
[2023-09-05 13:01:11,357] {logging_mixin.py:115} INFO - [2023-09-05 13:01:11,357] {dag.py:2439} INFO - Creating ORM DAG for tutorial_taskflow_api_etl
[2023-09-05 13:01:11,367] {logging_mixin.py:115} INFO - [2023-09-05 13:01:11,367] {dag.py:2972} INFO - Setting next_dagrun for tutorial_taskflow_api_etl to None, run_after=None
[2023-09-05 13:01:11,382] {processor.py:161} INFO - Processing /home/airflow/.local/lib/python3.7/site-packages/airflow/example_dags/tutorial_taskflow_api_etl.py took 0.176 seconds
[2023-09-05 13:01:42,075] {processor.py:153} INFO - Started process (PID=139) to work on /home/airflow/.local/lib/python3.7/site-packages/airflow/example_dags/tutorial_taskflow_api_etl.py
[2023-09-05 13:01:42,076] {processor.py:641} INFO - Processing file /home/airflow/.local/lib/python3.7/site-packages/airflow/example_dags/tutorial_taskflow_api_etl.py for tasks to queue
[2023-09-05 13:01:42,076] {logging_mixin.py:115} INFO - [2023-09-05 13:01:42,076] {dagbag.py:508} INFO - Filling up the DagBag from /home/airflow/.local/lib/python3.7/site-packages/airflow/example_dags/tutorial_taskflow_api_etl.py
[2023-09-05 13:01:42,090] {processor.py:651} INFO - DAG(s) dict_keys(['tutorial_taskflow_api_etl']) retrieved from /home/airflow/.local/lib/python3.7/site-packages/airflow/example_dags/tutorial_taskflow_api_etl.py
[2023-09-05 13:01:42,165] {logging_mixin.py:115} INFO - [2023-09-05 13:01:42,164] {dag.py:2420} INFO - Sync 1 DAGs
[2023-09-05 13:01:42,189] {logging_mixin.py:115} INFO - [2023-09-05 13:01:42,189] {dag.py:2972} INFO - Setting next_dagrun for tutorial_taskflow_api_etl to None, run_after=None
[2023-09-05 13:01:42,205] {processor.py:161} INFO - Processing /home/airflow/.local/lib/python3.7/site-packages/airflow/example_dags/tutorial_taskflow_api_etl.py took 0.133 seconds
[2023-09-05 13:02:12,622] {processor.py:153} INFO - Started process (PID=191) to work on /home/airflow/.local/lib/python3.7/site-packages/airflow/example_dags/tutorial_taskflow_api_etl.py
[2023-09-05 13:02:12,622] {processor.py:641} INFO - Processing file /home/airflow/.local/lib/python3.7/site-packages/airflow/example_dags/tutorial_taskflow_api_etl.py for tasks to queue
[2023-09-05 13:02:12,623] {logging_mixin.py:115} INFO - [2023-09-05 13:02:12,623] {dagbag.py:508} INFO - Filling up the DagBag from /home/airflow/.local/lib/python3.7/site-packages/airflow/example_dags/tutorial_taskflow_api_etl.py
[2023-09-05 13:02:12,635] {processor.py:651} INFO - DAG(s) dict_keys(['tutorial_taskflow_api_etl']) retrieved from /home/airflow/.local/lib/python3.7/site-packages/airflow/example_dags/tutorial_taskflow_api_etl.py
[2023-09-05 13:02:12,686] {logging_mixin.py:115} INFO - [2023-09-05 13:02:12,685] {dag.py:2420} INFO - Sync 1 DAGs
[2023-09-05 13:02:12,705] {logging_mixin.py:115} INFO - [2023-09-05 13:02:12,705] {dag.py:2972} INFO - Setting next_dagrun for tutorial_taskflow_api_etl to None, run_after=None
[2023-09-05 13:02:12,720] {processor.py:161} INFO - Processing /home/airflow/.local/lib/python3.7/site-packages/airflow/example_dags/tutorial_taskflow_api_etl.py took 0.101 seconds
[2023-09-05 13:02:43,148] {processor.py:153} INFO - Started process (PID=252) to work on /home/airflow/.local/lib/python3.7/site-packages/airflow/example_dags/tutorial_taskflow_api_etl.py
[2023-09-05 13:02:43,149] {processor.py:641} INFO - Processing file /home/airflow/.local/lib/python3.7/site-packages/airflow/example_dags/tutorial_taskflow_api_etl.py for tasks to queue
[2023-09-05 13:02:43,149] {logging_mixin.py:115} INFO - [2023-09-05 13:02:43,149] {dagbag.py:508} INFO - Filling up the DagBag from /home/airflow/.local/lib/python3.7/site-packages/airflow/example_dags/tutorial_taskflow_api_etl.py
[2023-09-05 13:02:43,160] {processor.py:651} INFO - DAG(s) dict_keys(['tutorial_taskflow_api_etl']) retrieved from /home/airflow/.local/lib/python3.7/site-packages/airflow/example_dags/tutorial_taskflow_api_etl.py
[2023-09-05 13:02:43,211] {logging_mixin.py:115} INFO - [2023-09-05 13:02:43,211] {dag.py:2420} INFO - Sync 1 DAGs
[2023-09-05 13:02:43,229] {logging_mixin.py:115} INFO - [2023-09-05 13:02:43,229] {dag.py:2972} INFO - Setting next_dagrun for tutorial_taskflow_api_etl to None, run_after=None
[2023-09-05 13:02:43,244] {processor.py:161} INFO - Processing /home/airflow/.local/lib/python3.7/site-packages/airflow/example_dags/tutorial_taskflow_api_etl.py took 0.099 seconds
[2023-09-05 13:03:13,882] {processor.py:153} INFO - Started process (PID=313) to work on /home/airflow/.local/lib/python3.7/site-packages/airflow/example_dags/tutorial_taskflow_api_etl.py
[2023-09-05 13:03:13,883] {processor.py:641} INFO - Processing file /home/airflow/.local/lib/python3.7/site-packages/airflow/example_dags/tutorial_taskflow_api_etl.py for tasks to queue
[2023-09-05 13:03:13,883] {logging_mixin.py:115} INFO - [2023-09-05 13:03:13,883] {dagbag.py:508} INFO - Filling up the DagBag from /home/airflow/.local/lib/python3.7/site-packages/airflow/example_dags/tutorial_taskflow_api_etl.py
[2023-09-05 13:03:13,899] {processor.py:651} INFO - DAG(s) dict_keys(['tutorial_taskflow_api_etl']) retrieved from /home/airflow/.local/lib/python3.7/site-packages/airflow/example_dags/tutorial_taskflow_api_etl.py
[2023-09-05 13:03:13,954] {logging_mixin.py:115} INFO - [2023-09-05 13:03:13,954] {dag.py:2420} INFO - Sync 1 DAGs
[2023-09-05 13:03:13,971] {logging_mixin.py:115} INFO - [2023-09-05 13:03:13,971] {dag.py:2972} INFO - Setting next_dagrun for tutorial_taskflow_api_etl to None, run_after=None
[2023-09-05 13:03:13,985] {processor.py:161} INFO - Processing /home/airflow/.local/lib/python3.7/site-packages/airflow/example_dags/tutorial_taskflow_api_etl.py took 0.107 seconds
[2023-09-05 13:03:44,514] {processor.py:153} INFO - Started process (PID=374) to work on /home/airflow/.local/lib/python3.7/site-packages/airflow/example_dags/tutorial_taskflow_api_etl.py
[2023-09-05 13:03:44,515] {processor.py:641} INFO - Processing file /home/airflow/.local/lib/python3.7/site-packages/airflow/example_dags/tutorial_taskflow_api_etl.py for tasks to queue
[2023-09-05 13:03:44,516] {logging_mixin.py:115} INFO - [2023-09-05 13:03:44,515] {dagbag.py:508} INFO - Filling up the DagBag from /home/airflow/.local/lib/python3.7/site-packages/airflow/example_dags/tutorial_taskflow_api_etl.py
[2023-09-05 13:03:44,531] {processor.py:651} INFO - DAG(s) dict_keys(['tutorial_taskflow_api_etl']) retrieved from /home/airflow/.local/lib/python3.7/site-packages/airflow/example_dags/tutorial_taskflow_api_etl.py
[2023-09-05 13:03:44,606] {logging_mixin.py:115} INFO - [2023-09-05 13:03:44,606] {dag.py:2420} INFO - Sync 1 DAGs
[2023-09-05 13:03:44,624] {logging_mixin.py:115} INFO - [2023-09-05 13:03:44,624] {dag.py:2972} INFO - Setting next_dagrun for tutorial_taskflow_api_etl to None, run_after=None
[2023-09-05 13:03:44,637] {processor.py:161} INFO - Processing /home/airflow/.local/lib/python3.7/site-packages/airflow/example_dags/tutorial_taskflow_api_etl.py took 0.125 seconds
[2023-09-05 13:04:15,555] {processor.py:153} INFO - Started process (PID=426) to work on /home/airflow/.local/lib/python3.7/site-packages/airflow/example_dags/tutorial_taskflow_api_etl.py
[2023-09-05 13:04:15,556] {processor.py:641} INFO - Processing file /home/airflow/.local/lib/python3.7/site-packages/airflow/example_dags/tutorial_taskflow_api_etl.py for tasks to queue
[2023-09-05 13:04:15,557] {logging_mixin.py:115} INFO - [2023-09-05 13:04:15,557] {dagbag.py:508} INFO - Filling up the DagBag from /home/airflow/.local/lib/python3.7/site-packages/airflow/example_dags/tutorial_taskflow_api_etl.py
[2023-09-05 13:04:15,578] {processor.py:651} INFO - DAG(s) dict_keys(['tutorial_taskflow_api_etl']) retrieved from /home/airflow/.local/lib/python3.7/site-packages/airflow/example_dags/tutorial_taskflow_api_etl.py
[2023-09-05 13:04:15,646] {logging_mixin.py:115} INFO - [2023-09-05 13:04:15,646] {dag.py:2420} INFO - Sync 1 DAGs
[2023-09-05 13:04:15,663] {logging_mixin.py:115} INFO - [2023-09-05 13:04:15,663] {dag.py:2972} INFO - Setting next_dagrun for tutorial_taskflow_api_etl to None, run_after=None
[2023-09-05 13:04:15,677] {processor.py:161} INFO - Processing /home/airflow/.local/lib/python3.7/site-packages/airflow/example_dags/tutorial_taskflow_api_etl.py took 0.126 seconds
[2023-09-05 13:04:46,247] {processor.py:153} INFO - Started process (PID=486) to work on /home/airflow/.local/lib/python3.7/site-packages/airflow/example_dags/tutorial_taskflow_api_etl.py
[2023-09-05 13:04:46,248] {processor.py:641} INFO - Processing file /home/airflow/.local/lib/python3.7/site-packages/airflow/example_dags/tutorial_taskflow_api_etl.py for tasks to queue
[2023-09-05 13:04:46,248] {logging_mixin.py:115} INFO - [2023-09-05 13:04:46,248] {dagbag.py:508} INFO - Filling up the DagBag from /home/airflow/.local/lib/python3.7/site-packages/airflow/example_dags/tutorial_taskflow_api_etl.py
[2023-09-05 13:04:46,261] {processor.py:651} INFO - DAG(s) dict_keys(['tutorial_taskflow_api_etl']) retrieved from /home/airflow/.local/lib/python3.7/site-packages/airflow/example_dags/tutorial_taskflow_api_etl.py
[2023-09-05 13:04:46,315] {logging_mixin.py:115} INFO - [2023-09-05 13:04:46,315] {dag.py:2420} INFO - Sync 1 DAGs
[2023-09-05 13:04:46,334] {logging_mixin.py:115} INFO - [2023-09-05 13:04:46,334] {dag.py:2972} INFO - Setting next_dagrun for tutorial_taskflow_api_etl to None, run_after=None
[2023-09-05 13:04:46,349] {processor.py:161} INFO - Processing /home/airflow/.local/lib/python3.7/site-packages/airflow/example_dags/tutorial_taskflow_api_etl.py took 0.104 seconds
[2023-09-05 13:05:17,124] {processor.py:153} INFO - Started process (PID=547) to work on /home/airflow/.local/lib/python3.7/site-packages/airflow/example_dags/tutorial_taskflow_api_etl.py
[2023-09-05 13:05:17,125] {processor.py:641} INFO - Processing file /home/airflow/.local/lib/python3.7/site-packages/airflow/example_dags/tutorial_taskflow_api_etl.py for tasks to queue
[2023-09-05 13:05:17,126] {logging_mixin.py:115} INFO - [2023-09-05 13:05:17,126] {dagbag.py:508} INFO - Filling up the DagBag from /home/airflow/.local/lib/python3.7/site-packages/airflow/example_dags/tutorial_taskflow_api_etl.py
[2023-09-05 13:05:17,157] {processor.py:651} INFO - DAG(s) dict_keys(['tutorial_taskflow_api_etl']) retrieved from /home/airflow/.local/lib/python3.7/site-packages/airflow/example_dags/tutorial_taskflow_api_etl.py
[2023-09-05 13:05:17,284] {logging_mixin.py:115} INFO - [2023-09-05 13:05:17,284] {dag.py:2420} INFO - Sync 1 DAGs
[2023-09-05 13:05:17,346] {logging_mixin.py:115} INFO - [2023-09-05 13:05:17,345] {dag.py:2972} INFO - Setting next_dagrun for tutorial_taskflow_api_etl to None, run_after=None
[2023-09-05 13:05:17,372] {processor.py:161} INFO - Processing /home/airflow/.local/lib/python3.7/site-packages/airflow/example_dags/tutorial_taskflow_api_etl.py took 0.253 seconds
[2023-09-05 13:05:48,181] {processor.py:153} INFO - Started process (PID=599) to work on /home/airflow/.local/lib/python3.7/site-packages/airflow/example_dags/tutorial_taskflow_api_etl.py
[2023-09-05 13:05:48,182] {processor.py:641} INFO - Processing file /home/airflow/.local/lib/python3.7/site-packages/airflow/example_dags/tutorial_taskflow_api_etl.py for tasks to queue
[2023-09-05 13:05:48,183] {logging_mixin.py:115} INFO - [2023-09-05 13:05:48,183] {dagbag.py:508} INFO - Filling up the DagBag from /home/airflow/.local/lib/python3.7/site-packages/airflow/example_dags/tutorial_taskflow_api_etl.py
[2023-09-05 13:05:48,197] {processor.py:651} INFO - DAG(s) dict_keys(['tutorial_taskflow_api_etl']) retrieved from /home/airflow/.local/lib/python3.7/site-packages/airflow/example_dags/tutorial_taskflow_api_etl.py
[2023-09-05 13:05:48,264] {logging_mixin.py:115} INFO - [2023-09-05 13:05:48,264] {dag.py:2420} INFO - Sync 1 DAGs
[2023-09-05 13:05:48,289] {logging_mixin.py:115} INFO - [2023-09-05 13:05:48,289] {dag.py:2972} INFO - Setting next_dagrun for tutorial_taskflow_api_etl to None, run_after=None
[2023-09-05 13:05:48,301] {processor.py:161} INFO - Processing /home/airflow/.local/lib/python3.7/site-packages/airflow/example_dags/tutorial_taskflow_api_etl.py took 0.123 seconds
[2023-09-05 13:06:19,165] {processor.py:153} INFO - Started process (PID=660) to work on /home/airflow/.local/lib/python3.7/site-packages/airflow/example_dags/tutorial_taskflow_api_etl.py
[2023-09-05 13:06:19,166] {processor.py:641} INFO - Processing file /home/airflow/.local/lib/python3.7/site-packages/airflow/example_dags/tutorial_taskflow_api_etl.py for tasks to queue
[2023-09-05 13:06:19,166] {logging_mixin.py:115} INFO - [2023-09-05 13:06:19,166] {dagbag.py:508} INFO - Filling up the DagBag from /home/airflow/.local/lib/python3.7/site-packages/airflow/example_dags/tutorial_taskflow_api_etl.py
[2023-09-05 13:06:19,183] {processor.py:651} INFO - DAG(s) dict_keys(['tutorial_taskflow_api_etl']) retrieved from /home/airflow/.local/lib/python3.7/site-packages/airflow/example_dags/tutorial_taskflow_api_etl.py
[2023-09-05 13:06:19,242] {logging_mixin.py:115} INFO - [2023-09-05 13:06:19,242] {dag.py:2420} INFO - Sync 1 DAGs
[2023-09-05 13:06:19,260] {logging_mixin.py:115} INFO - [2023-09-05 13:06:19,260] {dag.py:2972} INFO - Setting next_dagrun for tutorial_taskflow_api_etl to None, run_after=None
[2023-09-05 13:06:19,274] {processor.py:161} INFO - Processing /home/airflow/.local/lib/python3.7/site-packages/airflow/example_dags/tutorial_taskflow_api_etl.py took 0.113 seconds
[2023-09-05 13:06:50,146] {processor.py:153} INFO - Started process (PID=721) to work on /home/airflow/.local/lib/python3.7/site-packages/airflow/example_dags/tutorial_taskflow_api_etl.py
[2023-09-05 13:06:50,147] {processor.py:641} INFO - Processing file /home/airflow/.local/lib/python3.7/site-packages/airflow/example_dags/tutorial_taskflow_api_etl.py for tasks to queue
[2023-09-05 13:06:50,148] {logging_mixin.py:115} INFO - [2023-09-05 13:06:50,147] {dagbag.py:508} INFO - Filling up the DagBag from /home/airflow/.local/lib/python3.7/site-packages/airflow/example_dags/tutorial_taskflow_api_etl.py
[2023-09-05 13:06:50,163] {processor.py:651} INFO - DAG(s) dict_keys(['tutorial_taskflow_api_etl']) retrieved from /home/airflow/.local/lib/python3.7/site-packages/airflow/example_dags/tutorial_taskflow_api_etl.py
[2023-09-05 13:06:50,190] {logging_mixin.py:115} INFO - [2023-09-05 13:06:50,190] {dag.py:2420} INFO - Sync 1 DAGs
[2023-09-05 13:06:50,211] {logging_mixin.py:115} INFO - [2023-09-05 13:06:50,211] {dag.py:2972} INFO - Setting next_dagrun for tutorial_taskflow_api_etl to None, run_after=None
[2023-09-05 13:06:50,226] {processor.py:161} INFO - Processing /home/airflow/.local/lib/python3.7/site-packages/airflow/example_dags/tutorial_taskflow_api_etl.py took 0.083 seconds
[2023-09-05 13:07:20,707] {processor.py:153} INFO - Started process (PID=773) to work on /home/airflow/.local/lib/python3.7/site-packages/airflow/example_dags/tutorial_taskflow_api_etl.py
[2023-09-05 13:07:20,709] {processor.py:641} INFO - Processing file /home/airflow/.local/lib/python3.7/site-packages/airflow/example_dags/tutorial_taskflow_api_etl.py for tasks to queue
[2023-09-05 13:07:20,709] {logging_mixin.py:115} INFO - [2023-09-05 13:07:20,709] {dagbag.py:508} INFO - Filling up the DagBag from /home/airflow/.local/lib/python3.7/site-packages/airflow/example_dags/tutorial_taskflow_api_etl.py
[2023-09-05 13:07:20,768] {processor.py:651} INFO - DAG(s) dict_keys(['tutorial_taskflow_api_etl']) retrieved from /home/airflow/.local/lib/python3.7/site-packages/airflow/example_dags/tutorial_taskflow_api_etl.py
[2023-09-05 13:07:20,826] {logging_mixin.py:115} INFO - [2023-09-05 13:07:20,825] {dag.py:2420} INFO - Sync 1 DAGs
[2023-09-05 13:07:20,882] {logging_mixin.py:115} INFO - [2023-09-05 13:07:20,882] {dag.py:2972} INFO - Setting next_dagrun for tutorial_taskflow_api_etl to None, run_after=None
[2023-09-05 13:07:20,908] {processor.py:161} INFO - Processing /home/airflow/.local/lib/python3.7/site-packages/airflow/example_dags/tutorial_taskflow_api_etl.py took 0.217 seconds
[2023-09-05 13:07:51,734] {processor.py:153} INFO - Started process (PID=834) to work on /home/airflow/.local/lib/python3.7/site-packages/airflow/example_dags/tutorial_taskflow_api_etl.py
[2023-09-05 13:07:51,735] {processor.py:641} INFO - Processing file /home/airflow/.local/lib/python3.7/site-packages/airflow/example_dags/tutorial_taskflow_api_etl.py for tasks to queue
[2023-09-05 13:07:51,736] {logging_mixin.py:115} INFO - [2023-09-05 13:07:51,735] {dagbag.py:508} INFO - Filling up the DagBag from /home/airflow/.local/lib/python3.7/site-packages/airflow/example_dags/tutorial_taskflow_api_etl.py
[2023-09-05 13:07:51,760] {processor.py:651} INFO - DAG(s) dict_keys(['tutorial_taskflow_api_etl']) retrieved from /home/airflow/.local/lib/python3.7/site-packages/airflow/example_dags/tutorial_taskflow_api_etl.py
[2023-09-05 13:07:51,790] {logging_mixin.py:115} INFO - [2023-09-05 13:07:51,790] {dag.py:2420} INFO - Sync 1 DAGs
[2023-09-05 13:07:51,816] {logging_mixin.py:115} INFO - [2023-09-05 13:07:51,816] {dag.py:2972} INFO - Setting next_dagrun for tutorial_taskflow_api_etl to None, run_after=None
[2023-09-05 13:07:51,834] {processor.py:161} INFO - Processing /home/airflow/.local/lib/python3.7/site-packages/airflow/example_dags/tutorial_taskflow_api_etl.py took 0.105 seconds
[2023-09-05 13:08:22,383] {processor.py:153} INFO - Started process (PID=895) to work on /home/airflow/.local/lib/python3.7/site-packages/airflow/example_dags/tutorial_taskflow_api_etl.py
[2023-09-05 13:08:22,384] {processor.py:641} INFO - Processing file /home/airflow/.local/lib/python3.7/site-packages/airflow/example_dags/tutorial_taskflow_api_etl.py for tasks to queue
[2023-09-05 13:08:22,385] {logging_mixin.py:115} INFO - [2023-09-05 13:08:22,385] {dagbag.py:508} INFO - Filling up the DagBag from /home/airflow/.local/lib/python3.7/site-packages/airflow/example_dags/tutorial_taskflow_api_etl.py
[2023-09-05 13:08:22,419] {processor.py:651} INFO - DAG(s) dict_keys(['tutorial_taskflow_api_etl']) retrieved from /home/airflow/.local/lib/python3.7/site-packages/airflow/example_dags/tutorial_taskflow_api_etl.py
[2023-09-05 13:08:22,461] {logging_mixin.py:115} INFO - [2023-09-05 13:08:22,461] {dag.py:2420} INFO - Sync 1 DAGs
[2023-09-05 13:08:22,497] {logging_mixin.py:115} INFO - [2023-09-05 13:08:22,497] {dag.py:2972} INFO - Setting next_dagrun for tutorial_taskflow_api_etl to None, run_after=None
[2023-09-05 13:08:22,518] {processor.py:161} INFO - Processing /home/airflow/.local/lib/python3.7/site-packages/airflow/example_dags/tutorial_taskflow_api_etl.py took 0.139 seconds
[2023-09-05 13:08:53,228] {processor.py:153} INFO - Started process (PID=947) to work on /home/airflow/.local/lib/python3.7/site-packages/airflow/example_dags/tutorial_taskflow_api_etl.py
[2023-09-05 13:08:53,230] {processor.py:641} INFO - Processing file /home/airflow/.local/lib/python3.7/site-packages/airflow/example_dags/tutorial_taskflow_api_etl.py for tasks to queue
[2023-09-05 13:08:53,232] {logging_mixin.py:115} INFO - [2023-09-05 13:08:53,232] {dagbag.py:508} INFO - Filling up the DagBag from /home/airflow/.local/lib/python3.7/site-packages/airflow/example_dags/tutorial_taskflow_api_etl.py
[2023-09-05 13:08:53,308] {processor.py:651} INFO - DAG(s) dict_keys(['tutorial_taskflow_api_etl']) retrieved from /home/airflow/.local/lib/python3.7/site-packages/airflow/example_dags/tutorial_taskflow_api_etl.py
[2023-09-05 13:08:53,396] {logging_mixin.py:115} INFO - [2023-09-05 13:08:53,395] {dag.py:2420} INFO - Sync 1 DAGs
[2023-09-05 13:08:53,472] {logging_mixin.py:115} INFO - [2023-09-05 13:08:53,472] {dag.py:2972} INFO - Setting next_dagrun for tutorial_taskflow_api_etl to None, run_after=None
[2023-09-05 13:08:53,503] {processor.py:161} INFO - Processing /home/airflow/.local/lib/python3.7/site-packages/airflow/example_dags/tutorial_taskflow_api_etl.py took 0.304 seconds
