[2023-09-05 13:01:09,462] {processor.py:153} INFO - Started process (PID=66) to work on /home/airflow/.local/lib/python3.7/site-packages/airflow/example_dags/tutorial.py
[2023-09-05 13:01:09,466] {processor.py:641} INFO - Processing file /home/airflow/.local/lib/python3.7/site-packages/airflow/example_dags/tutorial.py for tasks to queue
[2023-09-05 13:01:09,467] {logging_mixin.py:115} INFO - [2023-09-05 13:01:09,467] {dagbag.py:508} INFO - Filling up the DagBag from /home/airflow/.local/lib/python3.7/site-packages/airflow/example_dags/tutorial.py
[2023-09-05 13:01:09,481] {processor.py:651} INFO - DAG(s) dict_keys(['tutorial']) retrieved from /home/airflow/.local/lib/python3.7/site-packages/airflow/example_dags/tutorial.py
[2023-09-05 13:01:09,711] {logging_mixin.py:115} INFO - [2023-09-05 13:01:09,710] {manager.py:508} INFO - Created Permission View: can read on DAG:tutorial
[2023-09-05 13:01:09,727] {logging_mixin.py:115} INFO - [2023-09-05 13:01:09,727] {manager.py:508} INFO - Created Permission View: can delete on DAG:tutorial
[2023-09-05 13:01:09,742] {logging_mixin.py:115} INFO - [2023-09-05 13:01:09,742] {manager.py:508} INFO - Created Permission View: can edit on DAG:tutorial
[2023-09-05 13:01:09,742] {logging_mixin.py:115} INFO - [2023-09-05 13:01:09,742] {dag.py:2420} INFO - Sync 1 DAGs
[2023-09-05 13:01:09,766] {logging_mixin.py:115} INFO - [2023-09-05 13:01:09,766] {dag.py:2439} INFO - Creating ORM DAG for tutorial
[2023-09-05 13:01:09,788] {logging_mixin.py:115} INFO - [2023-09-05 13:01:09,788] {dag.py:2972} INFO - Setting next_dagrun for tutorial to 2023-09-04T13:01:09.787697+00:00, run_after=2023-09-05T13:01:09.787697+00:00
[2023-09-05 13:01:09,813] {processor.py:161} INFO - Processing /home/airflow/.local/lib/python3.7/site-packages/airflow/example_dags/tutorial.py took 0.356 seconds
[2023-09-05 13:01:40,495] {processor.py:153} INFO - Started process (PID=128) to work on /home/airflow/.local/lib/python3.7/site-packages/airflow/example_dags/tutorial.py
[2023-09-05 13:01:40,496] {processor.py:641} INFO - Processing file /home/airflow/.local/lib/python3.7/site-packages/airflow/example_dags/tutorial.py for tasks to queue
[2023-09-05 13:01:40,497] {logging_mixin.py:115} INFO - [2023-09-05 13:01:40,497] {dagbag.py:508} INFO - Filling up the DagBag from /home/airflow/.local/lib/python3.7/site-packages/airflow/example_dags/tutorial.py
[2023-09-05 13:01:40,502] {processor.py:651} INFO - DAG(s) dict_keys(['tutorial']) retrieved from /home/airflow/.local/lib/python3.7/site-packages/airflow/example_dags/tutorial.py
[2023-09-05 13:01:40,527] {logging_mixin.py:115} INFO - [2023-09-05 13:01:40,527] {dag.py:2420} INFO - Sync 1 DAGs
[2023-09-05 13:01:40,545] {logging_mixin.py:115} INFO - [2023-09-05 13:01:40,545] {dag.py:2972} INFO - Setting next_dagrun for tutorial to 2023-09-04T13:01:40.545288+00:00, run_after=2023-09-05T13:01:40.545288+00:00
[2023-09-05 13:01:40,560] {processor.py:161} INFO - Processing /home/airflow/.local/lib/python3.7/site-packages/airflow/example_dags/tutorial.py took 0.067 seconds
[2023-09-05 13:02:11,189] {processor.py:153} INFO - Started process (PID=180) to work on /home/airflow/.local/lib/python3.7/site-packages/airflow/example_dags/tutorial.py
[2023-09-05 13:02:11,190] {processor.py:641} INFO - Processing file /home/airflow/.local/lib/python3.7/site-packages/airflow/example_dags/tutorial.py for tasks to queue
[2023-09-05 13:02:11,191] {logging_mixin.py:115} INFO - [2023-09-05 13:02:11,191] {dagbag.py:508} INFO - Filling up the DagBag from /home/airflow/.local/lib/python3.7/site-packages/airflow/example_dags/tutorial.py
[2023-09-05 13:02:11,195] {processor.py:651} INFO - DAG(s) dict_keys(['tutorial']) retrieved from /home/airflow/.local/lib/python3.7/site-packages/airflow/example_dags/tutorial.py
[2023-09-05 13:02:11,218] {logging_mixin.py:115} INFO - [2023-09-05 13:02:11,218] {dag.py:2420} INFO - Sync 1 DAGs
[2023-09-05 13:02:11,238] {logging_mixin.py:115} INFO - [2023-09-05 13:02:11,238] {dag.py:2972} INFO - Setting next_dagrun for tutorial to 2023-09-04T13:02:11.237752+00:00, run_after=2023-09-05T13:02:11.237752+00:00
[2023-09-05 13:02:11,250] {processor.py:161} INFO - Processing /home/airflow/.local/lib/python3.7/site-packages/airflow/example_dags/tutorial.py took 0.064 seconds
[2023-09-05 13:02:41,647] {processor.py:153} INFO - Started process (PID=241) to work on /home/airflow/.local/lib/python3.7/site-packages/airflow/example_dags/tutorial.py
[2023-09-05 13:02:41,648] {processor.py:641} INFO - Processing file /home/airflow/.local/lib/python3.7/site-packages/airflow/example_dags/tutorial.py for tasks to queue
[2023-09-05 13:02:41,648] {logging_mixin.py:115} INFO - [2023-09-05 13:02:41,648] {dagbag.py:508} INFO - Filling up the DagBag from /home/airflow/.local/lib/python3.7/site-packages/airflow/example_dags/tutorial.py
[2023-09-05 13:02:41,653] {processor.py:651} INFO - DAG(s) dict_keys(['tutorial']) retrieved from /home/airflow/.local/lib/python3.7/site-packages/airflow/example_dags/tutorial.py
[2023-09-05 13:02:41,677] {logging_mixin.py:115} INFO - [2023-09-05 13:02:41,677] {dag.py:2420} INFO - Sync 1 DAGs
[2023-09-05 13:02:41,694] {logging_mixin.py:115} INFO - [2023-09-05 13:02:41,694] {dag.py:2972} INFO - Setting next_dagrun for tutorial to 2023-09-04T13:02:41.694335+00:00, run_after=2023-09-05T13:02:41.694335+00:00
[2023-09-05 13:02:41,706] {processor.py:161} INFO - Processing /home/airflow/.local/lib/python3.7/site-packages/airflow/example_dags/tutorial.py took 0.062 seconds
[2023-09-05 13:03:12,353] {processor.py:153} INFO - Started process (PID=302) to work on /home/airflow/.local/lib/python3.7/site-packages/airflow/example_dags/tutorial.py
[2023-09-05 13:03:12,354] {processor.py:641} INFO - Processing file /home/airflow/.local/lib/python3.7/site-packages/airflow/example_dags/tutorial.py for tasks to queue
[2023-09-05 13:03:12,354] {logging_mixin.py:115} INFO - [2023-09-05 13:03:12,354] {dagbag.py:508} INFO - Filling up the DagBag from /home/airflow/.local/lib/python3.7/site-packages/airflow/example_dags/tutorial.py
[2023-09-05 13:03:12,359] {processor.py:651} INFO - DAG(s) dict_keys(['tutorial']) retrieved from /home/airflow/.local/lib/python3.7/site-packages/airflow/example_dags/tutorial.py
[2023-09-05 13:03:12,384] {logging_mixin.py:115} INFO - [2023-09-05 13:03:12,384] {dag.py:2420} INFO - Sync 1 DAGs
[2023-09-05 13:03:12,405] {logging_mixin.py:115} INFO - [2023-09-05 13:03:12,405] {dag.py:2972} INFO - Setting next_dagrun for tutorial to 2023-09-04T13:03:12.405151+00:00, run_after=2023-09-05T13:03:12.405151+00:00
[2023-09-05 13:03:12,419] {processor.py:161} INFO - Processing /home/airflow/.local/lib/python3.7/site-packages/airflow/example_dags/tutorial.py took 0.069 seconds
[2023-09-05 13:03:42,973] {processor.py:153} INFO - Started process (PID=360) to work on /home/airflow/.local/lib/python3.7/site-packages/airflow/example_dags/tutorial.py
[2023-09-05 13:03:42,974] {processor.py:641} INFO - Processing file /home/airflow/.local/lib/python3.7/site-packages/airflow/example_dags/tutorial.py for tasks to queue
[2023-09-05 13:03:42,974] {logging_mixin.py:115} INFO - [2023-09-05 13:03:42,974] {dagbag.py:508} INFO - Filling up the DagBag from /home/airflow/.local/lib/python3.7/site-packages/airflow/example_dags/tutorial.py
[2023-09-05 13:03:42,978] {processor.py:651} INFO - DAG(s) dict_keys(['tutorial']) retrieved from /home/airflow/.local/lib/python3.7/site-packages/airflow/example_dags/tutorial.py
[2023-09-05 13:03:43,002] {logging_mixin.py:115} INFO - [2023-09-05 13:03:43,001] {dag.py:2420} INFO - Sync 1 DAGs
[2023-09-05 13:03:43,022] {logging_mixin.py:115} INFO - [2023-09-05 13:03:43,022] {dag.py:2972} INFO - Setting next_dagrun for tutorial to 2023-09-04T13:03:43.022329+00:00, run_after=2023-09-05T13:03:43.022329+00:00
[2023-09-05 13:03:43,034] {processor.py:161} INFO - Processing /home/airflow/.local/lib/python3.7/site-packages/airflow/example_dags/tutorial.py took 0.064 seconds
[2023-09-05 13:04:13,944] {processor.py:153} INFO - Started process (PID=415) to work on /home/airflow/.local/lib/python3.7/site-packages/airflow/example_dags/tutorial.py
[2023-09-05 13:04:13,945] {processor.py:641} INFO - Processing file /home/airflow/.local/lib/python3.7/site-packages/airflow/example_dags/tutorial.py for tasks to queue
[2023-09-05 13:04:13,945] {logging_mixin.py:115} INFO - [2023-09-05 13:04:13,945] {dagbag.py:508} INFO - Filling up the DagBag from /home/airflow/.local/lib/python3.7/site-packages/airflow/example_dags/tutorial.py
[2023-09-05 13:04:13,949] {processor.py:651} INFO - DAG(s) dict_keys(['tutorial']) retrieved from /home/airflow/.local/lib/python3.7/site-packages/airflow/example_dags/tutorial.py
[2023-09-05 13:04:13,976] {logging_mixin.py:115} INFO - [2023-09-05 13:04:13,976] {dag.py:2420} INFO - Sync 1 DAGs
[2023-09-05 13:04:13,996] {logging_mixin.py:115} INFO - [2023-09-05 13:04:13,996] {dag.py:2972} INFO - Setting next_dagrun for tutorial to 2023-09-04T13:04:13.996638+00:00, run_after=2023-09-05T13:04:13.996638+00:00
[2023-09-05 13:04:14,009] {processor.py:161} INFO - Processing /home/airflow/.local/lib/python3.7/site-packages/airflow/example_dags/tutorial.py took 0.068 seconds
[2023-09-05 13:04:44,686] {processor.py:153} INFO - Started process (PID=475) to work on /home/airflow/.local/lib/python3.7/site-packages/airflow/example_dags/tutorial.py
[2023-09-05 13:04:44,686] {processor.py:641} INFO - Processing file /home/airflow/.local/lib/python3.7/site-packages/airflow/example_dags/tutorial.py for tasks to queue
[2023-09-05 13:04:44,686] {logging_mixin.py:115} INFO - [2023-09-05 13:04:44,686] {dagbag.py:508} INFO - Filling up the DagBag from /home/airflow/.local/lib/python3.7/site-packages/airflow/example_dags/tutorial.py
[2023-09-05 13:04:44,690] {processor.py:651} INFO - DAG(s) dict_keys(['tutorial']) retrieved from /home/airflow/.local/lib/python3.7/site-packages/airflow/example_dags/tutorial.py
[2023-09-05 13:04:44,714] {logging_mixin.py:115} INFO - [2023-09-05 13:04:44,714] {dag.py:2420} INFO - Sync 1 DAGs
[2023-09-05 13:04:44,732] {logging_mixin.py:115} INFO - [2023-09-05 13:04:44,732] {dag.py:2972} INFO - Setting next_dagrun for tutorial to 2023-09-04T13:04:44.732264+00:00, run_after=2023-09-05T13:04:44.732264+00:00
[2023-09-05 13:04:44,745] {processor.py:161} INFO - Processing /home/airflow/.local/lib/python3.7/site-packages/airflow/example_dags/tutorial.py took 0.062 seconds
[2023-09-05 13:05:14,879] {processor.py:153} INFO - Started process (PID=535) to work on /home/airflow/.local/lib/python3.7/site-packages/airflow/example_dags/tutorial.py
[2023-09-05 13:05:14,880] {processor.py:641} INFO - Processing file /home/airflow/.local/lib/python3.7/site-packages/airflow/example_dags/tutorial.py for tasks to queue
[2023-09-05 13:05:14,881] {logging_mixin.py:115} INFO - [2023-09-05 13:05:14,881] {dagbag.py:508} INFO - Filling up the DagBag from /home/airflow/.local/lib/python3.7/site-packages/airflow/example_dags/tutorial.py
[2023-09-05 13:05:14,890] {processor.py:651} INFO - DAG(s) dict_keys(['tutorial']) retrieved from /home/airflow/.local/lib/python3.7/site-packages/airflow/example_dags/tutorial.py
[2023-09-05 13:05:14,946] {logging_mixin.py:115} INFO - [2023-09-05 13:05:14,946] {dag.py:2420} INFO - Sync 1 DAGs
[2023-09-05 13:05:15,007] {logging_mixin.py:115} INFO - [2023-09-05 13:05:15,007] {dag.py:2972} INFO - Setting next_dagrun for tutorial to 2023-09-04T13:05:15.006586+00:00, run_after=2023-09-05T13:05:15.006586+00:00
[2023-09-05 13:05:15,045] {processor.py:161} INFO - Processing /home/airflow/.local/lib/python3.7/site-packages/airflow/example_dags/tutorial.py took 0.171 seconds
[2023-09-05 13:05:45,607] {processor.py:153} INFO - Started process (PID=588) to work on /home/airflow/.local/lib/python3.7/site-packages/airflow/example_dags/tutorial.py
[2023-09-05 13:05:45,608] {processor.py:641} INFO - Processing file /home/airflow/.local/lib/python3.7/site-packages/airflow/example_dags/tutorial.py for tasks to queue
[2023-09-05 13:05:45,609] {logging_mixin.py:115} INFO - [2023-09-05 13:05:45,609] {dagbag.py:508} INFO - Filling up the DagBag from /home/airflow/.local/lib/python3.7/site-packages/airflow/example_dags/tutorial.py
[2023-09-05 13:05:45,614] {processor.py:651} INFO - DAG(s) dict_keys(['tutorial']) retrieved from /home/airflow/.local/lib/python3.7/site-packages/airflow/example_dags/tutorial.py
[2023-09-05 13:05:45,640] {logging_mixin.py:115} INFO - [2023-09-05 13:05:45,640] {dag.py:2420} INFO - Sync 1 DAGs
[2023-09-05 13:05:45,666] {logging_mixin.py:115} INFO - [2023-09-05 13:05:45,666] {dag.py:2972} INFO - Setting next_dagrun for tutorial to 2023-09-04T13:05:45.666306+00:00, run_after=2023-09-05T13:05:45.666306+00:00
[2023-09-05 13:05:45,683] {processor.py:161} INFO - Processing /home/airflow/.local/lib/python3.7/site-packages/airflow/example_dags/tutorial.py took 0.078 seconds
[2023-09-05 13:06:16,618] {processor.py:153} INFO - Started process (PID=649) to work on /home/airflow/.local/lib/python3.7/site-packages/airflow/example_dags/tutorial.py
[2023-09-05 13:06:16,619] {processor.py:641} INFO - Processing file /home/airflow/.local/lib/python3.7/site-packages/airflow/example_dags/tutorial.py for tasks to queue
[2023-09-05 13:06:16,620] {logging_mixin.py:115} INFO - [2023-09-05 13:06:16,620] {dagbag.py:508} INFO - Filling up the DagBag from /home/airflow/.local/lib/python3.7/site-packages/airflow/example_dags/tutorial.py
[2023-09-05 13:06:16,625] {processor.py:651} INFO - DAG(s) dict_keys(['tutorial']) retrieved from /home/airflow/.local/lib/python3.7/site-packages/airflow/example_dags/tutorial.py
[2023-09-05 13:06:16,652] {logging_mixin.py:115} INFO - [2023-09-05 13:06:16,652] {dag.py:2420} INFO - Sync 1 DAGs
[2023-09-05 13:06:16,673] {logging_mixin.py:115} INFO - [2023-09-05 13:06:16,673] {dag.py:2972} INFO - Setting next_dagrun for tutorial to 2023-09-04T13:06:16.673433+00:00, run_after=2023-09-05T13:06:16.673433+00:00
[2023-09-05 13:06:16,687] {processor.py:161} INFO - Processing /home/airflow/.local/lib/python3.7/site-packages/airflow/example_dags/tutorial.py took 0.072 seconds
[2023-09-05 13:06:47,673] {processor.py:153} INFO - Started process (PID=710) to work on /home/airflow/.local/lib/python3.7/site-packages/airflow/example_dags/tutorial.py
[2023-09-05 13:06:47,674] {processor.py:641} INFO - Processing file /home/airflow/.local/lib/python3.7/site-packages/airflow/example_dags/tutorial.py for tasks to queue
[2023-09-05 13:06:47,675] {logging_mixin.py:115} INFO - [2023-09-05 13:06:47,675] {dagbag.py:508} INFO - Filling up the DagBag from /home/airflow/.local/lib/python3.7/site-packages/airflow/example_dags/tutorial.py
[2023-09-05 13:06:47,680] {processor.py:651} INFO - DAG(s) dict_keys(['tutorial']) retrieved from /home/airflow/.local/lib/python3.7/site-packages/airflow/example_dags/tutorial.py
[2023-09-05 13:06:47,710] {logging_mixin.py:115} INFO - [2023-09-05 13:06:47,710] {dag.py:2420} INFO - Sync 1 DAGs
[2023-09-05 13:06:47,731] {logging_mixin.py:115} INFO - [2023-09-05 13:06:47,731] {dag.py:2972} INFO - Setting next_dagrun for tutorial to 2023-09-04T13:06:47.731169+00:00, run_after=2023-09-05T13:06:47.731169+00:00
[2023-09-05 13:06:47,744] {processor.py:161} INFO - Processing /home/airflow/.local/lib/python3.7/site-packages/airflow/example_dags/tutorial.py took 0.074 seconds
[2023-09-05 13:07:18,850] {processor.py:153} INFO - Started process (PID=762) to work on /home/airflow/.local/lib/python3.7/site-packages/airflow/example_dags/tutorial.py
[2023-09-05 13:07:18,851] {processor.py:641} INFO - Processing file /home/airflow/.local/lib/python3.7/site-packages/airflow/example_dags/tutorial.py for tasks to queue
[2023-09-05 13:07:18,852] {logging_mixin.py:115} INFO - [2023-09-05 13:07:18,852] {dagbag.py:508} INFO - Filling up the DagBag from /home/airflow/.local/lib/python3.7/site-packages/airflow/example_dags/tutorial.py
[2023-09-05 13:07:18,858] {processor.py:651} INFO - DAG(s) dict_keys(['tutorial']) retrieved from /home/airflow/.local/lib/python3.7/site-packages/airflow/example_dags/tutorial.py
[2023-09-05 13:07:18,891] {logging_mixin.py:115} INFO - [2023-09-05 13:07:18,891] {dag.py:2420} INFO - Sync 1 DAGs
[2023-09-05 13:07:18,920] {logging_mixin.py:115} INFO - [2023-09-05 13:07:18,920] {dag.py:2972} INFO - Setting next_dagrun for tutorial to 2023-09-04T13:07:18.920240+00:00, run_after=2023-09-05T13:07:18.920240+00:00
[2023-09-05 13:07:18,934] {processor.py:161} INFO - Processing /home/airflow/.local/lib/python3.7/site-packages/airflow/example_dags/tutorial.py took 0.088 seconds
[2023-09-05 13:07:49,952] {processor.py:153} INFO - Started process (PID=823) to work on /home/airflow/.local/lib/python3.7/site-packages/airflow/example_dags/tutorial.py
[2023-09-05 13:07:49,952] {processor.py:641} INFO - Processing file /home/airflow/.local/lib/python3.7/site-packages/airflow/example_dags/tutorial.py for tasks to queue
[2023-09-05 13:07:49,953] {logging_mixin.py:115} INFO - [2023-09-05 13:07:49,953] {dagbag.py:508} INFO - Filling up the DagBag from /home/airflow/.local/lib/python3.7/site-packages/airflow/example_dags/tutorial.py
[2023-09-05 13:07:49,957] {processor.py:651} INFO - DAG(s) dict_keys(['tutorial']) retrieved from /home/airflow/.local/lib/python3.7/site-packages/airflow/example_dags/tutorial.py
[2023-09-05 13:07:49,988] {logging_mixin.py:115} INFO - [2023-09-05 13:07:49,988] {dag.py:2420} INFO - Sync 1 DAGs
[2023-09-05 13:07:50,010] {logging_mixin.py:115} INFO - [2023-09-05 13:07:50,010] {dag.py:2972} INFO - Setting next_dagrun for tutorial to 2023-09-04T13:07:50.010064+00:00, run_after=2023-09-05T13:07:50.010064+00:00
[2023-09-05 13:07:50,023] {processor.py:161} INFO - Processing /home/airflow/.local/lib/python3.7/site-packages/airflow/example_dags/tutorial.py took 0.075 seconds
[2023-09-05 13:08:20,465] {processor.py:153} INFO - Started process (PID=875) to work on /home/airflow/.local/lib/python3.7/site-packages/airflow/example_dags/tutorial.py
[2023-09-05 13:08:20,467] {processor.py:641} INFO - Processing file /home/airflow/.local/lib/python3.7/site-packages/airflow/example_dags/tutorial.py for tasks to queue
[2023-09-05 13:08:20,468] {logging_mixin.py:115} INFO - [2023-09-05 13:08:20,467] {dagbag.py:508} INFO - Filling up the DagBag from /home/airflow/.local/lib/python3.7/site-packages/airflow/example_dags/tutorial.py
[2023-09-05 13:08:20,475] {processor.py:651} INFO - DAG(s) dict_keys(['tutorial']) retrieved from /home/airflow/.local/lib/python3.7/site-packages/airflow/example_dags/tutorial.py
[2023-09-05 13:08:20,518] {logging_mixin.py:115} INFO - [2023-09-05 13:08:20,518] {dag.py:2420} INFO - Sync 1 DAGs
[2023-09-05 13:08:20,549] {logging_mixin.py:115} INFO - [2023-09-05 13:08:20,549] {dag.py:2972} INFO - Setting next_dagrun for tutorial to 2023-09-04T13:08:20.549172+00:00, run_after=2023-09-05T13:08:20.549172+00:00
[2023-09-05 13:08:20,572] {processor.py:161} INFO - Processing /home/airflow/.local/lib/python3.7/site-packages/airflow/example_dags/tutorial.py took 0.111 seconds
[2023-09-05 13:08:50,632] {processor.py:153} INFO - Started process (PID=935) to work on /home/airflow/.local/lib/python3.7/site-packages/airflow/example_dags/tutorial.py
[2023-09-05 13:08:50,634] {processor.py:641} INFO - Processing file /home/airflow/.local/lib/python3.7/site-packages/airflow/example_dags/tutorial.py for tasks to queue
[2023-09-05 13:08:50,635] {logging_mixin.py:115} INFO - [2023-09-05 13:08:50,634] {dagbag.py:508} INFO - Filling up the DagBag from /home/airflow/.local/lib/python3.7/site-packages/airflow/example_dags/tutorial.py
[2023-09-05 13:08:50,642] {processor.py:651} INFO - DAG(s) dict_keys(['tutorial']) retrieved from /home/airflow/.local/lib/python3.7/site-packages/airflow/example_dags/tutorial.py
[2023-09-05 13:08:50,677] {logging_mixin.py:115} INFO - [2023-09-05 13:08:50,677] {dag.py:2420} INFO - Sync 1 DAGs
[2023-09-05 13:08:50,703] {logging_mixin.py:115} INFO - [2023-09-05 13:08:50,703] {dag.py:2972} INFO - Setting next_dagrun for tutorial to 2023-09-04T13:08:50.703474+00:00, run_after=2023-09-05T13:08:50.703474+00:00
[2023-09-05 13:08:50,721] {processor.py:161} INFO - Processing /home/airflow/.local/lib/python3.7/site-packages/airflow/example_dags/tutorial.py took 0.093 seconds
