[2023-09-05 13:01:08,515] {processor.py:153} INFO - Started process (PID=60) to work on /home/airflow/.local/lib/python3.7/site-packages/airflow/example_dags/tutorial_etl_dag.py
[2023-09-05 13:01:08,516] {processor.py:641} INFO - Processing file /home/airflow/.local/lib/python3.7/site-packages/airflow/example_dags/tutorial_etl_dag.py for tasks to queue
[2023-09-05 13:01:08,517] {logging_mixin.py:115} INFO - [2023-09-05 13:01:08,517] {dagbag.py:508} INFO - Filling up the DagBag from /home/airflow/.local/lib/python3.7/site-packages/airflow/example_dags/tutorial_etl_dag.py
[2023-09-05 13:01:08,529] {processor.py:651} INFO - DAG(s) dict_keys(['tutorial_etl_dag']) retrieved from /home/airflow/.local/lib/python3.7/site-packages/airflow/example_dags/tutorial_etl_dag.py
[2023-09-05 13:01:08,660] {logging_mixin.py:115} INFO - [2023-09-05 13:01:08,660] {manager.py:508} INFO - Created Permission View: can read on DAG:tutorial_etl_dag
[2023-09-05 13:01:08,675] {logging_mixin.py:115} INFO - [2023-09-05 13:01:08,675] {manager.py:508} INFO - Created Permission View: can delete on DAG:tutorial_etl_dag
[2023-09-05 13:01:08,688] {logging_mixin.py:115} INFO - [2023-09-05 13:01:08,687] {manager.py:508} INFO - Created Permission View: can edit on DAG:tutorial_etl_dag
[2023-09-05 13:01:08,688] {logging_mixin.py:115} INFO - [2023-09-05 13:01:08,688] {dag.py:2420} INFO - Sync 1 DAGs
[2023-09-05 13:01:08,704] {logging_mixin.py:115} INFO - [2023-09-05 13:01:08,704] {dag.py:2439} INFO - Creating ORM DAG for tutorial_etl_dag
[2023-09-05 13:01:08,724] {logging_mixin.py:115} INFO - [2023-09-05 13:01:08,723] {dag.py:2972} INFO - Setting next_dagrun for tutorial_etl_dag to None, run_after=None
[2023-09-05 13:01:08,747] {processor.py:161} INFO - Processing /home/airflow/.local/lib/python3.7/site-packages/airflow/example_dags/tutorial_etl_dag.py took 0.236 seconds
[2023-09-05 13:01:39,204] {processor.py:153} INFO - Started process (PID=122) to work on /home/airflow/.local/lib/python3.7/site-packages/airflow/example_dags/tutorial_etl_dag.py
[2023-09-05 13:01:39,206] {processor.py:641} INFO - Processing file /home/airflow/.local/lib/python3.7/site-packages/airflow/example_dags/tutorial_etl_dag.py for tasks to queue
[2023-09-05 13:01:39,206] {logging_mixin.py:115} INFO - [2023-09-05 13:01:39,206] {dagbag.py:508} INFO - Filling up the DagBag from /home/airflow/.local/lib/python3.7/site-packages/airflow/example_dags/tutorial_etl_dag.py
[2023-09-05 13:01:39,216] {processor.py:651} INFO - DAG(s) dict_keys(['tutorial_etl_dag']) retrieved from /home/airflow/.local/lib/python3.7/site-packages/airflow/example_dags/tutorial_etl_dag.py
[2023-09-05 13:01:39,243] {logging_mixin.py:115} INFO - [2023-09-05 13:01:39,243] {dag.py:2420} INFO - Sync 1 DAGs
[2023-09-05 13:01:39,267] {logging_mixin.py:115} INFO - [2023-09-05 13:01:39,267] {dag.py:2972} INFO - Setting next_dagrun for tutorial_etl_dag to None, run_after=None
[2023-09-05 13:01:39,279] {processor.py:161} INFO - Processing /home/airflow/.local/lib/python3.7/site-packages/airflow/example_dags/tutorial_etl_dag.py took 0.080 seconds
[2023-09-05 13:02:09,931] {processor.py:153} INFO - Started process (PID=174) to work on /home/airflow/.local/lib/python3.7/site-packages/airflow/example_dags/tutorial_etl_dag.py
[2023-09-05 13:02:09,932] {processor.py:641} INFO - Processing file /home/airflow/.local/lib/python3.7/site-packages/airflow/example_dags/tutorial_etl_dag.py for tasks to queue
[2023-09-05 13:02:09,932] {logging_mixin.py:115} INFO - [2023-09-05 13:02:09,932] {dagbag.py:508} INFO - Filling up the DagBag from /home/airflow/.local/lib/python3.7/site-packages/airflow/example_dags/tutorial_etl_dag.py
[2023-09-05 13:02:09,938] {processor.py:651} INFO - DAG(s) dict_keys(['tutorial_etl_dag']) retrieved from /home/airflow/.local/lib/python3.7/site-packages/airflow/example_dags/tutorial_etl_dag.py
[2023-09-05 13:02:09,962] {logging_mixin.py:115} INFO - [2023-09-05 13:02:09,962] {dag.py:2420} INFO - Sync 1 DAGs
[2023-09-05 13:02:09,982] {logging_mixin.py:115} INFO - [2023-09-05 13:02:09,982] {dag.py:2972} INFO - Setting next_dagrun for tutorial_etl_dag to None, run_after=None
[2023-09-05 13:02:09,995] {processor.py:161} INFO - Processing /home/airflow/.local/lib/python3.7/site-packages/airflow/example_dags/tutorial_etl_dag.py took 0.067 seconds
[2023-09-05 13:02:40,417] {processor.py:153} INFO - Started process (PID=235) to work on /home/airflow/.local/lib/python3.7/site-packages/airflow/example_dags/tutorial_etl_dag.py
[2023-09-05 13:02:40,418] {processor.py:641} INFO - Processing file /home/airflow/.local/lib/python3.7/site-packages/airflow/example_dags/tutorial_etl_dag.py for tasks to queue
[2023-09-05 13:02:40,418] {logging_mixin.py:115} INFO - [2023-09-05 13:02:40,418] {dagbag.py:508} INFO - Filling up the DagBag from /home/airflow/.local/lib/python3.7/site-packages/airflow/example_dags/tutorial_etl_dag.py
[2023-09-05 13:02:40,424] {processor.py:651} INFO - DAG(s) dict_keys(['tutorial_etl_dag']) retrieved from /home/airflow/.local/lib/python3.7/site-packages/airflow/example_dags/tutorial_etl_dag.py
[2023-09-05 13:02:40,447] {logging_mixin.py:115} INFO - [2023-09-05 13:02:40,447] {dag.py:2420} INFO - Sync 1 DAGs
[2023-09-05 13:02:40,467] {logging_mixin.py:115} INFO - [2023-09-05 13:02:40,466] {dag.py:2972} INFO - Setting next_dagrun for tutorial_etl_dag to None, run_after=None
[2023-09-05 13:02:40,478] {processor.py:161} INFO - Processing /home/airflow/.local/lib/python3.7/site-packages/airflow/example_dags/tutorial_etl_dag.py took 0.064 seconds
[2023-09-05 13:03:11,113] {processor.py:153} INFO - Started process (PID=296) to work on /home/airflow/.local/lib/python3.7/site-packages/airflow/example_dags/tutorial_etl_dag.py
[2023-09-05 13:03:11,114] {processor.py:641} INFO - Processing file /home/airflow/.local/lib/python3.7/site-packages/airflow/example_dags/tutorial_etl_dag.py for tasks to queue
[2023-09-05 13:03:11,115] {logging_mixin.py:115} INFO - [2023-09-05 13:03:11,115] {dagbag.py:508} INFO - Filling up the DagBag from /home/airflow/.local/lib/python3.7/site-packages/airflow/example_dags/tutorial_etl_dag.py
[2023-09-05 13:03:11,120] {processor.py:651} INFO - DAG(s) dict_keys(['tutorial_etl_dag']) retrieved from /home/airflow/.local/lib/python3.7/site-packages/airflow/example_dags/tutorial_etl_dag.py
[2023-09-05 13:03:11,143] {logging_mixin.py:115} INFO - [2023-09-05 13:03:11,143] {dag.py:2420} INFO - Sync 1 DAGs
[2023-09-05 13:03:11,162] {logging_mixin.py:115} INFO - [2023-09-05 13:03:11,162] {dag.py:2972} INFO - Setting next_dagrun for tutorial_etl_dag to None, run_after=None
[2023-09-05 13:03:11,175] {processor.py:161} INFO - Processing /home/airflow/.local/lib/python3.7/site-packages/airflow/example_dags/tutorial_etl_dag.py took 0.064 seconds
[2023-09-05 13:03:41,677] {processor.py:153} INFO - Started process (PID=348) to work on /home/airflow/.local/lib/python3.7/site-packages/airflow/example_dags/tutorial_etl_dag.py
[2023-09-05 13:03:41,678] {processor.py:641} INFO - Processing file /home/airflow/.local/lib/python3.7/site-packages/airflow/example_dags/tutorial_etl_dag.py for tasks to queue
[2023-09-05 13:03:41,678] {logging_mixin.py:115} INFO - [2023-09-05 13:03:41,678] {dagbag.py:508} INFO - Filling up the DagBag from /home/airflow/.local/lib/python3.7/site-packages/airflow/example_dags/tutorial_etl_dag.py
[2023-09-05 13:03:41,694] {processor.py:651} INFO - DAG(s) dict_keys(['tutorial_etl_dag']) retrieved from /home/airflow/.local/lib/python3.7/site-packages/airflow/example_dags/tutorial_etl_dag.py
[2023-09-05 13:03:41,719] {logging_mixin.py:115} INFO - [2023-09-05 13:03:41,718] {dag.py:2420} INFO - Sync 1 DAGs
[2023-09-05 13:03:41,743] {logging_mixin.py:115} INFO - [2023-09-05 13:03:41,742] {dag.py:2972} INFO - Setting next_dagrun for tutorial_etl_dag to None, run_after=None
[2023-09-05 13:03:41,754] {processor.py:161} INFO - Processing /home/airflow/.local/lib/python3.7/site-packages/airflow/example_dags/tutorial_etl_dag.py took 0.080 seconds
[2023-09-05 13:04:12,583] {processor.py:153} INFO - Started process (PID=409) to work on /home/airflow/.local/lib/python3.7/site-packages/airflow/example_dags/tutorial_etl_dag.py
[2023-09-05 13:04:12,584] {processor.py:641} INFO - Processing file /home/airflow/.local/lib/python3.7/site-packages/airflow/example_dags/tutorial_etl_dag.py for tasks to queue
[2023-09-05 13:04:12,585] {logging_mixin.py:115} INFO - [2023-09-05 13:04:12,585] {dagbag.py:508} INFO - Filling up the DagBag from /home/airflow/.local/lib/python3.7/site-packages/airflow/example_dags/tutorial_etl_dag.py
[2023-09-05 13:04:12,593] {processor.py:651} INFO - DAG(s) dict_keys(['tutorial_etl_dag']) retrieved from /home/airflow/.local/lib/python3.7/site-packages/airflow/example_dags/tutorial_etl_dag.py
[2023-09-05 13:04:12,624] {logging_mixin.py:115} INFO - [2023-09-05 13:04:12,624] {dag.py:2420} INFO - Sync 1 DAGs
[2023-09-05 13:04:12,653] {logging_mixin.py:115} INFO - [2023-09-05 13:04:12,653] {dag.py:2972} INFO - Setting next_dagrun for tutorial_etl_dag to None, run_after=None
[2023-09-05 13:04:12,669] {processor.py:161} INFO - Processing /home/airflow/.local/lib/python3.7/site-packages/airflow/example_dags/tutorial_etl_dag.py took 0.090 seconds
[2023-09-05 13:04:43,434] {processor.py:153} INFO - Started process (PID=469) to work on /home/airflow/.local/lib/python3.7/site-packages/airflow/example_dags/tutorial_etl_dag.py
[2023-09-05 13:04:43,434] {processor.py:641} INFO - Processing file /home/airflow/.local/lib/python3.7/site-packages/airflow/example_dags/tutorial_etl_dag.py for tasks to queue
[2023-09-05 13:04:43,434] {logging_mixin.py:115} INFO - [2023-09-05 13:04:43,434] {dagbag.py:508} INFO - Filling up the DagBag from /home/airflow/.local/lib/python3.7/site-packages/airflow/example_dags/tutorial_etl_dag.py
[2023-09-05 13:04:43,441] {processor.py:651} INFO - DAG(s) dict_keys(['tutorial_etl_dag']) retrieved from /home/airflow/.local/lib/python3.7/site-packages/airflow/example_dags/tutorial_etl_dag.py
[2023-09-05 13:04:43,465] {logging_mixin.py:115} INFO - [2023-09-05 13:04:43,465] {dag.py:2420} INFO - Sync 1 DAGs
[2023-09-05 13:04:43,485] {logging_mixin.py:115} INFO - [2023-09-05 13:04:43,485] {dag.py:2972} INFO - Setting next_dagrun for tutorial_etl_dag to None, run_after=None
[2023-09-05 13:04:43,498] {processor.py:161} INFO - Processing /home/airflow/.local/lib/python3.7/site-packages/airflow/example_dags/tutorial_etl_dag.py took 0.067 seconds
[2023-09-05 13:05:14,493] {processor.py:153} INFO - Started process (PID=530) to work on /home/airflow/.local/lib/python3.7/site-packages/airflow/example_dags/tutorial_etl_dag.py
[2023-09-05 13:05:14,494] {processor.py:641} INFO - Processing file /home/airflow/.local/lib/python3.7/site-packages/airflow/example_dags/tutorial_etl_dag.py for tasks to queue
[2023-09-05 13:05:14,496] {logging_mixin.py:115} INFO - [2023-09-05 13:05:14,496] {dagbag.py:508} INFO - Filling up the DagBag from /home/airflow/.local/lib/python3.7/site-packages/airflow/example_dags/tutorial_etl_dag.py
[2023-09-05 13:05:14,506] {processor.py:651} INFO - DAG(s) dict_keys(['tutorial_etl_dag']) retrieved from /home/airflow/.local/lib/python3.7/site-packages/airflow/example_dags/tutorial_etl_dag.py
[2023-09-05 13:05:14,543] {logging_mixin.py:115} INFO - [2023-09-05 13:05:14,543] {dag.py:2420} INFO - Sync 1 DAGs
[2023-09-05 13:05:14,578] {logging_mixin.py:115} INFO - [2023-09-05 13:05:14,578] {dag.py:2972} INFO - Setting next_dagrun for tutorial_etl_dag to None, run_after=None
[2023-09-05 13:05:14,598] {processor.py:161} INFO - Processing /home/airflow/.local/lib/python3.7/site-packages/airflow/example_dags/tutorial_etl_dag.py took 0.111 seconds
[2023-09-05 13:05:45,344] {processor.py:153} INFO - Started process (PID=582) to work on /home/airflow/.local/lib/python3.7/site-packages/airflow/example_dags/tutorial_etl_dag.py
[2023-09-05 13:05:45,345] {processor.py:641} INFO - Processing file /home/airflow/.local/lib/python3.7/site-packages/airflow/example_dags/tutorial_etl_dag.py for tasks to queue
[2023-09-05 13:05:45,345] {logging_mixin.py:115} INFO - [2023-09-05 13:05:45,345] {dagbag.py:508} INFO - Filling up the DagBag from /home/airflow/.local/lib/python3.7/site-packages/airflow/example_dags/tutorial_etl_dag.py
[2023-09-05 13:05:45,351] {processor.py:651} INFO - DAG(s) dict_keys(['tutorial_etl_dag']) retrieved from /home/airflow/.local/lib/python3.7/site-packages/airflow/example_dags/tutorial_etl_dag.py
[2023-09-05 13:05:45,373] {logging_mixin.py:115} INFO - [2023-09-05 13:05:45,373] {dag.py:2420} INFO - Sync 1 DAGs
[2023-09-05 13:05:45,392] {logging_mixin.py:115} INFO - [2023-09-05 13:05:45,392] {dag.py:2972} INFO - Setting next_dagrun for tutorial_etl_dag to None, run_after=None
[2023-09-05 13:05:45,404] {processor.py:161} INFO - Processing /home/airflow/.local/lib/python3.7/site-packages/airflow/example_dags/tutorial_etl_dag.py took 0.063 seconds
[2023-09-05 13:06:16,172] {processor.py:153} INFO - Started process (PID=643) to work on /home/airflow/.local/lib/python3.7/site-packages/airflow/example_dags/tutorial_etl_dag.py
[2023-09-05 13:06:16,173] {processor.py:641} INFO - Processing file /home/airflow/.local/lib/python3.7/site-packages/airflow/example_dags/tutorial_etl_dag.py for tasks to queue
[2023-09-05 13:06:16,174] {logging_mixin.py:115} INFO - [2023-09-05 13:06:16,174] {dagbag.py:508} INFO - Filling up the DagBag from /home/airflow/.local/lib/python3.7/site-packages/airflow/example_dags/tutorial_etl_dag.py
[2023-09-05 13:06:16,183] {processor.py:651} INFO - DAG(s) dict_keys(['tutorial_etl_dag']) retrieved from /home/airflow/.local/lib/python3.7/site-packages/airflow/example_dags/tutorial_etl_dag.py
[2023-09-05 13:06:16,213] {logging_mixin.py:115} INFO - [2023-09-05 13:06:16,212] {dag.py:2420} INFO - Sync 1 DAGs
[2023-09-05 13:06:16,241] {logging_mixin.py:115} INFO - [2023-09-05 13:06:16,240] {dag.py:2972} INFO - Setting next_dagrun for tutorial_etl_dag to None, run_after=None
[2023-09-05 13:06:16,256] {processor.py:161} INFO - Processing /home/airflow/.local/lib/python3.7/site-packages/airflow/example_dags/tutorial_etl_dag.py took 0.092 seconds
[2023-09-05 13:06:47,221] {processor.py:153} INFO - Started process (PID=704) to work on /home/airflow/.local/lib/python3.7/site-packages/airflow/example_dags/tutorial_etl_dag.py
[2023-09-05 13:06:47,223] {processor.py:641} INFO - Processing file /home/airflow/.local/lib/python3.7/site-packages/airflow/example_dags/tutorial_etl_dag.py for tasks to queue
[2023-09-05 13:06:47,223] {logging_mixin.py:115} INFO - [2023-09-05 13:06:47,223] {dagbag.py:508} INFO - Filling up the DagBag from /home/airflow/.local/lib/python3.7/site-packages/airflow/example_dags/tutorial_etl_dag.py
[2023-09-05 13:06:47,232] {processor.py:651} INFO - DAG(s) dict_keys(['tutorial_etl_dag']) retrieved from /home/airflow/.local/lib/python3.7/site-packages/airflow/example_dags/tutorial_etl_dag.py
[2023-09-05 13:06:47,262] {logging_mixin.py:115} INFO - [2023-09-05 13:06:47,262] {dag.py:2420} INFO - Sync 1 DAGs
[2023-09-05 13:06:47,295] {logging_mixin.py:115} INFO - [2023-09-05 13:06:47,295] {dag.py:2972} INFO - Setting next_dagrun for tutorial_etl_dag to None, run_after=None
[2023-09-05 13:06:47,311] {processor.py:161} INFO - Processing /home/airflow/.local/lib/python3.7/site-packages/airflow/example_dags/tutorial_etl_dag.py took 0.094 seconds
[2023-09-05 13:07:18,388] {processor.py:153} INFO - Started process (PID=756) to work on /home/airflow/.local/lib/python3.7/site-packages/airflow/example_dags/tutorial_etl_dag.py
[2023-09-05 13:07:18,389] {processor.py:641} INFO - Processing file /home/airflow/.local/lib/python3.7/site-packages/airflow/example_dags/tutorial_etl_dag.py for tasks to queue
[2023-09-05 13:07:18,390] {logging_mixin.py:115} INFO - [2023-09-05 13:07:18,390] {dagbag.py:508} INFO - Filling up the DagBag from /home/airflow/.local/lib/python3.7/site-packages/airflow/example_dags/tutorial_etl_dag.py
[2023-09-05 13:07:18,399] {processor.py:651} INFO - DAG(s) dict_keys(['tutorial_etl_dag']) retrieved from /home/airflow/.local/lib/python3.7/site-packages/airflow/example_dags/tutorial_etl_dag.py
[2023-09-05 13:07:18,427] {logging_mixin.py:115} INFO - [2023-09-05 13:07:18,427] {dag.py:2420} INFO - Sync 1 DAGs
[2023-09-05 13:07:18,458] {logging_mixin.py:115} INFO - [2023-09-05 13:07:18,458] {dag.py:2972} INFO - Setting next_dagrun for tutorial_etl_dag to None, run_after=None
[2023-09-05 13:07:18,488] {processor.py:161} INFO - Processing /home/airflow/.local/lib/python3.7/site-packages/airflow/example_dags/tutorial_etl_dag.py took 0.104 seconds
[2023-09-05 13:07:48,669] {processor.py:153} INFO - Started process (PID=817) to work on /home/airflow/.local/lib/python3.7/site-packages/airflow/example_dags/tutorial_etl_dag.py
[2023-09-05 13:07:48,670] {processor.py:641} INFO - Processing file /home/airflow/.local/lib/python3.7/site-packages/airflow/example_dags/tutorial_etl_dag.py for tasks to queue
[2023-09-05 13:07:48,670] {logging_mixin.py:115} INFO - [2023-09-05 13:07:48,670] {dagbag.py:508} INFO - Filling up the DagBag from /home/airflow/.local/lib/python3.7/site-packages/airflow/example_dags/tutorial_etl_dag.py
[2023-09-05 13:07:48,676] {processor.py:651} INFO - DAG(s) dict_keys(['tutorial_etl_dag']) retrieved from /home/airflow/.local/lib/python3.7/site-packages/airflow/example_dags/tutorial_etl_dag.py
[2023-09-05 13:07:48,700] {logging_mixin.py:115} INFO - [2023-09-05 13:07:48,700] {dag.py:2420} INFO - Sync 1 DAGs
[2023-09-05 13:07:48,719] {logging_mixin.py:115} INFO - [2023-09-05 13:07:48,719] {dag.py:2972} INFO - Setting next_dagrun for tutorial_etl_dag to None, run_after=None
[2023-09-05 13:07:48,731] {processor.py:161} INFO - Processing /home/airflow/.local/lib/python3.7/site-packages/airflow/example_dags/tutorial_etl_dag.py took 0.065 seconds
[2023-09-05 13:08:20,023] {processor.py:153} INFO - Started process (PID=869) to work on /home/airflow/.local/lib/python3.7/site-packages/airflow/example_dags/tutorial_etl_dag.py
[2023-09-05 13:08:20,025] {processor.py:641} INFO - Processing file /home/airflow/.local/lib/python3.7/site-packages/airflow/example_dags/tutorial_etl_dag.py for tasks to queue
[2023-09-05 13:08:20,026] {logging_mixin.py:115} INFO - [2023-09-05 13:08:20,025] {dagbag.py:508} INFO - Filling up the DagBag from /home/airflow/.local/lib/python3.7/site-packages/airflow/example_dags/tutorial_etl_dag.py
[2023-09-05 13:08:20,040] {processor.py:651} INFO - DAG(s) dict_keys(['tutorial_etl_dag']) retrieved from /home/airflow/.local/lib/python3.7/site-packages/airflow/example_dags/tutorial_etl_dag.py
[2023-09-05 13:08:20,090] {logging_mixin.py:115} INFO - [2023-09-05 13:08:20,090] {dag.py:2420} INFO - Sync 1 DAGs
[2023-09-05 13:08:20,133] {logging_mixin.py:115} INFO - [2023-09-05 13:08:20,133] {dag.py:2972} INFO - Setting next_dagrun for tutorial_etl_dag to None, run_after=None
[2023-09-05 13:08:20,155] {processor.py:161} INFO - Processing /home/airflow/.local/lib/python3.7/site-packages/airflow/example_dags/tutorial_etl_dag.py took 0.138 seconds
[2023-09-05 13:08:50,314] {processor.py:153} INFO - Started process (PID=930) to work on /home/airflow/.local/lib/python3.7/site-packages/airflow/example_dags/tutorial_etl_dag.py
[2023-09-05 13:08:50,315] {processor.py:641} INFO - Processing file /home/airflow/.local/lib/python3.7/site-packages/airflow/example_dags/tutorial_etl_dag.py for tasks to queue
[2023-09-05 13:08:50,316] {logging_mixin.py:115} INFO - [2023-09-05 13:08:50,315] {dagbag.py:508} INFO - Filling up the DagBag from /home/airflow/.local/lib/python3.7/site-packages/airflow/example_dags/tutorial_etl_dag.py
[2023-09-05 13:08:50,325] {processor.py:651} INFO - DAG(s) dict_keys(['tutorial_etl_dag']) retrieved from /home/airflow/.local/lib/python3.7/site-packages/airflow/example_dags/tutorial_etl_dag.py
[2023-09-05 13:08:50,358] {logging_mixin.py:115} INFO - [2023-09-05 13:08:50,358] {dag.py:2420} INFO - Sync 1 DAGs
[2023-09-05 13:08:50,387] {logging_mixin.py:115} INFO - [2023-09-05 13:08:50,387] {dag.py:2972} INFO - Setting next_dagrun for tutorial_etl_dag to None, run_after=None
[2023-09-05 13:08:50,402] {processor.py:161} INFO - Processing /home/airflow/.local/lib/python3.7/site-packages/airflow/example_dags/tutorial_etl_dag.py took 0.092 seconds
