[2023-09-11 16:41:17,927] {taskinstance.py:1179} INFO - Dependencies all met for <TaskInstance: CallPostgreOperator.get_data scheduled__2023-09-10T05:00:00+00:00 [queued]>
[2023-09-11 16:41:17,953] {taskinstance.py:1179} INFO - Dependencies all met for <TaskInstance: CallPostgreOperator.get_data scheduled__2023-09-10T05:00:00+00:00 [queued]>
[2023-09-11 16:41:17,953] {taskinstance.py:1376} INFO - 
--------------------------------------------------------------------------------
[2023-09-11 16:41:17,954] {taskinstance.py:1377} INFO - Starting attempt 1 of 1
[2023-09-11 16:41:17,954] {taskinstance.py:1378} INFO - 
--------------------------------------------------------------------------------
[2023-09-11 16:41:17,998] {taskinstance.py:1397} INFO - Executing <Task(PythonOperator): get_data> on 2023-09-10 05:00:00+00:00
[2023-09-11 16:41:18,008] {standard_task_runner.py:52} INFO - Started process 15221 to run task
[2023-09-11 16:41:18,017] {standard_task_runner.py:79} INFO - Running: ['***', 'tasks', 'run', 'CallPostgreOperator', 'get_data', 'scheduled__2023-09-10T05:00:00+00:00', '--job-id', '804', '--raw', '--subdir', 'DAGS_FOLDER/CallPostgreOperator.py', '--cfg-path', '/tmp/tmp2a4cclqp', '--error-file', '/tmp/tmpo4pypyh7']
[2023-09-11 16:41:18,017] {standard_task_runner.py:80} INFO - Job 804: Subtask get_data
[2023-09-11 16:41:18,163] {task_command.py:371} INFO - Running <TaskInstance: CallPostgreOperator.get_data scheduled__2023-09-10T05:00:00+00:00 [running]> on host b18943745c0d
[2023-09-11 16:41:18,232] {warnings.py:110} WARNING - /home/***/.local/lib/python3.7/site-packages/***/utils/context.py:202: AirflowContextDeprecationWarning: Accessing 'execution_date' from the template is deprecated and will be removed in a future version. Please use 'data_interval_start' or 'logical_date' instead.
  warnings.warn(_create_deprecation_warning(key, self._deprecation_replacements[key]))

[2023-09-11 16:41:18,305] {taskinstance.py:1591} INFO - Exporting the following env vars:
AIRFLOW_CTX_DAG_OWNER=***
AIRFLOW_CTX_DAG_ID=CallPostgreOperator
AIRFLOW_CTX_TASK_ID=get_data
AIRFLOW_CTX_EXECUTION_DATE=2023-09-10T05:00:00+00:00
AIRFLOW_CTX_TRY_NUMBER=1
AIRFLOW_CTX_DAG_RUN_ID=scheduled__2023-09-10T05:00:00+00:00
[2023-09-11 16:41:31,052] {python.py:173} INFO - Done. Returned value was: None
[2023-09-11 16:41:31,080] {taskinstance.py:1420} INFO - Marking task as SUCCESS. dag_id=CallPostgreOperator, task_id=get_data, execution_date=20230910T050000, start_date=20230911T164117, end_date=20230911T164131
[2023-09-11 16:41:31,139] {local_task_job.py:156} INFO - Task exited with return code 0
[2023-09-11 16:41:31,205] {local_task_job.py:273} INFO - 0 downstream tasks scheduled from follow-on schedule check
