[2023-09-11 08:13:17,619] {taskinstance.py:1179} INFO - Dependencies all met for <TaskInstance: BigTechCompanyCount.fetch_pageviews scheduled__2023-09-10T06:00:00+00:00 [queued]>
[2023-09-11 08:13:17,642] {taskinstance.py:1179} INFO - Dependencies all met for <TaskInstance: BigTechCompanyCount.fetch_pageviews scheduled__2023-09-10T06:00:00+00:00 [queued]>
[2023-09-11 08:13:17,642] {taskinstance.py:1376} INFO - 
--------------------------------------------------------------------------------
[2023-09-11 08:13:17,642] {taskinstance.py:1377} INFO - Starting attempt 1 of 1
[2023-09-11 08:13:17,643] {taskinstance.py:1378} INFO - 
--------------------------------------------------------------------------------
[2023-09-11 08:13:17,673] {taskinstance.py:1397} INFO - Executing <Task(PythonOperator): fetch_pageviews> on 2023-09-10 06:00:00+00:00
[2023-09-11 08:13:17,681] {standard_task_runner.py:52} INFO - Started process 263 to run task
[2023-09-11 08:13:17,687] {standard_task_runner.py:79} INFO - Running: ['***', 'tasks', 'run', 'BigTechCompanyCount', 'fetch_pageviews', 'scheduled__2023-09-10T06:00:00+00:00', '--job-id', '227', '--raw', '--subdir', 'DAGS_FOLDER/BigTechCompanyCount.py', '--cfg-path', '/tmp/tmp4_3wblf0', '--error-file', '/tmp/tmp3m2smqzu']
[2023-09-11 08:13:17,688] {standard_task_runner.py:80} INFO - Job 227: Subtask fetch_pageviews
[2023-09-11 08:13:17,808] {task_command.py:371} INFO - Running <TaskInstance: BigTechCompanyCount.fetch_pageviews scheduled__2023-09-10T06:00:00+00:00 [running]> on host b18943745c0d
[2023-09-11 08:13:17,960] {taskinstance.py:1591} INFO - Exporting the following env vars:
AIRFLOW_CTX_DAG_OWNER=***
AIRFLOW_CTX_DAG_ID=BigTechCompanyCount
AIRFLOW_CTX_TASK_ID=fetch_pageviews
AIRFLOW_CTX_EXECUTION_DATE=2023-09-10T06:00:00+00:00
AIRFLOW_CTX_TRY_NUMBER=1
AIRFLOW_CTX_DAG_RUN_ID=scheduled__2023-09-10T06:00:00+00:00
[2023-09-11 08:13:22,829] {logging_mixin.py:115} INFO - {'Amazon': '9', 'Facebook': '598', 'Microsoft': '126', 'Apple': '52', 'Google': '406'}
[2023-09-11 08:13:22,830] {python.py:173} INFO - Done. Returned value was: None
[2023-09-11 08:13:22,856] {taskinstance.py:1420} INFO - Marking task as SUCCESS. dag_id=BigTechCompanyCount, task_id=fetch_pageviews, execution_date=20230910T060000, start_date=20230911T081317, end_date=20230911T081322
[2023-09-11 08:13:22,918] {local_task_job.py:156} INFO - Task exited with return code 0
[2023-09-11 08:13:22,969] {local_task_job.py:273} INFO - 0 downstream tasks scheduled from follow-on schedule check
