[2023-09-11 16:02:52,789] {taskinstance.py:1179} INFO - Dependencies all met for <TaskInstance: Examine_Templet_Value.get_data manual__2023-09-11T16:02:51.761572+00:00 [queued]>
[2023-09-11 16:02:52,799] {taskinstance.py:1179} INFO - Dependencies all met for <TaskInstance: Examine_Templet_Value.get_data manual__2023-09-11T16:02:51.761572+00:00 [queued]>
[2023-09-11 16:02:52,799] {taskinstance.py:1376} INFO - 
--------------------------------------------------------------------------------
[2023-09-11 16:02:52,799] {taskinstance.py:1377} INFO - Starting attempt 1 of 1
[2023-09-11 16:02:52,800] {taskinstance.py:1378} INFO - 
--------------------------------------------------------------------------------
[2023-09-11 16:02:52,815] {taskinstance.py:1397} INFO - Executing <Task(PythonOperator): get_data> on 2023-09-11 16:02:51.761572+00:00
[2023-09-11 16:02:52,820] {standard_task_runner.py:52} INFO - Started process 13097 to run task
[2023-09-11 16:02:52,823] {standard_task_runner.py:79} INFO - Running: ['***', 'tasks', 'run', 'Examine_Templet_Value', 'get_data', 'manual__2023-09-11T16:02:51.761572+00:00', '--job-id', '650', '--raw', '--subdir', 'DAGS_FOLDER/Examine_Templet_Value.py', '--cfg-path', '/tmp/tmpapc_d8f3', '--error-file', '/tmp/tmp7bh6hji_']
[2023-09-11 16:02:52,823] {standard_task_runner.py:80} INFO - Job 650: Subtask get_data
[2023-09-11 16:02:52,887] {task_command.py:371} INFO - Running <TaskInstance: Examine_Templet_Value.get_data manual__2023-09-11T16:02:51.761572+00:00 [running]> on host b18943745c0d
[2023-09-11 16:02:53,024] {taskinstance.py:1591} INFO - Exporting the following env vars:
AIRFLOW_CTX_DAG_OWNER=***
AIRFLOW_CTX_DAG_ID=Examine_Templet_Value
AIRFLOW_CTX_TASK_ID=get_data
AIRFLOW_CTX_EXECUTION_DATE=2023-09-11T16:02:51.761572+00:00
AIRFLOW_CTX_TRY_NUMBER=1
AIRFLOW_CTX_DAG_RUN_ID=manual__2023-09-11T16:02:51.761572+00:00
[2023-09-11 16:02:53,025] {logging_mixin.py:115} INFO - 현재 전달된 url은 https://dumps.wikimedia.org/other/pageviews/2023/2023-09/pageviews-20230911-150000.gz 이다.
[2023-09-11 16:02:53,026] {python.py:173} INFO - Done. Returned value was: None
[2023-09-11 16:02:53,042] {taskinstance.py:1420} INFO - Marking task as SUCCESS. dag_id=Examine_Templet_Value, task_id=get_data, execution_date=20230911T160251, start_date=20230911T160252, end_date=20230911T160253
[2023-09-11 16:02:53,076] {local_task_job.py:156} INFO - Task exited with return code 0
[2023-09-11 16:02:53,107] {local_task_job.py:273} INFO - 0 downstream tasks scheduled from follow-on schedule check
