[2023-09-11 12:04:10,246] {taskinstance.py:1179} INFO - Dependencies all met for <TaskInstance: listing_4_20.fetch_pageviews scheduled__2023-09-11T10:00:00+00:00 [queued]>
[2023-09-11 12:04:10,258] {taskinstance.py:1179} INFO - Dependencies all met for <TaskInstance: listing_4_20.fetch_pageviews scheduled__2023-09-11T10:00:00+00:00 [queued]>
[2023-09-11 12:04:10,258] {taskinstance.py:1376} INFO - 
--------------------------------------------------------------------------------
[2023-09-11 12:04:10,258] {taskinstance.py:1377} INFO - Starting attempt 1 of 1
[2023-09-11 12:04:10,258] {taskinstance.py:1378} INFO - 
--------------------------------------------------------------------------------
[2023-09-11 12:04:10,273] {taskinstance.py:1397} INFO - Executing <Task(PythonOperator): fetch_pageviews> on 2023-09-11 10:00:00+00:00
[2023-09-11 12:04:10,277] {standard_task_runner.py:52} INFO - Started process 1564 to run task
[2023-09-11 12:04:10,280] {standard_task_runner.py:79} INFO - Running: ['***', 'tasks', 'run', 'listing_4_20', 'fetch_pageviews', 'scheduled__2023-09-11T10:00:00+00:00', '--job-id', '547', '--raw', '--subdir', 'DAGS_FOLDER/listing_4_20.py', '--cfg-path', '/tmp/tmpih4acc2i', '--error-file', '/tmp/tmp0ihtpa9x']
[2023-09-11 12:04:10,281] {standard_task_runner.py:80} INFO - Job 547: Subtask fetch_pageviews
[2023-09-11 12:04:10,342] {task_command.py:371} INFO - Running <TaskInstance: listing_4_20.fetch_pageviews scheduled__2023-09-11T10:00:00+00:00 [running]> on host b18943745c0d
[2023-09-11 12:04:10,418] {taskinstance.py:1591} INFO - Exporting the following env vars:
AIRFLOW_CTX_DAG_OWNER=***
AIRFLOW_CTX_DAG_ID=listing_4_20
AIRFLOW_CTX_TASK_ID=fetch_pageviews
AIRFLOW_CTX_EXECUTION_DATE=2023-09-11T10:00:00+00:00
AIRFLOW_CTX_TRY_NUMBER=1
AIRFLOW_CTX_DAG_RUN_ID=scheduled__2023-09-11T10:00:00+00:00
[2023-09-11 12:04:10,420] {warnings.py:110} WARNING - /home/***/.local/lib/python3.7/site-packages/***/utils/context.py:202: AirflowContextDeprecationWarning: Accessing 'execution_date' from the template is deprecated and will be removed in a future version. Please use 'data_interval_start' or 'logical_date' instead.
  warnings.warn(_create_deprecation_warning(key, self._deprecation_replacements[key]))

[2023-09-11 12:04:14,097] {python.py:173} INFO - Done. Returned value was: None
[2023-09-11 12:04:14,114] {taskinstance.py:1420} INFO - Marking task as SUCCESS. dag_id=listing_4_20, task_id=fetch_pageviews, execution_date=20230911T100000, start_date=20230911T120410, end_date=20230911T120414
[2023-09-11 12:04:14,150] {local_task_job.py:156} INFO - Task exited with return code 0
[2023-09-11 12:04:14,189] {local_task_job.py:273} INFO - 1 downstream tasks scheduled from follow-on schedule check
