[2023-09-11 16:30:27,481] {taskinstance.py:1179} INFO - Dependencies all met for <TaskInstance: INSERT_TO_PostgreOperator.get_data scheduled__2023-09-10T23:00:00+00:00 [queued]>
[2023-09-11 16:30:27,491] {taskinstance.py:1179} INFO - Dependencies all met for <TaskInstance: INSERT_TO_PostgreOperator.get_data scheduled__2023-09-10T23:00:00+00:00 [queued]>
[2023-09-11 16:30:27,491] {taskinstance.py:1376} INFO - 
--------------------------------------------------------------------------------
[2023-09-11 16:30:27,491] {taskinstance.py:1377} INFO - Starting attempt 1 of 1
[2023-09-11 16:30:27,491] {taskinstance.py:1378} INFO - 
--------------------------------------------------------------------------------
[2023-09-11 16:30:27,509] {taskinstance.py:1397} INFO - Executing <Task(PythonOperator): get_data> on 2023-09-10 23:00:00+00:00
[2023-09-11 16:30:27,513] {standard_task_runner.py:52} INFO - Started process 14564 to run task
[2023-09-11 16:30:27,516] {standard_task_runner.py:79} INFO - Running: ['***', 'tasks', 'run', 'INSERT_TO_PostgreOperator', 'get_data', 'scheduled__2023-09-10T23:00:00+00:00', '--job-id', '729', '--raw', '--subdir', 'DAGS_FOLDER/INSERT_TO_PostgreOperator.py', '--cfg-path', '/tmp/tmpos6xn84l', '--error-file', '/tmp/tmp9z89cwd_']
[2023-09-11 16:30:27,517] {standard_task_runner.py:80} INFO - Job 729: Subtask get_data
[2023-09-11 16:30:27,585] {task_command.py:371} INFO - Running <TaskInstance: INSERT_TO_PostgreOperator.get_data scheduled__2023-09-10T23:00:00+00:00 [running]> on host b18943745c0d
[2023-09-11 16:30:27,622] {warnings.py:110} WARNING - /home/***/.local/lib/python3.7/site-packages/***/utils/context.py:202: AirflowContextDeprecationWarning: Accessing 'execution_date' from the template is deprecated and will be removed in a future version. Please use 'data_interval_start' or 'logical_date' instead.
  warnings.warn(_create_deprecation_warning(key, self._deprecation_replacements[key]))

[2023-09-11 16:30:27,662] {taskinstance.py:1591} INFO - Exporting the following env vars:
AIRFLOW_CTX_DAG_OWNER=***
AIRFLOW_CTX_DAG_ID=INSERT_TO_PostgreOperator
AIRFLOW_CTX_TASK_ID=get_data
AIRFLOW_CTX_EXECUTION_DATE=2023-09-10T23:00:00+00:00
AIRFLOW_CTX_TRY_NUMBER=1
AIRFLOW_CTX_DAG_RUN_ID=scheduled__2023-09-10T23:00:00+00:00
[2023-09-11 16:30:39,041] {python.py:173} INFO - Done. Returned value was: None
[2023-09-11 16:30:39,055] {taskinstance.py:1420} INFO - Marking task as SUCCESS. dag_id=INSERT_TO_PostgreOperator, task_id=get_data, execution_date=20230910T230000, start_date=20230911T163027, end_date=20230911T163039
[2023-09-11 16:30:39,110] {local_task_job.py:156} INFO - Task exited with return code 0
[2023-09-11 16:30:39,146] {local_task_job.py:273} INFO - 1 downstream tasks scheduled from follow-on schedule check
