[2023-09-11 06:30:45,945] {taskinstance.py:1179} INFO - Dependencies all met for <TaskInstance: Examine_Templet_Value.get_data scheduled__2023-09-10T18:00:00+00:00 [queued]>
[2023-09-11 06:30:45,989] {taskinstance.py:1179} INFO - Dependencies all met for <TaskInstance: Examine_Templet_Value.get_data scheduled__2023-09-10T18:00:00+00:00 [queued]>
[2023-09-11 06:30:45,990] {taskinstance.py:1376} INFO - 
--------------------------------------------------------------------------------
[2023-09-11 06:30:45,990] {taskinstance.py:1377} INFO - Starting attempt 1 of 1
[2023-09-11 06:30:45,990] {taskinstance.py:1378} INFO - 
--------------------------------------------------------------------------------
[2023-09-11 06:30:46,044] {taskinstance.py:1397} INFO - Executing <Task(PythonOperator): get_data> on 2023-09-10 18:00:00+00:00
[2023-09-11 06:30:46,055] {standard_task_runner.py:52} INFO - Started process 147 to run task
[2023-09-11 06:30:46,063] {standard_task_runner.py:79} INFO - Running: ['***', 'tasks', 'run', 'Examine_Templet_Value', 'get_data', 'scheduled__2023-09-10T18:00:00+00:00', '--job-id', '158', '--raw', '--subdir', 'DAGS_FOLDER/Examine_Templet_Value.py', '--cfg-path', '/tmp/tmpynmng9w2', '--error-file', '/tmp/tmpg8ezknpj']
[2023-09-11 06:30:46,064] {standard_task_runner.py:80} INFO - Job 158: Subtask get_data
[2023-09-11 06:30:46,470] {task_command.py:371} INFO - Running <TaskInstance: Examine_Templet_Value.get_data scheduled__2023-09-10T18:00:00+00:00 [running]> on host b18943745c0d
[2023-09-11 06:30:46,722] {warnings.py:110} WARNING - /home/***/.local/lib/python3.7/site-packages/***/utils/context.py:202: AirflowContextDeprecationWarning: Accessing 'execution_date' from the template is deprecated and will be removed in a future version. Please use 'data_interval_start' or 'logical_date' instead.
  warnings.warn(_create_deprecation_warning(key, self._deprecation_replacements[key]))

[2023-09-11 06:30:46,886] {taskinstance.py:1591} INFO - Exporting the following env vars:
AIRFLOW_CTX_DAG_OWNER=***
AIRFLOW_CTX_DAG_ID=Examine_Templet_Value
AIRFLOW_CTX_TASK_ID=get_data
AIRFLOW_CTX_EXECUTION_DATE=2023-09-10T18:00:00+00:00
AIRFLOW_CTX_TRY_NUMBER=1
AIRFLOW_CTX_DAG_RUN_ID=scheduled__2023-09-10T18:00:00+00:00
[2023-09-11 06:30:47,618] {taskinstance.py:1909} ERROR - Task failed with exception
Traceback (most recent call last):
  File "/home/airflow/.local/lib/python3.7/site-packages/airflow/operators/python.py", line 171, in execute
    return_value = self.execute_callable()
  File "/home/airflow/.local/lib/python3.7/site-packages/airflow/operators/python.py", line 189, in execute_callable
    return self.python_callable(*self.op_args, **self.op_kwargs)
  File "/opt/airflow/dags/Examine_Templet_Value.py", line 19, in _get_data
    request.urlretrieve(url, output_path)
  File "/usr/local/lib/python3.7/urllib/request.py", line 247, in urlretrieve
    with contextlib.closing(urlopen(url, data)) as fp:
  File "/usr/local/lib/python3.7/urllib/request.py", line 222, in urlopen
    return opener.open(url, data, timeout)
  File "/usr/local/lib/python3.7/urllib/request.py", line 531, in open
    response = meth(req, response)
  File "/usr/local/lib/python3.7/urllib/request.py", line 641, in http_response
    'http', request, response, code, msg, hdrs)
  File "/usr/local/lib/python3.7/urllib/request.py", line 569, in error
    return self._call_chain(*args)
  File "/usr/local/lib/python3.7/urllib/request.py", line 503, in _call_chain
    result = func(*args)
  File "/usr/local/lib/python3.7/urllib/request.py", line 649, in http_error_default
    raise HTTPError(req.full_url, code, msg, hdrs, fp)
urllib.error.HTTPError: HTTP Error 503: Service Temporarily Unavailable
[2023-09-11 06:30:47,645] {taskinstance.py:1420} INFO - Marking task as FAILED. dag_id=Examine_Templet_Value, task_id=get_data, execution_date=20230910T180000, start_date=20230911T063045, end_date=20230911T063047
[2023-09-11 06:30:47,681] {standard_task_runner.py:97} ERROR - Failed to execute job 158 for task get_data (HTTP Error 503: Service Temporarily Unavailable; 147)
[2023-09-11 06:30:47,710] {local_task_job.py:156} INFO - Task exited with return code 1
[2023-09-11 06:30:48,092] {local_task_job.py:273} INFO - 0 downstream tasks scheduled from follow-on schedule check
[2023-09-11 06:48:54,093] {taskinstance.py:1179} INFO - Dependencies all met for <TaskInstance: Examine_Templet_Value.get_data scheduled__2023-09-10T18:00:00+00:00 [queued]>
[2023-09-11 06:48:54,173] {taskinstance.py:1179} INFO - Dependencies all met for <TaskInstance: Examine_Templet_Value.get_data scheduled__2023-09-10T18:00:00+00:00 [queued]>
[2023-09-11 06:48:54,174] {taskinstance.py:1376} INFO - 
--------------------------------------------------------------------------------
[2023-09-11 06:48:54,175] {taskinstance.py:1377} INFO - Starting attempt 1 of 1
[2023-09-11 06:48:54,176] {taskinstance.py:1378} INFO - 
--------------------------------------------------------------------------------
[2023-09-11 06:48:54,336] {taskinstance.py:1397} INFO - Executing <Task(PythonOperator): get_data> on 2023-09-10 18:00:00+00:00
[2023-09-11 06:48:54,374] {standard_task_runner.py:52} INFO - Started process 967 to run task
[2023-09-11 06:48:54,445] {standard_task_runner.py:79} INFO - Running: ['***', 'tasks', 'run', 'Examine_Templet_Value', 'get_data', 'scheduled__2023-09-10T18:00:00+00:00', '--job-id', '190', '--raw', '--subdir', 'DAGS_FOLDER/Examine_Templet_Value.py', '--cfg-path', '/tmp/tmpii6r8ssb', '--error-file', '/tmp/tmpno_ifmic']
[2023-09-11 06:48:54,446] {standard_task_runner.py:80} INFO - Job 190: Subtask get_data
[2023-09-11 06:48:55,060] {task_command.py:371} INFO - Running <TaskInstance: Examine_Templet_Value.get_data scheduled__2023-09-10T18:00:00+00:00 [running]> on host b18943745c0d
[2023-09-11 06:48:55,323] {warnings.py:110} WARNING - /home/***/.local/lib/python3.7/site-packages/***/utils/context.py:202: AirflowContextDeprecationWarning: Accessing 'execution_date' from the template is deprecated and will be removed in a future version. Please use 'data_interval_start' or 'logical_date' instead.
  warnings.warn(_create_deprecation_warning(key, self._deprecation_replacements[key]))

[2023-09-11 06:48:55,563] {taskinstance.py:1591} INFO - Exporting the following env vars:
AIRFLOW_CTX_DAG_OWNER=***
AIRFLOW_CTX_DAG_ID=Examine_Templet_Value
AIRFLOW_CTX_TASK_ID=get_data
AIRFLOW_CTX_EXECUTION_DATE=2023-09-10T18:00:00+00:00
AIRFLOW_CTX_TRY_NUMBER=1
AIRFLOW_CTX_DAG_RUN_ID=scheduled__2023-09-10T18:00:00+00:00
[2023-09-11 06:49:10,259] {python.py:173} INFO - Done. Returned value was: None
[2023-09-11 06:49:10,286] {taskinstance.py:1420} INFO - Marking task as SUCCESS. dag_id=Examine_Templet_Value, task_id=get_data, execution_date=20230910T180000, start_date=20230911T064854, end_date=20230911T064910
[2023-09-11 06:49:10,358] {local_task_job.py:156} INFO - Task exited with return code 0
[2023-09-11 06:49:10,412] {local_task_job.py:273} INFO - 0 downstream tasks scheduled from follow-on schedule check
