[2023-09-11 16:24:45,674] {taskinstance.py:1179} INFO - Dependencies all met for <TaskInstance: INSERT_TO_PostgreOperator.fetch_pageviews scheduled__2023-09-10T08:00:00+00:00 [queued]>
[2023-09-11 16:24:45,689] {taskinstance.py:1179} INFO - Dependencies all met for <TaskInstance: INSERT_TO_PostgreOperator.fetch_pageviews scheduled__2023-09-10T08:00:00+00:00 [queued]>
[2023-09-11 16:24:45,689] {taskinstance.py:1376} INFO - 
--------------------------------------------------------------------------------
[2023-09-11 16:24:45,689] {taskinstance.py:1377} INFO - Starting attempt 1 of 1
[2023-09-11 16:24:45,689] {taskinstance.py:1378} INFO - 
--------------------------------------------------------------------------------
[2023-09-11 16:24:45,711] {taskinstance.py:1397} INFO - Executing <Task(PythonOperator): fetch_pageviews> on 2023-09-10 08:00:00+00:00
[2023-09-11 16:24:45,717] {standard_task_runner.py:52} INFO - Started process 14212 to run task
[2023-09-11 16:24:45,722] {standard_task_runner.py:79} INFO - Running: ['***', 'tasks', 'run', 'INSERT_TO_PostgreOperator', 'fetch_pageviews', 'scheduled__2023-09-10T08:00:00+00:00', '--job-id', '686', '--raw', '--subdir', 'DAGS_FOLDER/INSERT_TO_PostgreOperator.py', '--cfg-path', '/tmp/tmp6_em5qri', '--error-file', '/tmp/tmpw3yct547']
[2023-09-11 16:24:45,723] {standard_task_runner.py:80} INFO - Job 686: Subtask fetch_pageviews
[2023-09-11 16:24:45,835] {task_command.py:371} INFO - Running <TaskInstance: INSERT_TO_PostgreOperator.fetch_pageviews scheduled__2023-09-10T08:00:00+00:00 [running]> on host b18943745c0d
[2023-09-11 16:24:45,964] {taskinstance.py:1591} INFO - Exporting the following env vars:
AIRFLOW_CTX_DAG_OWNER=***
AIRFLOW_CTX_DAG_ID=INSERT_TO_PostgreOperator
AIRFLOW_CTX_TASK_ID=fetch_pageviews
AIRFLOW_CTX_EXECUTION_DATE=2023-09-10T08:00:00+00:00
AIRFLOW_CTX_TRY_NUMBER=1
AIRFLOW_CTX_DAG_RUN_ID=scheduled__2023-09-10T08:00:00+00:00
[2023-09-11 16:24:50,408] {warnings.py:110} WARNING - /home/***/.local/lib/python3.7/site-packages/***/utils/context.py:290: AirflowContextDeprecationWarning: Accessing 'execution_date' from the template is deprecated and will be removed in a future version. Please use 'data_interval_start' or 'logical_date' instead.
  warnings.warn(_create_deprecation_warning(k, replacements))

[2023-09-11 16:24:50,409] {python.py:173} INFO - Done. Returned value was: None
[2023-09-11 16:24:50,464] {taskinstance.py:1420} INFO - Marking task as SUCCESS. dag_id=INSERT_TO_PostgreOperator, task_id=fetch_pageviews, execution_date=20230910T080000, start_date=20230911T162445, end_date=20230911T162450
[2023-09-11 16:24:50,518] {local_task_job.py:156} INFO - Task exited with return code 0
[2023-09-11 16:24:50,585] {local_task_job.py:273} INFO - 0 downstream tasks scheduled from follow-on schedule check
