[2023-09-11 16:04:13,533] {taskinstance.py:1179} INFO - Dependencies all met for <TaskInstance: Examine_Templet_Value.get_data manual__2023-09-11T16:04:12.556435+00:00 [queued]>
[2023-09-11 16:04:13,544] {taskinstance.py:1179} INFO - Dependencies all met for <TaskInstance: Examine_Templet_Value.get_data manual__2023-09-11T16:04:12.556435+00:00 [queued]>
[2023-09-11 16:04:13,544] {taskinstance.py:1376} INFO - 
--------------------------------------------------------------------------------
[2023-09-11 16:04:13,544] {taskinstance.py:1377} INFO - Starting attempt 1 of 1
[2023-09-11 16:04:13,544] {taskinstance.py:1378} INFO - 
--------------------------------------------------------------------------------
[2023-09-11 16:04:13,560] {taskinstance.py:1397} INFO - Executing <Task(PythonOperator): get_data> on 2023-09-11 16:04:12.556435+00:00
[2023-09-11 16:04:13,564] {standard_task_runner.py:52} INFO - Started process 13162 to run task
[2023-09-11 16:04:13,568] {standard_task_runner.py:79} INFO - Running: ['***', 'tasks', 'run', 'Examine_Templet_Value', 'get_data', 'manual__2023-09-11T16:04:12.556435+00:00', '--job-id', '651', '--raw', '--subdir', 'DAGS_FOLDER/Examine_Templet_Value.py', '--cfg-path', '/tmp/tmp6m39f3i7', '--error-file', '/tmp/tmpg7m45vbp']
[2023-09-11 16:04:13,568] {standard_task_runner.py:80} INFO - Job 651: Subtask get_data
[2023-09-11 16:04:13,630] {task_command.py:371} INFO - Running <TaskInstance: Examine_Templet_Value.get_data manual__2023-09-11T16:04:12.556435+00:00 [running]> on host b18943745c0d
[2023-09-11 16:04:13,701] {taskinstance.py:1591} INFO - Exporting the following env vars:
AIRFLOW_CTX_DAG_OWNER=***
AIRFLOW_CTX_DAG_ID=Examine_Templet_Value
AIRFLOW_CTX_TASK_ID=get_data
AIRFLOW_CTX_EXECUTION_DATE=2023-09-11T16:04:12.556435+00:00
AIRFLOW_CTX_TRY_NUMBER=1
AIRFLOW_CTX_DAG_RUN_ID=manual__2023-09-11T16:04:12.556435+00:00
[2023-09-11 16:04:13,702] {logging_mixin.py:115} INFO - 현재 전달된 url은 https://dumps.wikimedia.org/other/pageviews/2023/2023-09/pageviews-20230911-150000.gz 이다.
[2023-09-11 16:04:13,702] {python.py:173} INFO - Done. Returned value was: None
[2023-09-11 16:04:13,714] {taskinstance.py:1420} INFO - Marking task as SUCCESS. dag_id=Examine_Templet_Value, task_id=get_data, execution_date=20230911T160412, start_date=20230911T160413, end_date=20230911T160413
[2023-09-11 16:04:13,740] {local_task_job.py:156} INFO - Task exited with return code 0
[2023-09-11 16:04:13,770] {local_task_job.py:273} INFO - 0 downstream tasks scheduled from follow-on schedule check
