[2023-09-09 15:13:04,902] {taskinstance.py:1179} INFO - Dependencies all met for <TaskInstance: download_rocket_launches.download_launchesAPI_using_bashcommand manual__2023-09-09T15:13:03.682207+00:00 [queued]>
[2023-09-09 15:13:04,916] {taskinstance.py:1179} INFO - Dependencies all met for <TaskInstance: download_rocket_launches.download_launchesAPI_using_bashcommand manual__2023-09-09T15:13:03.682207+00:00 [queued]>
[2023-09-09 15:13:04,917] {taskinstance.py:1376} INFO - 
--------------------------------------------------------------------------------
[2023-09-09 15:13:04,917] {taskinstance.py:1377} INFO - Starting attempt 1 of 1
[2023-09-09 15:13:04,917] {taskinstance.py:1378} INFO - 
--------------------------------------------------------------------------------
[2023-09-09 15:13:04,935] {taskinstance.py:1397} INFO - Executing <Task(BashOperator): download_launchesAPI_using_bashcommand> on 2023-09-09 15:13:03.682207+00:00
[2023-09-09 15:13:04,938] {standard_task_runner.py:52} INFO - Started process 18290 to run task
[2023-09-09 15:13:04,941] {standard_task_runner.py:79} INFO - Running: ['***', 'tasks', 'run', 'download_rocket_launches', 'download_launchesAPI_using_bashcommand', 'manual__2023-09-09T15:13:03.682207+00:00', '--job-id', '48', '--raw', '--subdir', 'DAGS_FOLDER/download_rocket_launches.py', '--cfg-path', '/tmp/tmpfnp912vl', '--error-file', '/tmp/tmpcnsvddl8']
[2023-09-09 15:13:04,942] {standard_task_runner.py:80} INFO - Job 48: Subtask download_launchesAPI_using_bashcommand
[2023-09-09 15:13:05,006] {task_command.py:371} INFO - Running <TaskInstance: download_rocket_launches.download_launchesAPI_using_bashcommand manual__2023-09-09T15:13:03.682207+00:00 [running]> on host b18943745c0d
[2023-09-09 15:13:05,085] {taskinstance.py:1591} INFO - Exporting the following env vars:
AIRFLOW_CTX_DAG_OWNER=***
AIRFLOW_CTX_DAG_ID=download_rocket_launches
AIRFLOW_CTX_TASK_ID=download_launchesAPI_using_bashcommand
AIRFLOW_CTX_EXECUTION_DATE=2023-09-09T15:13:03.682207+00:00
AIRFLOW_CTX_TRY_NUMBER=1
AIRFLOW_CTX_DAG_RUN_ID=manual__2023-09-09T15:13:03.682207+00:00
[2023-09-09 15:13:05,087] {subprocess.py:62} INFO - Tmp dir root location: 
 /tmp
[2023-09-09 15:13:05,087] {subprocess.py:74} INFO - Running command: ['bash', '-c', "curl -o /tmp/launches.json -L 'https://ll.thespacedevs.com/2.0.0/launch/upcoming'"]
[2023-09-09 15:13:05,096] {subprocess.py:85} INFO - Output:
[2023-09-09 15:13:05,108] {subprocess.py:92} INFO -   % Total    % Received % Xferd  Average Speed   Time    Time     Time  Current
[2023-09-09 15:13:05,108] {subprocess.py:92} INFO -                                  Dload  Upload   Total   Spent    Left  Speed
[2023-09-09 15:13:05,902] {subprocess.py:92} INFO -   0     0    0     0    0     0      0      0 --:--:-- --:--:-- --:--:--     0  0     0    0     0    0     0      0      0 --:--:-- --:--:-- --:--:--     0  0     0    0     0    0     0      0      0 --:--:-- --:--:-- --:--:--     0
[2023-09-09 15:13:06,434] {subprocess.py:92} INFO - 100 24569  100 24569    0     0  18528      0  0:00:01  0:00:01 --:--:-- 18528100 24569  100 24569    0     0  18528      0  0:00:01  0:00:01 --:--:--     0
[2023-09-09 15:13:06,437] {subprocess.py:96} INFO - Command exited with return code 0
[2023-09-09 15:13:06,467] {taskinstance.py:1420} INFO - Marking task as SUCCESS. dag_id=download_rocket_launches, task_id=download_launchesAPI_using_bashcommand, execution_date=20230909T151303, start_date=20230909T151304, end_date=20230909T151306
[2023-09-09 15:13:06,523] {local_task_job.py:156} INFO - Task exited with return code 0
[2023-09-09 15:13:06,566] {local_task_job.py:273} INFO - 1 downstream tasks scheduled from follow-on schedule check
