[2023-09-09 12:02:53,830] {taskinstance.py:1179} INFO - Dependencies all met for <TaskInstance: download_rocket_launches.download_launchesAPI_using_bashcommand scheduled__2023-09-08T00:00:00+00:00 [queued]>
[2023-09-09 12:02:53,859] {taskinstance.py:1179} INFO - Dependencies all met for <TaskInstance: download_rocket_launches.download_launchesAPI_using_bashcommand scheduled__2023-09-08T00:00:00+00:00 [queued]>
[2023-09-09 12:02:53,860] {taskinstance.py:1376} INFO - 
--------------------------------------------------------------------------------
[2023-09-09 12:02:53,861] {taskinstance.py:1377} INFO - Starting attempt 1 of 1
[2023-09-09 12:02:53,861] {taskinstance.py:1378} INFO - 
--------------------------------------------------------------------------------
[2023-09-09 12:02:53,924] {taskinstance.py:1397} INFO - Executing <Task(BashOperator): download_launchesAPI_using_bashcommand> on 2023-09-08 00:00:00+00:00
[2023-09-09 12:02:53,934] {standard_task_runner.py:52} INFO - Started process 9151 to run task
[2023-09-09 12:02:53,938] {standard_task_runner.py:79} INFO - Running: ['***', 'tasks', 'run', 'download_rocket_launches', 'download_launchesAPI_using_bashcommand', 'scheduled__2023-09-08T00:00:00+00:00', '--job-id', '22', '--raw', '--subdir', 'DAGS_FOLDER/download_rocket_launches.py', '--cfg-path', '/tmp/tmp8rgnz813', '--error-file', '/tmp/tmpglcq7mo5']
[2023-09-09 12:02:53,939] {standard_task_runner.py:80} INFO - Job 22: Subtask download_launchesAPI_using_bashcommand
[2023-09-09 12:02:54,151] {task_command.py:371} INFO - Running <TaskInstance: download_rocket_launches.download_launchesAPI_using_bashcommand scheduled__2023-09-08T00:00:00+00:00 [running]> on host b18943745c0d
[2023-09-09 12:02:54,300] {taskinstance.py:1591} INFO - Exporting the following env vars:
AIRFLOW_CTX_DAG_OWNER=***
AIRFLOW_CTX_DAG_ID=download_rocket_launches
AIRFLOW_CTX_TASK_ID=download_launchesAPI_using_bashcommand
AIRFLOW_CTX_EXECUTION_DATE=2023-09-08T00:00:00+00:00
AIRFLOW_CTX_TRY_NUMBER=1
AIRFLOW_CTX_DAG_RUN_ID=scheduled__2023-09-08T00:00:00+00:00
[2023-09-09 12:02:54,302] {subprocess.py:62} INFO - Tmp dir root location: 
 /tmp
[2023-09-09 12:02:54,303] {subprocess.py:74} INFO - Running command: ['bash', '-c', "curl -o /tmp/launches.json -L 'https://ll.thespacedevs.com/2.0.0/launch/upcoming'"]
[2023-09-09 12:02:54,318] {subprocess.py:85} INFO - Output:
[2023-09-09 12:02:54,332] {subprocess.py:92} INFO -   % Total    % Received % Xferd  Average Speed   Time    Time     Time  Current
[2023-09-09 12:02:54,333] {subprocess.py:92} INFO -                                  Dload  Upload   Total   Spent    Left  Speed
[2023-09-09 12:02:55,206] {subprocess.py:92} INFO -   0     0    0     0    0     0      0      0 --:--:-- --:--:-- --:--:--     0  0     0    0     0    0     0      0      0 --:--:-- --:--:-- --:--:--     0  0     0    0     0    0     0      0      0 --:--:-- --:--:-- --:--:--     0
[2023-09-09 12:02:55,702] {subprocess.py:92} INFO -  72 24569   72 17744    0     0  12961      0  0:00:01  0:00:01 --:--:-- 12961100 24569  100 24569    0     0  17946      0  0:00:01  0:00:01 --:--:-- 6665k
[2023-09-09 12:02:55,706] {subprocess.py:96} INFO - Command exited with return code 0
[2023-09-09 12:02:55,870] {taskinstance.py:1420} INFO - Marking task as SUCCESS. dag_id=download_rocket_launches, task_id=download_launchesAPI_using_bashcommand, execution_date=20230908T000000, start_date=20230909T120253, end_date=20230909T120255
[2023-09-09 12:02:55,939] {local_task_job.py:156} INFO - Task exited with return code 0
[2023-09-09 12:02:56,026] {local_task_job.py:273} INFO - 1 downstream tasks scheduled from follow-on schedule check
