[2023-09-09 12:03:12,679] {taskinstance.py:1179} INFO - Dependencies all met for <TaskInstance: download_rocket_launches.notify scheduled__2023-09-06T00:00:00+00:00 [queued]>
[2023-09-09 12:03:12,698] {taskinstance.py:1179} INFO - Dependencies all met for <TaskInstance: download_rocket_launches.notify scheduled__2023-09-06T00:00:00+00:00 [queued]>
[2023-09-09 12:03:12,698] {taskinstance.py:1376} INFO - 
--------------------------------------------------------------------------------
[2023-09-09 12:03:12,699] {taskinstance.py:1377} INFO - Starting attempt 1 of 1
[2023-09-09 12:03:12,699] {taskinstance.py:1378} INFO - 
--------------------------------------------------------------------------------
[2023-09-09 12:03:12,728] {taskinstance.py:1397} INFO - Executing <Task(BashOperator): notify> on 2023-09-06 00:00:00+00:00
[2023-09-09 12:03:12,733] {standard_task_runner.py:52} INFO - Started process 9234 to run task
[2023-09-09 12:03:12,750] {standard_task_runner.py:79} INFO - Running: ['***', 'tasks', 'run', 'download_rocket_launches', 'notify', 'scheduled__2023-09-06T00:00:00+00:00', '--job-id', '41', '--raw', '--subdir', 'DAGS_FOLDER/download_rocket_launches.py', '--cfg-path', '/tmp/tmpi7hoelgs', '--error-file', '/tmp/tmpgqawfzn4']
[2023-09-09 12:03:12,751] {standard_task_runner.py:80} INFO - Job 41: Subtask notify
[2023-09-09 12:03:12,860] {task_command.py:371} INFO - Running <TaskInstance: download_rocket_launches.notify scheduled__2023-09-06T00:00:00+00:00 [running]> on host b18943745c0d
[2023-09-09 12:03:12,961] {taskinstance.py:1591} INFO - Exporting the following env vars:
AIRFLOW_CTX_DAG_OWNER=***
AIRFLOW_CTX_DAG_ID=download_rocket_launches
AIRFLOW_CTX_TASK_ID=notify
AIRFLOW_CTX_EXECUTION_DATE=2023-09-06T00:00:00+00:00
AIRFLOW_CTX_TRY_NUMBER=1
AIRFLOW_CTX_DAG_RUN_ID=scheduled__2023-09-06T00:00:00+00:00
[2023-09-09 12:03:12,962] {subprocess.py:62} INFO - Tmp dir root location: 
 /tmp
[2023-09-09 12:03:12,963] {subprocess.py:74} INFO - Running command: ['bash', '-c', 'echo "There are now $(ls /tmp/images/ | wc -l) images."']
[2023-09-09 12:03:12,974] {subprocess.py:85} INFO - Output:
[2023-09-09 12:03:12,978] {subprocess.py:92} INFO - There are now 10 images.
[2023-09-09 12:03:12,979] {subprocess.py:96} INFO - Command exited with return code 0
[2023-09-09 12:03:13,015] {taskinstance.py:1420} INFO - Marking task as SUCCESS. dag_id=download_rocket_launches, task_id=notify, execution_date=20230906T000000, start_date=20230909T120312, end_date=20230909T120313
[2023-09-09 12:03:13,042] {local_task_job.py:156} INFO - Task exited with return code 0
[2023-09-09 12:03:13,076] {local_task_job.py:273} INFO - 0 downstream tasks scheduled from follow-on schedule check
