[2023-09-09 15:34:19,731] {taskinstance.py:1179} INFO - Dependencies all met for <TaskInstance: download_rocket_launches.get_pictures manual__2023-09-09T15:23:13.853908+00:00 [queued]>
[2023-09-09 15:34:19,758] {taskinstance.py:1179} INFO - Dependencies all met for <TaskInstance: download_rocket_launches.get_pictures manual__2023-09-09T15:23:13.853908+00:00 [queued]>
[2023-09-09 15:34:19,759] {taskinstance.py:1376} INFO - 
--------------------------------------------------------------------------------
[2023-09-09 15:34:19,759] {taskinstance.py:1377} INFO - Starting attempt 2 of 2
[2023-09-09 15:34:19,759] {taskinstance.py:1378} INFO - 
--------------------------------------------------------------------------------
[2023-09-09 15:34:19,793] {taskinstance.py:1397} INFO - Executing <Task(PythonOperator): get_pictures> on 2023-09-09 15:23:13.853908+00:00
[2023-09-09 15:34:19,801] {standard_task_runner.py:52} INFO - Started process 19499 to run task
[2023-09-09 15:34:19,810] {standard_task_runner.py:79} INFO - Running: ['***', 'tasks', 'run', 'download_rocket_launches', 'get_pictures', 'manual__2023-09-09T15:23:13.853908+00:00', '--job-id', '103', '--raw', '--subdir', 'DAGS_FOLDER/download_rocket_launches.py', '--cfg-path', '/tmp/tmpgxyywdtr', '--error-file', '/tmp/tmpn893zx40']
[2023-09-09 15:34:19,811] {standard_task_runner.py:80} INFO - Job 103: Subtask get_pictures
[2023-09-09 15:34:19,923] {task_command.py:371} INFO - Running <TaskInstance: download_rocket_launches.get_pictures manual__2023-09-09T15:23:13.853908+00:00 [running]> on host b18943745c0d
[2023-09-09 15:34:20,019] {taskinstance.py:1591} INFO - Exporting the following env vars:
AIRFLOW_CTX_DAG_OWNER=***
AIRFLOW_CTX_DAG_ID=download_rocket_launches
AIRFLOW_CTX_TASK_ID=get_pictures
AIRFLOW_CTX_EXECUTION_DATE=2023-09-09T15:23:13.853908+00:00
AIRFLOW_CTX_TRY_NUMBER=2
AIRFLOW_CTX_DAG_RUN_ID=manual__2023-09-09T15:23:13.853908+00:00
[2023-09-09 15:34:20,021] {logging_mixin.py:115} INFO - Absolute path of /tmp/images: /tmp/images
[2023-09-09 15:34:21,472] {logging_mixin.py:115} INFO - Downloaded https://spacelaunchnow-prod-east.nyc3.digitaloceanspaces.com/media/launch_images/falcon2520925_image_20230522085927.png to /tmp/images/falcon2520925_image_20230522085927.png
[2023-09-09 15:34:23,143] {logging_mixin.py:115} INFO - Downloaded https://spacelaunchnow-prod-east.nyc3.digitaloceanspaces.com/media/launcher_images/long_march_6a_image_20221109174525.png to /tmp/images/long_march_6a_image_20221109174525.png
[2023-09-09 15:34:24,579] {logging_mixin.py:115} INFO - Downloaded https://spacelaunchnow-prod-east.nyc3.digitaloceanspaces.com/media/launch_images/atlas2520v252_image_20230829061528.jpeg to /tmp/images/atlas2520v252_image_20230829061528.jpeg
[2023-09-09 15:34:26,041] {logging_mixin.py:115} INFO - Downloaded https://spacelaunchnow-prod-east.nyc3.digitaloceanspaces.com/media/launch_images/falcon2520925_image_20230710071854.png to /tmp/images/falcon2520925_image_20230710071854.png
[2023-09-09 15:34:27,397] {logging_mixin.py:115} INFO - Downloaded https://spacelaunchnow-prod-east.nyc3.digitaloceanspaces.com/media/launch_images/falcon2520925_image_20230522090549.png to /tmp/images/falcon2520925_image_20230522090549.png
[2023-09-09 15:34:28,872] {logging_mixin.py:115} INFO - Downloaded https://spacelaunchnow-prod-east.nyc3.digitaloceanspaces.com/media/launcher_images/soyuz_2.1a_image_20230805184309.jpg to /tmp/images/soyuz_2.1a_image_20230805184309.jpg
[2023-09-09 15:34:30,406] {logging_mixin.py:115} INFO - Downloaded https://spacelaunchnow-prod-east.nyc3.digitaloceanspaces.com/media/launcher_images/electron_image_20190705175640.jpeg to /tmp/images/electron_image_20190705175640.jpeg
[2023-09-09 15:34:31,535] {logging_mixin.py:115} INFO - Downloaded https://spacelaunchnow-prod-east.nyc3.digitaloceanspaces.com/media/launcher_images/long_march_4c_image_20230801172338.jpeg to /tmp/images/long_march_4c_image_20230801172338.jpeg
[2023-09-09 15:34:32,864] {logging_mixin.py:115} INFO - Downloaded https://spacelaunchnow-prod-east.nyc3.digitaloceanspaces.com/media/launcher_images/starship_image_20230523063525.jpeg to /tmp/images/starship_image_20230523063525.jpeg
[2023-09-09 15:34:34,404] {logging_mixin.py:115} INFO - Downloaded https://spacelaunchnow-prod-east.nyc3.digitaloceanspaces.com/media/launch_images/falcon2520925_image_20230710073235.png to /tmp/images/falcon2520925_image_20230710073235.png
[2023-09-09 15:34:34,405] {python.py:173} INFO - Done. Returned value was: None
[2023-09-09 15:34:34,420] {taskinstance.py:1420} INFO - Marking task as SUCCESS. dag_id=download_rocket_launches, task_id=get_pictures, execution_date=20230909T152313, start_date=20230909T153419, end_date=20230909T153434
[2023-09-09 15:34:34,466] {local_task_job.py:156} INFO - Task exited with return code 0
[2023-09-09 15:34:34,496] {local_task_job.py:273} INFO - 1 downstream tasks scheduled from follow-on schedule check
