[2023-09-11 16:21:49,117] {taskinstance.py:1179} INFO - Dependencies all met for <TaskInstance: INSERT_TO_PostgreOperator.get_data manual__2023-09-11T16:21:21.434202+00:00 [queued]>
[2023-09-11 16:21:49,128] {taskinstance.py:1179} INFO - Dependencies all met for <TaskInstance: INSERT_TO_PostgreOperator.get_data manual__2023-09-11T16:21:21.434202+00:00 [queued]>
[2023-09-11 16:21:49,128] {taskinstance.py:1376} INFO - 
--------------------------------------------------------------------------------
[2023-09-11 16:21:49,128] {taskinstance.py:1377} INFO - Starting attempt 1 of 1
[2023-09-11 16:21:49,128] {taskinstance.py:1378} INFO - 
--------------------------------------------------------------------------------
[2023-09-11 16:21:49,142] {taskinstance.py:1397} INFO - Executing <Task(PythonOperator): get_data> on 2023-09-11 16:21:21.434202+00:00
[2023-09-11 16:21:49,146] {standard_task_runner.py:52} INFO - Started process 14016 to run task
[2023-09-11 16:21:49,149] {standard_task_runner.py:79} INFO - Running: ['***', 'tasks', 'run', 'INSERT_TO_PostgreOperator', 'get_data', 'manual__2023-09-11T16:21:21.434202+00:00', '--job-id', '660', '--raw', '--subdir', 'DAGS_FOLDER/INSERT_TO_PostgreOperator.py', '--cfg-path', '/tmp/tmp8yyndclg', '--error-file', '/tmp/tmp13ik259x']
[2023-09-11 16:21:49,150] {standard_task_runner.py:80} INFO - Job 660: Subtask get_data
[2023-09-11 16:21:49,209] {task_command.py:371} INFO - Running <TaskInstance: INSERT_TO_PostgreOperator.get_data manual__2023-09-11T16:21:21.434202+00:00 [running]> on host b18943745c0d
[2023-09-11 16:21:49,241] {warnings.py:110} WARNING - /home/***/.local/lib/python3.7/site-packages/***/utils/context.py:202: AirflowContextDeprecationWarning: Accessing 'execution_date' from the template is deprecated and will be removed in a future version. Please use 'data_interval_start' or 'logical_date' instead.
  warnings.warn(_create_deprecation_warning(key, self._deprecation_replacements[key]))

[2023-09-11 16:21:49,276] {taskinstance.py:1591} INFO - Exporting the following env vars:
AIRFLOW_CTX_DAG_OWNER=***
AIRFLOW_CTX_DAG_ID=INSERT_TO_PostgreOperator
AIRFLOW_CTX_TASK_ID=get_data
AIRFLOW_CTX_EXECUTION_DATE=2023-09-11T16:21:21.434202+00:00
AIRFLOW_CTX_TRY_NUMBER=1
AIRFLOW_CTX_DAG_RUN_ID=manual__2023-09-11T16:21:21.434202+00:00
[2023-09-11 16:22:02,966] {python.py:173} INFO - Done. Returned value was: None
[2023-09-11 16:22:02,992] {taskinstance.py:1420} INFO - Marking task as SUCCESS. dag_id=INSERT_TO_PostgreOperator, task_id=get_data, execution_date=20230911T162121, start_date=20230911T162149, end_date=20230911T162202
[2023-09-11 16:22:03,040] {local_task_job.py:156} INFO - Task exited with return code 0
[2023-09-11 16:22:03,073] {local_task_job.py:273} INFO - 1 downstream tasks scheduled from follow-on schedule check
