[2023-09-09 15:57:48,438] {taskinstance.py:1179} INFO - Dependencies all met for <TaskInstance: download_rocket_launches.get_pictures manual__2023-09-09T15:57:45.676050+00:00 [queued]>
[2023-09-09 15:57:48,451] {taskinstance.py:1179} INFO - Dependencies all met for <TaskInstance: download_rocket_launches.get_pictures manual__2023-09-09T15:57:45.676050+00:00 [queued]>
[2023-09-09 15:57:48,451] {taskinstance.py:1376} INFO - 
--------------------------------------------------------------------------------
[2023-09-09 15:57:48,451] {taskinstance.py:1377} INFO - Starting attempt 1 of 1
[2023-09-09 15:57:48,451] {taskinstance.py:1378} INFO - 
--------------------------------------------------------------------------------
[2023-09-09 15:57:48,466] {taskinstance.py:1397} INFO - Executing <Task(PythonOperator): get_pictures> on 2023-09-09 15:57:45.676050+00:00
[2023-09-09 15:57:48,470] {standard_task_runner.py:52} INFO - Started process 20673 to run task
[2023-09-09 15:57:48,472] {standard_task_runner.py:79} INFO - Running: ['***', 'tasks', 'run', 'download_rocket_launches', 'get_pictures', 'manual__2023-09-09T15:57:45.676050+00:00', '--job-id', '118', '--raw', '--subdir', 'DAGS_FOLDER/download_rocket_launches.py', '--cfg-path', '/tmp/tmp8cr3rn9f', '--error-file', '/tmp/tmpa__8diet']
[2023-09-09 15:57:48,473] {standard_task_runner.py:80} INFO - Job 118: Subtask get_pictures
[2023-09-09 15:57:48,534] {task_command.py:371} INFO - Running <TaskInstance: download_rocket_launches.get_pictures manual__2023-09-09T15:57:45.676050+00:00 [running]> on host b18943745c0d
[2023-09-09 15:57:48,602] {taskinstance.py:1591} INFO - Exporting the following env vars:
AIRFLOW_CTX_DAG_OWNER=***
AIRFLOW_CTX_DAG_ID=download_rocket_launches
AIRFLOW_CTX_TASK_ID=get_pictures
AIRFLOW_CTX_EXECUTION_DATE=2023-09-09T15:57:45.676050+00:00
AIRFLOW_CTX_TRY_NUMBER=1
AIRFLOW_CTX_DAG_RUN_ID=manual__2023-09-09T15:57:45.676050+00:00
[2023-09-09 15:57:48,603] {taskinstance.py:1909} ERROR - Task failed with exception
Traceback (most recent call last):
  File "/home/airflow/.local/lib/python3.7/site-packages/airflow/operators/python.py", line 171, in execute
    return_value = self.execute_callable()
  File "/home/airflow/.local/lib/python3.7/site-packages/airflow/operators/python.py", line 189, in execute_callable
    return self.python_callable(*self.op_args, **self.op_kwargs)
  File "/opt/airflow/dags/download_rocket_launches.py", line 33, in _get_pictures
    with open("/tmp/images/launches.json") as f: # 이전 단계의 태스크 결과 확인
FileNotFoundError: [Errno 2] No such file or directory: '/tmp/images/launches.json'
[2023-09-09 15:57:48,613] {taskinstance.py:1420} INFO - Marking task as FAILED. dag_id=download_rocket_launches, task_id=get_pictures, execution_date=20230909T155745, start_date=20230909T155748, end_date=20230909T155748
[2023-09-09 15:57:48,625] {standard_task_runner.py:97} ERROR - Failed to execute job 118 for task get_pictures ([Errno 2] No such file or directory: '/tmp/images/launches.json'; 20673)
[2023-09-09 15:57:48,645] {local_task_job.py:156} INFO - Task exited with return code 1
[2023-09-09 15:57:48,684] {local_task_job.py:273} INFO - 0 downstream tasks scheduled from follow-on schedule check
