[2023-09-11 16:22:44,682] {taskinstance.py:1179} INFO - Dependencies all met for <TaskInstance: INSERT_TO_PostgreOperator.fetch_pageviews scheduled__2023-09-10T02:00:00+00:00 [queued]>
[2023-09-11 16:22:44,697] {taskinstance.py:1179} INFO - Dependencies all met for <TaskInstance: INSERT_TO_PostgreOperator.fetch_pageviews scheduled__2023-09-10T02:00:00+00:00 [queued]>
[2023-09-11 16:22:44,697] {taskinstance.py:1376} INFO - 
--------------------------------------------------------------------------------
[2023-09-11 16:22:44,697] {taskinstance.py:1377} INFO - Starting attempt 1 of 1
[2023-09-11 16:22:44,698] {taskinstance.py:1378} INFO - 
--------------------------------------------------------------------------------
[2023-09-11 16:22:44,715] {taskinstance.py:1397} INFO - Executing <Task(PythonOperator): fetch_pageviews> on 2023-09-10 02:00:00+00:00
[2023-09-11 16:22:44,723] {standard_task_runner.py:52} INFO - Started process 14079 to run task
[2023-09-11 16:22:44,728] {standard_task_runner.py:79} INFO - Running: ['***', 'tasks', 'run', 'INSERT_TO_PostgreOperator', 'fetch_pageviews', 'scheduled__2023-09-10T02:00:00+00:00', '--job-id', '668', '--raw', '--subdir', 'DAGS_FOLDER/INSERT_TO_PostgreOperator.py', '--cfg-path', '/tmp/tmpk9rsua7i', '--error-file', '/tmp/tmpfqcgm7l_']
[2023-09-11 16:22:44,729] {standard_task_runner.py:80} INFO - Job 668: Subtask fetch_pageviews
[2023-09-11 16:22:44,803] {task_command.py:371} INFO - Running <TaskInstance: INSERT_TO_PostgreOperator.fetch_pageviews scheduled__2023-09-10T02:00:00+00:00 [running]> on host b18943745c0d
[2023-09-11 16:22:44,885] {taskinstance.py:1591} INFO - Exporting the following env vars:
AIRFLOW_CTX_DAG_OWNER=***
AIRFLOW_CTX_DAG_ID=INSERT_TO_PostgreOperator
AIRFLOW_CTX_TASK_ID=fetch_pageviews
AIRFLOW_CTX_EXECUTION_DATE=2023-09-10T02:00:00+00:00
AIRFLOW_CTX_TRY_NUMBER=1
AIRFLOW_CTX_DAG_RUN_ID=scheduled__2023-09-10T02:00:00+00:00
[2023-09-11 16:22:46,894] {warnings.py:110} WARNING - /home/***/.local/lib/python3.7/site-packages/***/utils/context.py:290: AirflowContextDeprecationWarning: Accessing 'execution_date' from the template is deprecated and will be removed in a future version. Please use 'data_interval_start' or 'logical_date' instead.
  warnings.warn(_create_deprecation_warning(k, replacements))

[2023-09-11 16:22:46,894] {python.py:173} INFO - Done. Returned value was: None
[2023-09-11 16:22:46,911] {taskinstance.py:1420} INFO - Marking task as SUCCESS. dag_id=INSERT_TO_PostgreOperator, task_id=fetch_pageviews, execution_date=20230910T020000, start_date=20230911T162244, end_date=20230911T162246
[2023-09-11 16:22:46,953] {local_task_job.py:156} INFO - Task exited with return code 0
[2023-09-11 16:22:46,985] {local_task_job.py:273} INFO - 0 downstream tasks scheduled from follow-on schedule check
