[2023-09-09 12:02:52,830] {taskinstance.py:1179} INFO - Dependencies all met for <TaskInstance: download_rocket_launches.download_launchesAPI_using_bashcommand scheduled__2023-09-03T00:00:00+00:00 [queued]>
[2023-09-09 12:02:52,874] {taskinstance.py:1179} INFO - Dependencies all met for <TaskInstance: download_rocket_launches.download_launchesAPI_using_bashcommand scheduled__2023-09-03T00:00:00+00:00 [queued]>
[2023-09-09 12:02:52,875] {taskinstance.py:1376} INFO - 
--------------------------------------------------------------------------------
[2023-09-09 12:02:52,875] {taskinstance.py:1377} INFO - Starting attempt 1 of 1
[2023-09-09 12:02:52,875] {taskinstance.py:1378} INFO - 
--------------------------------------------------------------------------------
[2023-09-09 12:02:52,942] {taskinstance.py:1397} INFO - Executing <Task(BashOperator): download_launchesAPI_using_bashcommand> on 2023-09-03 00:00:00+00:00
[2023-09-09 12:02:52,952] {standard_task_runner.py:52} INFO - Started process 9144 to run task
[2023-09-09 12:02:53,010] {standard_task_runner.py:79} INFO - Running: ['***', 'tasks', 'run', 'download_rocket_launches', 'download_launchesAPI_using_bashcommand', 'scheduled__2023-09-03T00:00:00+00:00', '--job-id', '17', '--raw', '--subdir', 'DAGS_FOLDER/download_rocket_launches.py', '--cfg-path', '/tmp/tmp3tbvhl58', '--error-file', '/tmp/tmpgvhup1lo']
[2023-09-09 12:02:53,015] {standard_task_runner.py:80} INFO - Job 17: Subtask download_launchesAPI_using_bashcommand
[2023-09-09 12:02:53,254] {task_command.py:371} INFO - Running <TaskInstance: download_rocket_launches.download_launchesAPI_using_bashcommand scheduled__2023-09-03T00:00:00+00:00 [running]> on host b18943745c0d
[2023-09-09 12:02:53,582] {taskinstance.py:1591} INFO - Exporting the following env vars:
AIRFLOW_CTX_DAG_OWNER=***
AIRFLOW_CTX_DAG_ID=download_rocket_launches
AIRFLOW_CTX_TASK_ID=download_launchesAPI_using_bashcommand
AIRFLOW_CTX_EXECUTION_DATE=2023-09-03T00:00:00+00:00
AIRFLOW_CTX_TRY_NUMBER=1
AIRFLOW_CTX_DAG_RUN_ID=scheduled__2023-09-03T00:00:00+00:00
[2023-09-09 12:02:53,590] {subprocess.py:62} INFO - Tmp dir root location: 
 /tmp
[2023-09-09 12:02:53,596] {subprocess.py:74} INFO - Running command: ['bash', '-c', "curl -o /tmp/launches.json -L 'https://ll.thespacedevs.com/2.0.0/launch/upcoming'"]
[2023-09-09 12:02:53,660] {subprocess.py:85} INFO - Output:
[2023-09-09 12:02:53,686] {subprocess.py:92} INFO -   % Total    % Received % Xferd  Average Speed   Time    Time     Time  Current
[2023-09-09 12:02:53,687] {subprocess.py:92} INFO -                                  Dload  Upload   Total   Spent    Left  Speed
[2023-09-09 12:03:02,326] {subprocess.py:92} INFO -   0     0    0     0    0     0      0      0 --:--:-- --:--:-- --:--:--     0  0     0    0     0    0     0      0      0 --:--:--  0:00:01 --:--:--     0  0     0    0     0    0     0      0      0 --:--:--  0:00:02 --:--:--     0  0     0    0     0    0     0      0      0 --:--:--  0:00:03 --:--:--     0  0     0    0     0    0     0      0      0 --:--:--  0:00:04 --:--:--     0  0     0    0     0    0     0      0      0 --:--:--  0:00:05 --:--:--     0  0     0    0     0    0     0      0      0 --:--:--  0:00:06 --:--:--     0  0     0    0     0    0     0      0      0 --:--:--  0:00:07 --:--:--     0  0     0    0     0    0     0      0      0 --:--:--  0:00:08 --:--:--     0  0     0    0     0    0     0      0      0 --:--:--  0:00:08 --:--:--     0
[2023-09-09 12:03:02,860] {subprocess.py:92} INFO -   0 24569    0     0    0     0      0      0 --:--:--  0:00:09 --:--:--     0100 24569  100 24569    0     0   2677      0  0:00:09  0:00:09 --:--:--  142k
[2023-09-09 12:03:02,863] {subprocess.py:96} INFO - Command exited with return code 0
[2023-09-09 12:03:02,901] {taskinstance.py:1420} INFO - Marking task as SUCCESS. dag_id=download_rocket_launches, task_id=download_launchesAPI_using_bashcommand, execution_date=20230903T000000, start_date=20230909T120252, end_date=20230909T120302
[2023-09-09 12:03:02,933] {local_task_job.py:156} INFO - Task exited with return code 0
[2023-09-09 12:03:02,982] {local_task_job.py:273} INFO - 1 downstream tasks scheduled from follow-on schedule check
