[2023-09-09 15:33:57,718] {taskinstance.py:1179} INFO - Dependencies all met for <TaskInstance: download_rocket_launches.download_launchesAPI_using_bashcommand scheduled__2023-09-03T00:00:00+00:00 [queued]>
[2023-09-09 15:33:57,800] {taskinstance.py:1179} INFO - Dependencies all met for <TaskInstance: download_rocket_launches.download_launchesAPI_using_bashcommand scheduled__2023-09-03T00:00:00+00:00 [queued]>
[2023-09-09 15:33:57,801] {taskinstance.py:1376} INFO - 
--------------------------------------------------------------------------------
[2023-09-09 15:33:57,801] {taskinstance.py:1377} INFO - Starting attempt 2 of 2
[2023-09-09 15:33:57,801] {taskinstance.py:1378} INFO - 
--------------------------------------------------------------------------------
[2023-09-09 15:33:57,913] {taskinstance.py:1397} INFO - Executing <Task(BashOperator): download_launchesAPI_using_bashcommand> on 2023-09-03 00:00:00+00:00
[2023-09-09 15:33:57,919] {standard_task_runner.py:52} INFO - Started process 19359 to run task
[2023-09-09 15:33:57,951] {standard_task_runner.py:79} INFO - Running: ['***', 'tasks', 'run', 'download_rocket_launches', 'download_launchesAPI_using_bashcommand', 'scheduled__2023-09-03T00:00:00+00:00', '--job-id', '70', '--raw', '--subdir', 'DAGS_FOLDER/download_rocket_launches.py', '--cfg-path', '/tmp/tmpb3w927tq', '--error-file', '/tmp/tmpfrpyg8_z']
[2023-09-09 15:33:57,952] {standard_task_runner.py:80} INFO - Job 70: Subtask download_launchesAPI_using_bashcommand
[2023-09-09 15:33:58,315] {task_command.py:371} INFO - Running <TaskInstance: download_rocket_launches.download_launchesAPI_using_bashcommand scheduled__2023-09-03T00:00:00+00:00 [running]> on host b18943745c0d
[2023-09-09 15:33:58,547] {taskinstance.py:1591} INFO - Exporting the following env vars:
AIRFLOW_CTX_DAG_OWNER=***
AIRFLOW_CTX_DAG_ID=download_rocket_launches
AIRFLOW_CTX_TASK_ID=download_launchesAPI_using_bashcommand
AIRFLOW_CTX_EXECUTION_DATE=2023-09-03T00:00:00+00:00
AIRFLOW_CTX_TRY_NUMBER=2
AIRFLOW_CTX_DAG_RUN_ID=scheduled__2023-09-03T00:00:00+00:00
[2023-09-09 15:33:58,553] {subprocess.py:62} INFO - Tmp dir root location: 
 /tmp
[2023-09-09 15:33:58,555] {subprocess.py:74} INFO - Running command: ['bash', '-c', "curl -o /tmp/launches.json -L 'https://ll.thespacedevs.com/2.0.0/launch/upcoming'"]
[2023-09-09 15:33:58,621] {subprocess.py:85} INFO - Output:
[2023-09-09 15:33:58,664] {subprocess.py:92} INFO -   % Total    % Received % Xferd  Average Speed   Time    Time     Time  Current
[2023-09-09 15:33:58,665] {subprocess.py:92} INFO -                                  Dload  Upload   Total   Spent    Left  Speed
[2023-09-09 15:33:59,399] {subprocess.py:92} INFO -   0     0    0     0    0     0      0      0 --:--:-- --:--:-- --:--:--     0  0     0    0     0    0     0      0      0 --:--:-- --:--:-- --:--:--     0  0     0    0     0    0     0      0      0 --:--:-- --:--:-- --:--:--     0
[2023-09-09 15:33:59,793] {subprocess.py:92} INFO - 100 24568  100 24568    0     0  21760      0  0:00:01  0:00:01 --:--:-- 21760
[2023-09-09 15:33:59,809] {subprocess.py:96} INFO - Command exited with return code 0
[2023-09-09 15:33:59,965] {taskinstance.py:1420} INFO - Marking task as SUCCESS. dag_id=download_rocket_launches, task_id=download_launchesAPI_using_bashcommand, execution_date=20230903T000000, start_date=20230909T153357, end_date=20230909T153359
[2023-09-09 15:34:00,148] {local_task_job.py:156} INFO - Task exited with return code 0
[2023-09-09 15:34:00,377] {local_task_job.py:273} INFO - 1 downstream tasks scheduled from follow-on schedule check
