[2023-09-11 16:40:26,185] {taskinstance.py:1179} INFO - Dependencies all met for <TaskInstance: CallPostgreOperator.extract_gz scheduled__2023-09-10T02:00:00+00:00 [queued]>
[2023-09-11 16:40:26,196] {taskinstance.py:1179} INFO - Dependencies all met for <TaskInstance: CallPostgreOperator.extract_gz scheduled__2023-09-10T02:00:00+00:00 [queued]>
[2023-09-11 16:40:26,196] {taskinstance.py:1376} INFO - 
--------------------------------------------------------------------------------
[2023-09-11 16:40:26,196] {taskinstance.py:1377} INFO - Starting attempt 1 of 1
[2023-09-11 16:40:26,196] {taskinstance.py:1378} INFO - 
--------------------------------------------------------------------------------
[2023-09-11 16:40:26,211] {taskinstance.py:1397} INFO - Executing <Task(BashOperator): extract_gz> on 2023-09-10 02:00:00+00:00
[2023-09-11 16:40:26,216] {standard_task_runner.py:52} INFO - Started process 15159 to run task
[2023-09-11 16:40:26,219] {standard_task_runner.py:79} INFO - Running: ['***', 'tasks', 'run', 'CallPostgreOperator', 'extract_gz', 'scheduled__2023-09-10T02:00:00+00:00', '--job-id', '793', '--raw', '--subdir', 'DAGS_FOLDER/CallPostgreOperator.py', '--cfg-path', '/tmp/tmp8avt43pu', '--error-file', '/tmp/tmpo362_xt4']
[2023-09-11 16:40:26,220] {standard_task_runner.py:80} INFO - Job 793: Subtask extract_gz
[2023-09-11 16:40:26,288] {task_command.py:371} INFO - Running <TaskInstance: CallPostgreOperator.extract_gz scheduled__2023-09-10T02:00:00+00:00 [running]> on host b18943745c0d
[2023-09-11 16:40:26,363] {taskinstance.py:1591} INFO - Exporting the following env vars:
AIRFLOW_CTX_DAG_OWNER=***
AIRFLOW_CTX_DAG_ID=CallPostgreOperator
AIRFLOW_CTX_TASK_ID=extract_gz
AIRFLOW_CTX_EXECUTION_DATE=2023-09-10T02:00:00+00:00
AIRFLOW_CTX_TRY_NUMBER=1
AIRFLOW_CTX_DAG_RUN_ID=scheduled__2023-09-10T02:00:00+00:00
[2023-09-11 16:40:26,364] {subprocess.py:62} INFO - Tmp dir root location: 
 /tmp
[2023-09-11 16:40:26,365] {subprocess.py:74} INFO - Running command: ['bash', '-c', 'gunzip --force /tmp/wikipageviews.gz']
[2023-09-11 16:40:26,375] {subprocess.py:85} INFO - Output:
[2023-09-11 16:40:27,231] {subprocess.py:96} INFO - Command exited with return code 0
[2023-09-11 16:40:27,270] {taskinstance.py:1420} INFO - Marking task as SUCCESS. dag_id=CallPostgreOperator, task_id=extract_gz, execution_date=20230910T020000, start_date=20230911T164026, end_date=20230911T164027
[2023-09-11 16:40:27,316] {local_task_job.py:156} INFO - Task exited with return code 0
[2023-09-11 16:40:27,356] {local_task_job.py:273} INFO - 1 downstream tasks scheduled from follow-on schedule check
