[2023-09-11 23:00:21,963] {taskinstance.py:1179} INFO - Dependencies all met for <TaskInstance: BigTechCompanyCount.fetch_pageviews scheduled__2023-09-11T22:00:00+00:00 [queued]>
[2023-09-11 23:00:21,975] {taskinstance.py:1179} INFO - Dependencies all met for <TaskInstance: BigTechCompanyCount.fetch_pageviews scheduled__2023-09-11T22:00:00+00:00 [queued]>
[2023-09-11 23:00:21,975] {taskinstance.py:1376} INFO - 
--------------------------------------------------------------------------------
[2023-09-11 23:00:21,975] {taskinstance.py:1377} INFO - Starting attempt 1 of 1
[2023-09-11 23:00:21,975] {taskinstance.py:1378} INFO - 
--------------------------------------------------------------------------------
[2023-09-11 23:00:21,990] {taskinstance.py:1397} INFO - Executing <Task(PythonOperator): fetch_pageviews> on 2023-09-11 22:00:00+00:00
[2023-09-11 23:00:21,997] {standard_task_runner.py:52} INFO - Started process 18471 to run task
[2023-09-11 23:00:22,000] {standard_task_runner.py:79} INFO - Running: ['***', 'tasks', 'run', 'BigTechCompanyCount', 'fetch_pageviews', 'scheduled__2023-09-11T22:00:00+00:00', '--job-id', '891', '--raw', '--subdir', 'DAGS_FOLDER/BigTechCompanyCount.py', '--cfg-path', '/tmp/tmpiciy_r7w', '--error-file', '/tmp/tmpa5a7qiq2']
[2023-09-11 23:00:22,001] {standard_task_runner.py:80} INFO - Job 891: Subtask fetch_pageviews
[2023-09-11 23:00:22,075] {task_command.py:371} INFO - Running <TaskInstance: BigTechCompanyCount.fetch_pageviews scheduled__2023-09-11T22:00:00+00:00 [running]> on host b18943745c0d
[2023-09-11 23:00:22,154] {taskinstance.py:1591} INFO - Exporting the following env vars:
AIRFLOW_CTX_DAG_OWNER=***
AIRFLOW_CTX_DAG_ID=BigTechCompanyCount
AIRFLOW_CTX_TASK_ID=fetch_pageviews
AIRFLOW_CTX_EXECUTION_DATE=2023-09-11T22:00:00+00:00
AIRFLOW_CTX_TRY_NUMBER=1
AIRFLOW_CTX_DAG_RUN_ID=scheduled__2023-09-11T22:00:00+00:00
[2023-09-11 23:00:25,090] {logging_mixin.py:115} INFO - {'Amazon': '33', 'Microsoft': '202', 'Apple': '61', 'Google': '894', 'Facebook': '636'}
[2023-09-11 23:00:25,091] {python.py:173} INFO - Done. Returned value was: None
[2023-09-11 23:00:25,105] {taskinstance.py:1420} INFO - Marking task as SUCCESS. dag_id=BigTechCompanyCount, task_id=fetch_pageviews, execution_date=20230911T220000, start_date=20230911T230021, end_date=20230911T230025
[2023-09-11 23:00:25,146] {local_task_job.py:156} INFO - Task exited with return code 0
[2023-09-11 23:00:25,179] {local_task_job.py:273} INFO - 0 downstream tasks scheduled from follow-on schedule check
