[2023-09-09 15:57:46,438] {taskinstance.py:1179} INFO - Dependencies all met for <TaskInstance: download_rocket_launches.download_launchesAPI_using_bashcommand manual__2023-09-09T15:57:45.676050+00:00 [queued]>
[2023-09-09 15:57:46,449] {taskinstance.py:1179} INFO - Dependencies all met for <TaskInstance: download_rocket_launches.download_launchesAPI_using_bashcommand manual__2023-09-09T15:57:45.676050+00:00 [queued]>
[2023-09-09 15:57:46,449] {taskinstance.py:1376} INFO - 
--------------------------------------------------------------------------------
[2023-09-09 15:57:46,449] {taskinstance.py:1377} INFO - Starting attempt 1 of 1
[2023-09-09 15:57:46,449] {taskinstance.py:1378} INFO - 
--------------------------------------------------------------------------------
[2023-09-09 15:57:46,466] {taskinstance.py:1397} INFO - Executing <Task(BashOperator): download_launchesAPI_using_bashcommand> on 2023-09-09 15:57:45.676050+00:00
[2023-09-09 15:57:46,469] {standard_task_runner.py:52} INFO - Started process 20669 to run task
[2023-09-09 15:57:46,472] {standard_task_runner.py:79} INFO - Running: ['***', 'tasks', 'run', 'download_rocket_launches', 'download_launchesAPI_using_bashcommand', 'manual__2023-09-09T15:57:45.676050+00:00', '--job-id', '117', '--raw', '--subdir', 'DAGS_FOLDER/download_rocket_launches.py', '--cfg-path', '/tmp/tmp0noueo4n', '--error-file', '/tmp/tmp6vovvzr7']
[2023-09-09 15:57:46,473] {standard_task_runner.py:80} INFO - Job 117: Subtask download_launchesAPI_using_bashcommand
[2023-09-09 15:57:46,534] {task_command.py:371} INFO - Running <TaskInstance: download_rocket_launches.download_launchesAPI_using_bashcommand manual__2023-09-09T15:57:45.676050+00:00 [running]> on host b18943745c0d
[2023-09-09 15:57:46,604] {taskinstance.py:1591} INFO - Exporting the following env vars:
AIRFLOW_CTX_DAG_OWNER=***
AIRFLOW_CTX_DAG_ID=download_rocket_launches
AIRFLOW_CTX_TASK_ID=download_launchesAPI_using_bashcommand
AIRFLOW_CTX_EXECUTION_DATE=2023-09-09T15:57:45.676050+00:00
AIRFLOW_CTX_TRY_NUMBER=1
AIRFLOW_CTX_DAG_RUN_ID=manual__2023-09-09T15:57:45.676050+00:00
[2023-09-09 15:57:46,605] {subprocess.py:62} INFO - Tmp dir root location: 
 /tmp
[2023-09-09 15:57:46,605] {subprocess.py:74} INFO - Running command: ['bash', '-c', "curl -o /tmp/launches.json -L 'https://ll.thespacedevs.com/2.0.0/launch/upcoming'"]
[2023-09-09 15:57:46,613] {subprocess.py:85} INFO - Output:
[2023-09-09 15:57:46,620] {subprocess.py:92} INFO -   % Total    % Received % Xferd  Average Speed   Time    Time     Time  Current
[2023-09-09 15:57:46,620] {subprocess.py:92} INFO -                                  Dload  Upload   Total   Spent    Left  Speed
[2023-09-09 15:57:47,282] {subprocess.py:92} INFO -   0     0    0     0    0     0      0      0 --:--:-- --:--:-- --:--:--     0  0     0    0     0    0     0      0      0 --:--:-- --:--:-- --:--:--     0  0     0    0     0    0     0      0      0 --:--:-- --:--:-- --:--:--     0
[2023-09-09 15:57:47,966] {subprocess.py:92} INFO - 100 24568  100 24568    0     0  18266      0  0:00:01  0:00:01 --:--:-- 18266
[2023-09-09 15:57:47,968] {subprocess.py:96} INFO - Command exited with return code 0
[2023-09-09 15:57:47,999] {taskinstance.py:1420} INFO - Marking task as SUCCESS. dag_id=download_rocket_launches, task_id=download_launchesAPI_using_bashcommand, execution_date=20230909T155745, start_date=20230909T155746, end_date=20230909T155747
[2023-09-09 15:57:48,052] {local_task_job.py:156} INFO - Task exited with return code 0
[2023-09-09 15:57:48,090] {local_task_job.py:273} INFO - 1 downstream tasks scheduled from follow-on schedule check
