[2023-09-12 05:07:19,376] {taskinstance.py:1179} INFO - Dependencies all met for <TaskInstance: CallPostgreOperator.get_data scheduled__2023-09-11T23:00:00+00:00 [queued]>
[2023-09-12 05:07:19,388] {taskinstance.py:1179} INFO - Dependencies all met for <TaskInstance: CallPostgreOperator.get_data scheduled__2023-09-11T23:00:00+00:00 [queued]>
[2023-09-12 05:07:19,388] {taskinstance.py:1376} INFO - 
--------------------------------------------------------------------------------
[2023-09-12 05:07:19,388] {taskinstance.py:1377} INFO - Starting attempt 1 of 1
[2023-09-12 05:07:19,388] {taskinstance.py:1378} INFO - 
--------------------------------------------------------------------------------
[2023-09-12 05:07:19,405] {taskinstance.py:1397} INFO - Executing <Task(PythonOperator): get_data> on 2023-09-11 23:00:00+00:00
[2023-09-12 05:07:19,409] {standard_task_runner.py:52} INFO - Started process 1928 to run task
[2023-09-12 05:07:19,413] {standard_task_runner.py:79} INFO - Running: ['***', 'tasks', 'run', 'CallPostgreOperator', 'get_data', 'scheduled__2023-09-11T23:00:00+00:00', '--job-id', '1048', '--raw', '--subdir', 'DAGS_FOLDER/CallPostgreOperator.py', '--cfg-path', '/tmp/tmpukhdnord', '--error-file', '/tmp/tmpt78ln79g']
[2023-09-12 05:07:19,413] {standard_task_runner.py:80} INFO - Job 1048: Subtask get_data
[2023-09-12 05:07:19,480] {task_command.py:371} INFO - Running <TaskInstance: CallPostgreOperator.get_data scheduled__2023-09-11T23:00:00+00:00 [running]> on host b18943745c0d
[2023-09-12 05:07:19,515] {warnings.py:110} WARNING - /home/***/.local/lib/python3.7/site-packages/***/utils/context.py:202: AirflowContextDeprecationWarning: Accessing 'execution_date' from the template is deprecated and will be removed in a future version. Please use 'data_interval_start' or 'logical_date' instead.
  warnings.warn(_create_deprecation_warning(key, self._deprecation_replacements[key]))

[2023-09-12 05:07:19,596] {taskinstance.py:1591} INFO - Exporting the following env vars:
AIRFLOW_CTX_DAG_OWNER=***
AIRFLOW_CTX_DAG_ID=CallPostgreOperator
AIRFLOW_CTX_TASK_ID=get_data
AIRFLOW_CTX_EXECUTION_DATE=2023-09-11T23:00:00+00:00
AIRFLOW_CTX_TRY_NUMBER=1
AIRFLOW_CTX_DAG_RUN_ID=scheduled__2023-09-11T23:00:00+00:00
[2023-09-12 05:07:19,597] {logging_mixin.py:115} INFO - 현재 전달된 url은 https://dumps.wikimedia.org/other/pageviews/2022/2022-09/pageviews-20220911-230000.gz 이다.
[2023-09-12 05:07:31,261] {python.py:173} INFO - Done. Returned value was: None
[2023-09-12 05:07:31,275] {taskinstance.py:1420} INFO - Marking task as SUCCESS. dag_id=CallPostgreOperator, task_id=get_data, execution_date=20230911T230000, start_date=20230912T050719, end_date=20230912T050731
[2023-09-12 05:07:31,300] {local_task_job.py:156} INFO - Task exited with return code 0
[2023-09-12 05:07:31,338] {local_task_job.py:273} INFO - 1 downstream tasks scheduled from follow-on schedule check
