[2023-09-11 06:30:18,658] {taskinstance.py:1179} INFO - Dependencies all met for <TaskInstance: Examine_Templet_Value.get_data scheduled__2023-09-10T00:00:00+00:00 [queued]>
[2023-09-11 06:30:18,715] {taskinstance.py:1179} INFO - Dependencies all met for <TaskInstance: Examine_Templet_Value.get_data scheduled__2023-09-10T00:00:00+00:00 [queued]>
[2023-09-11 06:30:18,716] {taskinstance.py:1376} INFO - 
--------------------------------------------------------------------------------
[2023-09-11 06:30:18,717] {taskinstance.py:1377} INFO - Starting attempt 1 of 1
[2023-09-11 06:30:18,718] {taskinstance.py:1378} INFO - 
--------------------------------------------------------------------------------
[2023-09-11 06:30:18,794] {taskinstance.py:1397} INFO - Executing <Task(PythonOperator): get_data> on 2023-09-10 00:00:00+00:00
[2023-09-11 06:30:18,823] {standard_task_runner.py:52} INFO - Started process 100 to run task
[2023-09-11 06:30:18,867] {standard_task_runner.py:79} INFO - Running: ['***', 'tasks', 'run', 'Examine_Templet_Value', 'get_data', 'scheduled__2023-09-10T00:00:00+00:00', '--job-id', '140', '--raw', '--subdir', 'DAGS_FOLDER/Examine_Templet_Value.py', '--cfg-path', '/tmp/tmp6p0o2km5', '--error-file', '/tmp/tmpgcj1_8_s']
[2023-09-11 06:30:18,869] {standard_task_runner.py:80} INFO - Job 140: Subtask get_data
[2023-09-11 06:30:19,565] {task_command.py:371} INFO - Running <TaskInstance: Examine_Templet_Value.get_data scheduled__2023-09-10T00:00:00+00:00 [running]> on host b18943745c0d
[2023-09-11 06:30:20,288] {warnings.py:110} WARNING - /home/***/.local/lib/python3.7/site-packages/***/utils/context.py:202: AirflowContextDeprecationWarning: Accessing 'execution_date' from the template is deprecated and will be removed in a future version. Please use 'data_interval_start' or 'logical_date' instead.
  warnings.warn(_create_deprecation_warning(key, self._deprecation_replacements[key]))

[2023-09-11 06:30:20,617] {taskinstance.py:1591} INFO - Exporting the following env vars:
AIRFLOW_CTX_DAG_OWNER=***
AIRFLOW_CTX_DAG_ID=Examine_Templet_Value
AIRFLOW_CTX_TASK_ID=get_data
AIRFLOW_CTX_EXECUTION_DATE=2023-09-10T00:00:00+00:00
AIRFLOW_CTX_TRY_NUMBER=1
AIRFLOW_CTX_DAG_RUN_ID=scheduled__2023-09-10T00:00:00+00:00
[2023-09-11 06:30:32,634] {python.py:173} INFO - Done. Returned value was: None
[2023-09-11 06:30:32,735] {taskinstance.py:1420} INFO - Marking task as SUCCESS. dag_id=Examine_Templet_Value, task_id=get_data, execution_date=20230910T000000, start_date=20230911T063018, end_date=20230911T063032
[2023-09-11 06:30:32,871] {local_task_job.py:156} INFO - Task exited with return code 0
[2023-09-11 06:30:32,971] {local_task_job.py:273} INFO - 0 downstream tasks scheduled from follow-on schedule check
[2023-09-11 06:48:31,735] {taskinstance.py:1179} INFO - Dependencies all met for <TaskInstance: Examine_Templet_Value.get_data scheduled__2023-09-10T00:00:00+00:00 [queued]>
[2023-09-11 06:48:31,772] {taskinstance.py:1179} INFO - Dependencies all met for <TaskInstance: Examine_Templet_Value.get_data scheduled__2023-09-10T00:00:00+00:00 [queued]>
[2023-09-11 06:48:31,772] {taskinstance.py:1376} INFO - 
--------------------------------------------------------------------------------
[2023-09-11 06:48:31,772] {taskinstance.py:1377} INFO - Starting attempt 1 of 1
[2023-09-11 06:48:31,773] {taskinstance.py:1378} INFO - 
--------------------------------------------------------------------------------
[2023-09-11 06:48:31,842] {taskinstance.py:1397} INFO - Executing <Task(PythonOperator): get_data> on 2023-09-10 00:00:00+00:00
[2023-09-11 06:48:31,859] {standard_task_runner.py:52} INFO - Started process 922 to run task
[2023-09-11 06:48:31,871] {standard_task_runner.py:79} INFO - Running: ['***', 'tasks', 'run', 'Examine_Templet_Value', 'get_data', 'scheduled__2023-09-10T00:00:00+00:00', '--job-id', '172', '--raw', '--subdir', 'DAGS_FOLDER/Examine_Templet_Value.py', '--cfg-path', '/tmp/tmp1f9ki7wf', '--error-file', '/tmp/tmpmyv_s6og']
[2023-09-11 06:48:31,872] {standard_task_runner.py:80} INFO - Job 172: Subtask get_data
[2023-09-11 06:48:32,100] {task_command.py:371} INFO - Running <TaskInstance: Examine_Templet_Value.get_data scheduled__2023-09-10T00:00:00+00:00 [running]> on host b18943745c0d
[2023-09-11 06:48:32,283] {warnings.py:110} WARNING - /home/***/.local/lib/python3.7/site-packages/***/utils/context.py:202: AirflowContextDeprecationWarning: Accessing 'execution_date' from the template is deprecated and will be removed in a future version. Please use 'data_interval_start' or 'logical_date' instead.
  warnings.warn(_create_deprecation_warning(key, self._deprecation_replacements[key]))

[2023-09-11 06:48:32,465] {taskinstance.py:1591} INFO - Exporting the following env vars:
AIRFLOW_CTX_DAG_OWNER=***
AIRFLOW_CTX_DAG_ID=Examine_Templet_Value
AIRFLOW_CTX_TASK_ID=get_data
AIRFLOW_CTX_EXECUTION_DATE=2023-09-10T00:00:00+00:00
AIRFLOW_CTX_TRY_NUMBER=1
AIRFLOW_CTX_DAG_RUN_ID=scheduled__2023-09-10T00:00:00+00:00
[2023-09-11 06:48:47,187] {python.py:173} INFO - Done. Returned value was: None
[2023-09-11 06:48:47,255] {taskinstance.py:1420} INFO - Marking task as SUCCESS. dag_id=Examine_Templet_Value, task_id=get_data, execution_date=20230910T000000, start_date=20230911T064831, end_date=20230911T064847
[2023-09-11 06:48:47,507] {local_task_job.py:156} INFO - Task exited with return code 0
[2023-09-11 06:48:47,832] {local_task_job.py:273} INFO - 0 downstream tasks scheduled from follow-on schedule check
