[2023-09-11 12:00:46,696] {taskinstance.py:1179} INFO - Dependencies all met for <TaskInstance: listing_4_18.extract_gz scheduled__2023-09-11T06:00:00+00:00 [queued]>
[2023-09-11 12:00:46,711] {taskinstance.py:1179} INFO - Dependencies all met for <TaskInstance: listing_4_18.extract_gz scheduled__2023-09-11T06:00:00+00:00 [queued]>
[2023-09-11 12:00:46,712] {taskinstance.py:1376} INFO - 
--------------------------------------------------------------------------------
[2023-09-11 12:00:46,712] {taskinstance.py:1377} INFO - Starting attempt 1 of 1
[2023-09-11 12:00:46,712] {taskinstance.py:1378} INFO - 
--------------------------------------------------------------------------------
[2023-09-11 12:00:46,730] {taskinstance.py:1397} INFO - Executing <Task(BashOperator): extract_gz> on 2023-09-11 06:00:00+00:00
[2023-09-11 12:00:46,736] {standard_task_runner.py:52} INFO - Started process 1302 to run task
[2023-09-11 12:00:46,739] {standard_task_runner.py:79} INFO - Running: ['***', 'tasks', 'run', 'listing_4_18', 'extract_gz', 'scheduled__2023-09-11T06:00:00+00:00', '--job-id', '505', '--raw', '--subdir', 'DAGS_FOLDER/listing_4_18.py', '--cfg-path', '/tmp/tmprcnliax6', '--error-file', '/tmp/tmpc9g185ua']
[2023-09-11 12:00:46,739] {standard_task_runner.py:80} INFO - Job 505: Subtask extract_gz
[2023-09-11 12:00:46,814] {task_command.py:371} INFO - Running <TaskInstance: listing_4_18.extract_gz scheduled__2023-09-11T06:00:00+00:00 [running]> on host b18943745c0d
[2023-09-11 12:00:46,899] {taskinstance.py:1591} INFO - Exporting the following env vars:
AIRFLOW_CTX_DAG_OWNER=***
AIRFLOW_CTX_DAG_ID=listing_4_18
AIRFLOW_CTX_TASK_ID=extract_gz
AIRFLOW_CTX_EXECUTION_DATE=2023-09-11T06:00:00+00:00
AIRFLOW_CTX_TRY_NUMBER=1
AIRFLOW_CTX_DAG_RUN_ID=scheduled__2023-09-11T06:00:00+00:00
[2023-09-11 12:00:46,900] {subprocess.py:62} INFO - Tmp dir root location: 
 /tmp
[2023-09-11 12:00:46,901] {subprocess.py:74} INFO - Running command: ['bash', '-c', 'gunzip --force /tmp/wikipageviews.gz']
[2023-09-11 12:00:46,913] {subprocess.py:85} INFO - Output:
[2023-09-11 12:00:47,658] {subprocess.py:92} INFO - 
[2023-09-11 12:00:47,658] {subprocess.py:92} INFO - gzip: /tmp/wikipageviews.gz: invalid compressed data--format violated
[2023-09-11 12:00:47,673] {subprocess.py:96} INFO - Command exited with return code 1
[2023-09-11 12:00:47,689] {taskinstance.py:1909} ERROR - Task failed with exception
Traceback (most recent call last):
  File "/home/airflow/.local/lib/python3.7/site-packages/airflow/operators/bash.py", line 195, in execute
    f'Bash command failed. The command returned a non-zero exit code {result.exit_code}.'
airflow.exceptions.AirflowException: Bash command failed. The command returned a non-zero exit code 1.
[2023-09-11 12:00:47,693] {taskinstance.py:1420} INFO - Marking task as FAILED. dag_id=listing_4_18, task_id=extract_gz, execution_date=20230911T060000, start_date=20230911T120046, end_date=20230911T120047
[2023-09-11 12:00:47,712] {standard_task_runner.py:97} ERROR - Failed to execute job 505 for task extract_gz (Bash command failed. The command returned a non-zero exit code 1.; 1302)
[2023-09-11 12:00:47,755] {local_task_job.py:156} INFO - Task exited with return code 1
[2023-09-11 12:00:47,799] {local_task_job.py:273} INFO - 0 downstream tasks scheduled from follow-on schedule check
