[2023-09-11 12:00:34,950] {taskinstance.py:1179} INFO - Dependencies all met for <TaskInstance: listing_4_18.get_data scheduled__2023-09-11T06:00:00+00:00 [queued]>
[2023-09-11 12:00:34,964] {taskinstance.py:1179} INFO - Dependencies all met for <TaskInstance: listing_4_18.get_data scheduled__2023-09-11T06:00:00+00:00 [queued]>
[2023-09-11 12:00:34,964] {taskinstance.py:1376} INFO - 
--------------------------------------------------------------------------------
[2023-09-11 12:00:34,964] {taskinstance.py:1377} INFO - Starting attempt 1 of 1
[2023-09-11 12:00:34,964] {taskinstance.py:1378} INFO - 
--------------------------------------------------------------------------------
[2023-09-11 12:00:34,980] {taskinstance.py:1397} INFO - Executing <Task(PythonOperator): get_data> on 2023-09-11 06:00:00+00:00
[2023-09-11 12:00:35,011] {standard_task_runner.py:52} INFO - Started process 1282 to run task
[2023-09-11 12:00:35,022] {standard_task_runner.py:79} INFO - Running: ['***', 'tasks', 'run', 'listing_4_18', 'get_data', 'scheduled__2023-09-11T06:00:00+00:00', '--job-id', '501', '--raw', '--subdir', 'DAGS_FOLDER/listing_4_18.py', '--cfg-path', '/tmp/tmpa94ria20', '--error-file', '/tmp/tmpqyvkklo1']
[2023-09-11 12:00:35,023] {standard_task_runner.py:80} INFO - Job 501: Subtask get_data
[2023-09-11 12:00:35,119] {task_command.py:371} INFO - Running <TaskInstance: listing_4_18.get_data scheduled__2023-09-11T06:00:00+00:00 [running]> on host b18943745c0d
[2023-09-11 12:00:35,165] {warnings.py:110} WARNING - /home/***/.local/lib/python3.7/site-packages/***/utils/context.py:202: AirflowContextDeprecationWarning: Accessing 'execution_date' from the template is deprecated and will be removed in a future version. Please use 'data_interval_start' or 'logical_date' instead.
  warnings.warn(_create_deprecation_warning(key, self._deprecation_replacements[key]))

[2023-09-11 12:00:35,222] {taskinstance.py:1591} INFO - Exporting the following env vars:
AIRFLOW_CTX_DAG_OWNER=***
AIRFLOW_CTX_DAG_ID=listing_4_18
AIRFLOW_CTX_TASK_ID=get_data
AIRFLOW_CTX_EXECUTION_DATE=2023-09-11T06:00:00+00:00
AIRFLOW_CTX_TRY_NUMBER=1
AIRFLOW_CTX_DAG_RUN_ID=scheduled__2023-09-11T06:00:00+00:00
[2023-09-11 12:00:46,099] {python.py:173} INFO - Done. Returned value was: None
[2023-09-11 12:00:46,118] {taskinstance.py:1420} INFO - Marking task as SUCCESS. dag_id=listing_4_18, task_id=get_data, execution_date=20230911T060000, start_date=20230911T120034, end_date=20230911T120046
[2023-09-11 12:00:46,147] {local_task_job.py:156} INFO - Task exited with return code 0
[2023-09-11 12:00:46,186] {local_task_job.py:273} INFO - 1 downstream tasks scheduled from follow-on schedule check
