[2023-09-12 05:05:22,144] {taskinstance.py:1179} INFO - Dependencies all met for <TaskInstance: CallPostgreOperator.extract_gz scheduled__2023-09-11T19:00:00+00:00 [queued]>
[2023-09-12 05:05:22,164] {taskinstance.py:1179} INFO - Dependencies all met for <TaskInstance: CallPostgreOperator.extract_gz scheduled__2023-09-11T19:00:00+00:00 [queued]>
[2023-09-12 05:05:22,164] {taskinstance.py:1376} INFO - 
--------------------------------------------------------------------------------
[2023-09-12 05:05:22,164] {taskinstance.py:1377} INFO - Starting attempt 1 of 1
[2023-09-12 05:05:22,164] {taskinstance.py:1378} INFO - 
--------------------------------------------------------------------------------
[2023-09-12 05:05:22,194] {taskinstance.py:1397} INFO - Executing <Task(BashOperator): extract_gz> on 2023-09-11 19:00:00+00:00
[2023-09-12 05:05:22,200] {standard_task_runner.py:52} INFO - Started process 1794 to run task
[2023-09-12 05:05:22,207] {standard_task_runner.py:79} INFO - Running: ['***', 'tasks', 'run', 'CallPostgreOperator', 'extract_gz', 'scheduled__2023-09-11T19:00:00+00:00', '--job-id', '1029', '--raw', '--subdir', 'DAGS_FOLDER/CallPostgreOperator.py', '--cfg-path', '/tmp/tmp23r1ex9w', '--error-file', '/tmp/tmpa0e6g0h9']
[2023-09-12 05:05:22,207] {standard_task_runner.py:80} INFO - Job 1029: Subtask extract_gz
[2023-09-12 05:05:22,330] {task_command.py:371} INFO - Running <TaskInstance: CallPostgreOperator.extract_gz scheduled__2023-09-11T19:00:00+00:00 [running]> on host b18943745c0d
[2023-09-12 05:05:22,458] {taskinstance.py:1591} INFO - Exporting the following env vars:
AIRFLOW_CTX_DAG_OWNER=***
AIRFLOW_CTX_DAG_ID=CallPostgreOperator
AIRFLOW_CTX_TASK_ID=extract_gz
AIRFLOW_CTX_EXECUTION_DATE=2023-09-11T19:00:00+00:00
AIRFLOW_CTX_TRY_NUMBER=1
AIRFLOW_CTX_DAG_RUN_ID=scheduled__2023-09-11T19:00:00+00:00
[2023-09-12 05:05:22,460] {subprocess.py:62} INFO - Tmp dir root location: 
 /tmp
[2023-09-12 05:05:22,461] {subprocess.py:74} INFO - Running command: ['bash', '-c', 'gunzip --force /tmp/wikipageviews.gz']
[2023-09-12 05:05:22,475] {subprocess.py:85} INFO - Output:
[2023-09-12 05:05:25,380] {subprocess.py:96} INFO - Command exited with return code 0
[2023-09-12 05:05:25,429] {taskinstance.py:1420} INFO - Marking task as SUCCESS. dag_id=CallPostgreOperator, task_id=extract_gz, execution_date=20230911T190000, start_date=20230912T050522, end_date=20230912T050525
[2023-09-12 05:05:25,475] {local_task_job.py:156} INFO - Task exited with return code 0
[2023-09-12 05:05:25,534] {local_task_job.py:273} INFO - 1 downstream tasks scheduled from follow-on schedule check
