[2023-09-09 15:33:54,929] {taskinstance.py:1179} INFO - Dependencies all met for <TaskInstance: download_rocket_launches.download_launchesAPI_using_bashcommand scheduled__2023-09-06T00:00:00+00:00 [queued]>
[2023-09-09 15:33:55,133] {taskinstance.py:1179} INFO - Dependencies all met for <TaskInstance: download_rocket_launches.download_launchesAPI_using_bashcommand scheduled__2023-09-06T00:00:00+00:00 [queued]>
[2023-09-09 15:33:55,133] {taskinstance.py:1376} INFO - 
--------------------------------------------------------------------------------
[2023-09-09 15:33:55,134] {taskinstance.py:1377} INFO - Starting attempt 2 of 2
[2023-09-09 15:33:55,134] {taskinstance.py:1378} INFO - 
--------------------------------------------------------------------------------
[2023-09-09 15:33:55,264] {taskinstance.py:1397} INFO - Executing <Task(BashOperator): download_launchesAPI_using_bashcommand> on 2023-09-06 00:00:00+00:00
[2023-09-09 15:33:55,298] {standard_task_runner.py:52} INFO - Started process 19324 to run task
[2023-09-09 15:33:55,486] {standard_task_runner.py:79} INFO - Running: ['***', 'tasks', 'run', 'download_rocket_launches', 'download_launchesAPI_using_bashcommand', 'scheduled__2023-09-06T00:00:00+00:00', '--job-id', '65', '--raw', '--subdir', 'DAGS_FOLDER/download_rocket_launches.py', '--cfg-path', '/tmp/tmpgahnqber', '--error-file', '/tmp/tmpgumw614h']
[2023-09-09 15:33:55,506] {standard_task_runner.py:80} INFO - Job 65: Subtask download_launchesAPI_using_bashcommand
[2023-09-09 15:33:56,405] {task_command.py:371} INFO - Running <TaskInstance: download_rocket_launches.download_launchesAPI_using_bashcommand scheduled__2023-09-06T00:00:00+00:00 [running]> on host b18943745c0d
[2023-09-09 15:33:56,919] {taskinstance.py:1591} INFO - Exporting the following env vars:
AIRFLOW_CTX_DAG_OWNER=***
AIRFLOW_CTX_DAG_ID=download_rocket_launches
AIRFLOW_CTX_TASK_ID=download_launchesAPI_using_bashcommand
AIRFLOW_CTX_EXECUTION_DATE=2023-09-06T00:00:00+00:00
AIRFLOW_CTX_TRY_NUMBER=2
AIRFLOW_CTX_DAG_RUN_ID=scheduled__2023-09-06T00:00:00+00:00
[2023-09-09 15:33:56,922] {subprocess.py:62} INFO - Tmp dir root location: 
 /tmp
[2023-09-09 15:33:56,923] {subprocess.py:74} INFO - Running command: ['bash', '-c', "curl -o /tmp/launches.json -L 'https://ll.thespacedevs.com/2.0.0/launch/upcoming'"]
[2023-09-09 15:33:56,954] {subprocess.py:85} INFO - Output:
[2023-09-09 15:33:56,981] {subprocess.py:92} INFO -   % Total    % Received % Xferd  Average Speed   Time    Time     Time  Current
[2023-09-09 15:33:56,982] {subprocess.py:92} INFO -                                  Dload  Upload   Total   Spent    Left  Speed
[2023-09-09 15:33:57,735] {subprocess.py:92} INFO -   0     0    0     0    0     0      0      0 --:--:-- --:--:-- --:--:--     0  0     0    0     0    0     0      0      0 --:--:-- --:--:-- --:--:--     0  0     0    0     0    0     0      0      0 --:--:-- --:--:-- --:--:--     0
[2023-09-09 15:33:58,163] {subprocess.py:92} INFO - 100 24568  100 24568    0     0  20891      0  0:00:01  0:00:01 --:--:-- 20891
[2023-09-09 15:33:58,164] {subprocess.py:96} INFO - Command exited with return code 0
[2023-09-09 15:33:58,457] {taskinstance.py:1420} INFO - Marking task as SUCCESS. dag_id=download_rocket_launches, task_id=download_launchesAPI_using_bashcommand, execution_date=20230906T000000, start_date=20230909T153355, end_date=20230909T153358
[2023-09-09 15:33:58,580] {local_task_job.py:156} INFO - Task exited with return code 0
[2023-09-09 15:33:58,924] {local_task_job.py:273} INFO - 1 downstream tasks scheduled from follow-on schedule check
