[2023-09-09 12:03:18,393] {taskinstance.py:1179} INFO - Dependencies all met for <TaskInstance: download_rocket_launches.notify scheduled__2023-09-07T00:00:00+00:00 [queued]>
[2023-09-09 12:03:18,407] {taskinstance.py:1179} INFO - Dependencies all met for <TaskInstance: download_rocket_launches.notify scheduled__2023-09-07T00:00:00+00:00 [queued]>
[2023-09-09 12:03:18,408] {taskinstance.py:1376} INFO - 
--------------------------------------------------------------------------------
[2023-09-09 12:03:18,408] {taskinstance.py:1377} INFO - Starting attempt 1 of 1
[2023-09-09 12:03:18,408] {taskinstance.py:1378} INFO - 
--------------------------------------------------------------------------------
[2023-09-09 12:03:18,431] {taskinstance.py:1397} INFO - Executing <Task(BashOperator): notify> on 2023-09-07 00:00:00+00:00
[2023-09-09 12:03:18,436] {standard_task_runner.py:52} INFO - Started process 9259 to run task
[2023-09-09 12:03:18,441] {standard_task_runner.py:79} INFO - Running: ['***', 'tasks', 'run', 'download_rocket_launches', 'notify', 'scheduled__2023-09-07T00:00:00+00:00', '--job-id', '44', '--raw', '--subdir', 'DAGS_FOLDER/download_rocket_launches.py', '--cfg-path', '/tmp/tmpr8gr3bfg', '--error-file', '/tmp/tmpbb9avvbj']
[2023-09-09 12:03:18,442] {standard_task_runner.py:80} INFO - Job 44: Subtask notify
[2023-09-09 12:03:18,522] {task_command.py:371} INFO - Running <TaskInstance: download_rocket_launches.notify scheduled__2023-09-07T00:00:00+00:00 [running]> on host b18943745c0d
[2023-09-09 12:03:18,620] {taskinstance.py:1591} INFO - Exporting the following env vars:
AIRFLOW_CTX_DAG_OWNER=***
AIRFLOW_CTX_DAG_ID=download_rocket_launches
AIRFLOW_CTX_TASK_ID=notify
AIRFLOW_CTX_EXECUTION_DATE=2023-09-07T00:00:00+00:00
AIRFLOW_CTX_TRY_NUMBER=1
AIRFLOW_CTX_DAG_RUN_ID=scheduled__2023-09-07T00:00:00+00:00
[2023-09-09 12:03:18,621] {subprocess.py:62} INFO - Tmp dir root location: 
 /tmp
[2023-09-09 12:03:18,622] {subprocess.py:74} INFO - Running command: ['bash', '-c', 'echo "There are now $(ls /tmp/images/ | wc -l) images."']
[2023-09-09 12:03:18,634] {subprocess.py:85} INFO - Output:
[2023-09-09 12:03:18,638] {subprocess.py:92} INFO - There are now 10 images.
[2023-09-09 12:03:18,638] {subprocess.py:96} INFO - Command exited with return code 0
[2023-09-09 12:03:18,672] {taskinstance.py:1420} INFO - Marking task as SUCCESS. dag_id=download_rocket_launches, task_id=notify, execution_date=20230907T000000, start_date=20230909T120318, end_date=20230909T120318
[2023-09-09 12:03:18,692] {local_task_job.py:156} INFO - Task exited with return code 0
[2023-09-09 12:03:18,733] {local_task_job.py:273} INFO - 0 downstream tasks scheduled from follow-on schedule check
