[2023-09-12 05:08:46,816] {taskinstance.py:1179} INFO - Dependencies all met for <TaskInstance: CallPostgreOperator.extract_gz scheduled__2023-09-12T03:00:00+00:00 [queued]>
[2023-09-12 05:08:46,825] {taskinstance.py:1179} INFO - Dependencies all met for <TaskInstance: CallPostgreOperator.extract_gz scheduled__2023-09-12T03:00:00+00:00 [queued]>
[2023-09-12 05:08:46,825] {taskinstance.py:1376} INFO - 
--------------------------------------------------------------------------------
[2023-09-12 05:08:46,825] {taskinstance.py:1377} INFO - Starting attempt 1 of 1
[2023-09-12 05:08:46,825] {taskinstance.py:1378} INFO - 
--------------------------------------------------------------------------------
[2023-09-12 05:08:46,841] {taskinstance.py:1397} INFO - Executing <Task(BashOperator): extract_gz> on 2023-09-12 03:00:00+00:00
[2023-09-12 05:08:46,845] {standard_task_runner.py:52} INFO - Started process 2039 to run task
[2023-09-12 05:08:46,848] {standard_task_runner.py:79} INFO - Running: ['***', 'tasks', 'run', 'CallPostgreOperator', 'extract_gz', 'scheduled__2023-09-12T03:00:00+00:00', '--job-id', '1065', '--raw', '--subdir', 'DAGS_FOLDER/CallPostgreOperator.py', '--cfg-path', '/tmp/tmp_9pnljq0', '--error-file', '/tmp/tmprn7dl87q']
[2023-09-12 05:08:46,848] {standard_task_runner.py:80} INFO - Job 1065: Subtask extract_gz
[2023-09-12 05:08:46,907] {task_command.py:371} INFO - Running <TaskInstance: CallPostgreOperator.extract_gz scheduled__2023-09-12T03:00:00+00:00 [running]> on host b18943745c0d
[2023-09-12 05:08:46,969] {taskinstance.py:1591} INFO - Exporting the following env vars:
AIRFLOW_CTX_DAG_OWNER=***
AIRFLOW_CTX_DAG_ID=CallPostgreOperator
AIRFLOW_CTX_TASK_ID=extract_gz
AIRFLOW_CTX_EXECUTION_DATE=2023-09-12T03:00:00+00:00
AIRFLOW_CTX_TRY_NUMBER=1
AIRFLOW_CTX_DAG_RUN_ID=scheduled__2023-09-12T03:00:00+00:00
[2023-09-12 05:08:46,971] {subprocess.py:62} INFO - Tmp dir root location: 
 /tmp
[2023-09-12 05:08:46,972] {subprocess.py:74} INFO - Running command: ['bash', '-c', 'gunzip --force /tmp/wikipageviews.gz']
[2023-09-12 05:08:46,981] {subprocess.py:85} INFO - Output:
[2023-09-12 05:08:47,843] {subprocess.py:96} INFO - Command exited with return code 0
[2023-09-12 05:08:47,871] {taskinstance.py:1420} INFO - Marking task as SUCCESS. dag_id=CallPostgreOperator, task_id=extract_gz, execution_date=20230912T030000, start_date=20230912T050846, end_date=20230912T050847
[2023-09-12 05:08:47,905] {local_task_job.py:156} INFO - Task exited with return code 0
[2023-09-12 05:08:47,945] {local_task_job.py:273} INFO - 1 downstream tasks scheduled from follow-on schedule check
