[2023-09-11 11:59:47,171] {taskinstance.py:1179} INFO - Dependencies all met for <TaskInstance: listing_4_20.get_data scheduled__2023-09-11T00:00:00+00:00 [queued]>
[2023-09-11 11:59:47,193] {taskinstance.py:1179} INFO - Dependencies all met for <TaskInstance: listing_4_20.get_data scheduled__2023-09-11T00:00:00+00:00 [queued]>
[2023-09-11 11:59:47,193] {taskinstance.py:1376} INFO - 
--------------------------------------------------------------------------------
[2023-09-11 11:59:47,193] {taskinstance.py:1377} INFO - Starting attempt 1 of 1
[2023-09-11 11:59:47,194] {taskinstance.py:1378} INFO - 
--------------------------------------------------------------------------------
[2023-09-11 11:59:47,224] {taskinstance.py:1397} INFO - Executing <Task(PythonOperator): get_data> on 2023-09-11 00:00:00+00:00
[2023-09-11 11:59:47,232] {standard_task_runner.py:52} INFO - Started process 1201 to run task
[2023-09-11 11:59:47,237] {standard_task_runner.py:79} INFO - Running: ['***', 'tasks', 'run', 'listing_4_20', 'get_data', 'scheduled__2023-09-11T00:00:00+00:00', '--job-id', '483', '--raw', '--subdir', 'DAGS_FOLDER/listing_4_20.py', '--cfg-path', '/tmp/tmpga3d7957', '--error-file', '/tmp/tmpk5p2bktc']
[2023-09-11 11:59:47,238] {standard_task_runner.py:80} INFO - Job 483: Subtask get_data
[2023-09-11 11:59:47,357] {task_command.py:371} INFO - Running <TaskInstance: listing_4_20.get_data scheduled__2023-09-11T00:00:00+00:00 [running]> on host b18943745c0d
[2023-09-11 11:59:47,424] {warnings.py:110} WARNING - /home/***/.local/lib/python3.7/site-packages/***/utils/context.py:202: AirflowContextDeprecationWarning: Accessing 'execution_date' from the template is deprecated and will be removed in a future version. Please use 'data_interval_start' or 'logical_date' instead.
  warnings.warn(_create_deprecation_warning(key, self._deprecation_replacements[key]))

[2023-09-11 11:59:47,499] {taskinstance.py:1591} INFO - Exporting the following env vars:
AIRFLOW_CTX_DAG_OWNER=***
AIRFLOW_CTX_DAG_ID=listing_4_20
AIRFLOW_CTX_TASK_ID=get_data
AIRFLOW_CTX_EXECUTION_DATE=2023-09-11T00:00:00+00:00
AIRFLOW_CTX_TRY_NUMBER=1
AIRFLOW_CTX_DAG_RUN_ID=scheduled__2023-09-11T00:00:00+00:00
[2023-09-11 11:59:57,574] {python.py:173} INFO - Done. Returned value was: None
[2023-09-11 11:59:57,608] {taskinstance.py:1420} INFO - Marking task as SUCCESS. dag_id=listing_4_20, task_id=get_data, execution_date=20230911T000000, start_date=20230911T115947, end_date=20230911T115957
[2023-09-11 11:59:57,730] {local_task_job.py:156} INFO - Task exited with return code 0
[2023-09-11 11:59:57,777] {local_task_job.py:273} INFO - 1 downstream tasks scheduled from follow-on schedule check
