[2023-09-09 15:33:55,003] {taskinstance.py:1179} INFO - Dependencies all met for <TaskInstance: download_rocket_launches.download_launchesAPI_using_bashcommand scheduled__2023-09-05T00:00:00+00:00 [queued]>
[2023-09-09 15:33:55,118] {taskinstance.py:1179} INFO - Dependencies all met for <TaskInstance: download_rocket_launches.download_launchesAPI_using_bashcommand scheduled__2023-09-05T00:00:00+00:00 [queued]>
[2023-09-09 15:33:55,118] {taskinstance.py:1376} INFO - 
--------------------------------------------------------------------------------
[2023-09-09 15:33:55,118] {taskinstance.py:1377} INFO - Starting attempt 2 of 2
[2023-09-09 15:33:55,118] {taskinstance.py:1378} INFO - 
--------------------------------------------------------------------------------
[2023-09-09 15:33:55,308] {taskinstance.py:1397} INFO - Executing <Task(BashOperator): download_launchesAPI_using_bashcommand> on 2023-09-05 00:00:00+00:00
[2023-09-09 15:33:55,322] {standard_task_runner.py:52} INFO - Started process 19325 to run task
[2023-09-09 15:33:55,434] {standard_task_runner.py:79} INFO - Running: ['***', 'tasks', 'run', 'download_rocket_launches', 'download_launchesAPI_using_bashcommand', 'scheduled__2023-09-05T00:00:00+00:00', '--job-id', '67', '--raw', '--subdir', 'DAGS_FOLDER/download_rocket_launches.py', '--cfg-path', '/tmp/tmppdl25gmz', '--error-file', '/tmp/tmpw6_5lr6r']
[2023-09-09 15:33:55,434] {standard_task_runner.py:80} INFO - Job 67: Subtask download_launchesAPI_using_bashcommand
[2023-09-09 15:33:56,337] {task_command.py:371} INFO - Running <TaskInstance: download_rocket_launches.download_launchesAPI_using_bashcommand scheduled__2023-09-05T00:00:00+00:00 [running]> on host b18943745c0d
[2023-09-09 15:33:56,920] {taskinstance.py:1591} INFO - Exporting the following env vars:
AIRFLOW_CTX_DAG_OWNER=***
AIRFLOW_CTX_DAG_ID=download_rocket_launches
AIRFLOW_CTX_TASK_ID=download_launchesAPI_using_bashcommand
AIRFLOW_CTX_EXECUTION_DATE=2023-09-05T00:00:00+00:00
AIRFLOW_CTX_TRY_NUMBER=2
AIRFLOW_CTX_DAG_RUN_ID=scheduled__2023-09-05T00:00:00+00:00
[2023-09-09 15:33:56,923] {subprocess.py:62} INFO - Tmp dir root location: 
 /tmp
[2023-09-09 15:33:56,925] {subprocess.py:74} INFO - Running command: ['bash', '-c', "curl -o /tmp/launches.json -L 'https://ll.thespacedevs.com/2.0.0/launch/upcoming'"]
[2023-09-09 15:33:56,945] {subprocess.py:85} INFO - Output:
[2023-09-09 15:33:56,967] {subprocess.py:92} INFO -   % Total    % Received % Xferd  Average Speed   Time    Time     Time  Current
[2023-09-09 15:33:56,969] {subprocess.py:92} INFO -                                  Dload  Upload   Total   Spent    Left  Speed
[2023-09-09 15:33:57,697] {subprocess.py:92} INFO -   0     0    0     0    0     0      0      0 --:--:-- --:--:-- --:--:--     0  0     0    0     0    0     0      0      0 --:--:-- --:--:-- --:--:--     0  0     0    0     0    0     0      0      0 --:--:-- --:--:-- --:--:--     0
[2023-09-09 15:33:58,130] {subprocess.py:92} INFO - 100 24568  100 24568    0     0  21124      0  0:00:01  0:00:01 --:--:-- 21124
[2023-09-09 15:33:58,136] {subprocess.py:96} INFO - Command exited with return code 0
[2023-09-09 15:33:58,468] {taskinstance.py:1420} INFO - Marking task as SUCCESS. dag_id=download_rocket_launches, task_id=download_launchesAPI_using_bashcommand, execution_date=20230905T000000, start_date=20230909T153355, end_date=20230909T153358
[2023-09-09 15:33:58,570] {local_task_job.py:156} INFO - Task exited with return code 0
[2023-09-09 15:33:58,837] {local_task_job.py:273} INFO - 1 downstream tasks scheduled from follow-on schedule check
