[2023-09-09 12:02:53,308] {taskinstance.py:1179} INFO - Dependencies all met for <TaskInstance: download_rocket_launches.download_launchesAPI_using_bashcommand scheduled__2023-09-05T00:00:00+00:00 [queued]>
[2023-09-09 12:02:53,354] {taskinstance.py:1179} INFO - Dependencies all met for <TaskInstance: download_rocket_launches.download_launchesAPI_using_bashcommand scheduled__2023-09-05T00:00:00+00:00 [queued]>
[2023-09-09 12:02:53,355] {taskinstance.py:1376} INFO - 
--------------------------------------------------------------------------------
[2023-09-09 12:02:53,355] {taskinstance.py:1377} INFO - Starting attempt 1 of 1
[2023-09-09 12:02:53,355] {taskinstance.py:1378} INFO - 
--------------------------------------------------------------------------------
[2023-09-09 12:02:53,434] {taskinstance.py:1397} INFO - Executing <Task(BashOperator): download_launchesAPI_using_bashcommand> on 2023-09-05 00:00:00+00:00
[2023-09-09 12:02:53,442] {standard_task_runner.py:52} INFO - Started process 9148 to run task
[2023-09-09 12:02:53,448] {standard_task_runner.py:79} INFO - Running: ['***', 'tasks', 'run', 'download_rocket_launches', 'download_launchesAPI_using_bashcommand', 'scheduled__2023-09-05T00:00:00+00:00', '--job-id', '18', '--raw', '--subdir', 'DAGS_FOLDER/download_rocket_launches.py', '--cfg-path', '/tmp/tmp4q7u9krc', '--error-file', '/tmp/tmp0ik8pwgy']
[2023-09-09 12:02:53,449] {standard_task_runner.py:80} INFO - Job 18: Subtask download_launchesAPI_using_bashcommand
[2023-09-09 12:02:53,786] {task_command.py:371} INFO - Running <TaskInstance: download_rocket_launches.download_launchesAPI_using_bashcommand scheduled__2023-09-05T00:00:00+00:00 [running]> on host b18943745c0d
[2023-09-09 12:02:53,988] {taskinstance.py:1591} INFO - Exporting the following env vars:
AIRFLOW_CTX_DAG_OWNER=***
AIRFLOW_CTX_DAG_ID=download_rocket_launches
AIRFLOW_CTX_TASK_ID=download_launchesAPI_using_bashcommand
AIRFLOW_CTX_EXECUTION_DATE=2023-09-05T00:00:00+00:00
AIRFLOW_CTX_TRY_NUMBER=1
AIRFLOW_CTX_DAG_RUN_ID=scheduled__2023-09-05T00:00:00+00:00
[2023-09-09 12:02:53,991] {subprocess.py:62} INFO - Tmp dir root location: 
 /tmp
[2023-09-09 12:02:53,995] {subprocess.py:74} INFO - Running command: ['bash', '-c', "curl -o /tmp/launches.json -L 'https://ll.thespacedevs.com/2.0.0/launch/upcoming'"]
[2023-09-09 12:02:54,027] {subprocess.py:85} INFO - Output:
[2023-09-09 12:02:54,052] {subprocess.py:92} INFO -   % Total    % Received % Xferd  Average Speed   Time    Time     Time  Current
[2023-09-09 12:02:54,053] {subprocess.py:92} INFO -                                  Dload  Upload   Total   Spent    Left  Speed
[2023-09-09 12:02:54,499] {subprocess.py:92} INFO -   0     0    0     0    0     0      0      0 --:--:-- --:--:-- --:--:--     0  0     0    0     0    0     0      0      0 --:--:-- --:--:-- --:--:--     0
[2023-09-09 12:02:54,889] {subprocess.py:92} INFO -   0 24569    0     0    0     0      0      0 --:--:-- --:--:-- --:--:--     0100 24569  100 24569    0     0  29388      0 --:--:-- --:--:-- --:--:--  428k
[2023-09-09 12:02:54,894] {subprocess.py:96} INFO - Command exited with return code 0
[2023-09-09 12:02:55,082] {taskinstance.py:1420} INFO - Marking task as SUCCESS. dag_id=download_rocket_launches, task_id=download_launchesAPI_using_bashcommand, execution_date=20230905T000000, start_date=20230909T120253, end_date=20230909T120255
[2023-09-09 12:02:55,111] {local_task_job.py:156} INFO - Task exited with return code 0
[2023-09-09 12:02:55,189] {local_task_job.py:273} INFO - 1 downstream tasks scheduled from follow-on schedule check
