[2023-09-09 15:33:52,907] {taskinstance.py:1179} INFO - Dependencies all met for <TaskInstance: download_rocket_launches.download_launchesAPI_using_bashcommand scheduled__2023-08-26T00:00:00+00:00 [queued]>
[2023-09-09 15:33:52,989] {taskinstance.py:1179} INFO - Dependencies all met for <TaskInstance: download_rocket_launches.download_launchesAPI_using_bashcommand scheduled__2023-08-26T00:00:00+00:00 [queued]>
[2023-09-09 15:33:52,993] {taskinstance.py:1376} INFO - 
--------------------------------------------------------------------------------
[2023-09-09 15:33:52,993] {taskinstance.py:1377} INFO - Starting attempt 2 of 2
[2023-09-09 15:33:52,993] {taskinstance.py:1378} INFO - 
--------------------------------------------------------------------------------
[2023-09-09 15:33:53,163] {taskinstance.py:1397} INFO - Executing <Task(BashOperator): download_launchesAPI_using_bashcommand> on 2023-08-26 00:00:00+00:00
[2023-09-09 15:33:53,182] {standard_task_runner.py:52} INFO - Started process 19302 to run task
[2023-09-09 15:33:53,205] {standard_task_runner.py:79} INFO - Running: ['***', 'tasks', 'run', 'download_rocket_launches', 'download_launchesAPI_using_bashcommand', 'scheduled__2023-08-26T00:00:00+00:00', '--job-id', '55', '--raw', '--subdir', 'DAGS_FOLDER/download_rocket_launches.py', '--cfg-path', '/tmp/tmpdwbuwyh1', '--error-file', '/tmp/tmppywfgna0']
[2023-09-09 15:33:53,206] {standard_task_runner.py:80} INFO - Job 55: Subtask download_launchesAPI_using_bashcommand
[2023-09-09 15:33:53,482] {task_command.py:371} INFO - Running <TaskInstance: download_rocket_launches.download_launchesAPI_using_bashcommand scheduled__2023-08-26T00:00:00+00:00 [running]> on host b18943745c0d
[2023-09-09 15:33:54,178] {taskinstance.py:1591} INFO - Exporting the following env vars:
AIRFLOW_CTX_DAG_OWNER=***
AIRFLOW_CTX_DAG_ID=download_rocket_launches
AIRFLOW_CTX_TASK_ID=download_launchesAPI_using_bashcommand
AIRFLOW_CTX_EXECUTION_DATE=2023-08-26T00:00:00+00:00
AIRFLOW_CTX_TRY_NUMBER=2
AIRFLOW_CTX_DAG_RUN_ID=scheduled__2023-08-26T00:00:00+00:00
[2023-09-09 15:33:54,183] {subprocess.py:62} INFO - Tmp dir root location: 
 /tmp
[2023-09-09 15:33:54,185] {subprocess.py:74} INFO - Running command: ['bash', '-c', "curl -o /tmp/launches.json -L 'https://ll.thespacedevs.com/2.0.0/launch/upcoming'"]
[2023-09-09 15:33:54,264] {subprocess.py:85} INFO - Output:
[2023-09-09 15:33:54,333] {subprocess.py:92} INFO -   % Total    % Received % Xferd  Average Speed   Time    Time     Time  Current
[2023-09-09 15:33:54,334] {subprocess.py:92} INFO -                                  Dload  Upload   Total   Spent    Left  Speed
[2023-09-09 15:33:55,168] {subprocess.py:92} INFO -   0     0    0     0    0     0      0      0 --:--:-- --:--:-- --:--:--     0  0     0    0     0    0     0      0      0 --:--:-- --:--:-- --:--:--     0
[2023-09-09 15:33:55,870] {subprocess.py:92} INFO -  80 24568   80 19803    0     0  13685      0  0:00:01  0:00:01 --:--:-- 13685100 24568  100 24568    0     0  15932      0  0:00:01  0:00:01 --:--:-- 50157
[2023-09-09 15:33:55,925] {subprocess.py:96} INFO - Command exited with return code 0
[2023-09-09 15:33:56,319] {taskinstance.py:1420} INFO - Marking task as SUCCESS. dag_id=download_rocket_launches, task_id=download_launchesAPI_using_bashcommand, execution_date=20230826T000000, start_date=20230909T153352, end_date=20230909T153356
[2023-09-09 15:33:56,620] {local_task_job.py:156} INFO - Task exited with return code 0
[2023-09-09 15:33:56,942] {local_task_job.py:273} INFO - 1 downstream tasks scheduled from follow-on schedule check
