[2023-09-11 12:02:05,615] {taskinstance.py:1179} INFO - Dependencies all met for <TaskInstance: listing_4_20.extract_gz scheduled__2023-09-11T06:00:00+00:00 [queued]>
[2023-09-11 12:02:05,629] {taskinstance.py:1179} INFO - Dependencies all met for <TaskInstance: listing_4_20.extract_gz scheduled__2023-09-11T06:00:00+00:00 [queued]>
[2023-09-11 12:02:05,629] {taskinstance.py:1376} INFO - 
--------------------------------------------------------------------------------
[2023-09-11 12:02:05,629] {taskinstance.py:1377} INFO - Starting attempt 1 of 1
[2023-09-11 12:02:05,629] {taskinstance.py:1378} INFO - 
--------------------------------------------------------------------------------
[2023-09-11 12:02:05,650] {taskinstance.py:1397} INFO - Executing <Task(BashOperator): extract_gz> on 2023-09-11 06:00:00+00:00
[2023-09-11 12:02:05,655] {standard_task_runner.py:52} INFO - Started process 1431 to run task
[2023-09-11 12:02:05,659] {standard_task_runner.py:79} INFO - Running: ['***', 'tasks', 'run', 'listing_4_20', 'extract_gz', 'scheduled__2023-09-11T06:00:00+00:00', '--job-id', '532', '--raw', '--subdir', 'DAGS_FOLDER/listing_4_20.py', '--cfg-path', '/tmp/tmpcyy1e7mt', '--error-file', '/tmp/tmp9x68kkfe']
[2023-09-11 12:02:05,660] {standard_task_runner.py:80} INFO - Job 532: Subtask extract_gz
[2023-09-11 12:02:05,727] {task_command.py:371} INFO - Running <TaskInstance: listing_4_20.extract_gz scheduled__2023-09-11T06:00:00+00:00 [running]> on host b18943745c0d
[2023-09-11 12:02:05,808] {taskinstance.py:1591} INFO - Exporting the following env vars:
AIRFLOW_CTX_DAG_OWNER=***
AIRFLOW_CTX_DAG_ID=listing_4_20
AIRFLOW_CTX_TASK_ID=extract_gz
AIRFLOW_CTX_EXECUTION_DATE=2023-09-11T06:00:00+00:00
AIRFLOW_CTX_TRY_NUMBER=1
AIRFLOW_CTX_DAG_RUN_ID=scheduled__2023-09-11T06:00:00+00:00
[2023-09-11 12:02:05,810] {subprocess.py:62} INFO - Tmp dir root location: 
 /tmp
[2023-09-11 12:02:05,811] {subprocess.py:74} INFO - Running command: ['bash', '-c', 'gunzip --force /tmp/wikipageviews.gz']
[2023-09-11 12:02:05,821] {subprocess.py:85} INFO - Output:
[2023-09-11 12:02:06,907] {subprocess.py:92} INFO - 
[2023-09-11 12:02:06,908] {subprocess.py:92} INFO - gzip: /tmp/wikipageviews.gz: decompression OK, trailing garbage ignored
[2023-09-11 12:02:06,917] {subprocess.py:96} INFO - Command exited with return code 2
[2023-09-11 12:02:06,932] {taskinstance.py:1909} ERROR - Task failed with exception
Traceback (most recent call last):
  File "/home/airflow/.local/lib/python3.7/site-packages/airflow/operators/bash.py", line 195, in execute
    f'Bash command failed. The command returned a non-zero exit code {result.exit_code}.'
airflow.exceptions.AirflowException: Bash command failed. The command returned a non-zero exit code 2.
[2023-09-11 12:02:06,935] {taskinstance.py:1420} INFO - Marking task as FAILED. dag_id=listing_4_20, task_id=extract_gz, execution_date=20230911T060000, start_date=20230911T120205, end_date=20230911T120206
[2023-09-11 12:02:06,950] {standard_task_runner.py:97} ERROR - Failed to execute job 532 for task extract_gz (Bash command failed. The command returned a non-zero exit code 2.; 1431)
[2023-09-11 12:02:06,997] {local_task_job.py:156} INFO - Task exited with return code 1
[2023-09-11 12:02:07,073] {local_task_job.py:273} INFO - 0 downstream tasks scheduled from follow-on schedule check
