[2023-09-11 16:44:40,984] {taskinstance.py:1179} INFO - Dependencies all met for <TaskInstance: CallPostgreOperator.extract_gz scheduled__2023-09-10T11:00:00+00:00 [queued]>
[2023-09-11 16:44:40,994] {taskinstance.py:1179} INFO - Dependencies all met for <TaskInstance: CallPostgreOperator.extract_gz scheduled__2023-09-10T11:00:00+00:00 [queued]>
[2023-09-11 16:44:40,995] {taskinstance.py:1376} INFO - 
--------------------------------------------------------------------------------
[2023-09-11 16:44:40,995] {taskinstance.py:1377} INFO - Starting attempt 1 of 1
[2023-09-11 16:44:40,995] {taskinstance.py:1378} INFO - 
--------------------------------------------------------------------------------
[2023-09-11 16:44:41,010] {taskinstance.py:1397} INFO - Executing <Task(BashOperator): extract_gz> on 2023-09-10 11:00:00+00:00
[2023-09-11 16:44:41,016] {standard_task_runner.py:52} INFO - Started process 15430 to run task
[2023-09-11 16:44:41,018] {standard_task_runner.py:79} INFO - Running: ['***', 'tasks', 'run', 'CallPostgreOperator', 'extract_gz', 'scheduled__2023-09-10T11:00:00+00:00', '--job-id', '829', '--raw', '--subdir', 'DAGS_FOLDER/CallPostgreOperator.py', '--cfg-path', '/tmp/tmp_hbievm_', '--error-file', '/tmp/tmpw10igm6q']
[2023-09-11 16:44:41,019] {standard_task_runner.py:80} INFO - Job 829: Subtask extract_gz
[2023-09-11 16:44:41,084] {task_command.py:371} INFO - Running <TaskInstance: CallPostgreOperator.extract_gz scheduled__2023-09-10T11:00:00+00:00 [running]> on host b18943745c0d
[2023-09-11 16:44:41,154] {taskinstance.py:1591} INFO - Exporting the following env vars:
AIRFLOW_CTX_DAG_OWNER=***
AIRFLOW_CTX_DAG_ID=CallPostgreOperator
AIRFLOW_CTX_TASK_ID=extract_gz
AIRFLOW_CTX_EXECUTION_DATE=2023-09-10T11:00:00+00:00
AIRFLOW_CTX_TRY_NUMBER=1
AIRFLOW_CTX_DAG_RUN_ID=scheduled__2023-09-10T11:00:00+00:00
[2023-09-11 16:44:41,155] {subprocess.py:62} INFO - Tmp dir root location: 
 /tmp
[2023-09-11 16:44:41,156] {subprocess.py:74} INFO - Running command: ['bash', '-c', 'gunzip --force /tmp/wikipageviews.gz']
[2023-09-11 16:44:41,168] {subprocess.py:85} INFO - Output:
[2023-09-11 16:44:42,352] {subprocess.py:96} INFO - Command exited with return code 0
[2023-09-11 16:44:42,384] {taskinstance.py:1420} INFO - Marking task as SUCCESS. dag_id=CallPostgreOperator, task_id=extract_gz, execution_date=20230910T110000, start_date=20230911T164440, end_date=20230911T164442
[2023-09-11 16:44:42,437] {local_task_job.py:156} INFO - Task exited with return code 0
[2023-09-11 16:44:42,478] {local_task_job.py:273} INFO - 1 downstream tasks scheduled from follow-on schedule check
