[2023-09-12 05:07:10,337] {taskinstance.py:1179} INFO - Dependencies all met for <TaskInstance: CallPostgreOperator.extract_gz scheduled__2023-09-11T22:00:00+00:00 [queued]>
[2023-09-12 05:07:10,346] {taskinstance.py:1179} INFO - Dependencies all met for <TaskInstance: CallPostgreOperator.extract_gz scheduled__2023-09-11T22:00:00+00:00 [queued]>
[2023-09-12 05:07:10,346] {taskinstance.py:1376} INFO - 
--------------------------------------------------------------------------------
[2023-09-12 05:07:10,346] {taskinstance.py:1377} INFO - Starting attempt 1 of 1
[2023-09-12 05:07:10,346] {taskinstance.py:1378} INFO - 
--------------------------------------------------------------------------------
[2023-09-12 05:07:10,359] {taskinstance.py:1397} INFO - Executing <Task(BashOperator): extract_gz> on 2023-09-11 22:00:00+00:00
[2023-09-12 05:07:10,364] {standard_task_runner.py:52} INFO - Started process 1911 to run task
[2023-09-12 05:07:10,366] {standard_task_runner.py:79} INFO - Running: ['***', 'tasks', 'run', 'CallPostgreOperator', 'extract_gz', 'scheduled__2023-09-11T22:00:00+00:00', '--job-id', '1045', '--raw', '--subdir', 'DAGS_FOLDER/CallPostgreOperator.py', '--cfg-path', '/tmp/tmp9dw865un', '--error-file', '/tmp/tmp41832a11']
[2023-09-12 05:07:10,367] {standard_task_runner.py:80} INFO - Job 1045: Subtask extract_gz
[2023-09-12 05:07:10,424] {task_command.py:371} INFO - Running <TaskInstance: CallPostgreOperator.extract_gz scheduled__2023-09-11T22:00:00+00:00 [running]> on host b18943745c0d
[2023-09-12 05:07:10,490] {taskinstance.py:1591} INFO - Exporting the following env vars:
AIRFLOW_CTX_DAG_OWNER=***
AIRFLOW_CTX_DAG_ID=CallPostgreOperator
AIRFLOW_CTX_TASK_ID=extract_gz
AIRFLOW_CTX_EXECUTION_DATE=2023-09-11T22:00:00+00:00
AIRFLOW_CTX_TRY_NUMBER=1
AIRFLOW_CTX_DAG_RUN_ID=scheduled__2023-09-11T22:00:00+00:00
[2023-09-12 05:07:10,491] {subprocess.py:62} INFO - Tmp dir root location: 
 /tmp
[2023-09-12 05:07:10,492] {subprocess.py:74} INFO - Running command: ['bash', '-c', 'gunzip --force /tmp/wikipageviews.gz']
[2023-09-12 05:07:10,501] {subprocess.py:85} INFO - Output:
[2023-09-12 05:07:11,693] {subprocess.py:96} INFO - Command exited with return code 0
[2023-09-12 05:07:11,733] {taskinstance.py:1420} INFO - Marking task as SUCCESS. dag_id=CallPostgreOperator, task_id=extract_gz, execution_date=20230911T220000, start_date=20230912T050710, end_date=20230912T050711
[2023-09-12 05:07:11,779] {local_task_job.py:156} INFO - Task exited with return code 0
[2023-09-12 05:07:11,823] {local_task_job.py:273} INFO - 1 downstream tasks scheduled from follow-on schedule check
