[2023-09-09 12:02:55,400] {taskinstance.py:1179} INFO - Dependencies all met for <TaskInstance: download_rocket_launches.get_pictures scheduled__2023-09-02T00:00:00+00:00 [queued]>
[2023-09-09 12:02:55,425] {taskinstance.py:1179} INFO - Dependencies all met for <TaskInstance: download_rocket_launches.get_pictures scheduled__2023-09-02T00:00:00+00:00 [queued]>
[2023-09-09 12:02:55,425] {taskinstance.py:1376} INFO - 
--------------------------------------------------------------------------------
[2023-09-09 12:02:55,426] {taskinstance.py:1377} INFO - Starting attempt 1 of 1
[2023-09-09 12:02:55,426] {taskinstance.py:1378} INFO - 
--------------------------------------------------------------------------------
[2023-09-09 12:02:55,461] {taskinstance.py:1397} INFO - Executing <Task(PythonOperator): get_pictures> on 2023-09-02 00:00:00+00:00
[2023-09-09 12:02:55,469] {standard_task_runner.py:52} INFO - Started process 9170 to run task
[2023-09-09 12:02:55,473] {standard_task_runner.py:79} INFO - Running: ['***', 'tasks', 'run', 'download_rocket_launches', 'get_pictures', 'scheduled__2023-09-02T00:00:00+00:00', '--job-id', '27', '--raw', '--subdir', 'DAGS_FOLDER/download_rocket_launches.py', '--cfg-path', '/tmp/tmpcbimei9o', '--error-file', '/tmp/tmp8_dr8uj9']
[2023-09-09 12:02:55,473] {standard_task_runner.py:80} INFO - Job 27: Subtask get_pictures
[2023-09-09 12:02:55,667] {task_command.py:371} INFO - Running <TaskInstance: download_rocket_launches.get_pictures scheduled__2023-09-02T00:00:00+00:00 [running]> on host b18943745c0d
[2023-09-09 12:02:55,941] {taskinstance.py:1591} INFO - Exporting the following env vars:
AIRFLOW_CTX_DAG_OWNER=***
AIRFLOW_CTX_DAG_ID=download_rocket_launches
AIRFLOW_CTX_TASK_ID=get_pictures
AIRFLOW_CTX_EXECUTION_DATE=2023-09-02T00:00:00+00:00
AIRFLOW_CTX_TRY_NUMBER=1
AIRFLOW_CTX_DAG_RUN_ID=scheduled__2023-09-02T00:00:00+00:00
[2023-09-09 12:02:57,162] {logging_mixin.py:115} INFO - Downloaded https://spacelaunchnow-prod-east.nyc3.digitaloceanspaces.com/media/launcher_images/spaceshiptwo_image_20210522140909.jpeg to /tmp/images/spaceshiptwo_image_20210522140909.jpeg
[2023-09-09 12:02:58,635] {logging_mixin.py:115} INFO - Downloaded https://spacelaunchnow-prod-east.nyc3.digitaloceanspaces.com/media/launch_images/falcon2520925_image_20230522085927.png to /tmp/images/falcon2520925_image_20230522085927.png
[2023-09-09 12:03:00,313] {logging_mixin.py:115} INFO - Downloaded https://spacelaunchnow-prod-east.nyc3.digitaloceanspaces.com/media/launcher_images/long_march_6a_image_20221109174525.png to /tmp/images/long_march_6a_image_20221109174525.png
[2023-09-09 12:03:01,738] {logging_mixin.py:115} INFO - Downloaded https://spacelaunchnow-prod-east.nyc3.digitaloceanspaces.com/media/launch_images/atlas2520v252_image_20230829061528.jpeg to /tmp/images/atlas2520v252_image_20230829061528.jpeg
[2023-09-09 12:03:03,204] {logging_mixin.py:115} INFO - Downloaded https://spacelaunchnow-prod-east.nyc3.digitaloceanspaces.com/media/launch_images/falcon2520925_image_20230710071854.png to /tmp/images/falcon2520925_image_20230710071854.png
[2023-09-09 12:03:04,667] {logging_mixin.py:115} INFO - Downloaded https://spacelaunchnow-prod-east.nyc3.digitaloceanspaces.com/media/launch_images/falcon2520925_image_20230522090549.png to /tmp/images/falcon2520925_image_20230522090549.png
[2023-09-09 12:03:06,130] {logging_mixin.py:115} INFO - Downloaded https://spacelaunchnow-prod-east.nyc3.digitaloceanspaces.com/media/launcher_images/soyuz_2.1a_image_20230805184309.jpg to /tmp/images/soyuz_2.1a_image_20230805184309.jpg
[2023-09-09 12:03:07,588] {logging_mixin.py:115} INFO - Downloaded https://spacelaunchnow-prod-east.nyc3.digitaloceanspaces.com/media/launcher_images/electron_image_20190705175640.jpeg to /tmp/images/electron_image_20190705175640.jpeg
[2023-09-09 12:03:08,594] {logging_mixin.py:115} INFO - Downloaded https://spacelaunchnow-prod-east.nyc3.digitaloceanspaces.com/media/launcher_images/long_march_4c_image_20230801172338.jpeg to /tmp/images/long_march_4c_image_20230801172338.jpeg
[2023-09-09 12:03:09,836] {logging_mixin.py:115} INFO - Downloaded https://spacelaunchnow-prod-east.nyc3.digitaloceanspaces.com/media/launcher_images/starship_image_20230523063525.jpeg to /tmp/images/starship_image_20230523063525.jpeg
[2023-09-09 12:03:09,836] {python.py:173} INFO - Done. Returned value was: None
[2023-09-09 12:03:09,857] {taskinstance.py:1420} INFO - Marking task as SUCCESS. dag_id=download_rocket_launches, task_id=get_pictures, execution_date=20230902T000000, start_date=20230909T120255, end_date=20230909T120309
[2023-09-09 12:03:09,904] {local_task_job.py:156} INFO - Task exited with return code 0
[2023-09-09 12:03:09,946] {local_task_job.py:273} INFO - 1 downstream tasks scheduled from follow-on schedule check
