[2023-09-12 05:09:05,412] {taskinstance.py:1179} INFO - Dependencies all met for <TaskInstance: CallPostgreOperator.extract_gz scheduled__2023-09-12T04:00:00+00:00 [queued]>
[2023-09-12 05:09:05,428] {taskinstance.py:1179} INFO - Dependencies all met for <TaskInstance: CallPostgreOperator.extract_gz scheduled__2023-09-12T04:00:00+00:00 [queued]>
[2023-09-12 05:09:05,429] {taskinstance.py:1376} INFO - 
--------------------------------------------------------------------------------
[2023-09-12 05:09:05,429] {taskinstance.py:1377} INFO - Starting attempt 1 of 1
[2023-09-12 05:09:05,429] {taskinstance.py:1378} INFO - 
--------------------------------------------------------------------------------
[2023-09-12 05:09:05,451] {taskinstance.py:1397} INFO - Executing <Task(BashOperator): extract_gz> on 2023-09-12 04:00:00+00:00
[2023-09-12 05:09:05,458] {standard_task_runner.py:52} INFO - Started process 2057 to run task
[2023-09-12 05:09:05,462] {standard_task_runner.py:79} INFO - Running: ['***', 'tasks', 'run', 'CallPostgreOperator', 'extract_gz', 'scheduled__2023-09-12T04:00:00+00:00', '--job-id', '1069', '--raw', '--subdir', 'DAGS_FOLDER/CallPostgreOperator.py', '--cfg-path', '/tmp/tmp0s1jd3h7', '--error-file', '/tmp/tmpjt_h2f4k']
[2023-09-12 05:09:05,463] {standard_task_runner.py:80} INFO - Job 1069: Subtask extract_gz
[2023-09-12 05:09:05,557] {task_command.py:371} INFO - Running <TaskInstance: CallPostgreOperator.extract_gz scheduled__2023-09-12T04:00:00+00:00 [running]> on host b18943745c0d
[2023-09-12 05:09:05,662] {taskinstance.py:1591} INFO - Exporting the following env vars:
AIRFLOW_CTX_DAG_OWNER=***
AIRFLOW_CTX_DAG_ID=CallPostgreOperator
AIRFLOW_CTX_TASK_ID=extract_gz
AIRFLOW_CTX_EXECUTION_DATE=2023-09-12T04:00:00+00:00
AIRFLOW_CTX_TRY_NUMBER=1
AIRFLOW_CTX_DAG_RUN_ID=scheduled__2023-09-12T04:00:00+00:00
[2023-09-12 05:09:05,664] {subprocess.py:62} INFO - Tmp dir root location: 
 /tmp
[2023-09-12 05:09:05,665] {subprocess.py:74} INFO - Running command: ['bash', '-c', 'gunzip --force /tmp/wikipageviews.gz']
[2023-09-12 05:09:05,678] {subprocess.py:85} INFO - Output:
[2023-09-12 05:09:07,048] {subprocess.py:96} INFO - Command exited with return code 0
[2023-09-12 05:09:07,085] {taskinstance.py:1420} INFO - Marking task as SUCCESS. dag_id=CallPostgreOperator, task_id=extract_gz, execution_date=20230912T040000, start_date=20230912T050905, end_date=20230912T050907
[2023-09-12 05:09:07,122] {local_task_job.py:156} INFO - Task exited with return code 0
[2023-09-12 05:09:07,172] {local_task_job.py:273} INFO - 1 downstream tasks scheduled from follow-on schedule check
