[2023-09-11 16:46:28,610] {taskinstance.py:1179} INFO - Dependencies all met for <TaskInstance: CallPostgreOperator.get_data scheduled__2023-09-10T16:00:00+00:00 [queued]>
[2023-09-11 16:46:28,620] {taskinstance.py:1179} INFO - Dependencies all met for <TaskInstance: CallPostgreOperator.get_data scheduled__2023-09-10T16:00:00+00:00 [queued]>
[2023-09-11 16:46:28,620] {taskinstance.py:1376} INFO - 
--------------------------------------------------------------------------------
[2023-09-11 16:46:28,620] {taskinstance.py:1377} INFO - Starting attempt 1 of 1
[2023-09-11 16:46:28,620] {taskinstance.py:1378} INFO - 
--------------------------------------------------------------------------------
[2023-09-11 16:46:28,638] {taskinstance.py:1397} INFO - Executing <Task(PythonOperator): get_data> on 2023-09-10 16:00:00+00:00
[2023-09-11 16:46:28,643] {standard_task_runner.py:52} INFO - Started process 15553 to run task
[2023-09-11 16:46:28,646] {standard_task_runner.py:79} INFO - Running: ['***', 'tasks', 'run', 'CallPostgreOperator', 'get_data', 'scheduled__2023-09-10T16:00:00+00:00', '--job-id', '848', '--raw', '--subdir', 'DAGS_FOLDER/CallPostgreOperator.py', '--cfg-path', '/tmp/tmpug1pivho', '--error-file', '/tmp/tmpy7ek23wv']
[2023-09-11 16:46:28,647] {standard_task_runner.py:80} INFO - Job 848: Subtask get_data
[2023-09-11 16:46:28,710] {task_command.py:371} INFO - Running <TaskInstance: CallPostgreOperator.get_data scheduled__2023-09-10T16:00:00+00:00 [running]> on host b18943745c0d
[2023-09-11 16:46:28,742] {warnings.py:110} WARNING - /home/***/.local/lib/python3.7/site-packages/***/utils/context.py:202: AirflowContextDeprecationWarning: Accessing 'execution_date' from the template is deprecated and will be removed in a future version. Please use 'data_interval_start' or 'logical_date' instead.
  warnings.warn(_create_deprecation_warning(key, self._deprecation_replacements[key]))

[2023-09-11 16:46:28,784] {taskinstance.py:1591} INFO - Exporting the following env vars:
AIRFLOW_CTX_DAG_OWNER=***
AIRFLOW_CTX_DAG_ID=CallPostgreOperator
AIRFLOW_CTX_TASK_ID=get_data
AIRFLOW_CTX_EXECUTION_DATE=2023-09-10T16:00:00+00:00
AIRFLOW_CTX_TRY_NUMBER=1
AIRFLOW_CTX_DAG_RUN_ID=scheduled__2023-09-10T16:00:00+00:00
[2023-09-11 16:46:44,537] {python.py:173} INFO - Done. Returned value was: None
[2023-09-11 16:46:44,550] {taskinstance.py:1420} INFO - Marking task as SUCCESS. dag_id=CallPostgreOperator, task_id=get_data, execution_date=20230910T160000, start_date=20230911T164628, end_date=20230911T164644
[2023-09-11 16:46:44,583] {local_task_job.py:156} INFO - Task exited with return code 0
[2023-09-11 16:46:44,614] {local_task_job.py:273} INFO - 1 downstream tasks scheduled from follow-on schedule check
