[2023-09-11 08:22:51,573] {taskinstance.py:1179} INFO - Dependencies all met for <TaskInstance: BigTechCompanyCount.fetch_pageviews scheduled__2023-09-11T01:00:00+00:00 [queued]>
[2023-09-11 08:22:51,598] {taskinstance.py:1179} INFO - Dependencies all met for <TaskInstance: BigTechCompanyCount.fetch_pageviews scheduled__2023-09-11T01:00:00+00:00 [queued]>
[2023-09-11 08:22:51,599] {taskinstance.py:1376} INFO - 
--------------------------------------------------------------------------------
[2023-09-11 08:22:51,599] {taskinstance.py:1377} INFO - Starting attempt 1 of 1
[2023-09-11 08:22:51,599] {taskinstance.py:1378} INFO - 
--------------------------------------------------------------------------------
[2023-09-11 08:22:51,637] {taskinstance.py:1397} INFO - Executing <Task(PythonOperator): fetch_pageviews> on 2023-09-11 01:00:00+00:00
[2023-09-11 08:22:51,644] {standard_task_runner.py:52} INFO - Started process 793 to run task
[2023-09-11 08:22:51,651] {standard_task_runner.py:79} INFO - Running: ['***', 'tasks', 'run', 'BigTechCompanyCount', 'fetch_pageviews', 'scheduled__2023-09-11T01:00:00+00:00', '--job-id', '284', '--raw', '--subdir', 'DAGS_FOLDER/BigTechCompanyCount.py', '--cfg-path', '/tmp/tmp7r0k36vg', '--error-file', '/tmp/tmpk443lla2']
[2023-09-11 08:22:51,652] {standard_task_runner.py:80} INFO - Job 284: Subtask fetch_pageviews
[2023-09-11 08:22:51,795] {task_command.py:371} INFO - Running <TaskInstance: BigTechCompanyCount.fetch_pageviews scheduled__2023-09-11T01:00:00+00:00 [running]> on host b18943745c0d
[2023-09-11 08:22:51,967] {taskinstance.py:1591} INFO - Exporting the following env vars:
AIRFLOW_CTX_DAG_OWNER=***
AIRFLOW_CTX_DAG_ID=BigTechCompanyCount
AIRFLOW_CTX_TASK_ID=fetch_pageviews
AIRFLOW_CTX_EXECUTION_DATE=2023-09-11T01:00:00+00:00
AIRFLOW_CTX_TRY_NUMBER=1
AIRFLOW_CTX_DAG_RUN_ID=scheduled__2023-09-11T01:00:00+00:00
[2023-09-11 08:22:57,128] {logging_mixin.py:115} INFO - {'Amazon': '15', 'Facebook': '423', 'Microsoft': '132', 'Apple': '70', 'Google': '419'}
[2023-09-11 08:22:57,128] {python.py:173} INFO - Done. Returned value was: None
[2023-09-11 08:22:57,199] {taskinstance.py:1420} INFO - Marking task as SUCCESS. dag_id=BigTechCompanyCount, task_id=fetch_pageviews, execution_date=20230911T010000, start_date=20230911T082251, end_date=20230911T082257
[2023-09-11 08:22:57,258] {local_task_job.py:156} INFO - Task exited with return code 0
[2023-09-11 08:22:57,295] {local_task_job.py:273} INFO - 0 downstream tasks scheduled from follow-on schedule check
