[2023-09-11 16:46:44,999] {taskinstance.py:1179} INFO - Dependencies all met for <TaskInstance: CallPostgreOperator.extract_gz scheduled__2023-09-10T16:00:00+00:00 [queued]>
[2023-09-11 16:46:45,009] {taskinstance.py:1179} INFO - Dependencies all met for <TaskInstance: CallPostgreOperator.extract_gz scheduled__2023-09-10T16:00:00+00:00 [queued]>
[2023-09-11 16:46:45,009] {taskinstance.py:1376} INFO - 
--------------------------------------------------------------------------------
[2023-09-11 16:46:45,009] {taskinstance.py:1377} INFO - Starting attempt 1 of 1
[2023-09-11 16:46:45,009] {taskinstance.py:1378} INFO - 
--------------------------------------------------------------------------------
[2023-09-11 16:46:45,024] {taskinstance.py:1397} INFO - Executing <Task(BashOperator): extract_gz> on 2023-09-10 16:00:00+00:00
[2023-09-11 16:46:45,029] {standard_task_runner.py:52} INFO - Started process 15573 to run task
[2023-09-11 16:46:45,032] {standard_task_runner.py:79} INFO - Running: ['***', 'tasks', 'run', 'CallPostgreOperator', 'extract_gz', 'scheduled__2023-09-10T16:00:00+00:00', '--job-id', '849', '--raw', '--subdir', 'DAGS_FOLDER/CallPostgreOperator.py', '--cfg-path', '/tmp/tmpc1ohah19', '--error-file', '/tmp/tmppv3w94wz']
[2023-09-11 16:46:45,032] {standard_task_runner.py:80} INFO - Job 849: Subtask extract_gz
[2023-09-11 16:46:45,094] {task_command.py:371} INFO - Running <TaskInstance: CallPostgreOperator.extract_gz scheduled__2023-09-10T16:00:00+00:00 [running]> on host b18943745c0d
[2023-09-11 16:46:45,165] {taskinstance.py:1591} INFO - Exporting the following env vars:
AIRFLOW_CTX_DAG_OWNER=***
AIRFLOW_CTX_DAG_ID=CallPostgreOperator
AIRFLOW_CTX_TASK_ID=extract_gz
AIRFLOW_CTX_EXECUTION_DATE=2023-09-10T16:00:00+00:00
AIRFLOW_CTX_TRY_NUMBER=1
AIRFLOW_CTX_DAG_RUN_ID=scheduled__2023-09-10T16:00:00+00:00
[2023-09-11 16:46:45,166] {subprocess.py:62} INFO - Tmp dir root location: 
 /tmp
[2023-09-11 16:46:45,167] {subprocess.py:74} INFO - Running command: ['bash', '-c', 'gunzip --force /tmp/wikipageviews.gz']
[2023-09-11 16:46:45,176] {subprocess.py:85} INFO - Output:
[2023-09-11 16:46:46,563] {subprocess.py:96} INFO - Command exited with return code 0
[2023-09-11 16:46:46,589] {taskinstance.py:1420} INFO - Marking task as SUCCESS. dag_id=CallPostgreOperator, task_id=extract_gz, execution_date=20230910T160000, start_date=20230911T164645, end_date=20230911T164646
[2023-09-11 16:46:46,610] {local_task_job.py:156} INFO - Task exited with return code 0
[2023-09-11 16:46:46,652] {local_task_job.py:273} INFO - 1 downstream tasks scheduled from follow-on schedule check
