[2023-09-12 04:34:45,968] {taskinstance.py:1179} INFO - Dependencies all met for <TaskInstance: CallPostgreOperator.extract_gz manual__2023-09-12T00:30:42.465834+00:00 [queued]>
[2023-09-12 04:34:45,978] {taskinstance.py:1179} INFO - Dependencies all met for <TaskInstance: CallPostgreOperator.extract_gz manual__2023-09-12T00:30:42.465834+00:00 [queued]>
[2023-09-12 04:34:45,978] {taskinstance.py:1376} INFO - 
--------------------------------------------------------------------------------
[2023-09-12 04:34:45,978] {taskinstance.py:1377} INFO - Starting attempt 1 of 1
[2023-09-12 04:34:45,978] {taskinstance.py:1378} INFO - 
--------------------------------------------------------------------------------
[2023-09-12 04:34:45,991] {taskinstance.py:1397} INFO - Executing <Task(BashOperator): extract_gz> on 2023-09-12 00:30:42.465834+00:00
[2023-09-12 04:34:45,994] {standard_task_runner.py:52} INFO - Started process 182 to run task
[2023-09-12 04:34:45,997] {standard_task_runner.py:79} INFO - Running: ['***', 'tasks', 'run', 'CallPostgreOperator', 'extract_gz', 'manual__2023-09-12T00:30:42.465834+00:00', '--job-id', '946', '--raw', '--subdir', 'DAGS_FOLDER/CallPostgreOperator.py', '--cfg-path', '/tmp/tmp00igndj5', '--error-file', '/tmp/tmp32fb2hp4']
[2023-09-12 04:34:45,998] {standard_task_runner.py:80} INFO - Job 946: Subtask extract_gz
[2023-09-12 04:34:46,061] {task_command.py:371} INFO - Running <TaskInstance: CallPostgreOperator.extract_gz manual__2023-09-12T00:30:42.465834+00:00 [running]> on host b18943745c0d
[2023-09-12 04:34:46,136] {taskinstance.py:1591} INFO - Exporting the following env vars:
AIRFLOW_CTX_DAG_OWNER=***
AIRFLOW_CTX_DAG_ID=CallPostgreOperator
AIRFLOW_CTX_TASK_ID=extract_gz
AIRFLOW_CTX_EXECUTION_DATE=2023-09-12T00:30:42.465834+00:00
AIRFLOW_CTX_TRY_NUMBER=1
AIRFLOW_CTX_DAG_RUN_ID=manual__2023-09-12T00:30:42.465834+00:00
[2023-09-12 04:34:46,137] {subprocess.py:62} INFO - Tmp dir root location: 
 /tmp
[2023-09-12 04:34:46,138] {subprocess.py:74} INFO - Running command: ['bash', '-c', 'gunzip --force /tmp/wikipageviews.gz']
[2023-09-12 04:34:46,146] {subprocess.py:85} INFO - Output:
[2023-09-12 04:34:46,151] {subprocess.py:92} INFO - 
[2023-09-12 04:34:46,151] {subprocess.py:92} INFO - gzip: /tmp/wikipageviews.gz: invalid compressed data--format violated
[2023-09-12 04:34:46,152] {subprocess.py:96} INFO - Command exited with return code 1
[2023-09-12 04:34:46,166] {taskinstance.py:1909} ERROR - Task failed with exception
Traceback (most recent call last):
  File "/home/airflow/.local/lib/python3.7/site-packages/airflow/operators/bash.py", line 195, in execute
    f'Bash command failed. The command returned a non-zero exit code {result.exit_code}.'
airflow.exceptions.AirflowException: Bash command failed. The command returned a non-zero exit code 1.
[2023-09-12 04:34:46,170] {taskinstance.py:1420} INFO - Marking task as FAILED. dag_id=CallPostgreOperator, task_id=extract_gz, execution_date=20230912T003042, start_date=20230912T043445, end_date=20230912T043446
[2023-09-12 04:34:46,186] {standard_task_runner.py:97} ERROR - Failed to execute job 946 for task extract_gz (Bash command failed. The command returned a non-zero exit code 1.; 182)
[2023-09-12 04:34:46,209] {local_task_job.py:156} INFO - Task exited with return code 1
[2023-09-12 04:34:46,246] {local_task_job.py:273} INFO - 0 downstream tasks scheduled from follow-on schedule check
