[2023-09-09 15:39:32,040] {taskinstance.py:1179} INFO - Dependencies all met for <TaskInstance: download_rocket_launches.download_launchesAPI_using_bashcommand manual__2023-09-09T15:39:31.372534+00:00 [queued]>
[2023-09-09 15:39:32,056] {taskinstance.py:1179} INFO - Dependencies all met for <TaskInstance: download_rocket_launches.download_launchesAPI_using_bashcommand manual__2023-09-09T15:39:31.372534+00:00 [queued]>
[2023-09-09 15:39:32,056] {taskinstance.py:1376} INFO - 
--------------------------------------------------------------------------------
[2023-09-09 15:39:32,056] {taskinstance.py:1377} INFO - Starting attempt 1 of 1
[2023-09-09 15:39:32,056] {taskinstance.py:1378} INFO - 
--------------------------------------------------------------------------------
[2023-09-09 15:39:32,075] {taskinstance.py:1397} INFO - Executing <Task(BashOperator): download_launchesAPI_using_bashcommand> on 2023-09-09 15:39:31.372534+00:00
[2023-09-09 15:39:32,079] {standard_task_runner.py:52} INFO - Started process 19782 to run task
[2023-09-09 15:39:32,084] {standard_task_runner.py:79} INFO - Running: ['***', 'tasks', 'run', 'download_rocket_launches', 'download_launchesAPI_using_bashcommand', 'manual__2023-09-09T15:39:31.372534+00:00', '--job-id', '111', '--raw', '--subdir', 'DAGS_FOLDER/download_rocket_launches.py', '--cfg-path', '/tmp/tmpt9yq_2px', '--error-file', '/tmp/tmp3eqqjh05']
[2023-09-09 15:39:32,084] {standard_task_runner.py:80} INFO - Job 111: Subtask download_launchesAPI_using_bashcommand
[2023-09-09 15:39:32,185] {task_command.py:371} INFO - Running <TaskInstance: download_rocket_launches.download_launchesAPI_using_bashcommand manual__2023-09-09T15:39:31.372534+00:00 [running]> on host b18943745c0d
[2023-09-09 15:39:32,258] {taskinstance.py:1591} INFO - Exporting the following env vars:
AIRFLOW_CTX_DAG_OWNER=***
AIRFLOW_CTX_DAG_ID=download_rocket_launches
AIRFLOW_CTX_TASK_ID=download_launchesAPI_using_bashcommand
AIRFLOW_CTX_EXECUTION_DATE=2023-09-09T15:39:31.372534+00:00
AIRFLOW_CTX_TRY_NUMBER=1
AIRFLOW_CTX_DAG_RUN_ID=manual__2023-09-09T15:39:31.372534+00:00
[2023-09-09 15:39:32,259] {subprocess.py:62} INFO - Tmp dir root location: 
 /tmp
[2023-09-09 15:39:32,260] {subprocess.py:74} INFO - Running command: ['bash', '-c', "curl -o /tmp/launches.json -L 'https://ll.thespacedevs.com/2.0.0/launch/upcoming'"]
[2023-09-09 15:39:32,267] {subprocess.py:85} INFO - Output:
[2023-09-09 15:39:32,274] {subprocess.py:92} INFO -   % Total    % Received % Xferd  Average Speed   Time    Time     Time  Current
[2023-09-09 15:39:32,274] {subprocess.py:92} INFO -                                  Dload  Upload   Total   Spent    Left  Speed
[2023-09-09 15:39:33,264] {subprocess.py:92} INFO -   0     0    0     0    0     0      0      0 --:--:-- --:--:-- --:--:--     0  0     0    0     0    0     0      0      0 --:--:-- --:--:-- --:--:--     0
[2023-09-09 15:39:33,764] {subprocess.py:92} INFO -  30 24568   30  7515    0     0   5794      0  0:00:04  0:00:01  0:00:03  5794100 24568  100 24568    0     0  16499      0  0:00:01  0:00:01 --:--:-- 88817
[2023-09-09 15:39:33,766] {subprocess.py:96} INFO - Command exited with return code 0
[2023-09-09 15:39:33,795] {taskinstance.py:1420} INFO - Marking task as SUCCESS. dag_id=download_rocket_launches, task_id=download_launchesAPI_using_bashcommand, execution_date=20230909T153931, start_date=20230909T153932, end_date=20230909T153933
[2023-09-09 15:39:33,824] {local_task_job.py:156} INFO - Task exited with return code 0
[2023-09-09 15:39:33,866] {local_task_job.py:273} INFO - 1 downstream tasks scheduled from follow-on schedule check
