[2023-09-11 23:00:23,660] {taskinstance.py:1179} INFO - Dependencies all met for <TaskInstance: INSERT_TO_PostgreOperator.extract_gz scheduled__2023-09-11T22:00:00+00:00 [queued]>
[2023-09-11 23:00:23,671] {taskinstance.py:1179} INFO - Dependencies all met for <TaskInstance: INSERT_TO_PostgreOperator.extract_gz scheduled__2023-09-11T22:00:00+00:00 [queued]>
[2023-09-11 23:00:23,671] {taskinstance.py:1376} INFO - 
--------------------------------------------------------------------------------
[2023-09-11 23:00:23,671] {taskinstance.py:1377} INFO - Starting attempt 1 of 1
[2023-09-11 23:00:23,672] {taskinstance.py:1378} INFO - 
--------------------------------------------------------------------------------
[2023-09-11 23:00:23,687] {taskinstance.py:1397} INFO - Executing <Task(BashOperator): extract_gz> on 2023-09-11 22:00:00+00:00
[2023-09-11 23:00:23,694] {standard_task_runner.py:52} INFO - Started process 18482 to run task
[2023-09-11 23:00:23,697] {standard_task_runner.py:79} INFO - Running: ['***', 'tasks', 'run', 'INSERT_TO_PostgreOperator', 'extract_gz', 'scheduled__2023-09-11T22:00:00+00:00', '--job-id', '892', '--raw', '--subdir', 'DAGS_FOLDER/INSERT_TO_PostgreOperator.py', '--cfg-path', '/tmp/tmp8t5tw_xx', '--error-file', '/tmp/tmpuzqz8_qv']
[2023-09-11 23:00:23,697] {standard_task_runner.py:80} INFO - Job 892: Subtask extract_gz
[2023-09-11 23:00:23,770] {task_command.py:371} INFO - Running <TaskInstance: INSERT_TO_PostgreOperator.extract_gz scheduled__2023-09-11T22:00:00+00:00 [running]> on host b18943745c0d
[2023-09-11 23:00:23,850] {taskinstance.py:1591} INFO - Exporting the following env vars:
AIRFLOW_CTX_DAG_OWNER=***
AIRFLOW_CTX_DAG_ID=INSERT_TO_PostgreOperator
AIRFLOW_CTX_TASK_ID=extract_gz
AIRFLOW_CTX_EXECUTION_DATE=2023-09-11T22:00:00+00:00
AIRFLOW_CTX_TRY_NUMBER=1
AIRFLOW_CTX_DAG_RUN_ID=scheduled__2023-09-11T22:00:00+00:00
[2023-09-11 23:00:23,851] {subprocess.py:62} INFO - Tmp dir root location: 
 /tmp
[2023-09-11 23:00:23,853] {subprocess.py:74} INFO - Running command: ['bash', '-c', 'gunzip --force /tmp/wikipageviews.gz']
[2023-09-11 23:00:23,863] {subprocess.py:85} INFO - Output:
[2023-09-11 23:00:23,867] {subprocess.py:92} INFO - gzip: /tmp/wikipageviews.gz: No such file or directory
[2023-09-11 23:00:23,868] {subprocess.py:96} INFO - Command exited with return code 1
[2023-09-11 23:00:23,884] {taskinstance.py:1909} ERROR - Task failed with exception
Traceback (most recent call last):
  File "/home/airflow/.local/lib/python3.7/site-packages/airflow/operators/bash.py", line 195, in execute
    f'Bash command failed. The command returned a non-zero exit code {result.exit_code}.'
airflow.exceptions.AirflowException: Bash command failed. The command returned a non-zero exit code 1.
[2023-09-11 23:00:23,888] {taskinstance.py:1420} INFO - Marking task as FAILED. dag_id=INSERT_TO_PostgreOperator, task_id=extract_gz, execution_date=20230911T220000, start_date=20230911T230023, end_date=20230911T230023
[2023-09-11 23:00:23,906] {standard_task_runner.py:97} ERROR - Failed to execute job 892 for task extract_gz (Bash command failed. The command returned a non-zero exit code 1.; 18482)
[2023-09-11 23:00:23,949] {local_task_job.py:156} INFO - Task exited with return code 1
[2023-09-11 23:00:23,988] {local_task_job.py:273} INFO - 0 downstream tasks scheduled from follow-on schedule check
