[2023-09-09 12:03:10,784] {taskinstance.py:1179} INFO - Dependencies all met for <TaskInstance: download_rocket_launches.notify scheduled__2023-08-28T00:00:00+00:00 [queued]>
[2023-09-09 12:03:10,806] {taskinstance.py:1179} INFO - Dependencies all met for <TaskInstance: download_rocket_launches.notify scheduled__2023-08-28T00:00:00+00:00 [queued]>
[2023-09-09 12:03:10,806] {taskinstance.py:1376} INFO - 
--------------------------------------------------------------------------------
[2023-09-09 12:03:10,806] {taskinstance.py:1377} INFO - Starting attempt 1 of 1
[2023-09-09 12:03:10,806] {taskinstance.py:1378} INFO - 
--------------------------------------------------------------------------------
[2023-09-09 12:03:10,839] {taskinstance.py:1397} INFO - Executing <Task(BashOperator): notify> on 2023-08-28 00:00:00+00:00
[2023-09-09 12:03:10,846] {standard_task_runner.py:52} INFO - Started process 9217 to run task
[2023-09-09 12:03:10,851] {standard_task_runner.py:79} INFO - Running: ['***', 'tasks', 'run', 'download_rocket_launches', 'notify', 'scheduled__2023-08-28T00:00:00+00:00', '--job-id', '39', '--raw', '--subdir', 'DAGS_FOLDER/download_rocket_launches.py', '--cfg-path', '/tmp/tmpeay0o3t2', '--error-file', '/tmp/tmpegx1ckby']
[2023-09-09 12:03:10,852] {standard_task_runner.py:80} INFO - Job 39: Subtask notify
[2023-09-09 12:03:10,952] {task_command.py:371} INFO - Running <TaskInstance: download_rocket_launches.notify scheduled__2023-08-28T00:00:00+00:00 [running]> on host b18943745c0d
[2023-09-09 12:03:11,058] {taskinstance.py:1591} INFO - Exporting the following env vars:
AIRFLOW_CTX_DAG_OWNER=***
AIRFLOW_CTX_DAG_ID=download_rocket_launches
AIRFLOW_CTX_TASK_ID=notify
AIRFLOW_CTX_EXECUTION_DATE=2023-08-28T00:00:00+00:00
AIRFLOW_CTX_TRY_NUMBER=1
AIRFLOW_CTX_DAG_RUN_ID=scheduled__2023-08-28T00:00:00+00:00
[2023-09-09 12:03:11,059] {subprocess.py:62} INFO - Tmp dir root location: 
 /tmp
[2023-09-09 12:03:11,060] {subprocess.py:74} INFO - Running command: ['bash', '-c', 'echo "There are now $(ls /tmp/images/ | wc -l) images."']
[2023-09-09 12:03:11,079] {subprocess.py:85} INFO - Output:
[2023-09-09 12:03:11,085] {subprocess.py:92} INFO - There are now 10 images.
[2023-09-09 12:03:11,085] {subprocess.py:96} INFO - Command exited with return code 0
[2023-09-09 12:03:11,171] {taskinstance.py:1420} INFO - Marking task as SUCCESS. dag_id=download_rocket_launches, task_id=notify, execution_date=20230828T000000, start_date=20230909T120310, end_date=20230909T120311
[2023-09-09 12:03:11,224] {local_task_job.py:156} INFO - Task exited with return code 0
[2023-09-09 12:03:11,269] {local_task_job.py:273} INFO - 0 downstream tasks scheduled from follow-on schedule check
