[2023-09-12 04:00:00,982] {taskinstance.py:1179} INFO - Dependencies all met for <TaskInstance: Examine_Templet_Value.get_data scheduled__2023-09-12T03:00:00+00:00 [queued]>
[2023-09-12 04:00:00,994] {taskinstance.py:1179} INFO - Dependencies all met for <TaskInstance: Examine_Templet_Value.get_data scheduled__2023-09-12T03:00:00+00:00 [queued]>
[2023-09-12 04:00:00,995] {taskinstance.py:1376} INFO - 
--------------------------------------------------------------------------------
[2023-09-12 04:00:00,995] {taskinstance.py:1377} INFO - Starting attempt 1 of 1
[2023-09-12 04:00:00,995] {taskinstance.py:1378} INFO - 
--------------------------------------------------------------------------------
[2023-09-12 04:00:01,009] {taskinstance.py:1397} INFO - Executing <Task(PythonOperator): get_data> on 2023-09-12 03:00:00+00:00
[2023-09-12 04:00:01,015] {standard_task_runner.py:52} INFO - Started process 32815 to run task
[2023-09-12 04:00:01,020] {standard_task_runner.py:79} INFO - Running: ['***', 'tasks', 'run', 'Examine_Templet_Value', 'get_data', 'scheduled__2023-09-12T03:00:00+00:00', '--job-id', '939', '--raw', '--subdir', 'DAGS_FOLDER/Examine_Templet_Value.py', '--cfg-path', '/tmp/tmp9lya883m', '--error-file', '/tmp/tmp692_jv63']
[2023-09-12 04:00:01,021] {standard_task_runner.py:80} INFO - Job 939: Subtask get_data
[2023-09-12 04:00:01,126] {task_command.py:371} INFO - Running <TaskInstance: Examine_Templet_Value.get_data scheduled__2023-09-12T03:00:00+00:00 [running]> on host b18943745c0d
[2023-09-12 04:00:01,189] {warnings.py:110} WARNING - /home/***/.local/lib/python3.7/site-packages/***/utils/context.py:202: AirflowContextDeprecationWarning: Accessing 'execution_date' from the template is deprecated and will be removed in a future version. Please use 'data_interval_start' or 'logical_date' instead.
  warnings.warn(_create_deprecation_warning(key, self._deprecation_replacements[key]))

[2023-09-12 04:00:01,257] {taskinstance.py:1591} INFO - Exporting the following env vars:
AIRFLOW_CTX_DAG_OWNER=***
AIRFLOW_CTX_DAG_ID=Examine_Templet_Value
AIRFLOW_CTX_TASK_ID=get_data
AIRFLOW_CTX_EXECUTION_DATE=2023-09-12T03:00:00+00:00
AIRFLOW_CTX_TRY_NUMBER=1
AIRFLOW_CTX_DAG_RUN_ID=scheduled__2023-09-12T03:00:00+00:00
[2023-09-12 04:00:01,258] {logging_mixin.py:115} INFO - 현재 전달된 url은 https://dumps.wikimedia.org/other/pageviews/2022/2022-09/pageviews-20220912-030000.gz 이다.
[2023-09-12 04:00:15,846] {python.py:173} INFO - Done. Returned value was: None
[2023-09-12 04:00:15,860] {taskinstance.py:1420} INFO - Marking task as SUCCESS. dag_id=Examine_Templet_Value, task_id=get_data, execution_date=20230912T030000, start_date=20230912T040000, end_date=20230912T040015
[2023-09-12 04:00:15,887] {local_task_job.py:156} INFO - Task exited with return code 0
[2023-09-12 04:00:15,911] {local_task_job.py:273} INFO - 0 downstream tasks scheduled from follow-on schedule check
