[2023-09-12 02:00:12,143] {taskinstance.py:1179} INFO - Dependencies all met for <TaskInstance: BigTechCompanyCount.extract_gz scheduled__2023-09-12T01:00:00+00:00 [queued]>
[2023-09-12 02:00:12,153] {taskinstance.py:1179} INFO - Dependencies all met for <TaskInstance: BigTechCompanyCount.extract_gz scheduled__2023-09-12T01:00:00+00:00 [queued]>
[2023-09-12 02:00:12,154] {taskinstance.py:1376} INFO - 
--------------------------------------------------------------------------------
[2023-09-12 02:00:12,154] {taskinstance.py:1377} INFO - Starting attempt 1 of 1
[2023-09-12 02:00:12,154] {taskinstance.py:1378} INFO - 
--------------------------------------------------------------------------------
[2023-09-12 02:00:12,168] {taskinstance.py:1397} INFO - Executing <Task(BashOperator): extract_gz> on 2023-09-12 01:00:00+00:00
[2023-09-12 02:00:12,173] {standard_task_runner.py:52} INFO - Started process 27083 to run task
[2023-09-12 02:00:12,175] {standard_task_runner.py:79} INFO - Running: ['***', 'tasks', 'run', 'BigTechCompanyCount', 'extract_gz', 'scheduled__2023-09-12T01:00:00+00:00', '--job-id', '932', '--raw', '--subdir', 'DAGS_FOLDER/BigTechCompanyCount.py', '--cfg-path', '/tmp/tmp1tbr02o5', '--error-file', '/tmp/tmpxnpf3u71']
[2023-09-12 02:00:12,176] {standard_task_runner.py:80} INFO - Job 932: Subtask extract_gz
[2023-09-12 02:00:12,241] {task_command.py:371} INFO - Running <TaskInstance: BigTechCompanyCount.extract_gz scheduled__2023-09-12T01:00:00+00:00 [running]> on host b18943745c0d
[2023-09-12 02:00:12,317] {taskinstance.py:1591} INFO - Exporting the following env vars:
AIRFLOW_CTX_DAG_OWNER=***
AIRFLOW_CTX_DAG_ID=BigTechCompanyCount
AIRFLOW_CTX_TASK_ID=extract_gz
AIRFLOW_CTX_EXECUTION_DATE=2023-09-12T01:00:00+00:00
AIRFLOW_CTX_TRY_NUMBER=1
AIRFLOW_CTX_DAG_RUN_ID=scheduled__2023-09-12T01:00:00+00:00
[2023-09-12 02:00:12,318] {subprocess.py:62} INFO - Tmp dir root location: 
 /tmp
[2023-09-12 02:00:12,319] {subprocess.py:74} INFO - Running command: ['bash', '-c', 'gunzip --force /tmp/wikipageviews.gz']
[2023-09-12 02:00:12,336] {subprocess.py:85} INFO - Output:
[2023-09-12 02:00:12,409] {subprocess.py:92} INFO - 
[2023-09-12 02:00:12,409] {subprocess.py:92} INFO - gzip: /tmp/wikipageviews.gz: invalid compressed data--format violated
[2023-09-12 02:00:12,410] {subprocess.py:96} INFO - Command exited with return code 1
[2023-09-12 02:00:12,426] {taskinstance.py:1909} ERROR - Task failed with exception
Traceback (most recent call last):
  File "/home/airflow/.local/lib/python3.7/site-packages/airflow/operators/bash.py", line 195, in execute
    f'Bash command failed. The command returned a non-zero exit code {result.exit_code}.'
airflow.exceptions.AirflowException: Bash command failed. The command returned a non-zero exit code 1.
[2023-09-12 02:00:12,430] {taskinstance.py:1420} INFO - Marking task as FAILED. dag_id=BigTechCompanyCount, task_id=extract_gz, execution_date=20230912T010000, start_date=20230912T020012, end_date=20230912T020012
[2023-09-12 02:00:12,443] {standard_task_runner.py:97} ERROR - Failed to execute job 932 for task extract_gz (Bash command failed. The command returned a non-zero exit code 1.; 27083)
[2023-09-12 02:00:12,468] {local_task_job.py:156} INFO - Task exited with return code 1
[2023-09-12 02:00:12,506] {local_task_job.py:273} INFO - 0 downstream tasks scheduled from follow-on schedule check
