[2023-09-11 12:00:01,201] {taskinstance.py:1179} INFO - Dependencies all met for <TaskInstance: listing_4_18.extract_gz scheduled__2023-09-11T03:00:00+00:00 [queued]>
[2023-09-11 12:00:01,234] {taskinstance.py:1179} INFO - Dependencies all met for <TaskInstance: listing_4_18.extract_gz scheduled__2023-09-11T03:00:00+00:00 [queued]>
[2023-09-11 12:00:01,234] {taskinstance.py:1376} INFO - 
--------------------------------------------------------------------------------
[2023-09-11 12:00:01,235] {taskinstance.py:1377} INFO - Starting attempt 1 of 1
[2023-09-11 12:00:01,235] {taskinstance.py:1378} INFO - 
--------------------------------------------------------------------------------
[2023-09-11 12:00:01,273] {taskinstance.py:1397} INFO - Executing <Task(BashOperator): extract_gz> on 2023-09-11 03:00:00+00:00
[2023-09-11 12:00:01,283] {standard_task_runner.py:52} INFO - Started process 1238 to run task
[2023-09-11 12:00:01,291] {standard_task_runner.py:79} INFO - Running: ['***', 'tasks', 'run', 'listing_4_18', 'extract_gz', 'scheduled__2023-09-11T03:00:00+00:00', '--job-id', '492', '--raw', '--subdir', 'DAGS_FOLDER/listing_4_18.py', '--cfg-path', '/tmp/tmpik3gy_lp', '--error-file', '/tmp/tmp3o_jvj2e']
[2023-09-11 12:00:01,293] {standard_task_runner.py:80} INFO - Job 492: Subtask extract_gz
[2023-09-11 12:00:01,449] {task_command.py:371} INFO - Running <TaskInstance: listing_4_18.extract_gz scheduled__2023-09-11T03:00:00+00:00 [running]> on host b18943745c0d
[2023-09-11 12:00:01,581] {taskinstance.py:1591} INFO - Exporting the following env vars:
AIRFLOW_CTX_DAG_OWNER=***
AIRFLOW_CTX_DAG_ID=listing_4_18
AIRFLOW_CTX_TASK_ID=extract_gz
AIRFLOW_CTX_EXECUTION_DATE=2023-09-11T03:00:00+00:00
AIRFLOW_CTX_TRY_NUMBER=1
AIRFLOW_CTX_DAG_RUN_ID=scheduled__2023-09-11T03:00:00+00:00
[2023-09-11 12:00:01,583] {subprocess.py:62} INFO - Tmp dir root location: 
 /tmp
[2023-09-11 12:00:01,584] {subprocess.py:74} INFO - Running command: ['bash', '-c', 'gunzip --force /tmp/wikipageviews.gz']
[2023-09-11 12:00:01,602] {subprocess.py:85} INFO - Output:
[2023-09-11 12:00:02,775] {subprocess.py:92} INFO - 
[2023-09-11 12:00:02,775] {subprocess.py:92} INFO - gzip: /tmp/wikipageviews.gz: invalid compressed data--format violated
[2023-09-11 12:00:02,798] {subprocess.py:96} INFO - Command exited with return code 1
[2023-09-11 12:00:02,822] {taskinstance.py:1909} ERROR - Task failed with exception
Traceback (most recent call last):
  File "/home/airflow/.local/lib/python3.7/site-packages/airflow/operators/bash.py", line 195, in execute
    f'Bash command failed. The command returned a non-zero exit code {result.exit_code}.'
airflow.exceptions.AirflowException: Bash command failed. The command returned a non-zero exit code 1.
[2023-09-11 12:00:02,828] {taskinstance.py:1420} INFO - Marking task as FAILED. dag_id=listing_4_18, task_id=extract_gz, execution_date=20230911T030000, start_date=20230911T120001, end_date=20230911T120002
[2023-09-11 12:00:02,852] {standard_task_runner.py:97} ERROR - Failed to execute job 492 for task extract_gz (Bash command failed. The command returned a non-zero exit code 1.; 1238)
[2023-09-11 12:00:02,869] {local_task_job.py:156} INFO - Task exited with return code 1
[2023-09-11 12:00:02,943] {local_task_job.py:273} INFO - 0 downstream tasks scheduled from follow-on schedule check
