[2023-09-11 08:21:40,603] {taskinstance.py:1179} INFO - Dependencies all met for <TaskInstance: BigTechCompanyCount.extract_gz scheduled__2023-09-10T23:00:00+00:00 [queued]>
[2023-09-11 08:21:40,618] {taskinstance.py:1179} INFO - Dependencies all met for <TaskInstance: BigTechCompanyCount.extract_gz scheduled__2023-09-10T23:00:00+00:00 [queued]>
[2023-09-11 08:21:40,618] {taskinstance.py:1376} INFO - 
--------------------------------------------------------------------------------
[2023-09-11 08:21:40,618] {taskinstance.py:1377} INFO - Starting attempt 1 of 1
[2023-09-11 08:21:40,618] {taskinstance.py:1378} INFO - 
--------------------------------------------------------------------------------
[2023-09-11 08:21:40,637] {taskinstance.py:1397} INFO - Executing <Task(BashOperator): extract_gz> on 2023-09-10 23:00:00+00:00
[2023-09-11 08:21:40,643] {standard_task_runner.py:52} INFO - Started process 730 to run task
[2023-09-11 08:21:40,646] {standard_task_runner.py:79} INFO - Running: ['***', 'tasks', 'run', 'BigTechCompanyCount', 'extract_gz', 'scheduled__2023-09-10T23:00:00+00:00', '--job-id', '277', '--raw', '--subdir', 'DAGS_FOLDER/BigTechCompanyCount.py', '--cfg-path', '/tmp/tmp0hdttqu0', '--error-file', '/tmp/tmpf20ihv0d']
[2023-09-11 08:21:40,647] {standard_task_runner.py:80} INFO - Job 277: Subtask extract_gz
[2023-09-11 08:21:40,725] {task_command.py:371} INFO - Running <TaskInstance: BigTechCompanyCount.extract_gz scheduled__2023-09-10T23:00:00+00:00 [running]> on host b18943745c0d
[2023-09-11 08:21:40,821] {taskinstance.py:1591} INFO - Exporting the following env vars:
AIRFLOW_CTX_DAG_OWNER=***
AIRFLOW_CTX_DAG_ID=BigTechCompanyCount
AIRFLOW_CTX_TASK_ID=extract_gz
AIRFLOW_CTX_EXECUTION_DATE=2023-09-10T23:00:00+00:00
AIRFLOW_CTX_TRY_NUMBER=1
AIRFLOW_CTX_DAG_RUN_ID=scheduled__2023-09-10T23:00:00+00:00
[2023-09-11 08:21:40,823] {subprocess.py:62} INFO - Tmp dir root location: 
 /tmp
[2023-09-11 08:21:40,824] {subprocess.py:74} INFO - Running command: ['bash', '-c', 'gunzip --force /tmp/wikipageviews.gz']
[2023-09-11 08:21:40,899] {subprocess.py:85} INFO - Output:
[2023-09-11 08:21:42,260] {subprocess.py:96} INFO - Command exited with return code 0
[2023-09-11 08:21:42,296] {taskinstance.py:1420} INFO - Marking task as SUCCESS. dag_id=BigTechCompanyCount, task_id=extract_gz, execution_date=20230910T230000, start_date=20230911T082140, end_date=20230911T082142
[2023-09-11 08:21:42,346] {local_task_job.py:156} INFO - Task exited with return code 0
[2023-09-11 08:21:42,388] {local_task_job.py:273} INFO - 1 downstream tasks scheduled from follow-on schedule check
