[2023-09-12 05:06:18,532] {taskinstance.py:1179} INFO - Dependencies all met for <TaskInstance: CallPostgreOperator.write_to_postgres scheduled__2023-09-11T05:00:00+00:00 [queued]>
[2023-09-12 05:06:18,549] {taskinstance.py:1179} INFO - Dependencies all met for <TaskInstance: CallPostgreOperator.write_to_postgres scheduled__2023-09-11T05:00:00+00:00 [queued]>
[2023-09-12 05:06:18,549] {taskinstance.py:1376} INFO - 
--------------------------------------------------------------------------------
[2023-09-12 05:06:18,549] {taskinstance.py:1377} INFO - Starting attempt 2 of 2
[2023-09-12 05:06:18,549] {taskinstance.py:1378} INFO - 
--------------------------------------------------------------------------------
[2023-09-12 05:06:18,571] {taskinstance.py:1397} INFO - Executing <Task(PostgresOperator): write_to_postgres> on 2023-09-11 05:00:00+00:00
[2023-09-12 05:06:18,576] {standard_task_runner.py:52} INFO - Started process 1861 to run task
[2023-09-12 05:06:18,579] {standard_task_runner.py:79} INFO - Running: ['***', 'tasks', 'run', 'CallPostgreOperator', 'write_to_postgres', 'scheduled__2023-09-11T05:00:00+00:00', '--job-id', '1039', '--raw', '--subdir', 'DAGS_FOLDER/CallPostgreOperator.py', '--cfg-path', '/tmp/tmp0vd6fl8l', '--error-file', '/tmp/tmpr5v8pd8j']
[2023-09-12 05:06:18,580] {standard_task_runner.py:80} INFO - Job 1039: Subtask write_to_postgres
[2023-09-12 05:06:18,645] {task_command.py:371} INFO - Running <TaskInstance: CallPostgreOperator.write_to_postgres scheduled__2023-09-11T05:00:00+00:00 [running]> on host b18943745c0d
[2023-09-12 05:06:18,720] {taskinstance.py:1591} INFO - Exporting the following env vars:
AIRFLOW_CTX_DAG_OWNER=***
AIRFLOW_CTX_DAG_ID=CallPostgreOperator
AIRFLOW_CTX_TASK_ID=write_to_postgres
AIRFLOW_CTX_EXECUTION_DATE=2023-09-11T05:00:00+00:00
AIRFLOW_CTX_TRY_NUMBER=2
AIRFLOW_CTX_DAG_RUN_ID=scheduled__2023-09-11T05:00:00+00:00
[2023-09-12 05:06:18,733] {base.py:68} INFO - Using connection ID 'my_postgres' for task execution.
[2023-09-12 05:06:18,734] {taskinstance.py:1909} ERROR - Task failed with exception
Traceback (most recent call last):
  File "/home/airflow/.local/lib/python3.7/site-packages/airflow/providers/postgres/operators/postgres.py", line 92, in execute
    self.hook.run(self.sql, self.autocommit, parameters=self.parameters)
  File "/home/airflow/.local/lib/python3.7/site-packages/airflow/hooks/dbapi.py", line 204, in run
    with closing(self.get_conn()) as conn:
  File "/home/airflow/.local/lib/python3.7/site-packages/airflow/providers/postgres/hooks/postgres.py", line 113, in get_conn
    self.conn = psycopg2.connect(**conn_args)
  File "/home/airflow/.local/lib/python3.7/site-packages/psycopg2/__init__.py", line 122, in connect
    conn = _connect(dsn, connection_factory=connection_factory, **kwasync)
psycopg2.OperationalError: connection to server at "127.0.0.1", port 5432 failed: Connection refused
	Is the server running on that host and accepting TCP/IP connections?

[2023-09-12 05:06:18,743] {taskinstance.py:1420} INFO - Marking task as FAILED. dag_id=CallPostgreOperator, task_id=write_to_postgres, execution_date=20230911T050000, start_date=20230912T050618, end_date=20230912T050618
[2023-09-12 05:06:18,759] {standard_task_runner.py:97} ERROR - Failed to execute job 1039 for task write_to_postgres (connection to server at "127.0.0.1", port 5432 failed: Connection refused
	Is the server running on that host and accepting TCP/IP connections?
; 1861)
[2023-09-12 05:06:18,791] {local_task_job.py:156} INFO - Task exited with return code 1
[2023-09-12 05:06:18,821] {local_task_job.py:273} INFO - 0 downstream tasks scheduled from follow-on schedule check
