[2023-09-12 04:53:52,299] {taskinstance.py:1179} INFO - Dependencies all met for <TaskInstance: CallPostgreOperator.get_data scheduled__2023-09-11T03:00:00+00:00 [queued]>
[2023-09-12 04:53:52,307] {taskinstance.py:1179} INFO - Dependencies all met for <TaskInstance: CallPostgreOperator.get_data scheduled__2023-09-11T03:00:00+00:00 [queued]>
[2023-09-12 04:53:52,307] {taskinstance.py:1376} INFO - 
--------------------------------------------------------------------------------
[2023-09-12 04:53:52,307] {taskinstance.py:1377} INFO - Starting attempt 1 of 1
[2023-09-12 04:53:52,307] {taskinstance.py:1378} INFO - 
--------------------------------------------------------------------------------
[2023-09-12 04:53:52,320] {taskinstance.py:1397} INFO - Executing <Task(PythonOperator): get_data> on 2023-09-11 03:00:00+00:00
[2023-09-12 04:53:52,324] {standard_task_runner.py:52} INFO - Started process 1118 to run task
[2023-09-12 04:53:52,326] {standard_task_runner.py:79} INFO - Running: ['***', 'tasks', 'run', 'CallPostgreOperator', 'get_data', 'scheduled__2023-09-11T03:00:00+00:00', '--job-id', '961', '--raw', '--subdir', 'DAGS_FOLDER/CallPostgreOperator.py', '--cfg-path', '/tmp/tmpmbq6087t', '--error-file', '/tmp/tmp1904srhg']
[2023-09-12 04:53:52,327] {standard_task_runner.py:80} INFO - Job 961: Subtask get_data
[2023-09-12 04:53:52,383] {task_command.py:371} INFO - Running <TaskInstance: CallPostgreOperator.get_data scheduled__2023-09-11T03:00:00+00:00 [running]> on host b18943745c0d
[2023-09-12 04:53:52,415] {warnings.py:110} WARNING - /home/***/.local/lib/python3.7/site-packages/***/utils/context.py:202: AirflowContextDeprecationWarning: Accessing 'execution_date' from the template is deprecated and will be removed in a future version. Please use 'data_interval_start' or 'logical_date' instead.
  warnings.warn(_create_deprecation_warning(key, self._deprecation_replacements[key]))

[2023-09-12 04:53:52,451] {taskinstance.py:1591} INFO - Exporting the following env vars:
AIRFLOW_CTX_DAG_OWNER=***
AIRFLOW_CTX_DAG_ID=CallPostgreOperator
AIRFLOW_CTX_TASK_ID=get_data
AIRFLOW_CTX_EXECUTION_DATE=2023-09-11T03:00:00+00:00
AIRFLOW_CTX_TRY_NUMBER=1
AIRFLOW_CTX_DAG_RUN_ID=scheduled__2023-09-11T03:00:00+00:00
[2023-09-12 04:53:52,452] {logging_mixin.py:115} INFO - 현재 전달된 url은 https://dumps.wikimedia.org/other/pageviews/2022/2022-09/pageviews-20220911-030000.gz 이다.
[2023-09-12 04:54:40,192] {python.py:173} INFO - Done. Returned value was: None
[2023-09-12 04:54:40,207] {taskinstance.py:1420} INFO - Marking task as SUCCESS. dag_id=CallPostgreOperator, task_id=get_data, execution_date=20230911T030000, start_date=20230912T045352, end_date=20230912T045440
[2023-09-12 04:54:40,241] {local_task_job.py:156} INFO - Task exited with return code 0
[2023-09-12 04:54:40,302] {local_task_job.py:273} INFO - 1 downstream tasks scheduled from follow-on schedule check
