[2023-09-10 12:10:43,951] {taskinstance.py:1179} INFO - Dependencies all met for <TaskInstance: download_rocket_launches.notify scheduled__2023-09-09T00:00:00+00:00 [queued]>
[2023-09-10 12:10:43,960] {taskinstance.py:1179} INFO - Dependencies all met for <TaskInstance: download_rocket_launches.notify scheduled__2023-09-09T00:00:00+00:00 [queued]>
[2023-09-10 12:10:43,960] {taskinstance.py:1376} INFO - 
--------------------------------------------------------------------------------
[2023-09-10 12:10:43,960] {taskinstance.py:1377} INFO - Starting attempt 1 of 1
[2023-09-10 12:10:43,960] {taskinstance.py:1378} INFO - 
--------------------------------------------------------------------------------
[2023-09-10 12:10:43,973] {taskinstance.py:1397} INFO - Executing <Task(BashOperator): notify> on 2023-09-09 00:00:00+00:00
[2023-09-10 12:10:43,976] {standard_task_runner.py:52} INFO - Started process 80 to run task
[2023-09-10 12:10:43,979] {standard_task_runner.py:79} INFO - Running: ['***', 'tasks', 'run', 'download_rocket_launches', 'notify', 'scheduled__2023-09-09T00:00:00+00:00', '--job-id', '129', '--raw', '--subdir', 'DAGS_FOLDER/download_rocket_launches.py', '--cfg-path', '/tmp/tmpe0km69ki', '--error-file', '/tmp/tmpxby3n8w7']
[2023-09-10 12:10:43,979] {standard_task_runner.py:80} INFO - Job 129: Subtask notify
[2023-09-10 12:10:44,037] {task_command.py:371} INFO - Running <TaskInstance: download_rocket_launches.notify scheduled__2023-09-09T00:00:00+00:00 [running]> on host b18943745c0d
[2023-09-10 12:10:44,102] {taskinstance.py:1591} INFO - Exporting the following env vars:
AIRFLOW_CTX_DAG_OWNER=***
AIRFLOW_CTX_DAG_ID=download_rocket_launches
AIRFLOW_CTX_TASK_ID=notify
AIRFLOW_CTX_EXECUTION_DATE=2023-09-09T00:00:00+00:00
AIRFLOW_CTX_TRY_NUMBER=1
AIRFLOW_CTX_DAG_RUN_ID=scheduled__2023-09-09T00:00:00+00:00
[2023-09-10 12:10:44,102] {subprocess.py:62} INFO - Tmp dir root location: 
 /tmp
[2023-09-10 12:10:44,103] {subprocess.py:74} INFO - Running command: ['bash', '-c', 'echo "There are now $(ls /tmp/images/ | wc -l) images."']
[2023-09-10 12:10:44,109] {subprocess.py:85} INFO - Output:
[2023-09-10 12:10:44,115] {subprocess.py:92} INFO - There are now 11 images.
[2023-09-10 12:10:44,115] {subprocess.py:96} INFO - Command exited with return code 0
[2023-09-10 12:10:44,142] {taskinstance.py:1420} INFO - Marking task as SUCCESS. dag_id=download_rocket_launches, task_id=notify, execution_date=20230909T000000, start_date=20230910T121043, end_date=20230910T121044
[2023-09-10 12:10:44,191] {local_task_job.py:156} INFO - Task exited with return code 0
[2023-09-10 12:10:44,221] {local_task_job.py:273} INFO - 0 downstream tasks scheduled from follow-on schedule check
