[2023-09-11 08:25:04,397] {taskinstance.py:1179} INFO - Dependencies all met for <TaskInstance: BigTechCompanyCount.fetch_pageviews scheduled__2023-09-11T05:00:00+00:00 [queued]>
[2023-09-11 08:25:04,418] {taskinstance.py:1179} INFO - Dependencies all met for <TaskInstance: BigTechCompanyCount.fetch_pageviews scheduled__2023-09-11T05:00:00+00:00 [queued]>
[2023-09-11 08:25:04,418] {taskinstance.py:1376} INFO - 
--------------------------------------------------------------------------------
[2023-09-11 08:25:04,418] {taskinstance.py:1377} INFO - Starting attempt 1 of 1
[2023-09-11 08:25:04,418] {taskinstance.py:1378} INFO - 
--------------------------------------------------------------------------------
[2023-09-11 08:25:04,443] {taskinstance.py:1397} INFO - Executing <Task(PythonOperator): fetch_pageviews> on 2023-09-11 05:00:00+00:00
[2023-09-11 08:25:04,450] {standard_task_runner.py:52} INFO - Started process 912 to run task
[2023-09-11 08:25:04,454] {standard_task_runner.py:79} INFO - Running: ['***', 'tasks', 'run', 'BigTechCompanyCount', 'fetch_pageviews', 'scheduled__2023-09-11T05:00:00+00:00', '--job-id', '296', '--raw', '--subdir', 'DAGS_FOLDER/BigTechCompanyCount.py', '--cfg-path', '/tmp/tmpq7mcyxv_', '--error-file', '/tmp/tmpwub7ymlq']
[2023-09-11 08:25:04,455] {standard_task_runner.py:80} INFO - Job 296: Subtask fetch_pageviews
[2023-09-11 08:25:04,554] {task_command.py:371} INFO - Running <TaskInstance: BigTechCompanyCount.fetch_pageviews scheduled__2023-09-11T05:00:00+00:00 [running]> on host b18943745c0d
[2023-09-11 08:25:04,673] {taskinstance.py:1591} INFO - Exporting the following env vars:
AIRFLOW_CTX_DAG_OWNER=***
AIRFLOW_CTX_DAG_ID=BigTechCompanyCount
AIRFLOW_CTX_TASK_ID=fetch_pageviews
AIRFLOW_CTX_EXECUTION_DATE=2023-09-11T05:00:00+00:00
AIRFLOW_CTX_TRY_NUMBER=1
AIRFLOW_CTX_DAG_RUN_ID=scheduled__2023-09-11T05:00:00+00:00
[2023-09-11 08:25:09,191] {logging_mixin.py:115} INFO - {'Amazon': '12', 'Facebook': '642', 'Microsoft': '170', 'Apple': '40', 'Google': '607'}
[2023-09-11 08:25:09,191] {python.py:173} INFO - Done. Returned value was: None
[2023-09-11 08:25:09,211] {taskinstance.py:1420} INFO - Marking task as SUCCESS. dag_id=BigTechCompanyCount, task_id=fetch_pageviews, execution_date=20230911T050000, start_date=20230911T082504, end_date=20230911T082509
[2023-09-11 08:25:09,255] {local_task_job.py:156} INFO - Task exited with return code 0
[2023-09-11 08:25:09,308] {local_task_job.py:273} INFO - 0 downstream tasks scheduled from follow-on schedule check
