[2023-09-12 05:02:35,070] {taskinstance.py:1179} INFO - Dependencies all met for <TaskInstance: CallPostgreOperator.fetch_pageviews scheduled__2023-09-11T14:00:00+00:00 [queued]>
[2023-09-12 05:02:35,080] {taskinstance.py:1179} INFO - Dependencies all met for <TaskInstance: CallPostgreOperator.fetch_pageviews scheduled__2023-09-11T14:00:00+00:00 [queued]>
[2023-09-12 05:02:35,080] {taskinstance.py:1376} INFO - 
--------------------------------------------------------------------------------
[2023-09-12 05:02:35,080] {taskinstance.py:1377} INFO - Starting attempt 1 of 1
[2023-09-12 05:02:35,080] {taskinstance.py:1378} INFO - 
--------------------------------------------------------------------------------
[2023-09-12 05:02:35,094] {taskinstance.py:1397} INFO - Executing <Task(PythonOperator): fetch_pageviews> on 2023-09-11 14:00:00+00:00
[2023-09-12 05:02:35,098] {standard_task_runner.py:52} INFO - Started process 1627 to run task
[2023-09-12 05:02:35,101] {standard_task_runner.py:79} INFO - Running: ['***', 'tasks', 'run', 'CallPostgreOperator', 'fetch_pageviews', 'scheduled__2023-09-11T14:00:00+00:00', '--job-id', '1010', '--raw', '--subdir', 'DAGS_FOLDER/CallPostgreOperator.py', '--cfg-path', '/tmp/tmpo8ik527p', '--error-file', '/tmp/tmpaf2xqh2h']
[2023-09-12 05:02:35,101] {standard_task_runner.py:80} INFO - Job 1010: Subtask fetch_pageviews
[2023-09-12 05:02:35,160] {task_command.py:371} INFO - Running <TaskInstance: CallPostgreOperator.fetch_pageviews scheduled__2023-09-11T14:00:00+00:00 [running]> on host b18943745c0d
[2023-09-12 05:02:35,227] {taskinstance.py:1591} INFO - Exporting the following env vars:
AIRFLOW_CTX_DAG_OWNER=***
AIRFLOW_CTX_DAG_ID=CallPostgreOperator
AIRFLOW_CTX_TASK_ID=fetch_pageviews
AIRFLOW_CTX_EXECUTION_DATE=2023-09-11T14:00:00+00:00
AIRFLOW_CTX_TRY_NUMBER=1
AIRFLOW_CTX_DAG_RUN_ID=scheduled__2023-09-11T14:00:00+00:00
[2023-09-12 05:02:35,228] {warnings.py:110} WARNING - /home/***/.local/lib/python3.7/site-packages/***/utils/context.py:202: AirflowContextDeprecationWarning: Accessing 'execution_date' from the template is deprecated and will be removed in a future version. Please use 'data_interval_start' or 'logical_date' instead.
  warnings.warn(_create_deprecation_warning(key, self._deprecation_replacements[key]))

[2023-09-12 05:02:39,119] {python.py:173} INFO - Done. Returned value was: None
[2023-09-12 05:02:39,135] {taskinstance.py:1420} INFO - Marking task as SUCCESS. dag_id=CallPostgreOperator, task_id=fetch_pageviews, execution_date=20230911T140000, start_date=20230912T050235, end_date=20230912T050239
[2023-09-12 05:02:39,172] {local_task_job.py:156} INFO - Task exited with return code 0
[2023-09-12 05:02:39,217] {local_task_job.py:273} INFO - 1 downstream tasks scheduled from follow-on schedule check
