[2023-09-11 06:30:19,298] {taskinstance.py:1179} INFO - Dependencies all met for <TaskInstance: Examine_Templet_Value.get_data scheduled__2023-09-10T01:00:00+00:00 [queued]>
[2023-09-11 06:30:19,420] {taskinstance.py:1179} INFO - Dependencies all met for <TaskInstance: Examine_Templet_Value.get_data scheduled__2023-09-10T01:00:00+00:00 [queued]>
[2023-09-11 06:30:19,420] {taskinstance.py:1376} INFO - 
--------------------------------------------------------------------------------
[2023-09-11 06:30:19,420] {taskinstance.py:1377} INFO - Starting attempt 1 of 1
[2023-09-11 06:30:19,420] {taskinstance.py:1378} INFO - 
--------------------------------------------------------------------------------
[2023-09-11 06:30:19,577] {taskinstance.py:1397} INFO - Executing <Task(PythonOperator): get_data> on 2023-09-10 01:00:00+00:00
[2023-09-11 06:30:19,597] {standard_task_runner.py:52} INFO - Started process 103 to run task
[2023-09-11 06:30:19,623] {standard_task_runner.py:79} INFO - Running: ['***', 'tasks', 'run', 'Examine_Templet_Value', 'get_data', 'scheduled__2023-09-10T01:00:00+00:00', '--job-id', '141', '--raw', '--subdir', 'DAGS_FOLDER/Examine_Templet_Value.py', '--cfg-path', '/tmp/tmpjwjaqujt', '--error-file', '/tmp/tmpksrz_t_z']
[2023-09-11 06:30:19,624] {standard_task_runner.py:80} INFO - Job 141: Subtask get_data
[2023-09-11 06:30:20,429] {task_command.py:371} INFO - Running <TaskInstance: Examine_Templet_Value.get_data scheduled__2023-09-10T01:00:00+00:00 [running]> on host b18943745c0d
[2023-09-11 06:30:20,779] {warnings.py:110} WARNING - /home/***/.local/lib/python3.7/site-packages/***/utils/context.py:202: AirflowContextDeprecationWarning: Accessing 'execution_date' from the template is deprecated and will be removed in a future version. Please use 'data_interval_start' or 'logical_date' instead.
  warnings.warn(_create_deprecation_warning(key, self._deprecation_replacements[key]))

[2023-09-11 06:30:21,455] {taskinstance.py:1591} INFO - Exporting the following env vars:
AIRFLOW_CTX_DAG_OWNER=***
AIRFLOW_CTX_DAG_ID=Examine_Templet_Value
AIRFLOW_CTX_TASK_ID=get_data
AIRFLOW_CTX_EXECUTION_DATE=2023-09-10T01:00:00+00:00
AIRFLOW_CTX_TRY_NUMBER=1
AIRFLOW_CTX_DAG_RUN_ID=scheduled__2023-09-10T01:00:00+00:00
[2023-09-11 06:30:32,005] {python.py:173} INFO - Done. Returned value was: None
[2023-09-11 06:30:32,064] {taskinstance.py:1420} INFO - Marking task as SUCCESS. dag_id=Examine_Templet_Value, task_id=get_data, execution_date=20230910T010000, start_date=20230911T063019, end_date=20230911T063032
[2023-09-11 06:30:32,207] {local_task_job.py:156} INFO - Task exited with return code 0
[2023-09-11 06:30:32,469] {local_task_job.py:273} INFO - 0 downstream tasks scheduled from follow-on schedule check
[2023-09-11 06:48:32,093] {taskinstance.py:1179} INFO - Dependencies all met for <TaskInstance: Examine_Templet_Value.get_data scheduled__2023-09-10T01:00:00+00:00 [queued]>
[2023-09-11 06:48:32,165] {taskinstance.py:1179} INFO - Dependencies all met for <TaskInstance: Examine_Templet_Value.get_data scheduled__2023-09-10T01:00:00+00:00 [queued]>
[2023-09-11 06:48:32,165] {taskinstance.py:1376} INFO - 
--------------------------------------------------------------------------------
[2023-09-11 06:48:32,166] {taskinstance.py:1377} INFO - Starting attempt 1 of 1
[2023-09-11 06:48:32,166] {taskinstance.py:1378} INFO - 
--------------------------------------------------------------------------------
[2023-09-11 06:48:32,268] {taskinstance.py:1397} INFO - Executing <Task(PythonOperator): get_data> on 2023-09-10 01:00:00+00:00
[2023-09-11 06:48:32,282] {standard_task_runner.py:52} INFO - Started process 924 to run task
[2023-09-11 06:48:32,313] {standard_task_runner.py:79} INFO - Running: ['***', 'tasks', 'run', 'Examine_Templet_Value', 'get_data', 'scheduled__2023-09-10T01:00:00+00:00', '--job-id', '173', '--raw', '--subdir', 'DAGS_FOLDER/Examine_Templet_Value.py', '--cfg-path', '/tmp/tmp3g4cx37e', '--error-file', '/tmp/tmp83fr7bd3']
[2023-09-11 06:48:32,314] {standard_task_runner.py:80} INFO - Job 173: Subtask get_data
[2023-09-11 06:48:32,572] {task_command.py:371} INFO - Running <TaskInstance: Examine_Templet_Value.get_data scheduled__2023-09-10T01:00:00+00:00 [running]> on host b18943745c0d
[2023-09-11 06:48:32,775] {warnings.py:110} WARNING - /home/***/.local/lib/python3.7/site-packages/***/utils/context.py:202: AirflowContextDeprecationWarning: Accessing 'execution_date' from the template is deprecated and will be removed in a future version. Please use 'data_interval_start' or 'logical_date' instead.
  warnings.warn(_create_deprecation_warning(key, self._deprecation_replacements[key]))

[2023-09-11 06:48:33,067] {taskinstance.py:1591} INFO - Exporting the following env vars:
AIRFLOW_CTX_DAG_OWNER=***
AIRFLOW_CTX_DAG_ID=Examine_Templet_Value
AIRFLOW_CTX_TASK_ID=get_data
AIRFLOW_CTX_EXECUTION_DATE=2023-09-10T01:00:00+00:00
AIRFLOW_CTX_TRY_NUMBER=1
AIRFLOW_CTX_DAG_RUN_ID=scheduled__2023-09-10T01:00:00+00:00
[2023-09-11 06:48:43,131] {python.py:173} INFO - Done. Returned value was: None
[2023-09-11 06:48:43,231] {taskinstance.py:1420} INFO - Marking task as SUCCESS. dag_id=Examine_Templet_Value, task_id=get_data, execution_date=20230910T010000, start_date=20230911T064832, end_date=20230911T064843
[2023-09-11 06:48:43,455] {local_task_job.py:156} INFO - Task exited with return code 0
[2023-09-11 06:48:44,065] {local_task_job.py:273} INFO - 0 downstream tasks scheduled from follow-on schedule check
