[2023-09-11 16:34:23,220] {taskinstance.py:1179} INFO - Dependencies all met for <TaskInstance: INSERT_TO_PostgreOperator.extract_gz scheduled__2023-09-11T08:00:00+00:00 [queued]>
[2023-09-11 16:34:23,240] {taskinstance.py:1179} INFO - Dependencies all met for <TaskInstance: INSERT_TO_PostgreOperator.extract_gz scheduled__2023-09-11T08:00:00+00:00 [queued]>
[2023-09-11 16:34:23,240] {taskinstance.py:1376} INFO - 
--------------------------------------------------------------------------------
[2023-09-11 16:34:23,240] {taskinstance.py:1377} INFO - Starting attempt 1 of 1
[2023-09-11 16:34:23,240] {taskinstance.py:1378} INFO - 
--------------------------------------------------------------------------------
[2023-09-11 16:34:23,267] {taskinstance.py:1397} INFO - Executing <Task(BashOperator): extract_gz> on 2023-09-11 08:00:00+00:00
[2023-09-11 16:34:23,275] {standard_task_runner.py:52} INFO - Started process 14802 to run task
[2023-09-11 16:34:23,279] {standard_task_runner.py:79} INFO - Running: ['***', 'tasks', 'run', 'INSERT_TO_PostgreOperator', 'extract_gz', 'scheduled__2023-09-11T08:00:00+00:00', '--job-id', '757', '--raw', '--subdir', 'DAGS_FOLDER/INSERT_TO_PostgreOperator.py', '--cfg-path', '/tmp/tmp_73sos5b', '--error-file', '/tmp/tmp2povd3fr']
[2023-09-11 16:34:23,280] {standard_task_runner.py:80} INFO - Job 757: Subtask extract_gz
[2023-09-11 16:34:23,401] {task_command.py:371} INFO - Running <TaskInstance: INSERT_TO_PostgreOperator.extract_gz scheduled__2023-09-11T08:00:00+00:00 [running]> on host b18943745c0d
[2023-09-11 16:34:23,540] {taskinstance.py:1591} INFO - Exporting the following env vars:
AIRFLOW_CTX_DAG_OWNER=***
AIRFLOW_CTX_DAG_ID=INSERT_TO_PostgreOperator
AIRFLOW_CTX_TASK_ID=extract_gz
AIRFLOW_CTX_EXECUTION_DATE=2023-09-11T08:00:00+00:00
AIRFLOW_CTX_TRY_NUMBER=1
AIRFLOW_CTX_DAG_RUN_ID=scheduled__2023-09-11T08:00:00+00:00
[2023-09-11 16:34:23,541] {subprocess.py:62} INFO - Tmp dir root location: 
 /tmp
[2023-09-11 16:34:23,542] {subprocess.py:74} INFO - Running command: ['bash', '-c', 'gunzip --force /tmp/wikipageviews.gz']
[2023-09-11 16:34:23,555] {subprocess.py:85} INFO - Output:
[2023-09-11 16:34:25,860] {subprocess.py:96} INFO - Command exited with return code 0
[2023-09-11 16:34:25,930] {taskinstance.py:1420} INFO - Marking task as SUCCESS. dag_id=INSERT_TO_PostgreOperator, task_id=extract_gz, execution_date=20230911T080000, start_date=20230911T163423, end_date=20230911T163425
[2023-09-11 16:34:25,989] {local_task_job.py:156} INFO - Task exited with return code 0
[2023-09-11 16:34:26,063] {local_task_job.py:273} INFO - 1 downstream tasks scheduled from follow-on schedule check
