[2023-09-12 01:00:12,585] {taskinstance.py:1179} INFO - Dependencies all met for <TaskInstance: BigTechCompanyCount.extract_gz scheduled__2023-09-12T00:00:00+00:00 [queued]>
[2023-09-12 01:00:12,606] {taskinstance.py:1179} INFO - Dependencies all met for <TaskInstance: BigTechCompanyCount.extract_gz scheduled__2023-09-12T00:00:00+00:00 [queued]>
[2023-09-12 01:00:12,606] {taskinstance.py:1376} INFO - 
--------------------------------------------------------------------------------
[2023-09-12 01:00:12,606] {taskinstance.py:1377} INFO - Starting attempt 1 of 1
[2023-09-12 01:00:12,607] {taskinstance.py:1378} INFO - 
--------------------------------------------------------------------------------
[2023-09-12 01:00:12,632] {taskinstance.py:1397} INFO - Executing <Task(BashOperator): extract_gz> on 2023-09-12 00:00:00+00:00
[2023-09-12 01:00:12,640] {standard_task_runner.py:52} INFO - Started process 24220 to run task
[2023-09-12 01:00:12,644] {standard_task_runner.py:79} INFO - Running: ['***', 'tasks', 'run', 'BigTechCompanyCount', 'extract_gz', 'scheduled__2023-09-12T00:00:00+00:00', '--job-id', '927', '--raw', '--subdir', 'DAGS_FOLDER/BigTechCompanyCount.py', '--cfg-path', '/tmp/tmpdy7ruakm', '--error-file', '/tmp/tmp1b1rsqrd']
[2023-09-12 01:00:12,645] {standard_task_runner.py:80} INFO - Job 927: Subtask extract_gz
[2023-09-12 01:00:12,755] {task_command.py:371} INFO - Running <TaskInstance: BigTechCompanyCount.extract_gz scheduled__2023-09-12T00:00:00+00:00 [running]> on host b18943745c0d
[2023-09-12 01:00:12,869] {taskinstance.py:1591} INFO - Exporting the following env vars:
AIRFLOW_CTX_DAG_OWNER=***
AIRFLOW_CTX_DAG_ID=BigTechCompanyCount
AIRFLOW_CTX_TASK_ID=extract_gz
AIRFLOW_CTX_EXECUTION_DATE=2023-09-12T00:00:00+00:00
AIRFLOW_CTX_TRY_NUMBER=1
AIRFLOW_CTX_DAG_RUN_ID=scheduled__2023-09-12T00:00:00+00:00
[2023-09-12 01:00:12,871] {subprocess.py:62} INFO - Tmp dir root location: 
 /tmp
[2023-09-12 01:00:12,873] {subprocess.py:74} INFO - Running command: ['bash', '-c', 'gunzip --force /tmp/wikipageviews.gz']
[2023-09-12 01:00:12,894] {subprocess.py:85} INFO - Output:
[2023-09-12 01:00:14,033] {subprocess.py:92} INFO - 
[2023-09-12 01:00:14,033] {subprocess.py:92} INFO - gzip: /tmp/wikipageviews.gz: decompression OK, trailing garbage ignored
[2023-09-12 01:00:14,033] {subprocess.py:96} INFO - Command exited with return code 2
[2023-09-12 01:00:14,048] {taskinstance.py:1909} ERROR - Task failed with exception
Traceback (most recent call last):
  File "/home/airflow/.local/lib/python3.7/site-packages/airflow/operators/bash.py", line 195, in execute
    f'Bash command failed. The command returned a non-zero exit code {result.exit_code}.'
airflow.exceptions.AirflowException: Bash command failed. The command returned a non-zero exit code 2.
[2023-09-12 01:00:14,052] {taskinstance.py:1420} INFO - Marking task as FAILED. dag_id=BigTechCompanyCount, task_id=extract_gz, execution_date=20230912T000000, start_date=20230912T010012, end_date=20230912T010014
[2023-09-12 01:00:14,071] {standard_task_runner.py:97} ERROR - Failed to execute job 927 for task extract_gz (Bash command failed. The command returned a non-zero exit code 2.; 24220)
[2023-09-12 01:00:14,101] {local_task_job.py:156} INFO - Task exited with return code 1
[2023-09-12 01:00:14,144] {local_task_job.py:273} INFO - 0 downstream tasks scheduled from follow-on schedule check
