[2023-09-11 22:10:29,311] {taskinstance.py:1179} INFO - Dependencies all met for <TaskInstance: BigTechCompanyCount.get_data scheduled__2023-09-11T17:00:00+00:00 [queued]>
[2023-09-11 22:10:29,359] {taskinstance.py:1179} INFO - Dependencies all met for <TaskInstance: BigTechCompanyCount.get_data scheduled__2023-09-11T17:00:00+00:00 [queued]>
[2023-09-11 22:10:29,359] {taskinstance.py:1376} INFO - 
--------------------------------------------------------------------------------
[2023-09-11 22:10:29,360] {taskinstance.py:1377} INFO - Starting attempt 1 of 1
[2023-09-11 22:10:29,360] {taskinstance.py:1378} INFO - 
--------------------------------------------------------------------------------
[2023-09-11 22:10:29,388] {taskinstance.py:1397} INFO - Executing <Task(PythonOperator): get_data> on 2023-09-11 17:00:00+00:00
[2023-09-11 22:10:29,400] {standard_task_runner.py:52} INFO - Started process 16061 to run task
[2023-09-11 22:10:29,404] {standard_task_runner.py:79} INFO - Running: ['***', 'tasks', 'run', 'BigTechCompanyCount', 'get_data', 'scheduled__2023-09-11T17:00:00+00:00', '--job-id', '877', '--raw', '--subdir', 'DAGS_FOLDER/BigTechCompanyCount.py', '--cfg-path', '/tmp/tmp803oy7d_', '--error-file', '/tmp/tmpg4e_bfh4']
[2023-09-11 22:10:29,405] {standard_task_runner.py:80} INFO - Job 877: Subtask get_data
[2023-09-11 22:10:29,537] {task_command.py:371} INFO - Running <TaskInstance: BigTechCompanyCount.get_data scheduled__2023-09-11T17:00:00+00:00 [running]> on host b18943745c0d
[2023-09-11 22:10:29,603] {warnings.py:110} WARNING - /home/***/.local/lib/python3.7/site-packages/***/utils/context.py:202: AirflowContextDeprecationWarning: Accessing 'execution_date' from the template is deprecated and will be removed in a future version. Please use 'data_interval_start' or 'logical_date' instead.
  warnings.warn(_create_deprecation_warning(key, self._deprecation_replacements[key]))

[2023-09-11 22:10:29,662] {taskinstance.py:1591} INFO - Exporting the following env vars:
AIRFLOW_CTX_DAG_OWNER=***
AIRFLOW_CTX_DAG_ID=BigTechCompanyCount
AIRFLOW_CTX_TASK_ID=get_data
AIRFLOW_CTX_EXECUTION_DATE=2023-09-11T17:00:00+00:00
AIRFLOW_CTX_TRY_NUMBER=1
AIRFLOW_CTX_DAG_RUN_ID=scheduled__2023-09-11T17:00:00+00:00
[2023-09-11 22:10:30,343] {taskinstance.py:1909} ERROR - Task failed with exception
Traceback (most recent call last):
  File "/home/airflow/.local/lib/python3.7/site-packages/airflow/operators/python.py", line 171, in execute
    return_value = self.execute_callable()
  File "/home/airflow/.local/lib/python3.7/site-packages/airflow/operators/python.py", line 189, in execute_callable
    return self.python_callable(*self.op_args, **self.op_kwargs)
  File "/opt/airflow/dags/BigTechCompanyCount.py", line 21, in _get_data
    request.urlretrieve(url, output_path)
  File "/usr/local/lib/python3.7/urllib/request.py", line 247, in urlretrieve
    with contextlib.closing(urlopen(url, data)) as fp:
  File "/usr/local/lib/python3.7/urllib/request.py", line 222, in urlopen
    return opener.open(url, data, timeout)
  File "/usr/local/lib/python3.7/urllib/request.py", line 531, in open
    response = meth(req, response)
  File "/usr/local/lib/python3.7/urllib/request.py", line 641, in http_response
    'http', request, response, code, msg, hdrs)
  File "/usr/local/lib/python3.7/urllib/request.py", line 569, in error
    return self._call_chain(*args)
  File "/usr/local/lib/python3.7/urllib/request.py", line 503, in _call_chain
    result = func(*args)
  File "/usr/local/lib/python3.7/urllib/request.py", line 649, in http_error_default
    raise HTTPError(req.full_url, code, msg, hdrs, fp)
urllib.error.HTTPError: HTTP Error 503: Service Temporarily Unavailable
[2023-09-11 22:10:30,361] {taskinstance.py:1420} INFO - Marking task as FAILED. dag_id=BigTechCompanyCount, task_id=get_data, execution_date=20230911T170000, start_date=20230911T221029, end_date=20230911T221030
[2023-09-11 22:10:30,382] {standard_task_runner.py:97} ERROR - Failed to execute job 877 for task get_data (HTTP Error 503: Service Temporarily Unavailable; 16061)
[2023-09-11 22:10:30,438] {local_task_job.py:156} INFO - Task exited with return code 1
[2023-09-11 22:10:30,502] {local_task_job.py:273} INFO - 0 downstream tasks scheduled from follow-on schedule check
