[2023-09-11 12:00:04,936] {taskinstance.py:1179} INFO - Dependencies all met for <TaskInstance: listing_4_15.get_data scheduled__2023-09-11T05:00:00+00:00 [queued]>
[2023-09-11 12:00:04,946] {taskinstance.py:1179} INFO - Dependencies all met for <TaskInstance: listing_4_15.get_data scheduled__2023-09-11T05:00:00+00:00 [queued]>
[2023-09-11 12:00:04,946] {taskinstance.py:1376} INFO - 
--------------------------------------------------------------------------------
[2023-09-11 12:00:04,947] {taskinstance.py:1377} INFO - Starting attempt 1 of 1
[2023-09-11 12:00:04,947] {taskinstance.py:1378} INFO - 
--------------------------------------------------------------------------------
[2023-09-11 12:00:04,961] {taskinstance.py:1397} INFO - Executing <Task(PythonOperator): get_data> on 2023-09-11 05:00:00+00:00
[2023-09-11 12:00:04,965] {standard_task_runner.py:52} INFO - Started process 1248 to run task
[2023-09-11 12:00:04,969] {standard_task_runner.py:79} INFO - Running: ['***', 'tasks', 'run', 'listing_4_15', 'get_data', 'scheduled__2023-09-11T05:00:00+00:00', '--job-id', '494', '--raw', '--subdir', 'DAGS_FOLDER/listing_4_15.py', '--cfg-path', '/tmp/tmp33bl_s8w', '--error-file', '/tmp/tmp7ojfmtsk']
[2023-09-11 12:00:04,969] {standard_task_runner.py:80} INFO - Job 494: Subtask get_data
[2023-09-11 12:00:05,033] {task_command.py:371} INFO - Running <TaskInstance: listing_4_15.get_data scheduled__2023-09-11T05:00:00+00:00 [running]> on host b18943745c0d
[2023-09-11 12:00:05,069] {warnings.py:110} WARNING - /home/***/.local/lib/python3.7/site-packages/***/utils/context.py:202: AirflowContextDeprecationWarning: Accessing 'execution_date' from the template is deprecated and will be removed in a future version. Please use 'data_interval_start' or 'logical_date' instead.
  warnings.warn(_create_deprecation_warning(key, self._deprecation_replacements[key]))

[2023-09-11 12:00:05,111] {taskinstance.py:1591} INFO - Exporting the following env vars:
AIRFLOW_CTX_DAG_OWNER=***
AIRFLOW_CTX_DAG_ID=listing_4_15
AIRFLOW_CTX_TASK_ID=get_data
AIRFLOW_CTX_EXECUTION_DATE=2023-09-11T05:00:00+00:00
AIRFLOW_CTX_TRY_NUMBER=1
AIRFLOW_CTX_DAG_RUN_ID=scheduled__2023-09-11T05:00:00+00:00
[2023-09-11 12:00:29,064] {python.py:173} INFO - Done. Returned value was: None
[2023-09-11 12:00:29,081] {taskinstance.py:1420} INFO - Marking task as SUCCESS. dag_id=listing_4_15, task_id=get_data, execution_date=20230911T050000, start_date=20230911T120004, end_date=20230911T120029
[2023-09-11 12:00:29,163] {local_task_job.py:156} INFO - Task exited with return code 0
[2023-09-11 12:00:29,203] {local_task_job.py:273} INFO - 1 downstream tasks scheduled from follow-on schedule check
