[2023-09-11 16:26:49,992] {taskinstance.py:1179} INFO - Dependencies all met for <TaskInstance: INSERT_TO_PostgreOperator.fetch_pageviews scheduled__2023-09-10T13:00:00+00:00 [queued]>
[2023-09-11 16:26:50,006] {taskinstance.py:1179} INFO - Dependencies all met for <TaskInstance: INSERT_TO_PostgreOperator.fetch_pageviews scheduled__2023-09-10T13:00:00+00:00 [queued]>
[2023-09-11 16:26:50,006] {taskinstance.py:1376} INFO - 
--------------------------------------------------------------------------------
[2023-09-11 16:26:50,006] {taskinstance.py:1377} INFO - Starting attempt 1 of 1
[2023-09-11 16:26:50,006] {taskinstance.py:1378} INFO - 
--------------------------------------------------------------------------------
[2023-09-11 16:26:50,047] {taskinstance.py:1397} INFO - Executing <Task(PythonOperator): fetch_pageviews> on 2023-09-10 13:00:00+00:00
[2023-09-11 16:26:50,057] {standard_task_runner.py:52} INFO - Started process 14338 to run task
[2023-09-11 16:26:50,061] {standard_task_runner.py:79} INFO - Running: ['***', 'tasks', 'run', 'INSERT_TO_PostgreOperator', 'fetch_pageviews', 'scheduled__2023-09-10T13:00:00+00:00', '--job-id', '701', '--raw', '--subdir', 'DAGS_FOLDER/INSERT_TO_PostgreOperator.py', '--cfg-path', '/tmp/tmp_aaumb6q', '--error-file', '/tmp/tmp_8mvw20t']
[2023-09-11 16:26:50,062] {standard_task_runner.py:80} INFO - Job 701: Subtask fetch_pageviews
[2023-09-11 16:26:50,193] {task_command.py:371} INFO - Running <TaskInstance: INSERT_TO_PostgreOperator.fetch_pageviews scheduled__2023-09-10T13:00:00+00:00 [running]> on host b18943745c0d
[2023-09-11 16:26:50,279] {taskinstance.py:1591} INFO - Exporting the following env vars:
AIRFLOW_CTX_DAG_OWNER=***
AIRFLOW_CTX_DAG_ID=INSERT_TO_PostgreOperator
AIRFLOW_CTX_TASK_ID=fetch_pageviews
AIRFLOW_CTX_EXECUTION_DATE=2023-09-10T13:00:00+00:00
AIRFLOW_CTX_TRY_NUMBER=1
AIRFLOW_CTX_DAG_RUN_ID=scheduled__2023-09-10T13:00:00+00:00
[2023-09-11 16:26:53,529] {warnings.py:110} WARNING - /home/***/.local/lib/python3.7/site-packages/***/utils/context.py:290: AirflowContextDeprecationWarning: Accessing 'execution_date' from the template is deprecated and will be removed in a future version. Please use 'data_interval_start' or 'logical_date' instead.
  warnings.warn(_create_deprecation_warning(k, replacements))

[2023-09-11 16:26:53,530] {python.py:173} INFO - Done. Returned value was: None
[2023-09-11 16:26:53,544] {taskinstance.py:1420} INFO - Marking task as SUCCESS. dag_id=INSERT_TO_PostgreOperator, task_id=fetch_pageviews, execution_date=20230910T130000, start_date=20230911T162649, end_date=20230911T162653
[2023-09-11 16:26:53,571] {local_task_job.py:156} INFO - Task exited with return code 0
[2023-09-11 16:26:53,601] {local_task_job.py:273} INFO - 0 downstream tasks scheduled from follow-on schedule check
