[2023-09-09 15:34:15,906] {taskinstance.py:1179} INFO - Dependencies all met for <TaskInstance: download_rocket_launches.notify scheduled__2023-08-30T00:00:00+00:00 [queued]>
[2023-09-09 15:34:15,941] {taskinstance.py:1179} INFO - Dependencies all met for <TaskInstance: download_rocket_launches.notify scheduled__2023-08-30T00:00:00+00:00 [queued]>
[2023-09-09 15:34:15,942] {taskinstance.py:1376} INFO - 
--------------------------------------------------------------------------------
[2023-09-09 15:34:15,942] {taskinstance.py:1377} INFO - Starting attempt 2 of 2
[2023-09-09 15:34:15,942] {taskinstance.py:1378} INFO - 
--------------------------------------------------------------------------------
[2023-09-09 15:34:15,981] {taskinstance.py:1397} INFO - Executing <Task(BashOperator): notify> on 2023-08-30 00:00:00+00:00
[2023-09-09 15:34:16,003] {standard_task_runner.py:52} INFO - Started process 19420 to run task
[2023-09-09 15:34:16,018] {standard_task_runner.py:79} INFO - Running: ['***', 'tasks', 'run', 'download_rocket_launches', 'notify', 'scheduled__2023-08-30T00:00:00+00:00', '--job-id', '90', '--raw', '--subdir', 'DAGS_FOLDER/download_rocket_launches.py', '--cfg-path', '/tmp/tmpyksl5qwp', '--error-file', '/tmp/tmpzsr_oz0i']
[2023-09-09 15:34:16,026] {standard_task_runner.py:80} INFO - Job 90: Subtask notify
[2023-09-09 15:34:16,249] {task_command.py:371} INFO - Running <TaskInstance: download_rocket_launches.notify scheduled__2023-08-30T00:00:00+00:00 [running]> on host b18943745c0d
[2023-09-09 15:34:16,373] {taskinstance.py:1591} INFO - Exporting the following env vars:
AIRFLOW_CTX_DAG_OWNER=***
AIRFLOW_CTX_DAG_ID=download_rocket_launches
AIRFLOW_CTX_TASK_ID=notify
AIRFLOW_CTX_EXECUTION_DATE=2023-08-30T00:00:00+00:00
AIRFLOW_CTX_TRY_NUMBER=2
AIRFLOW_CTX_DAG_RUN_ID=scheduled__2023-08-30T00:00:00+00:00
[2023-09-09 15:34:16,374] {subprocess.py:62} INFO - Tmp dir root location: 
 /tmp
[2023-09-09 15:34:16,377] {subprocess.py:74} INFO - Running command: ['bash', '-c', 'echo "There are now $(ls /tmp/images/ | wc -l) images."']
[2023-09-09 15:34:16,391] {subprocess.py:85} INFO - Output:
[2023-09-09 15:34:16,400] {subprocess.py:92} INFO - There are now 11 images.
[2023-09-09 15:34:16,400] {subprocess.py:96} INFO - Command exited with return code 0
[2023-09-09 15:34:16,450] {taskinstance.py:1420} INFO - Marking task as SUCCESS. dag_id=download_rocket_launches, task_id=notify, execution_date=20230830T000000, start_date=20230909T153415, end_date=20230909T153416
[2023-09-09 15:34:16,511] {local_task_job.py:156} INFO - Task exited with return code 0
[2023-09-09 15:34:16,606] {local_task_job.py:273} INFO - 0 downstream tasks scheduled from follow-on schedule check
