[2023-09-11 11:51:37,991] {taskinstance.py:1179} INFO - Dependencies all met for <TaskInstance: listing_4_15.fetch_pageviews scheduled__2023-09-10T01:00:00+00:00 [queued]>
[2023-09-11 11:51:38,007] {taskinstance.py:1179} INFO - Dependencies all met for <TaskInstance: listing_4_15.fetch_pageviews scheduled__2023-09-10T01:00:00+00:00 [queued]>
[2023-09-11 11:51:38,007] {taskinstance.py:1376} INFO - 
--------------------------------------------------------------------------------
[2023-09-11 11:51:38,007] {taskinstance.py:1377} INFO - Starting attempt 1 of 1
[2023-09-11 11:51:38,007] {taskinstance.py:1378} INFO - 
--------------------------------------------------------------------------------
[2023-09-11 11:51:38,029] {taskinstance.py:1397} INFO - Executing <Task(PythonOperator): fetch_pageviews> on 2023-09-10 01:00:00+00:00
[2023-09-11 11:51:38,034] {standard_task_runner.py:52} INFO - Started process 481 to run task
[2023-09-11 11:51:38,037] {standard_task_runner.py:79} INFO - Running: ['***', 'tasks', 'run', 'listing_4_15', 'fetch_pageviews', 'scheduled__2023-09-10T01:00:00+00:00', '--job-id', '331', '--raw', '--subdir', 'DAGS_FOLDER/listing_4_15.py', '--cfg-path', '/tmp/tmpmh6huyyr', '--error-file', '/tmp/tmpbefu9ju0']
[2023-09-11 11:51:38,037] {standard_task_runner.py:80} INFO - Job 331: Subtask fetch_pageviews
[2023-09-11 11:51:38,120] {task_command.py:371} INFO - Running <TaskInstance: listing_4_15.fetch_pageviews scheduled__2023-09-10T01:00:00+00:00 [running]> on host b18943745c0d
[2023-09-11 11:51:38,209] {taskinstance.py:1591} INFO - Exporting the following env vars:
AIRFLOW_CTX_DAG_OWNER=***
AIRFLOW_CTX_DAG_ID=listing_4_15
AIRFLOW_CTX_TASK_ID=fetch_pageviews
AIRFLOW_CTX_EXECUTION_DATE=2023-09-10T01:00:00+00:00
AIRFLOW_CTX_TRY_NUMBER=1
AIRFLOW_CTX_DAG_RUN_ID=scheduled__2023-09-10T01:00:00+00:00
[2023-09-11 11:51:41,017] {logging_mixin.py:115} INFO - {'Amazon': '7', 'Microsoft': '91', 'Apple': '18', 'Google': '268', 'Facebook': '356'}
[2023-09-11 11:51:41,017] {python.py:173} INFO - Done. Returned value was: None
[2023-09-11 11:51:41,029] {taskinstance.py:1420} INFO - Marking task as SUCCESS. dag_id=listing_4_15, task_id=fetch_pageviews, execution_date=20230910T010000, start_date=20230911T115137, end_date=20230911T115141
[2023-09-11 11:51:41,060] {local_task_job.py:156} INFO - Task exited with return code 0
[2023-09-11 11:51:41,089] {local_task_job.py:273} INFO - 0 downstream tasks scheduled from follow-on schedule check
